====================
Model: ESPCN
Scale: x2
Epochs: 500
Batch Size: 16
Patch Size: 96
LR: 1e-4
Optimizer: Adam
Criterion: MSE
====================
[Epoch 001] train_loss=0.4515 | train_psnr=9.80 dB | val_loss=0.0892 | val_psnr=14.92 dB | time=2.5s
[Epoch 002] train_loss=0.1102 | train_psnr=14.50 dB | val_loss=0.0612 | val_psnr=15.33 dB | time=1.7s
[Epoch 003] train_loss=0.0822 | train_psnr=15.60 dB | val_loss=0.0476 | val_psnr=16.58 dB | time=1.6s
[Epoch 004] train_loss=0.0664 | train_psnr=16.20 dB | val_loss=0.0412 | val_psnr=16.99 dB | time=1.6s
[Epoch 005] train_loss=0.0575 | train_psnr=16.67 dB | val_loss=0.0360 | val_psnr=17.48 dB | time=1.7s
[Epoch 006] train_loss=0.0507 | train_psnr=17.08 dB | val_loss=0.0322 | val_psnr=17.85 dB | time=1.7s
[Epoch 007] train_loss=0.0463 | train_psnr=17.45 dB | val_loss=0.0287 | val_psnr=18.35 dB | time=1.6s
[Epoch 008] train_loss=0.0412 | train_psnr=17.83 dB | val_loss=0.0258 | val_psnr=18.83 dB | time=1.6s
[Epoch 009] train_loss=0.0378 | train_psnr=18.26 dB | val_loss=0.0234 | val_psnr=19.18 dB | time=1.7s
[Epoch 010] train_loss=0.0340 | train_psnr=18.69 dB | val_loss=0.0215 | val_psnr=19.60 dB | time=1.6s
[Epoch 011] train_loss=0.0319 | train_psnr=18.93 dB | val_loss=0.0200 | val_psnr=19.80 dB | time=1.7s
[Epoch 012] train_loss=0.0291 | train_psnr=19.30 dB | val_loss=0.0185 | val_psnr=20.17 dB | time=1.6s
[Epoch 013] train_loss=0.0271 | train_psnr=19.61 dB | val_loss=0.0171 | val_psnr=20.65 dB | time=1.7s
[Epoch 014] train_loss=0.0252 | train_psnr=19.90 dB | val_loss=0.0161 | val_psnr=20.91 dB | time=1.6s
[Epoch 015] train_loss=0.0237 | train_psnr=20.20 dB | val_loss=0.0152 | val_psnr=21.11 dB | time=1.6s
[Epoch 016] train_loss=0.0224 | train_psnr=20.38 dB | val_loss=0.0142 | val_psnr=21.49 dB | time=1.7s
[Epoch 017] train_loss=0.0208 | train_psnr=20.69 dB | val_loss=0.0134 | val_psnr=21.78 dB | time=1.6s
[Epoch 018] train_loss=0.0195 | train_psnr=21.07 dB | val_loss=0.0127 | val_psnr=22.06 dB | time=1.6s
[Epoch 019] train_loss=0.0189 | train_psnr=21.07 dB | val_loss=0.0121 | val_psnr=22.23 dB | time=1.6s
[Epoch 020] train_loss=0.0178 | train_psnr=21.40 dB | val_loss=0.0115 | val_psnr=22.48 dB | time=1.7s
[Epoch 021] train_loss=0.0169 | train_psnr=21.67 dB | val_loss=0.0110 | val_psnr=22.71 dB | time=1.6s
[Epoch 022] train_loss=0.0161 | train_psnr=21.83 dB | val_loss=0.0105 | val_psnr=22.86 dB | time=1.6s
[Epoch 023] train_loss=0.0154 | train_psnr=22.01 dB | val_loss=0.0101 | val_psnr=23.05 dB | time=1.6s
[Epoch 024] train_loss=0.0148 | train_psnr=22.15 dB | val_loss=0.0096 | val_psnr=23.42 dB | time=1.7s
[Epoch 025] train_loss=0.0140 | train_psnr=22.37 dB | val_loss=0.0092 | val_psnr=23.67 dB | time=1.7s
[Epoch 026] train_loss=0.0132 | train_psnr=22.72 dB | val_loss=0.0089 | val_psnr=23.74 dB | time=1.6s
[Epoch 027] train_loss=0.0130 | train_psnr=22.67 dB | val_loss=0.0085 | val_psnr=24.04 dB | time=1.7s
[Epoch 028] train_loss=0.0125 | train_psnr=22.83 dB | val_loss=0.0083 | val_psnr=24.17 dB | time=1.6s
[Epoch 029] train_loss=0.0121 | train_psnr=23.03 dB | val_loss=0.0080 | val_psnr=24.33 dB | time=1.7s
[Epoch 030] train_loss=0.0119 | train_psnr=23.15 dB | val_loss=0.0078 | val_psnr=24.60 dB | time=1.6s
[Epoch 031] train_loss=0.0115 | train_psnr=23.24 dB | val_loss=0.0076 | val_psnr=24.63 dB | time=1.6s
[Epoch 032] train_loss=0.0110 | train_psnr=23.48 dB | val_loss=0.0073 | val_psnr=24.88 dB | time=1.7s
[Epoch 033] train_loss=0.0107 | train_psnr=23.58 dB | val_loss=0.0071 | val_psnr=25.02 dB | time=1.6s
[Epoch 034] train_loss=0.0106 | train_psnr=23.60 dB | val_loss=0.0070 | val_psnr=25.15 dB | time=1.6s
[Epoch 035] train_loss=0.0102 | train_psnr=23.85 dB | val_loss=0.0067 | val_psnr=25.13 dB | time=1.7s
[Epoch 036] train_loss=0.0098 | train_psnr=23.94 dB | val_loss=0.0066 | val_psnr=25.10 dB | time=1.7s
[Epoch 037] train_loss=0.0096 | train_psnr=24.01 dB | val_loss=0.0064 | val_psnr=25.53 dB | time=1.7s
[Epoch 038] train_loss=0.0094 | train_psnr=24.17 dB | val_loss=0.0062 | val_psnr=25.45 dB | time=1.7s
[Epoch 039] train_loss=0.0093 | train_psnr=24.27 dB | val_loss=0.0061 | val_psnr=25.55 dB | time=1.5s
[Epoch 040] train_loss=0.0090 | train_psnr=24.37 dB | val_loss=0.0059 | val_psnr=25.81 dB | time=1.7s
[Epoch 041] train_loss=0.0086 | train_psnr=24.51 dB | val_loss=0.0058 | val_psnr=25.94 dB | time=1.6s
[Epoch 042] train_loss=0.0086 | train_psnr=24.57 dB | val_loss=0.0057 | val_psnr=26.08 dB | time=1.6s
[Epoch 043] train_loss=0.0084 | train_psnr=24.66 dB | val_loss=0.0056 | val_psnr=26.13 dB | time=1.6s
[Epoch 044] train_loss=0.0082 | train_psnr=24.81 dB | val_loss=0.0054 | val_psnr=26.22 dB | time=1.7s
[Epoch 045] train_loss=0.0082 | train_psnr=24.76 dB | val_loss=0.0054 | val_psnr=26.38 dB | time=1.6s
[Epoch 046] train_loss=0.0078 | train_psnr=25.04 dB | val_loss=0.0053 | val_psnr=26.44 dB | time=1.7s
[Epoch 047] train_loss=0.0076 | train_psnr=25.13 dB | val_loss=0.0051 | val_psnr=26.55 dB | time=2.0s
[Epoch 048] train_loss=0.0076 | train_psnr=25.21 dB | val_loss=0.0051 | val_psnr=26.42 dB | time=2.3s
[Epoch 049] train_loss=0.0074 | train_psnr=25.32 dB | val_loss=0.0051 | val_psnr=26.06 dB | time=2.2s
[Epoch 050] train_loss=0.0075 | train_psnr=25.29 dB | val_loss=0.0049 | val_psnr=26.74 dB | time=2.3s
[Epoch 051] train_loss=0.0072 | train_psnr=25.45 dB | val_loss=0.0048 | val_psnr=26.78 dB | time=2.4s
[Epoch 052] train_loss=0.0070 | train_psnr=25.55 dB | val_loss=0.0047 | val_psnr=26.82 dB | time=2.1s
[Epoch 053] train_loss=0.0070 | train_psnr=25.58 dB | val_loss=0.0047 | val_psnr=26.76 dB | time=2.1s
[Epoch 054] train_loss=0.0069 | train_psnr=25.63 dB | val_loss=0.0045 | val_psnr=27.04 dB | time=2.1s
[Epoch 055] train_loss=0.0067 | train_psnr=25.80 dB | val_loss=0.0046 | val_psnr=26.72 dB | time=2.1s
[Epoch 056] train_loss=0.0066 | train_psnr=25.78 dB | val_loss=0.0044 | val_psnr=27.23 dB | time=2.1s
[Epoch 057] train_loss=0.0065 | train_psnr=25.87 dB | val_loss=0.0043 | val_psnr=27.25 dB | time=2.2s
[Epoch 058] train_loss=0.0064 | train_psnr=26.03 dB | val_loss=0.0043 | val_psnr=27.21 dB | time=2.3s
[Epoch 059] train_loss=0.0063 | train_psnr=26.03 dB | val_loss=0.0042 | val_psnr=27.47 dB | time=2.1s
[Epoch 060] train_loss=0.0062 | train_psnr=26.23 dB | val_loss=0.0041 | val_psnr=27.54 dB | time=2.0s
[Epoch 061] train_loss=0.0061 | train_psnr=26.28 dB | val_loss=0.0041 | val_psnr=27.36 dB | time=2.1s
[Epoch 062] train_loss=0.0061 | train_psnr=26.16 dB | val_loss=0.0040 | val_psnr=27.63 dB | time=2.2s
[Epoch 063] train_loss=0.0060 | train_psnr=26.32 dB | val_loss=0.0039 | val_psnr=27.73 dB | time=2.1s
[Epoch 064] train_loss=0.0060 | train_psnr=26.32 dB | val_loss=0.0039 | val_psnr=27.58 dB | time=2.1s
[Epoch 065] train_loss=0.0057 | train_psnr=26.48 dB | val_loss=0.0038 | val_psnr=27.70 dB | time=2.3s
[Epoch 066] train_loss=0.0057 | train_psnr=26.52 dB | val_loss=0.0038 | val_psnr=27.91 dB | time=2.3s
[Epoch 067] train_loss=0.0056 | train_psnr=26.59 dB | val_loss=0.0037 | val_psnr=27.95 dB | time=2.4s
[Epoch 068] train_loss=0.0056 | train_psnr=26.63 dB | val_loss=0.0037 | val_psnr=27.82 dB | time=2.2s
[Epoch 069] train_loss=0.0055 | train_psnr=26.69 dB | val_loss=0.0036 | val_psnr=28.05 dB | time=2.3s
[Epoch 070] train_loss=0.0054 | train_psnr=26.83 dB | val_loss=0.0036 | val_psnr=27.95 dB | time=2.3s
[Epoch 071] train_loss=0.0053 | train_psnr=26.80 dB | val_loss=0.0035 | val_psnr=28.17 dB | time=2.2s
[Epoch 072] train_loss=0.0053 | train_psnr=26.83 dB | val_loss=0.0035 | val_psnr=28.22 dB | time=2.1s
[Epoch 073] train_loss=0.0053 | train_psnr=26.83 dB | val_loss=0.0034 | val_psnr=28.30 dB | time=2.1s
[Epoch 074] train_loss=0.0051 | train_psnr=27.05 dB | val_loss=0.0035 | val_psnr=27.81 dB | time=2.3s
[Epoch 075] train_loss=0.0051 | train_psnr=27.04 dB | val_loss=0.0034 | val_psnr=28.39 dB | time=2.3s
[Epoch 076] train_loss=0.0050 | train_psnr=27.14 dB | val_loss=0.0033 | val_psnr=28.47 dB | time=2.2s
[Epoch 077] train_loss=0.0049 | train_psnr=27.11 dB | val_loss=0.0033 | val_psnr=28.49 dB | time=2.3s
[Epoch 078] train_loss=0.0049 | train_psnr=27.32 dB | val_loss=0.0033 | val_psnr=28.22 dB | time=2.1s
[Epoch 079] train_loss=0.0050 | train_psnr=27.17 dB | val_loss=0.0032 | val_psnr=28.53 dB | time=1.6s
[Epoch 080] train_loss=0.0047 | train_psnr=27.37 dB | val_loss=0.0032 | val_psnr=28.52 dB | time=1.6s
[Epoch 081] train_loss=0.0047 | train_psnr=27.41 dB | val_loss=0.0031 | val_psnr=28.68 dB | time=1.6s
[Epoch 082] train_loss=0.0047 | train_psnr=27.42 dB | val_loss=0.0031 | val_psnr=28.47 dB | time=1.7s
[Epoch 083] train_loss=0.0047 | train_psnr=27.32 dB | val_loss=0.0031 | val_psnr=28.46 dB | time=1.7s
[Epoch 084] train_loss=0.0047 | train_psnr=27.40 dB | val_loss=0.0030 | val_psnr=28.81 dB | time=1.6s
[Epoch 085] train_loss=0.0045 | train_psnr=27.56 dB | val_loss=0.0030 | val_psnr=28.89 dB | time=1.6s
[Epoch 086] train_loss=0.0044 | train_psnr=27.67 dB | val_loss=0.0029 | val_psnr=28.94 dB | time=1.6s
[Epoch 087] train_loss=0.0044 | train_psnr=27.71 dB | val_loss=0.0029 | val_psnr=28.97 dB | time=1.7s
[Epoch 088] train_loss=0.0044 | train_psnr=27.68 dB | val_loss=0.0029 | val_psnr=29.02 dB | time=1.6s
[Epoch 089] train_loss=0.0044 | train_psnr=27.75 dB | val_loss=0.0029 | val_psnr=29.04 dB | time=1.6s
[Epoch 090] train_loss=0.0043 | train_psnr=27.81 dB | val_loss=0.0028 | val_psnr=29.03 dB | time=1.6s
[Epoch 091] train_loss=0.0043 | train_psnr=27.90 dB | val_loss=0.0028 | val_psnr=29.14 dB | time=1.6s
[Epoch 092] train_loss=0.0043 | train_psnr=27.93 dB | val_loss=0.0028 | val_psnr=29.15 dB | time=1.7s
[Epoch 093] train_loss=0.0042 | train_psnr=28.04 dB | val_loss=0.0028 | val_psnr=29.06 dB | time=1.7s
[Epoch 094] train_loss=0.0042 | train_psnr=28.01 dB | val_loss=0.0028 | val_psnr=28.93 dB | time=1.6s
[Epoch 095] train_loss=0.0041 | train_psnr=28.07 dB | val_loss=0.0027 | val_psnr=29.26 dB | time=1.6s
[Epoch 096] train_loss=0.0040 | train_psnr=28.18 dB | val_loss=0.0027 | val_psnr=29.28 dB | time=1.6s
[Epoch 097] train_loss=0.0041 | train_psnr=28.08 dB | val_loss=0.0026 | val_psnr=29.30 dB | time=1.7s
[Epoch 098] train_loss=0.0040 | train_psnr=28.08 dB | val_loss=0.0027 | val_psnr=29.32 dB | time=1.7s
[Epoch 099] train_loss=0.0040 | train_psnr=28.19 dB | val_loss=0.0026 | val_psnr=29.19 dB | time=1.7s
[Epoch 100] train_loss=0.0039 | train_psnr=28.16 dB | val_loss=0.0025 | val_psnr=29.53 dB | time=1.6s
[Epoch 101] train_loss=0.0040 | train_psnr=28.30 dB | val_loss=0.0025 | val_psnr=29.58 dB | time=1.6s
[Epoch 102] train_loss=0.0038 | train_psnr=28.38 dB | val_loss=0.0026 | val_psnr=29.24 dB | time=1.6s
[Epoch 103] train_loss=0.0039 | train_psnr=28.15 dB | val_loss=0.0025 | val_psnr=29.64 dB | time=1.6s
[Epoch 104] train_loss=0.0038 | train_psnr=28.47 dB | val_loss=0.0025 | val_psnr=29.68 dB | time=1.6s
[Epoch 105] train_loss=0.0037 | train_psnr=28.57 dB | val_loss=0.0024 | val_psnr=29.69 dB | time=1.6s
[Epoch 106] train_loss=0.0036 | train_psnr=28.63 dB | val_loss=0.0024 | val_psnr=29.71 dB | time=1.7s
[Epoch 107] train_loss=0.0037 | train_psnr=28.59 dB | val_loss=0.0024 | val_psnr=29.77 dB | time=1.7s
[Epoch 108] train_loss=0.0037 | train_psnr=28.59 dB | val_loss=0.0024 | val_psnr=29.67 dB | time=1.7s
[Epoch 109] train_loss=0.0036 | train_psnr=28.63 dB | val_loss=0.0023 | val_psnr=29.81 dB | time=1.7s
[Epoch 110] train_loss=0.0036 | train_psnr=28.72 dB | val_loss=0.0023 | val_psnr=29.84 dB | time=1.6s
[Epoch 111] train_loss=0.0035 | train_psnr=28.73 dB | val_loss=0.0023 | val_psnr=29.91 dB | time=1.6s
[Epoch 112] train_loss=0.0036 | train_psnr=28.76 dB | val_loss=0.0023 | val_psnr=29.92 dB | time=1.6s
[Epoch 113] train_loss=0.0035 | train_psnr=28.81 dB | val_loss=0.0023 | val_psnr=29.92 dB | time=1.6s
[Epoch 114] train_loss=0.0035 | train_psnr=28.81 dB | val_loss=0.0022 | val_psnr=29.99 dB | time=1.6s
[Epoch 115] train_loss=0.0034 | train_psnr=28.84 dB | val_loss=0.0022 | val_psnr=30.06 dB | time=1.6s
[Epoch 116] train_loss=0.0034 | train_psnr=28.87 dB | val_loss=0.0022 | val_psnr=30.00 dB | time=1.7s
[Epoch 117] train_loss=0.0034 | train_psnr=28.91 dB | val_loss=0.0022 | val_psnr=30.08 dB | time=1.7s
[Epoch 118] train_loss=0.0034 | train_psnr=28.94 dB | val_loss=0.0022 | val_psnr=30.12 dB | time=1.7s
[Epoch 119] train_loss=0.0033 | train_psnr=28.99 dB | val_loss=0.0022 | val_psnr=30.20 dB | time=1.6s
[Epoch 120] train_loss=0.0033 | train_psnr=29.02 dB | val_loss=0.0022 | val_psnr=30.04 dB | time=1.6s
[Epoch 121] train_loss=0.0033 | train_psnr=29.01 dB | val_loss=0.0021 | val_psnr=30.23 dB | time=1.6s
[Epoch 122] train_loss=0.0033 | train_psnr=29.13 dB | val_loss=0.0021 | val_psnr=30.23 dB | time=1.6s
[Epoch 123] train_loss=0.0033 | train_psnr=29.13 dB | val_loss=0.0021 | val_psnr=30.29 dB | time=1.6s
[Epoch 124] train_loss=0.0032 | train_psnr=29.18 dB | val_loss=0.0021 | val_psnr=30.31 dB | time=1.6s
[Epoch 125] train_loss=0.0032 | train_psnr=29.18 dB | val_loss=0.0020 | val_psnr=30.31 dB | time=1.7s
[Epoch 126] train_loss=0.0032 | train_psnr=29.02 dB | val_loss=0.0020 | val_psnr=30.36 dB | time=1.7s
[Epoch 127] train_loss=0.0031 | train_psnr=29.27 dB | val_loss=0.0020 | val_psnr=30.43 dB | time=1.7s
[Epoch 128] train_loss=0.0031 | train_psnr=29.16 dB | val_loss=0.0020 | val_psnr=30.41 dB | time=1.7s
[Epoch 129] train_loss=0.0031 | train_psnr=29.39 dB | val_loss=0.0020 | val_psnr=30.44 dB | time=1.7s
[Epoch 130] train_loss=0.0031 | train_psnr=29.38 dB | val_loss=0.0020 | val_psnr=30.40 dB | time=1.6s
[Epoch 131] train_loss=0.0030 | train_psnr=29.41 dB | val_loss=0.0020 | val_psnr=30.48 dB | time=1.7s
[Epoch 132] train_loss=0.0030 | train_psnr=29.41 dB | val_loss=0.0019 | val_psnr=30.50 dB | time=1.6s
[Epoch 133] train_loss=0.0031 | train_psnr=29.29 dB | val_loss=0.0019 | val_psnr=30.59 dB | time=1.6s
[Epoch 134] train_loss=0.0030 | train_psnr=29.45 dB | val_loss=0.0019 | val_psnr=30.59 dB | time=1.6s
[Epoch 135] train_loss=0.0030 | train_psnr=29.47 dB | val_loss=0.0019 | val_psnr=30.57 dB | time=1.6s
[Epoch 136] train_loss=0.0029 | train_psnr=29.53 dB | val_loss=0.0019 | val_psnr=30.66 dB | time=1.7s
[Epoch 137] train_loss=0.0030 | train_psnr=29.53 dB | val_loss=0.0019 | val_psnr=30.71 dB | time=1.6s
[Epoch 138] train_loss=0.0029 | train_psnr=29.64 dB | val_loss=0.0019 | val_psnr=30.66 dB | time=1.6s
[Epoch 139] train_loss=0.0029 | train_psnr=29.59 dB | val_loss=0.0018 | val_psnr=30.73 dB | time=1.6s
[Epoch 140] train_loss=0.0029 | train_psnr=29.69 dB | val_loss=0.0018 | val_psnr=30.79 dB | time=1.6s
[Epoch 141] train_loss=0.0029 | train_psnr=29.69 dB | val_loss=0.0018 | val_psnr=30.79 dB | time=1.7s
[Epoch 142] train_loss=0.0028 | train_psnr=29.71 dB | val_loss=0.0018 | val_psnr=30.83 dB | time=1.6s
[Epoch 143] train_loss=0.0028 | train_psnr=29.76 dB | val_loss=0.0018 | val_psnr=30.74 dB | time=1.6s
[Epoch 144] train_loss=0.0028 | train_psnr=29.76 dB | val_loss=0.0018 | val_psnr=30.80 dB | time=1.6s
[Epoch 145] train_loss=0.0028 | train_psnr=29.67 dB | val_loss=0.0018 | val_psnr=30.78 dB | time=1.6s
[Epoch 146] train_loss=0.0027 | train_psnr=29.86 dB | val_loss=0.0018 | val_psnr=30.88 dB | time=1.7s
[Epoch 147] train_loss=0.0027 | train_psnr=29.95 dB | val_loss=0.0017 | val_psnr=30.93 dB | time=1.6s
[Epoch 148] train_loss=0.0027 | train_psnr=29.84 dB | val_loss=0.0018 | val_psnr=30.88 dB | time=1.7s
[Epoch 149] train_loss=0.0027 | train_psnr=29.83 dB | val_loss=0.0017 | val_psnr=30.99 dB | time=1.7s
[Epoch 150] train_loss=0.0027 | train_psnr=29.92 dB | val_loss=0.0017 | val_psnr=31.02 dB | time=1.7s
[Epoch 151] train_loss=0.0027 | train_psnr=29.87 dB | val_loss=0.0017 | val_psnr=30.95 dB | time=1.6s
[Epoch 152] train_loss=0.0026 | train_psnr=29.97 dB | val_loss=0.0017 | val_psnr=30.79 dB | time=1.7s
[Epoch 153] train_loss=0.0027 | train_psnr=29.93 dB | val_loss=0.0017 | val_psnr=31.03 dB | time=1.6s
[Epoch 154] train_loss=0.0026 | train_psnr=30.11 dB | val_loss=0.0017 | val_psnr=31.11 dB | time=1.7s
[Epoch 155] train_loss=0.0026 | train_psnr=30.07 dB | val_loss=0.0016 | val_psnr=31.15 dB | time=1.6s
[Epoch 156] train_loss=0.0025 | train_psnr=30.13 dB | val_loss=0.0016 | val_psnr=31.13 dB | time=1.6s
[Epoch 157] train_loss=0.0025 | train_psnr=30.12 dB | val_loss=0.0016 | val_psnr=31.18 dB | time=1.7s
[Epoch 158] train_loss=0.0025 | train_psnr=30.16 dB | val_loss=0.0016 | val_psnr=31.20 dB | time=1.7s
[Epoch 159] train_loss=0.0026 | train_psnr=30.06 dB | val_loss=0.0016 | val_psnr=31.20 dB | time=1.7s
[Epoch 160] train_loss=0.0025 | train_psnr=30.17 dB | val_loss=0.0016 | val_psnr=31.21 dB | time=1.7s
[Epoch 161] train_loss=0.0026 | train_psnr=30.09 dB | val_loss=0.0016 | val_psnr=31.26 dB | time=1.6s
[Epoch 162] train_loss=0.0025 | train_psnr=30.18 dB | val_loss=0.0016 | val_psnr=31.31 dB | time=1.7s
[Epoch 163] train_loss=0.0024 | train_psnr=30.32 dB | val_loss=0.0016 | val_psnr=31.21 dB | time=1.6s
[Epoch 164] train_loss=0.0025 | train_psnr=30.30 dB | val_loss=0.0016 | val_psnr=31.31 dB | time=1.6s
[Epoch 165] train_loss=0.0024 | train_psnr=30.30 dB | val_loss=0.0015 | val_psnr=31.33 dB | time=1.6s
[Epoch 166] train_loss=0.0024 | train_psnr=30.31 dB | val_loss=0.0015 | val_psnr=31.37 dB | time=1.6s
[Epoch 167] train_loss=0.0024 | train_psnr=30.33 dB | val_loss=0.0015 | val_psnr=31.40 dB | time=1.6s
[Epoch 168] train_loss=0.0024 | train_psnr=30.33 dB | val_loss=0.0015 | val_psnr=31.31 dB | time=1.6s
[Epoch 169] train_loss=0.0024 | train_psnr=30.29 dB | val_loss=0.0015 | val_psnr=31.39 dB | time=1.7s
[Epoch 170] train_loss=0.0024 | train_psnr=30.37 dB | val_loss=0.0015 | val_psnr=31.43 dB | time=1.7s
[Epoch 171] train_loss=0.0024 | train_psnr=30.38 dB | val_loss=0.0015 | val_psnr=31.46 dB | time=1.7s
[Epoch 172] train_loss=0.0024 | train_psnr=30.39 dB | val_loss=0.0016 | val_psnr=30.88 dB | time=1.6s
[Epoch 173] train_loss=0.0023 | train_psnr=30.36 dB | val_loss=0.0015 | val_psnr=31.51 dB | time=1.6s
[Epoch 174] train_loss=0.0023 | train_psnr=30.53 dB | val_loss=0.0015 | val_psnr=31.37 dB | time=1.6s
[Epoch 175] train_loss=0.0023 | train_psnr=30.50 dB | val_loss=0.0015 | val_psnr=31.53 dB | time=1.6s
[Epoch 176] train_loss=0.0023 | train_psnr=30.56 dB | val_loss=0.0015 | val_psnr=31.38 dB | time=1.6s
[Epoch 177] train_loss=0.0023 | train_psnr=30.47 dB | val_loss=0.0014 | val_psnr=31.56 dB | time=1.5s
[Epoch 178] train_loss=0.0023 | train_psnr=30.46 dB | val_loss=0.0014 | val_psnr=31.59 dB | time=1.7s
[Epoch 179] train_loss=0.0023 | train_psnr=30.51 dB | val_loss=0.0014 | val_psnr=31.62 dB | time=1.7s
[Epoch 180] train_loss=0.0023 | train_psnr=30.58 dB | val_loss=0.0014 | val_psnr=31.61 dB | time=1.7s
[Epoch 181] train_loss=0.0022 | train_psnr=30.72 dB | val_loss=0.0014 | val_psnr=31.54 dB | time=1.6s
[Epoch 182] train_loss=0.0022 | train_psnr=30.62 dB | val_loss=0.0014 | val_psnr=31.64 dB | time=1.7s
[Epoch 183] train_loss=0.0022 | train_psnr=30.57 dB | val_loss=0.0014 | val_psnr=31.72 dB | time=1.6s
[Epoch 184] train_loss=0.0022 | train_psnr=30.63 dB | val_loss=0.0014 | val_psnr=31.67 dB | time=1.7s
[Epoch 185] train_loss=0.0022 | train_psnr=30.72 dB | val_loss=0.0014 | val_psnr=31.67 dB | time=1.7s
[Epoch 186] train_loss=0.0022 | train_psnr=30.77 dB | val_loss=0.0014 | val_psnr=31.72 dB | time=1.7s
[Epoch 187] train_loss=0.0022 | train_psnr=30.70 dB | val_loss=0.0014 | val_psnr=31.76 dB | time=1.6s
[Epoch 188] train_loss=0.0022 | train_psnr=30.69 dB | val_loss=0.0014 | val_psnr=31.77 dB | time=1.6s
[Epoch 189] train_loss=0.0021 | train_psnr=30.77 dB | val_loss=0.0013 | val_psnr=31.81 dB | time=1.7s
[Epoch 190] train_loss=0.0022 | train_psnr=30.76 dB | val_loss=0.0014 | val_psnr=31.82 dB | time=1.6s
[Epoch 191] train_loss=0.0021 | train_psnr=30.84 dB | val_loss=0.0013 | val_psnr=31.72 dB | time=1.7s
[Epoch 192] train_loss=0.0021 | train_psnr=30.80 dB | val_loss=0.0013 | val_psnr=31.81 dB | time=1.7s
[Epoch 193] train_loss=0.0021 | train_psnr=30.83 dB | val_loss=0.0013 | val_psnr=31.86 dB | time=1.7s
[Epoch 194] train_loss=0.0021 | train_psnr=30.88 dB | val_loss=0.0013 | val_psnr=31.81 dB | time=1.7s
[Epoch 195] train_loss=0.0021 | train_psnr=30.73 dB | val_loss=0.0013 | val_psnr=31.86 dB | time=1.7s
[Epoch 196] train_loss=0.0021 | train_psnr=30.79 dB | val_loss=0.0013 | val_psnr=31.93 dB | time=1.6s
[Epoch 197] train_loss=0.0021 | train_psnr=30.89 dB | val_loss=0.0013 | val_psnr=31.89 dB | time=1.6s
[Epoch 198] train_loss=0.0021 | train_psnr=30.83 dB | val_loss=0.0013 | val_psnr=31.88 dB | time=1.6s
[Epoch 199] train_loss=0.0021 | train_psnr=30.91 dB | val_loss=0.0013 | val_psnr=31.97 dB | time=1.6s
[Epoch 200] train_loss=0.0020 | train_psnr=31.01 dB | val_loss=0.0013 | val_psnr=31.95 dB | time=1.6s
[Epoch 201] train_loss=0.0020 | train_psnr=31.06 dB | val_loss=0.0013 | val_psnr=31.90 dB | time=1.7s
[Epoch 202] train_loss=0.0020 | train_psnr=30.98 dB | val_loss=0.0013 | val_psnr=31.90 dB | time=1.7s
[Epoch 203] train_loss=0.0020 | train_psnr=30.96 dB | val_loss=0.0013 | val_psnr=32.02 dB | time=1.7s
[Epoch 204] train_loss=0.0020 | train_psnr=30.90 dB | val_loss=0.0013 | val_psnr=31.90 dB | time=1.6s
[Epoch 205] train_loss=0.0021 | train_psnr=30.89 dB | val_loss=0.0013 | val_psnr=32.05 dB | time=1.6s
[Epoch 206] train_loss=0.0020 | train_psnr=31.03 dB | val_loss=0.0012 | val_psnr=32.07 dB | time=1.7s
[Epoch 207] train_loss=0.0019 | train_psnr=31.11 dB | val_loss=0.0013 | val_psnr=32.10 dB | time=1.6s
[Epoch 208] train_loss=0.0020 | train_psnr=31.08 dB | val_loss=0.0012 | val_psnr=32.11 dB | time=1.6s
[Epoch 209] train_loss=0.0019 | train_psnr=31.15 dB | val_loss=0.0012 | val_psnr=32.01 dB | time=1.7s
[Epoch 210] train_loss=0.0019 | train_psnr=31.08 dB | val_loss=0.0012 | val_psnr=32.13 dB | time=1.7s
[Epoch 211] train_loss=0.0019 | train_psnr=31.17 dB | val_loss=0.0012 | val_psnr=32.11 dB | time=1.7s
[Epoch 212] train_loss=0.0019 | train_psnr=31.11 dB | val_loss=0.0012 | val_psnr=32.15 dB | time=1.6s
[Epoch 213] train_loss=0.0019 | train_psnr=31.10 dB | val_loss=0.0012 | val_psnr=32.15 dB | time=1.6s
[Epoch 214] train_loss=0.0020 | train_psnr=31.09 dB | val_loss=0.0012 | val_psnr=32.18 dB | time=1.7s
[Epoch 215] train_loss=0.0019 | train_psnr=31.28 dB | val_loss=0.0012 | val_psnr=32.18 dB | time=1.6s
[Epoch 216] train_loss=0.0019 | train_psnr=31.22 dB | val_loss=0.0012 | val_psnr=32.22 dB | time=1.6s
[Epoch 217] train_loss=0.0019 | train_psnr=31.20 dB | val_loss=0.0012 | val_psnr=32.15 dB | time=1.6s
[Epoch 218] train_loss=0.0019 | train_psnr=31.23 dB | val_loss=0.0012 | val_psnr=32.23 dB | time=1.7s
[Epoch 219] train_loss=0.0019 | train_psnr=31.30 dB | val_loss=0.0012 | val_psnr=32.27 dB | time=1.7s
[Epoch 220] train_loss=0.0018 | train_psnr=31.30 dB | val_loss=0.0012 | val_psnr=32.10 dB | time=1.6s
[Epoch 221] train_loss=0.0019 | train_psnr=31.17 dB | val_loss=0.0012 | val_psnr=32.25 dB | time=1.7s
[Epoch 222] train_loss=0.0019 | train_psnr=31.18 dB | val_loss=0.0012 | val_psnr=32.29 dB | time=1.7s
[Epoch 223] train_loss=0.0019 | train_psnr=31.30 dB | val_loss=0.0012 | val_psnr=32.06 dB | time=1.7s
[Epoch 224] train_loss=0.0018 | train_psnr=31.36 dB | val_loss=0.0012 | val_psnr=32.11 dB | time=1.6s
[Epoch 225] train_loss=0.0018 | train_psnr=31.35 dB | val_loss=0.0012 | val_psnr=32.21 dB | time=1.7s
[Epoch 226] train_loss=0.0018 | train_psnr=31.32 dB | val_loss=0.0011 | val_psnr=32.36 dB | time=1.7s
[Epoch 227] train_loss=0.0018 | train_psnr=31.34 dB | val_loss=0.0011 | val_psnr=32.27 dB | time=1.6s
[Epoch 228] train_loss=0.0018 | train_psnr=31.19 dB | val_loss=0.0011 | val_psnr=32.23 dB | time=1.7s
[Epoch 229] train_loss=0.0018 | train_psnr=31.27 dB | val_loss=0.0011 | val_psnr=32.36 dB | time=1.7s
[Epoch 230] train_loss=0.0018 | train_psnr=31.36 dB | val_loss=0.0011 | val_psnr=32.35 dB | time=1.6s
[Epoch 231] train_loss=0.0018 | train_psnr=31.37 dB | val_loss=0.0011 | val_psnr=32.32 dB | time=1.7s
[Epoch 232] train_loss=0.0018 | train_psnr=31.38 dB | val_loss=0.0011 | val_psnr=32.38 dB | time=1.6s
[Epoch 233] train_loss=0.0018 | train_psnr=31.48 dB | val_loss=0.0011 | val_psnr=32.19 dB | time=1.7s
[Epoch 234] train_loss=0.0018 | train_psnr=31.34 dB | val_loss=0.0011 | val_psnr=32.38 dB | time=1.7s
[Epoch 235] train_loss=0.0018 | train_psnr=31.41 dB | val_loss=0.0011 | val_psnr=32.38 dB | time=1.7s
[Epoch 236] train_loss=0.0017 | train_psnr=31.46 dB | val_loss=0.0011 | val_psnr=32.32 dB | time=1.6s
[Epoch 237] train_loss=0.0018 | train_psnr=31.55 dB | val_loss=0.0011 | val_psnr=32.50 dB | time=1.6s
[Epoch 238] train_loss=0.0017 | train_psnr=31.62 dB | val_loss=0.0011 | val_psnr=32.50 dB | time=1.7s
[Epoch 239] train_loss=0.0018 | train_psnr=31.41 dB | val_loss=0.0011 | val_psnr=32.49 dB | time=1.7s
[Epoch 240] train_loss=0.0017 | train_psnr=31.55 dB | val_loss=0.0011 | val_psnr=32.54 dB | time=1.6s
[Epoch 241] train_loss=0.0017 | train_psnr=31.65 dB | val_loss=0.0011 | val_psnr=32.53 dB | time=1.7s
[Epoch 242] train_loss=0.0017 | train_psnr=31.52 dB | val_loss=0.0011 | val_psnr=32.56 dB | time=1.6s
[Epoch 243] train_loss=0.0017 | train_psnr=31.56 dB | val_loss=0.0011 | val_psnr=32.57 dB | time=1.7s
[Epoch 244] train_loss=0.0017 | train_psnr=31.62 dB | val_loss=0.0011 | val_psnr=32.54 dB | time=1.7s
[Epoch 245] train_loss=0.0017 | train_psnr=31.61 dB | val_loss=0.0011 | val_psnr=32.58 dB | time=1.7s
[Epoch 246] train_loss=0.0017 | train_psnr=31.54 dB | val_loss=0.0011 | val_psnr=32.48 dB | time=1.7s
[Epoch 247] train_loss=0.0016 | train_psnr=31.69 dB | val_loss=0.0011 | val_psnr=32.39 dB | time=1.7s
[Epoch 248] train_loss=0.0016 | train_psnr=31.70 dB | val_loss=0.0011 | val_psnr=32.57 dB | time=1.7s
[Epoch 249] train_loss=0.0016 | train_psnr=31.65 dB | val_loss=0.0010 | val_psnr=32.63 dB | time=1.7s
[Epoch 250] train_loss=0.0017 | train_psnr=31.67 dB | val_loss=0.0011 | val_psnr=32.36 dB | time=1.7s
[Epoch 251] train_loss=0.0017 | train_psnr=31.65 dB | val_loss=0.0011 | val_psnr=32.41 dB | time=1.7s
[Epoch 252] train_loss=0.0017 | train_psnr=31.58 dB | val_loss=0.0010 | val_psnr=32.66 dB | time=1.7s
[Epoch 253] train_loss=0.0017 | train_psnr=31.68 dB | val_loss=0.0010 | val_psnr=32.47 dB | time=1.7s
[Epoch 254] train_loss=0.0017 | train_psnr=31.63 dB | val_loss=0.0011 | val_psnr=32.38 dB | time=1.6s
[Epoch 255] train_loss=0.0016 | train_psnr=31.66 dB | val_loss=0.0010 | val_psnr=32.67 dB | time=1.6s
[Epoch 256] train_loss=0.0016 | train_psnr=31.57 dB | val_loss=0.0010 | val_psnr=32.61 dB | time=1.7s
[Epoch 257] train_loss=0.0016 | train_psnr=31.81 dB | val_loss=0.0010 | val_psnr=32.69 dB | time=1.7s
[Epoch 258] train_loss=0.0017 | train_psnr=31.75 dB | val_loss=0.0010 | val_psnr=32.73 dB | time=1.7s
[Epoch 259] train_loss=0.0016 | train_psnr=31.72 dB | val_loss=0.0010 | val_psnr=32.69 dB | time=1.7s
[Epoch 260] train_loss=0.0016 | train_psnr=31.78 dB | val_loss=0.0010 | val_psnr=32.57 dB | time=1.7s
[Epoch 261] train_loss=0.0016 | train_psnr=31.70 dB | val_loss=0.0010 | val_psnr=32.72 dB | time=1.7s
[Epoch 262] train_loss=0.0016 | train_psnr=31.71 dB | val_loss=0.0010 | val_psnr=32.75 dB | time=1.7s
[Epoch 263] train_loss=0.0015 | train_psnr=31.95 dB | val_loss=0.0010 | val_psnr=32.62 dB | time=1.6s
[Epoch 264] train_loss=0.0015 | train_psnr=31.94 dB | val_loss=0.0010 | val_psnr=32.73 dB | time=1.7s
[Epoch 265] train_loss=0.0016 | train_psnr=31.84 dB | val_loss=0.0010 | val_psnr=32.71 dB | time=1.7s
[Epoch 266] train_loss=0.0016 | train_psnr=31.75 dB | val_loss=0.0010 | val_psnr=32.78 dB | time=1.7s
[Epoch 267] train_loss=0.0016 | train_psnr=31.81 dB | val_loss=0.0010 | val_psnr=32.45 dB | time=1.7s
[Epoch 268] train_loss=0.0016 | train_psnr=31.74 dB | val_loss=0.0010 | val_psnr=32.78 dB | time=1.6s
[Epoch 269] train_loss=0.0016 | train_psnr=31.79 dB | val_loss=0.0010 | val_psnr=32.78 dB | time=1.7s
[Epoch 270] train_loss=0.0016 | train_psnr=31.79 dB | val_loss=0.0010 | val_psnr=32.43 dB | time=1.7s
[Epoch 271] train_loss=0.0015 | train_psnr=31.83 dB | val_loss=0.0010 | val_psnr=32.68 dB | time=1.7s
[Epoch 272] train_loss=0.0016 | train_psnr=31.91 dB | val_loss=0.0010 | val_psnr=32.85 dB | time=1.7s
[Epoch 273] train_loss=0.0015 | train_psnr=31.88 dB | val_loss=0.0010 | val_psnr=32.84 dB | time=1.7s
[Epoch 274] train_loss=0.0015 | train_psnr=31.94 dB | val_loss=0.0010 | val_psnr=32.87 dB | time=1.7s
[Epoch 275] train_loss=0.0015 | train_psnr=31.97 dB | val_loss=0.0010 | val_psnr=32.88 dB | time=1.7s
[Epoch 276] train_loss=0.0016 | train_psnr=31.98 dB | val_loss=0.0010 | val_psnr=32.91 dB | time=1.7s
[Epoch 277] train_loss=0.0015 | train_psnr=31.86 dB | val_loss=0.0010 | val_psnr=32.80 dB | time=1.7s
[Epoch 278] train_loss=0.0015 | train_psnr=31.96 dB | val_loss=0.0010 | val_psnr=32.91 dB | time=1.7s
[Epoch 279] train_loss=0.0015 | train_psnr=31.95 dB | val_loss=0.0010 | val_psnr=32.92 dB | time=1.7s
[Epoch 280] train_loss=0.0015 | train_psnr=31.97 dB | val_loss=0.0010 | val_psnr=32.88 dB | time=1.7s
[Epoch 281] train_loss=0.0015 | train_psnr=32.04 dB | val_loss=0.0009 | val_psnr=32.93 dB | time=1.7s
[Epoch 282] train_loss=0.0015 | train_psnr=32.11 dB | val_loss=0.0009 | val_psnr=32.85 dB | time=1.7s
[Epoch 283] train_loss=0.0015 | train_psnr=31.90 dB | val_loss=0.0009 | val_psnr=32.95 dB | time=1.7s
[Epoch 284] train_loss=0.0015 | train_psnr=31.93 dB | val_loss=0.0009 | val_psnr=32.90 dB | time=1.7s
[Epoch 285] train_loss=0.0015 | train_psnr=31.95 dB | val_loss=0.0010 | val_psnr=32.65 dB | time=1.7s
[Epoch 286] train_loss=0.0015 | train_psnr=31.93 dB | val_loss=0.0009 | val_psnr=32.90 dB | time=1.7s
[Epoch 287] train_loss=0.0015 | train_psnr=31.84 dB | val_loss=0.0009 | val_psnr=32.96 dB | time=1.6s
[Epoch 288] train_loss=0.0015 | train_psnr=32.07 dB | val_loss=0.0009 | val_psnr=33.02 dB | time=1.7s
[Epoch 289] train_loss=0.0015 | train_psnr=32.05 dB | val_loss=0.0009 | val_psnr=32.93 dB | time=1.6s
[Epoch 290] train_loss=0.0015 | train_psnr=32.05 dB | val_loss=0.0009 | val_psnr=33.00 dB | time=1.6s
[Epoch 291] train_loss=0.0015 | train_psnr=31.99 dB | val_loss=0.0009 | val_psnr=33.00 dB | time=1.7s
[Epoch 292] train_loss=0.0014 | train_psnr=32.20 dB | val_loss=0.0009 | val_psnr=32.95 dB | time=1.7s
[Epoch 293] train_loss=0.0015 | train_psnr=32.13 dB | val_loss=0.0009 | val_psnr=33.05 dB | time=1.7s
[Epoch 294] train_loss=0.0015 | train_psnr=31.99 dB | val_loss=0.0009 | val_psnr=33.00 dB | time=1.7s
[Epoch 295] train_loss=0.0014 | train_psnr=32.03 dB | val_loss=0.0010 | val_psnr=32.34 dB | time=1.7s
[Epoch 296] train_loss=0.0014 | train_psnr=32.04 dB | val_loss=0.0009 | val_psnr=32.90 dB | time=1.7s
[Epoch 297] train_loss=0.0015 | train_psnr=32.01 dB | val_loss=0.0010 | val_psnr=32.52 dB | time=1.7s
[Epoch 298] train_loss=0.0015 | train_psnr=32.09 dB | val_loss=0.0009 | val_psnr=33.09 dB | time=1.6s
[Epoch 299] train_loss=0.0014 | train_psnr=32.08 dB | val_loss=0.0009 | val_psnr=33.02 dB | time=1.7s
[Epoch 300] train_loss=0.0015 | train_psnr=32.11 dB | val_loss=0.0009 | val_psnr=33.07 dB | time=1.7s
[Epoch 301] train_loss=0.0014 | train_psnr=32.22 dB | val_loss=0.0009 | val_psnr=33.00 dB | time=1.6s
[Epoch 302] train_loss=0.0014 | train_psnr=32.06 dB | val_loss=0.0009 | val_psnr=32.93 dB | time=1.7s
[Epoch 303] train_loss=0.0014 | train_psnr=32.20 dB | val_loss=0.0009 | val_psnr=33.07 dB | time=1.7s
[Epoch 304] train_loss=0.0014 | train_psnr=32.14 dB | val_loss=0.0009 | val_psnr=33.13 dB | time=1.7s
[Epoch 305] train_loss=0.0014 | train_psnr=32.22 dB | val_loss=0.0009 | val_psnr=33.14 dB | time=1.7s
[Epoch 306] train_loss=0.0014 | train_psnr=32.20 dB | val_loss=0.0009 | val_psnr=33.14 dB | time=1.6s
[Epoch 307] train_loss=0.0014 | train_psnr=32.07 dB | val_loss=0.0009 | val_psnr=32.98 dB | time=1.6s
[Epoch 308] train_loss=0.0014 | train_psnr=32.11 dB | val_loss=0.0009 | val_psnr=32.96 dB | time=1.7s
[Epoch 309] train_loss=0.0014 | train_psnr=32.19 dB | val_loss=0.0009 | val_psnr=32.99 dB | time=1.6s
[Epoch 310] train_loss=0.0014 | train_psnr=32.19 dB | val_loss=0.0009 | val_psnr=33.03 dB | time=1.7s
[Epoch 311] train_loss=0.0014 | train_psnr=32.29 dB | val_loss=0.0009 | val_psnr=33.13 dB | time=1.7s
[Epoch 312] train_loss=0.0014 | train_psnr=32.27 dB | val_loss=0.0009 | val_psnr=33.12 dB | time=1.7s
[Epoch 313] train_loss=0.0014 | train_psnr=32.15 dB | val_loss=0.0009 | val_psnr=33.18 dB | time=1.7s
[Epoch 314] train_loss=0.0014 | train_psnr=32.27 dB | val_loss=0.0009 | val_psnr=33.13 dB | time=1.6s
[Epoch 315] train_loss=0.0014 | train_psnr=32.07 dB | val_loss=0.0009 | val_psnr=33.19 dB | time=1.7s
[Epoch 316] train_loss=0.0014 | train_psnr=32.26 dB | val_loss=0.0009 | val_psnr=33.18 dB | time=1.7s
[Epoch 317] train_loss=0.0014 | train_psnr=32.20 dB | val_loss=0.0009 | val_psnr=33.20 dB | time=1.7s
[Epoch 318] train_loss=0.0014 | train_psnr=32.16 dB | val_loss=0.0009 | val_psnr=32.92 dB | time=1.7s
[Epoch 319] train_loss=0.0014 | train_psnr=32.20 dB | val_loss=0.0009 | val_psnr=33.21 dB | time=1.7s
[Epoch 320] train_loss=0.0014 | train_psnr=32.28 dB | val_loss=0.0009 | val_psnr=33.22 dB | time=1.6s
[Epoch 321] train_loss=0.0014 | train_psnr=32.37 dB | val_loss=0.0009 | val_psnr=33.18 dB | time=1.6s
[Epoch 322] train_loss=0.0014 | train_psnr=32.33 dB | val_loss=0.0009 | val_psnr=33.01 dB | time=1.7s
[Epoch 323] train_loss=0.0014 | train_psnr=32.37 dB | val_loss=0.0008 | val_psnr=33.26 dB | time=1.7s
[Epoch 324] train_loss=0.0014 | train_psnr=32.36 dB | val_loss=0.0009 | val_psnr=33.20 dB | time=1.7s
[Epoch 325] train_loss=0.0013 | train_psnr=32.20 dB | val_loss=0.0009 | val_psnr=32.89 dB | time=1.7s
[Epoch 326] train_loss=0.0014 | train_psnr=32.22 dB | val_loss=0.0009 | val_psnr=32.80 dB | time=1.7s
[Epoch 327] train_loss=0.0013 | train_psnr=32.32 dB | val_loss=0.0008 | val_psnr=33.27 dB | time=1.7s
[Epoch 328] train_loss=0.0013 | train_psnr=32.39 dB | val_loss=0.0009 | val_psnr=33.20 dB | time=1.6s
[Epoch 329] train_loss=0.0013 | train_psnr=32.43 dB | val_loss=0.0008 | val_psnr=33.15 dB | time=1.7s
[Epoch 330] train_loss=0.0013 | train_psnr=32.46 dB | val_loss=0.0009 | val_psnr=33.20 dB | time=1.7s
[Epoch 331] train_loss=0.0013 | train_psnr=32.33 dB | val_loss=0.0008 | val_psnr=33.28 dB | time=1.7s
[Epoch 332] train_loss=0.0013 | train_psnr=32.32 dB | val_loss=0.0008 | val_psnr=33.19 dB | time=1.7s
[Epoch 333] train_loss=0.0014 | train_psnr=32.12 dB | val_loss=0.0009 | val_psnr=32.79 dB | time=1.6s
[Epoch 334] train_loss=0.0013 | train_psnr=32.05 dB | val_loss=0.0009 | val_psnr=32.89 dB | time=1.7s
[Epoch 335] train_loss=0.0013 | train_psnr=32.37 dB | val_loss=0.0008 | val_psnr=33.32 dB | time=1.7s
[Epoch 336] train_loss=0.0013 | train_psnr=32.35 dB | val_loss=0.0008 | val_psnr=33.27 dB | time=1.7s
[Epoch 337] train_loss=0.0013 | train_psnr=32.55 dB | val_loss=0.0008 | val_psnr=33.35 dB | time=1.7s
[Epoch 338] train_loss=0.0013 | train_psnr=32.34 dB | val_loss=0.0008 | val_psnr=33.23 dB | time=1.7s
[Epoch 339] train_loss=0.0014 | train_psnr=32.26 dB | val_loss=0.0008 | val_psnr=33.33 dB | time=1.7s
[Epoch 340] train_loss=0.0013 | train_psnr=32.43 dB | val_loss=0.0008 | val_psnr=33.36 dB | time=1.6s
[Epoch 341] train_loss=0.0013 | train_psnr=32.34 dB | val_loss=0.0008 | val_psnr=33.33 dB | time=1.6s
[Epoch 342] train_loss=0.0013 | train_psnr=32.52 dB | val_loss=0.0008 | val_psnr=33.36 dB | time=1.7s
[Epoch 343] train_loss=0.0014 | train_psnr=32.37 dB | val_loss=0.0008 | val_psnr=33.26 dB | time=1.7s
[Epoch 344] train_loss=0.0013 | train_psnr=32.32 dB | val_loss=0.0008 | val_psnr=33.38 dB | time=1.6s
[Epoch 345] train_loss=0.0013 | train_psnr=32.36 dB | val_loss=0.0008 | val_psnr=33.36 dB | time=1.7s
[Epoch 346] train_loss=0.0013 | train_psnr=32.46 dB | val_loss=0.0008 | val_psnr=33.38 dB | time=1.7s
[Epoch 347] train_loss=0.0013 | train_psnr=32.48 dB | val_loss=0.0008 | val_psnr=33.26 dB | time=1.7s
[Epoch 348] train_loss=0.0013 | train_psnr=32.45 dB | val_loss=0.0008 | val_psnr=33.40 dB | time=1.7s
[Epoch 349] train_loss=0.0013 | train_psnr=32.36 dB | val_loss=0.0008 | val_psnr=32.95 dB | time=1.6s
[Epoch 350] train_loss=0.0013 | train_psnr=32.34 dB | val_loss=0.0008 | val_psnr=33.27 dB | time=1.6s
[Epoch 351] train_loss=0.0013 | train_psnr=32.41 dB | val_loss=0.0008 | val_psnr=33.40 dB | time=1.6s
[Epoch 352] train_loss=0.0013 | train_psnr=32.40 dB | val_loss=0.0008 | val_psnr=33.39 dB | time=1.7s
[Epoch 353] train_loss=0.0012 | train_psnr=32.68 dB | val_loss=0.0008 | val_psnr=33.41 dB | time=1.6s
[Epoch 354] train_loss=0.0013 | train_psnr=32.40 dB | val_loss=0.0008 | val_psnr=33.44 dB | time=1.7s
[Epoch 355] train_loss=0.0013 | train_psnr=32.50 dB | val_loss=0.0008 | val_psnr=33.11 dB | time=1.7s
[Epoch 356] train_loss=0.0013 | train_psnr=32.28 dB | val_loss=0.0008 | val_psnr=33.10 dB | time=1.7s
[Epoch 357] train_loss=0.0013 | train_psnr=32.31 dB | val_loss=0.0008 | val_psnr=33.41 dB | time=1.7s
[Epoch 358] train_loss=0.0013 | train_psnr=32.43 dB | val_loss=0.0008 | val_psnr=33.37 dB | time=1.7s
[Epoch 359] train_loss=0.0013 | train_psnr=32.47 dB | val_loss=0.0008 | val_psnr=33.43 dB | time=1.8s
[Epoch 360] train_loss=0.0013 | train_psnr=32.37 dB | val_loss=0.0008 | val_psnr=33.27 dB | time=1.7s
[Epoch 361] train_loss=0.0013 | train_psnr=32.32 dB | val_loss=0.0009 | val_psnr=32.91 dB | time=1.7s
[Epoch 362] train_loss=0.0013 | train_psnr=32.34 dB | val_loss=0.0008 | val_psnr=32.92 dB | time=1.7s
[Epoch 363] train_loss=0.0012 | train_psnr=32.50 dB | val_loss=0.0008 | val_psnr=33.45 dB | time=1.7s
[Epoch 364] train_loss=0.0012 | train_psnr=32.71 dB | val_loss=0.0008 | val_psnr=33.50 dB | time=1.7s
[Epoch 365] train_loss=0.0013 | train_psnr=32.51 dB | val_loss=0.0008 | val_psnr=33.48 dB | time=1.7s
[Epoch 366] train_loss=0.0013 | train_psnr=32.66 dB | val_loss=0.0008 | val_psnr=33.45 dB | time=1.7s
[Epoch 367] train_loss=0.0012 | train_psnr=32.61 dB | val_loss=0.0008 | val_psnr=33.50 dB | time=1.7s
[Epoch 368] train_loss=0.0012 | train_psnr=32.65 dB | val_loss=0.0008 | val_psnr=33.29 dB | time=1.7s
[Epoch 369] train_loss=0.0012 | train_psnr=32.42 dB | val_loss=0.0008 | val_psnr=33.31 dB | time=1.7s
[Epoch 370] train_loss=0.0013 | train_psnr=32.53 dB | val_loss=0.0008 | val_psnr=33.40 dB | time=1.7s
[Epoch 371] train_loss=0.0012 | train_psnr=32.69 dB | val_loss=0.0008 | val_psnr=33.56 dB | time=1.7s
[Epoch 372] train_loss=0.0013 | train_psnr=32.64 dB | val_loss=0.0008 | val_psnr=33.48 dB | time=1.7s
[Epoch 373] train_loss=0.0012 | train_psnr=32.81 dB | val_loss=0.0008 | val_psnr=33.45 dB | time=1.7s
[Epoch 374] train_loss=0.0012 | train_psnr=32.52 dB | val_loss=0.0008 | val_psnr=33.51 dB | time=1.7s
[Epoch 375] train_loss=0.0012 | train_psnr=32.68 dB | val_loss=0.0008 | val_psnr=33.42 dB | time=1.7s
[Epoch 376] train_loss=0.0012 | train_psnr=32.73 dB | val_loss=0.0008 | val_psnr=33.54 dB | time=1.7s
[Epoch 377] train_loss=0.0012 | train_psnr=32.62 dB | val_loss=0.0008 | val_psnr=33.53 dB | time=1.7s
[Epoch 378] train_loss=0.0013 | train_psnr=32.58 dB | val_loss=0.0008 | val_psnr=33.51 dB | time=1.7s
[Epoch 379] train_loss=0.0012 | train_psnr=32.63 dB | val_loss=0.0008 | val_psnr=33.54 dB | time=1.6s
[Epoch 380] train_loss=0.0012 | train_psnr=32.62 dB | val_loss=0.0008 | val_psnr=33.24 dB | time=1.7s
[Epoch 381] train_loss=0.0012 | train_psnr=32.61 dB | val_loss=0.0008 | val_psnr=33.56 dB | time=1.7s
[Epoch 382] train_loss=0.0013 | train_psnr=32.18 dB | val_loss=0.0008 | val_psnr=33.02 dB | time=1.7s
[Epoch 383] train_loss=0.0012 | train_psnr=32.49 dB | val_loss=0.0008 | val_psnr=33.47 dB | time=1.7s
[Epoch 384] train_loss=0.0012 | train_psnr=32.73 dB | val_loss=0.0008 | val_psnr=33.54 dB | time=1.6s
[Epoch 385] train_loss=0.0012 | train_psnr=32.70 dB | val_loss=0.0008 | val_psnr=33.59 dB | time=1.7s
[Epoch 386] train_loss=0.0012 | train_psnr=32.55 dB | val_loss=0.0008 | val_psnr=33.48 dB | time=1.7s
[Epoch 387] train_loss=0.0013 | train_psnr=32.36 dB | val_loss=0.0008 | val_psnr=33.55 dB | time=1.7s
[Epoch 388] train_loss=0.0012 | train_psnr=32.58 dB | val_loss=0.0008 | val_psnr=33.57 dB | time=1.7s
[Epoch 389] train_loss=0.0012 | train_psnr=32.60 dB | val_loss=0.0008 | val_psnr=33.50 dB | time=1.6s
[Epoch 390] train_loss=0.0012 | train_psnr=32.64 dB | val_loss=0.0008 | val_psnr=33.58 dB | time=1.6s
[Epoch 391] train_loss=0.0012 | train_psnr=32.70 dB | val_loss=0.0008 | val_psnr=33.54 dB | time=1.8s
[Epoch 392] train_loss=0.0012 | train_psnr=32.80 dB | val_loss=0.0008 | val_psnr=33.58 dB | time=1.8s
[Epoch 393] train_loss=0.0012 | train_psnr=32.77 dB | val_loss=0.0008 | val_psnr=33.60 dB | time=1.7s
[Epoch 394] train_loss=0.0012 | train_psnr=32.77 dB | val_loss=0.0007 | val_psnr=33.62 dB | time=1.7s
[Epoch 395] train_loss=0.0012 | train_psnr=32.58 dB | val_loss=0.0008 | val_psnr=33.61 dB | time=1.7s
[Epoch 396] train_loss=0.0012 | train_psnr=32.85 dB | val_loss=0.0008 | val_psnr=33.48 dB | time=1.7s
[Epoch 397] train_loss=0.0012 | train_psnr=32.61 dB | val_loss=0.0008 | val_psnr=33.66 dB | time=1.6s
[Epoch 398] train_loss=0.0012 | train_psnr=32.76 dB | val_loss=0.0007 | val_psnr=33.66 dB | time=1.7s
[Epoch 399] train_loss=0.0012 | train_psnr=32.81 dB | val_loss=0.0007 | val_psnr=33.66 dB | time=1.6s
[Epoch 400] train_loss=0.0012 | train_psnr=32.78 dB | val_loss=0.0007 | val_psnr=33.64 dB | time=1.7s
[Epoch 401] train_loss=0.0012 | train_psnr=32.84 dB | val_loss=0.0007 | val_psnr=33.67 dB | time=1.7s
[Epoch 402] train_loss=0.0012 | train_psnr=32.81 dB | val_loss=0.0008 | val_psnr=33.41 dB | time=1.6s
[Epoch 403] train_loss=0.0012 | train_psnr=32.66 dB | val_loss=0.0008 | val_psnr=33.47 dB | time=1.6s
[Epoch 404] train_loss=0.0012 | train_psnr=32.70 dB | val_loss=0.0008 | val_psnr=33.49 dB | time=1.7s
[Epoch 405] train_loss=0.0012 | train_psnr=32.66 dB | val_loss=0.0007 | val_psnr=33.58 dB | time=1.7s
[Epoch 406] train_loss=0.0012 | train_psnr=32.60 dB | val_loss=0.0008 | val_psnr=33.37 dB | time=1.7s
[Epoch 407] train_loss=0.0012 | train_psnr=32.57 dB | val_loss=0.0007 | val_psnr=33.65 dB | time=1.7s
[Epoch 408] train_loss=0.0012 | train_psnr=32.80 dB | val_loss=0.0008 | val_psnr=33.61 dB | time=1.7s
[Epoch 409] train_loss=0.0012 | train_psnr=32.66 dB | val_loss=0.0008 | val_psnr=33.36 dB | time=1.6s
[Epoch 410] train_loss=0.0012 | train_psnr=32.76 dB | val_loss=0.0007 | val_psnr=33.69 dB | time=1.6s
[Epoch 411] train_loss=0.0011 | train_psnr=32.83 dB | val_loss=0.0007 | val_psnr=33.71 dB | time=1.6s
[Epoch 412] train_loss=0.0012 | train_psnr=32.81 dB | val_loss=0.0007 | val_psnr=33.70 dB | time=1.6s
[Epoch 413] train_loss=0.0012 | train_psnr=32.88 dB | val_loss=0.0007 | val_psnr=33.68 dB | time=1.7s
[Epoch 414] train_loss=0.0012 | train_psnr=32.74 dB | val_loss=0.0007 | val_psnr=33.71 dB | time=1.7s
[Epoch 415] train_loss=0.0012 | train_psnr=32.74 dB | val_loss=0.0007 | val_psnr=33.71 dB | time=1.7s
[Epoch 416] train_loss=0.0011 | train_psnr=32.93 dB | val_loss=0.0007 | val_psnr=33.68 dB | time=1.7s
[Epoch 417] train_loss=0.0012 | train_psnr=32.72 dB | val_loss=0.0007 | val_psnr=33.69 dB | time=1.7s
[Epoch 418] train_loss=0.0012 | train_psnr=32.66 dB | val_loss=0.0007 | val_psnr=33.66 dB | time=1.6s
[Epoch 419] train_loss=0.0012 | train_psnr=32.81 dB | val_loss=0.0007 | val_psnr=33.74 dB | time=1.6s
[Epoch 420] train_loss=0.0011 | train_psnr=32.90 dB | val_loss=0.0008 | val_psnr=33.46 dB | time=1.7s
[Epoch 421] train_loss=0.0012 | train_psnr=32.73 dB | val_loss=0.0008 | val_psnr=33.17 dB | time=1.7s
[Epoch 422] train_loss=0.0012 | train_psnr=32.50 dB | val_loss=0.0007 | val_psnr=33.74 dB | time=1.7s
[Epoch 423] train_loss=0.0011 | train_psnr=32.89 dB | val_loss=0.0007 | val_psnr=33.66 dB | time=1.7s
[Epoch 424] train_loss=0.0011 | train_psnr=32.91 dB | val_loss=0.0007 | val_psnr=33.75 dB | time=1.7s
[Epoch 425] train_loss=0.0012 | train_psnr=32.70 dB | val_loss=0.0007 | val_psnr=33.76 dB | time=1.6s
[Epoch 426] train_loss=0.0012 | train_psnr=32.87 dB | val_loss=0.0007 | val_psnr=33.73 dB | time=1.6s
[Epoch 427] train_loss=0.0012 | train_psnr=32.83 dB | val_loss=0.0007 | val_psnr=33.77 dB | time=1.7s
[Epoch 428] train_loss=0.0012 | train_psnr=32.91 dB | val_loss=0.0007 | val_psnr=33.77 dB | time=1.7s
[Epoch 429] train_loss=0.0012 | train_psnr=32.93 dB | val_loss=0.0007 | val_psnr=33.75 dB | time=1.6s
[Epoch 430] train_loss=0.0011 | train_psnr=32.99 dB | val_loss=0.0007 | val_psnr=33.77 dB | time=1.6s
[Epoch 431] train_loss=0.0011 | train_psnr=32.82 dB | val_loss=0.0008 | val_psnr=33.41 dB | time=1.6s
[Epoch 432] train_loss=0.0011 | train_psnr=32.78 dB | val_loss=0.0008 | val_psnr=33.31 dB | time=1.7s
[Epoch 433] train_loss=0.0012 | train_psnr=32.16 dB | val_loss=0.0007 | val_psnr=33.69 dB | time=1.6s
[Epoch 434] train_loss=0.0012 | train_psnr=32.80 dB | val_loss=0.0007 | val_psnr=33.71 dB | time=1.6s
[Epoch 435] train_loss=0.0011 | train_psnr=32.79 dB | val_loss=0.0007 | val_psnr=33.76 dB | time=1.6s
[Epoch 436] train_loss=0.0011 | train_psnr=32.78 dB | val_loss=0.0007 | val_psnr=33.78 dB | time=1.7s
[Epoch 437] train_loss=0.0011 | train_psnr=32.97 dB | val_loss=0.0007 | val_psnr=33.81 dB | time=1.6s
[Epoch 438] train_loss=0.0012 | train_psnr=32.75 dB | val_loss=0.0007 | val_psnr=33.69 dB | time=1.7s
[Epoch 439] train_loss=0.0011 | train_psnr=32.83 dB | val_loss=0.0007 | val_psnr=33.63 dB | time=1.7s
[Epoch 440] train_loss=0.0011 | train_psnr=32.93 dB | val_loss=0.0007 | val_psnr=33.80 dB | time=1.7s
[Epoch 441] train_loss=0.0011 | train_psnr=33.09 dB | val_loss=0.0007 | val_psnr=33.82 dB | time=1.7s
[Epoch 442] train_loss=0.0011 | train_psnr=32.91 dB | val_loss=0.0007 | val_psnr=33.82 dB | time=1.7s
[Epoch 443] train_loss=0.0011 | train_psnr=32.87 dB | val_loss=0.0007 | val_psnr=33.83 dB | time=1.7s
[Epoch 444] train_loss=0.0011 | train_psnr=32.82 dB | val_loss=0.0007 | val_psnr=33.38 dB | time=1.7s
[Epoch 445] train_loss=0.0011 | train_psnr=32.96 dB | val_loss=0.0007 | val_psnr=33.79 dB | time=1.6s
[Epoch 446] train_loss=0.0011 | train_psnr=32.91 dB | val_loss=0.0007 | val_psnr=33.84 dB | time=1.6s
[Epoch 447] train_loss=0.0011 | train_psnr=32.85 dB | val_loss=0.0007 | val_psnr=33.74 dB | time=1.6s
[Epoch 448] train_loss=0.0012 | train_psnr=32.72 dB | val_loss=0.0007 | val_psnr=33.50 dB | time=1.7s
[Epoch 449] train_loss=0.0011 | train_psnr=32.78 dB | val_loss=0.0007 | val_psnr=33.73 dB | time=1.7s
[Epoch 450] train_loss=0.0011 | train_psnr=32.92 dB | val_loss=0.0007 | val_psnr=33.56 dB | time=1.7s
[Epoch 451] train_loss=0.0011 | train_psnr=32.78 dB | val_loss=0.0007 | val_psnr=33.78 dB | time=1.7s
[Epoch 452] train_loss=0.0011 | train_psnr=32.91 dB | val_loss=0.0007 | val_psnr=33.81 dB | time=1.7s
[Epoch 453] train_loss=0.0011 | train_psnr=32.89 dB | val_loss=0.0007 | val_psnr=33.84 dB | time=1.6s
[Epoch 454] train_loss=0.0011 | train_psnr=33.01 dB | val_loss=0.0007 | val_psnr=33.75 dB | time=1.6s
[Epoch 455] train_loss=0.0011 | train_psnr=32.91 dB | val_loss=0.0007 | val_psnr=33.89 dB | time=1.7s
[Epoch 456] train_loss=0.0011 | train_psnr=32.91 dB | val_loss=0.0007 | val_psnr=33.88 dB | time=1.7s
[Epoch 457] train_loss=0.0011 | train_psnr=33.02 dB | val_loss=0.0007 | val_psnr=33.87 dB | time=1.6s
[Epoch 458] train_loss=0.0011 | train_psnr=32.90 dB | val_loss=0.0007 | val_psnr=33.86 dB | time=1.7s
[Epoch 459] train_loss=0.0011 | train_psnr=32.72 dB | val_loss=0.0007 | val_psnr=33.80 dB | time=1.6s
[Epoch 460] train_loss=0.0011 | train_psnr=32.98 dB | val_loss=0.0007 | val_psnr=33.74 dB | time=1.6s
[Epoch 461] train_loss=0.0011 | train_psnr=32.87 dB | val_loss=0.0007 | val_psnr=33.90 dB | time=1.7s
[Epoch 462] train_loss=0.0011 | train_psnr=33.05 dB | val_loss=0.0007 | val_psnr=33.77 dB | time=1.7s
[Epoch 463] train_loss=0.0011 | train_psnr=33.01 dB | val_loss=0.0007 | val_psnr=33.87 dB | time=1.7s
[Epoch 464] train_loss=0.0011 | train_psnr=32.85 dB | val_loss=0.0007 | val_psnr=33.90 dB | time=1.7s
[Epoch 465] train_loss=0.0011 | train_psnr=32.87 dB | val_loss=0.0007 | val_psnr=33.91 dB | time=1.7s
[Epoch 466] train_loss=0.0011 | train_psnr=32.94 dB | val_loss=0.0007 | val_psnr=33.83 dB | time=1.7s
[Epoch 467] train_loss=0.0011 | train_psnr=32.77 dB | val_loss=0.0007 | val_psnr=33.74 dB | time=1.7s
[Epoch 468] train_loss=0.0011 | train_psnr=32.96 dB | val_loss=0.0007 | val_psnr=33.64 dB | time=1.7s
[Epoch 469] train_loss=0.0011 | train_psnr=32.82 dB | val_loss=0.0007 | val_psnr=33.83 dB | time=1.7s
[Epoch 470] train_loss=0.0011 | train_psnr=33.05 dB | val_loss=0.0007 | val_psnr=33.92 dB | time=1.7s
[Epoch 471] train_loss=0.0011 | train_psnr=32.94 dB | val_loss=0.0007 | val_psnr=33.90 dB | time=1.7s
[Epoch 472] train_loss=0.0011 | train_psnr=33.11 dB | val_loss=0.0007 | val_psnr=33.77 dB | time=1.7s
[Epoch 473] train_loss=0.0011 | train_psnr=32.93 dB | val_loss=0.0007 | val_psnr=33.94 dB | time=1.6s
[Epoch 474] train_loss=0.0011 | train_psnr=33.03 dB | val_loss=0.0007 | val_psnr=33.91 dB | time=1.7s
[Epoch 475] train_loss=0.0011 | train_psnr=32.94 dB | val_loss=0.0008 | val_psnr=33.17 dB | time=1.7s
[Epoch 476] train_loss=0.0011 | train_psnr=32.55 dB | val_loss=0.0007 | val_psnr=33.78 dB | time=1.7s
[Epoch 477] train_loss=0.0011 | train_psnr=32.66 dB | val_loss=0.0007 | val_psnr=33.85 dB | time=1.7s
[Epoch 478] train_loss=0.0011 | train_psnr=32.92 dB | val_loss=0.0007 | val_psnr=33.61 dB | time=1.6s
[Epoch 479] train_loss=0.0011 | train_psnr=32.93 dB | val_loss=0.0007 | val_psnr=33.88 dB | time=1.6s
[Epoch 480] train_loss=0.0011 | train_psnr=32.94 dB | val_loss=0.0007 | val_psnr=33.72 dB | time=1.7s
[Epoch 481] train_loss=0.0011 | train_psnr=32.88 dB | val_loss=0.0007 | val_psnr=33.95 dB | time=1.7s
[Epoch 482] train_loss=0.0011 | train_psnr=33.17 dB | val_loss=0.0007 | val_psnr=33.78 dB | time=1.7s
[Epoch 483] train_loss=0.0011 | train_psnr=32.87 dB | val_loss=0.0007 | val_psnr=33.92 dB | time=1.7s
[Epoch 484] train_loss=0.0011 | train_psnr=32.87 dB | val_loss=0.0007 | val_psnr=33.92 dB | time=1.7s
[Epoch 485] train_loss=0.0011 | train_psnr=33.12 dB | val_loss=0.0007 | val_psnr=33.72 dB | time=1.6s
[Epoch 486] train_loss=0.0011 | train_psnr=32.76 dB | val_loss=0.0007 | val_psnr=33.43 dB | time=1.6s
[Epoch 487] train_loss=0.0011 | train_psnr=32.90 dB | val_loss=0.0007 | val_psnr=33.90 dB | time=1.7s
[Epoch 488] train_loss=0.0011 | train_psnr=33.12 dB | val_loss=0.0007 | val_psnr=33.94 dB | time=1.7s
[Epoch 489] train_loss=0.0011 | train_psnr=33.00 dB | val_loss=0.0007 | val_psnr=33.94 dB | time=1.7s
[Epoch 490] train_loss=0.0011 | train_psnr=32.83 dB | val_loss=0.0007 | val_psnr=33.72 dB | time=1.7s
[Epoch 491] train_loss=0.0011 | train_psnr=33.19 dB | val_loss=0.0007 | val_psnr=33.98 dB | time=1.7s
[Epoch 492] train_loss=0.0011 | train_psnr=33.03 dB | val_loss=0.0007 | val_psnr=33.72 dB | time=1.7s
[Epoch 493] train_loss=0.0011 | train_psnr=33.09 dB | val_loss=0.0007 | val_psnr=33.95 dB | time=1.7s
[Epoch 494] train_loss=0.0011 | train_psnr=32.97 dB | val_loss=0.0007 | val_psnr=33.99 dB | time=1.7s
[Epoch 495] train_loss=0.0011 | train_psnr=33.10 dB | val_loss=0.0007 | val_psnr=33.93 dB | time=1.6s
[Epoch 496] train_loss=0.0011 | train_psnr=33.10 dB | val_loss=0.0007 | val_psnr=33.97 dB | time=1.7s
[Epoch 497] train_loss=0.0010 | train_psnr=33.09 dB | val_loss=0.0007 | val_psnr=33.91 dB | time=1.7s
[Epoch 498] train_loss=0.0011 | train_psnr=33.26 dB | val_loss=0.0007 | val_psnr=33.94 dB | time=1.7s
[Epoch 499] train_loss=0.0011 | train_psnr=33.18 dB | val_loss=0.0007 | val_psnr=33.97 dB | time=1.6s
[Epoch 500] train_loss=0.0011 | train_psnr=33.05 dB | val_loss=0.0007 | val_psnr=33.99 dB | time=1.6s

Best PSNR: 33.99 dB
Training complete. Metrics plot saved to output/espcn_x2/metrics.png
