------------
Terminal 1 
------------
huster@huster-VMware-Virtual-Platform:~/æ¡Œé¢/lab3$ source setup.sh
ðŸ”§ æ­£åœ¨åŒæ­¥é¡¹ç›®ä¾èµ–...
Resolved 41 packages in 3ms
Audited 39 packages in 1ms
âœ… ä¾èµ–åŒæ­¥æˆåŠŸ
ðŸš€ æ­£åœ¨æ¿€æ´»è™šæ‹ŸçŽ¯å¢ƒ...
âœ”ï¸ è™šæ‹ŸçŽ¯å¢ƒå·²æ¿€æ´»
ðŸ“¦ å½“å‰ Python: /home/huster/æ¡Œé¢/lab3/.venv/bin/python3
ðŸ“ å½“å‰ç›®å½•: /home/huster/æ¡Œé¢/lab3
ðŸ’¡ æç¤ºï¼šé€€å‡ºè™šæ‹ŸçŽ¯å¢ƒè¯·è¾“å…¥ï¼šdeactivate
(lab3) huster@huster-VMware-Virtual-Platform:~/æ¡Œé¢/lab3$ osken-manager shortest_delay.py --observe-links
2 RLock(s) were not greened, to fix this error make sure you run eventlet.monkey_patch() before importing any other modules.
loading app shortest_delay.py
loading app os_ken.controller.ofp_handler
loading app os_ken.topology.switches
loading app os_ken.controller.ofp_handler
instantiating app None of NetworkAwareness
creating context network_awareness
instantiating app shortest_delay.py of ShortestDelay
instantiating app os_ken.controller.ofp_handler of OFPHandler
instantiating app os_ken.topology.switches of Switches
topo map:
   node     ->     node   


Link: 7 -> 8, delay: 38.20777ms
Link: 4 -> 3, delay: 34.03199ms
Link: 7 -> 6, delay: 37.65726ms
Link: 6 -> 7, delay: 37.65726ms
Link: 3 -> 4, delay: 34.03199ms
Link: 8 -> 7, delay: 38.20777ms
Link: 5 -> 4, delay: 25.39766ms
Link: 5 -> 6, delay: 28.49507ms
Link: 6 -> 5, delay: 28.49507ms
Link: 4 -> 5, delay: 25.39766ms
Link: 9 -> 5, delay: 0.00000ms
Link: 2 -> 3, delay: 5.37801ms
Link: 2 -> 4, delay: 5.22077ms
Link: 9 -> 1, delay: 0.00000ms
Link: 9 -> 8, delay: 0.00000ms
Link: 3 -> 2, delay: 5.37801ms
Link: 4 -> 2, delay: 5.22077ms
Link: 8 -> 9, delay: 0.00000ms
Link: 5 -> 9, delay: 0.00000ms
Link: 1 -> 9, delay: 0.00000ms
topo map:
   node     ->     node   
    7               8     
    7               6     
    8               9     
    4               3     
    4               5     
    4               2     
    3               2     
    6               5     
    5               9     
    9               1     


Link: 7 -> 8, delay: 13.29172ms
Link: 4 -> 3, delay: 15.75840ms
Link: 7 -> 6, delay: 11.02245ms
Link: 6 -> 7, delay: 11.02245ms
Link: 3 -> 4, delay: 15.75840ms
Link: 8 -> 7, delay: 13.29172ms
Link: 5 -> 4, delay: 56.26512ms
Link: 5 -> 6, delay: 16.92843ms
Link: 6 -> 5, delay: 16.92843ms
Link: 4 -> 5, delay: 56.26512ms
Link: 9 -> 5, delay: 55.50706ms
Link: 2 -> 3, delay: 17.25686ms
Link: 2 -> 4, delay: 41.78238ms
Link: 9 -> 1, delay: 21.34466ms
Link: 9 -> 8, delay: 14.41061ms
Link: 3 -> 2, delay: 17.25686ms
Link: 4 -> 2, delay: 41.78238ms
Link: 8 -> 9, delay: 14.41061ms
Link: 5 -> 9, delay: 55.50706ms
Link: 1 -> 9, delay: 21.34466ms
topo map:
   node     ->     node   
    7               8     
    7               6     
    8               9     
    4               3     
    4               5     
    4               2     
    3               2     
    6               5     
    5               9     
    9               1     


Link: 7 -> 8, delay: 13.12411ms
Link: 4 -> 3, delay: 14.89210ms
Link: 7 -> 6, delay: 10.72621ms
Link: 6 -> 7, delay: 10.72621ms
Link: 3 -> 4, delay: 14.89210ms
Link: 8 -> 7, delay: 13.12411ms
Link: 5 -> 4, delay: 55.82476ms
Link: 5 -> 6, delay: 16.02697ms
Link: 6 -> 5, delay: 16.02697ms
Link: 4 -> 5, delay: 55.82476ms
Link: 9 -> 5, delay: 101.32432ms
Link: 2 -> 3, delay: 17.20321ms
Link: 2 -> 4, delay: 40.72464ms
Link: 9 -> 1, delay: 21.11673ms
Link: 9 -> 8, delay: 14.22191ms
Link: 3 -> 2, delay: 17.20321ms
Link: 4 -> 2, delay: 40.72464ms
Link: 8 -> 9, delay: 14.22191ms
Link: 5 -> 9, delay: 101.32432ms
Link: 1 -> 9, delay: 21.11673ms
topo map:
   node     ->     node   
    7               8     
    7               6     
    8               9     
    4               3     
    4               5     
    4               2     
    3               2     
    6               5     
    5               9     
    9               1     


Link: 7 -> 8, delay: 12.91096ms
Link: 4 -> 3, delay: 15.48982ms
Link: 7 -> 6, delay: 10.61702ms
Link: 6 -> 7, delay: 10.61702ms
Link: 3 -> 4, delay: 15.48982ms
Link: 8 -> 7, delay: 12.91096ms
Link: 5 -> 4, delay: 55.76503ms
Link: 5 -> 6, delay: 15.31982ms
Link: 6 -> 5, delay: 15.31982ms
Link: 4 -> 5, delay: 55.76503ms
Link: 9 -> 5, delay: 100.92616ms
Link: 2 -> 3, delay: 16.31987ms
Link: 2 -> 4, delay: 40.82084ms
Link: 9 -> 1, delay: 20.73669ms
Link: 9 -> 8, delay: 13.40055ms
Link: 3 -> 2, delay: 16.31987ms
Link: 4 -> 2, delay: 40.82084ms
Link: 8 -> 9, delay: 13.40055ms
Link: 5 -> 9, delay: 100.92616ms
Link: 1 -> 9, delay: 20.73669ms
topo map:
   node     ->     node   
    7               8     
    7               6     
    8               9     
    4               3     
    4               5     
    4               2     
    3               2     
    6               5     
    5               9     
    9               1     


Link: 7 -> 8, delay: 12.65180ms
Link: 4 -> 3, delay: 14.81771ms
Link: 7 -> 6, delay: 10.86462ms
Link: 6 -> 7, delay: 10.86462ms
Link: 3 -> 4, delay: 14.81771ms
Link: 8 -> 7, delay: 12.65180ms
Link: 5 -> 4, delay: 55.97973ms
Link: 5 -> 6, delay: 15.88714ms
Link: 6 -> 5, delay: 15.88714ms
Link: 4 -> 5, delay: 55.97973ms
Link: 9 -> 5, delay: 102.11861ms
Link: 2 -> 3, delay: 16.76404ms
Link: 2 -> 4, delay: 40.27760ms
Link: 9 -> 1, delay: 20.43056ms
Link: 9 -> 8, delay: 13.71396ms
Link: 3 -> 2, delay: 16.76404ms
Link: 4 -> 2, delay: 40.27760ms
Link: 8 -> 9, delay: 13.71396ms
Link: 5 -> 9, delay: 102.11861ms
Link: 1 -> 9, delay: 20.43056ms
topo map:
   node     ->     node   
    7               8     
    7               6     
    8               9     
    4               3     
    4               5     
    4               2     
    3               2     
    6               5     
    5               9     
    9               1     


[ARP loop detected]
dpid=4, src=ae:22:6e:c3:0a:1a, dst=ff:ff:ff:ff:ff:ff, in_port=2 (previous=3)
[ARP loop detected]
dpid=2, src=ae:22:6e:c3:0a:1a, dst=ff:ff:ff:ff:ff:ff, in_port=3 (previous=1)
Link: 7 -> 8, delay: 13.42070ms
Link: 4 -> 3, delay: 15.41615ms
Link: 7 -> 6, delay: 11.50382ms
Link: 6 -> 7, delay: 11.50382ms
Link: 3 -> 4, delay: 15.41615ms
Link: 8 -> 7, delay: 13.42070ms
Link: 5 -> 4, delay: 55.62055ms
Link: 5 -> 6, delay: 16.32988ms
Link: 6 -> 5, delay: 16.32988ms
Link: 4 -> 5, delay: 55.62055ms
Link: 9 -> 5, delay: 101.13037ms
Link: 2 -> 3, delay: 16.52896ms
Link: 2 -> 4, delay: 40.61687ms
Link: 9 -> 1, delay: 20.98608ms
Link: 9 -> 8, delay: 13.60834ms
Link: 3 -> 2, delay: 16.52896ms
Link: 4 -> 2, delay: 40.61687ms
Link: 8 -> 9, delay: 13.60834ms
Link: 5 -> 9, delay: 101.13037ms
Link: 1 -> 9, delay: 20.98608ms
topo map:
   node     ->     node   
    7               8     
    7               6     
    8               9     
    4               3     
    4               5     
    4               2     
    3               2     
    6               5     
    5               9     
    9               1     
    9            10.0.0.9 
    2            10.0.0.2 


[ARP loop detected]
dpid=9, src=ae:22:6e:c3:0a:1a, dst=ff:ff:ff:ff:ff:ff, in_port=3 (previous=4)
[ARP loop detected]
dpid=5, src=ae:22:6e:c3:0a:1a, dst=ff:ff:ff:ff:ff:ff, in_port=3 (previous=2)
[ARP loop detected]
dpid=5, src=1e:7b:c2:49:c3:65, dst=ae:22:6e:c3:0a:1a, in_port=3 (previous=4)
path: 10.0.0.2 -> 10.0.0.9
10.0.0.2 -> 1:s2:2 -> 2:s3:3 -> 3:s4:4 -> 2:s5:4 -> 2:s6:3 -> 2:s7:3 -> 2:s8:3 -> 4:s9:1 -> 10.0.0.9
link delay dict: {'s2->s3': 16.528964042663574, 's3->s4': 15.416145324707031, 's4->s5': 55.620551109313965, 's5->s6': 16.32988452911377, 's6->s7': 11.503815650939941, 's7->s8': 13.420701026916504, 's8->s9': 13.608336448669434, 's9->s10.0.0.9': 0}
path delay = 142.42840ms
path RTT = 284.85680ms
[ARP loop detected]
dpid=9, src=1e:7b:c2:49:c3:65, dst=ae:22:6e:c3:0a:1a, in_port=3 (previous=1)
[ARP loop detected]
dpid=2, src=1e:7b:c2:49:c3:65, dst=ae:22:6e:c3:0a:1a, in_port=3 (previous=2)
[ARP loop detected]
dpid=4, src=1e:7b:c2:49:c3:65, dst=ae:22:6e:c3:0a:1a, in_port=2 (previous=4)
[ARP loop detected]
dpid=5, src=1e:7b:c2:49:c3:65, dst=ae:22:6e:c3:0a:1a, in_port=3 (previous=4)
[ARP loop detected]
dpid=2, src=1e:7b:c2:49:c3:65, dst=ae:22:6e:c3:0a:1a, in_port=3 (previous=2)
[ARP loop detected]
dpid=9, src=1e:7b:c2:49:c3:65, dst=ae:22:6e:c3:0a:1a, in_port=3 (previous=1)
[ARP loop detected]
dpid=4, src=1e:7b:c2:49:c3:65, dst=ae:22:6e:c3:0a:1a, in_port=2 (previous=4)
[ARP loop detected]
dpid=4, src=ae:22:6e:c3:0a:1a, dst=1e:7b:c2:49:c3:65, in_port=2 (previous=3)
[ARP loop detected]
dpid=2, src=ae:22:6e:c3:0a:1a, dst=1e:7b:c2:49:c3:65, in_port=3 (previous=1)
[ARP loop detected]
dpid=9, src=ae:22:6e:c3:0a:1a, dst=1e:7b:c2:49:c3:65, in_port=3 (previous=4)
[ARP loop detected]
dpid=5, src=ae:22:6e:c3:0a:1a, dst=1e:7b:c2:49:c3:65, in_port=3 (previous=2)
[PortStatus] s6 p3 reason=2 state=0x0
Cleared flows touching s1 port 1
Cleared flows touching s1 port 2
Cleared flows touching s6 port 1
Cleared flows touching s6 port 2
Cleared flows touching s6 port 3
Cleared flows touching s3 port 1
Cleared flows touching s3 port 2
Cleared flows touching s3 port 3
Cleared flows touching s8 port 1
Cleared flows touching s8 port 2
Cleared flows touching s8 port 3
Cleared flows touching s7 port 1
Cleared flows touching s7 port 2
Cleared flows touching s7 port 3
Cleared flows touching s4 port 4
Cleared flows touching s4 port 1
Cleared flows touching s4 port 2
Cleared flows touching s4 port 3
Cleared flows touching s5 port 4
Cleared flows touching s5 port 1
Cleared flows touching s5 port 2
Cleared flows touching s5 port 3
Cleared flows touching s9 port 1
Cleared flows touching s9 port 4
Cleared flows touching s9 port 2
Cleared flows touching s9 port 3
Cleared flows touching s2 port 1
Cleared flows touching s2 port 2
Cleared flows touching s2 port 3
Topology/learned tables cleared and flows wiped; table-miss reinstalled.
[PortStatus] s6 p3 reason=2 state=0x1
Cleared flows touching s1 port 1
Cleared flows touching s1 port 2
Cleared flows touching s6 port 1
Cleared flows touching s6 port 2
Cleared flows touching s6 port 3
Cleared flows touching s3 port 1
Cleared flows touching s3 port 2
Cleared flows touching s3 port 3
Cleared flows touching s8 port 1
Cleared flows touching s8 port 2
Cleared flows touching s8 port 3
Cleared flows touching s7 port 1
Cleared flows touching s7 port 2
Cleared flows touching s7 port 3
Cleared flows touching s4 port 4
Cleared flows touching s4 port 1
Cleared flows touching s4 port 2
Cleared flows touching s4 port 3
Cleared flows touching s5 port 4
Cleared flows touching s5 port 1
Cleared flows touching s5 port 2
Cleared flows touching s5 port 3
Cleared flows touching s9 port 1
Cleared flows touching s9 port 4
Cleared flows touching s9 port 2
Cleared flows touching s9 port 3
Cleared flows touching s2 port 1
Cleared flows touching s2 port 2
Cleared flows touching s2 port 3
Topology/learned tables cleared and flows wiped; table-miss reinstalled.
[PortStatus] s7 p2 reason=2 state=0x0
Cleared flows touching s1 port 1
Cleared flows touching s1 port 2
Cleared flows touching s6 port 1
Cleared flows touching s6 port 2
Cleared flows touching s6 port 3
Cleared flows touching s3 port 1
Cleared flows touching s3 port 2
Cleared flows touching s3 port 3
Cleared flows touching s8 port 1
Cleared flows touching s8 port 2
Cleared flows touching s8 port 3
Cleared flows touching s7 port 1
Cleared flows touching s7 port 2
Cleared flows touching s7 port 3
Cleared flows touching s4 port 4
Cleared flows touching s4 port 1
Cleared flows touching s4 port 2
Cleared flows touching s4 port 3
Cleared flows touching s5 port 4
Cleared flows touching s5 port 1
Cleared flows touching s5 port 2
Cleared flows touching s5 port 3
Cleared flows touching s9 port 1
Cleared flows touching s9 port 4
Cleared flows touching s9 port 2
Cleared flows touching s9 port 3
Cleared flows touching s2 port 1
Cleared flows touching s2 port 2
Cleared flows touching s2 port 3
Topology/learned tables cleared and flows wiped; table-miss reinstalled.
[PortStatus] s7 p2 reason=2 state=0x1
Cleared flows touching s1 port 1
Cleared flows touching s1 port 2
Cleared flows touching s6 port 1
Cleared flows touching s6 port 2
Cleared flows touching s6 port 3
Cleared flows touching s3 port 1
Cleared flows touching s3 port 2
Cleared flows touching s3 port 3
Cleared flows touching s8 port 1
Cleared flows touching s8 port 2
Cleared flows touching s8 port 3
Cleared flows touching s7 port 1
Cleared flows touching s7 port 2
Cleared flows touching s7 port 3
Cleared flows touching s4 port 4
Cleared flows touching s4 port 1
Cleared flows touching s4 port 2
Cleared flows touching s4 port 3
Cleared flows touching s5 port 4
Cleared flows touching s5 port 1
Cleared flows touching s5 port 2
Cleared flows touching s5 port 3
Cleared flows touching s9 port 1
Cleared flows touching s9 port 4
Cleared flows touching s9 port 2
Cleared flows touching s9 port 3
Cleared flows touching s2 port 1
Cleared flows touching s2 port 2
Cleared flows touching s2 port 3
Topology/learned tables cleared and flows wiped; table-miss reinstalled.
Link: 7 -> 8, delay: 19.52648ms
Link: 4 -> 3, delay: 14.64474ms
Link: 3 -> 4, delay: 14.64474ms
Link: 8 -> 7, delay: 19.52648ms
Link: 5 -> 4, delay: 55.44269ms
Link: 5 -> 6, delay: 15.60879ms
Link: 6 -> 5, delay: 15.60879ms
Link: 4 -> 5, delay: 55.44269ms
Link: 9 -> 5, delay: 101.11690ms
Link: 2 -> 3, delay: 17.13133ms
Link: 2 -> 4, delay: 41.24916ms
Link: 9 -> 1, delay: 20.91300ms
Link: 9 -> 8, delay: 13.74149ms
Link: 3 -> 2, delay: 17.13133ms
Link: 4 -> 2, delay: 41.24916ms
Link: 8 -> 9, delay: 13.74149ms
Link: 5 -> 9, delay: 101.11690ms
Link: 1 -> 9, delay: 20.91300ms
topo map:
   node     ->     node   
 10.0.0.9           9     
    9               5     
    9               1     
    9               8     
 10.0.0.2           2     
    2               3     
    2               4     
    7               8     
    4               3     
    4               5     
    5               6     


path: 10.0.0.2 -> 10.0.0.9
10.0.0.2 -> 1:s2:2 -> 2:s3:3 -> 3:s4:4 -> 2:s5:3 -> 3:s9:1 -> 10.0.0.9
link delay dict: {'s2->s3': 17.131328582763672, 's3->s4': 14.644742012023926, 's4->s5': 55.4426908493042, 's5->s9': 101.11689567565918, 's9->s10.0.0.9': 0}
path delay = 188.33566ms
path RTT = 376.67131ms
[ARP loop detected]
dpid=4, src=ae:22:6e:c3:0a:1a, dst=1e:7b:c2:49:c3:65, in_port=2 (previous=3)
[ARP loop detected]
dpid=2, src=ae:22:6e:c3:0a:1a, dst=1e:7b:c2:49:c3:65, in_port=3 (previous=1)
[ARP loop detected]
dpid=2, src=1e:7b:c2:49:c3:65, dst=ae:22:6e:c3:0a:1a, in_port=2 (previous=3)
[ARP loop detected]
dpid=3, src=1e:7b:c2:49:c3:65, dst=ae:22:6e:c3:0a:1a, in_port=2 (previous=3)
[PortStatus] s6 p3 reason=2 state=0x4
Cleared flows touching s1 port 1
Cleared flows touching s1 port 2
Cleared flows touching s6 port 1
Cleared flows touching s6 port 2
Cleared flows touching s6 port 3
Cleared flows touching s3 port 1
Cleared flows touching s3 port 2
Cleared flows touching s3 port 3
Cleared flows touching s8 port 1
Cleared flows touching s8 port 2
Cleared flows touching s8 port 3
Cleared flows touching s7 port 1
Cleared flows touching s7 port 2
Cleared flows touching s7 port 3
Cleared flows touching s4 port 4
Cleared flows touching s4 port 1
Cleared flows touching s4 port 2
Cleared flows touching s4 port 3
Cleared flows touching s5 port 4
Cleared flows touching s5 port 1
Cleared flows touching s5 port 2
Cleared flows touching s5 port 3
Cleared flows touching s9 port 1
Cleared flows touching s9 port 4
Cleared flows touching s9 port 2
Cleared flows touching s9 port 3
Cleared flows touching s2 port 1
Cleared flows touching s2 port 2
Cleared flows touching s2 port 3
Topology/learned tables cleared and flows wiped; table-miss reinstalled.
[PortStatus] s7 p2 reason=2 state=0x4
Cleared flows touching s1 port 1
Cleared flows touching s1 port 2
Cleared flows touching s6 port 1
Cleared flows touching s6 port 2
Cleared flows touching s6 port 3
Cleared flows touching s3 port 1
Cleared flows touching s3 port 2
Cleared flows touching s3 port 3
Cleared flows touching s8 port 1
Cleared flows touching s8 port 2
Cleared flows touching s8 port 3
Cleared flows touching s7 port 1
Cleared flows touching s7 port 2
Cleared flows touching s7 port 3
Cleared flows touching s4 port 4
Cleared flows touching s4 port 1
Cleared flows touching s4 port 2
Cleared flows touching s4 port 3
Cleared flows touching s5 port 4
Cleared flows touching s5 port 1
Cleared flows touching s5 port 2
Cleared flows touching s5 port 3
Cleared flows touching s9 port 1
Cleared flows touching s9 port 4
Cleared flows touching s9 port 2
Cleared flows touching s9 port 3
Cleared flows touching s2 port 1
Cleared flows touching s2 port 2
Cleared flows touching s2 port 3
Topology/learned tables cleared and flows wiped; table-miss reinstalled.
Link: 7 -> 8, delay: 12.74824ms
Link: 4 -> 3, delay: 13.97598ms
Link: 3 -> 4, delay: 13.97598ms
Link: 8 -> 7, delay: 12.74824ms
Link: 5 -> 4, delay: 55.81725ms
Link: 5 -> 6, delay: 15.21719ms
Link: 6 -> 5, delay: 15.21719ms
Link: 4 -> 5, delay: 55.81725ms
Link: 9 -> 5, delay: 100.80135ms
Link: 2 -> 3, delay: 17.97438ms
Link: 2 -> 4, delay: 40.74121ms
Link: 9 -> 1, delay: 20.14518ms
Link: 9 -> 8, delay: 13.22031ms
Link: 3 -> 2, delay: 17.97438ms
Link: 4 -> 2, delay: 40.74121ms
Link: 8 -> 9, delay: 13.22031ms
Link: 5 -> 9, delay: 100.80135ms
Link: 1 -> 9, delay: 20.14518ms
Link: 7 -> 6, delay: 10.57339ms
Link: 6 -> 7, delay: 10.57339ms
topo map:
   node     ->     node   
 10.0.0.9           9     
    9               5     
    9               1     
    9               8     
 10.0.0.2           2     
    2               3     
    2               4     
    7               8     
    7               6     
    4               3     
    4               5     
    5               6     



path: 10.0.0.2 -> 10.0.0.9
10.0.0.2 -> 1:s2:2 -> 2:s3:3 -> 3:s4:4 -> 2:s5:4 -> 2:s6:3 -> 2:s7:3 -> 2:s8:3 -> 4:s9:1 -> 10.0.0.9
link delay dict: {'s2->s3': 17.974376678466797, 's3->s4': 13.975977897644043, 's4->s5': 55.817246437072754, 's5->s6': 15.217185020446777, 's6->s7': 10.573387145996094, 's7->s8': 12.748241424560547, 's8->s9': 13.22031021118164, 's9->s10.0.0.9': 0}
path delay = 139.52672ms
path RTT = 279.05345ms
[ARP loop detected]
dpid=4, src=ae:22:6e:c3:0a:1a, dst=1e:7b:c2:49:c3:65, in_port=2 (previous=3)
[ARP loop detected]
dpid=2, src=ae:22:6e:c3:0a:1a, dst=1e:7b:c2:49:c3:65, in_port=3 (previous=1)
[ARP loop detected]
dpid=5, src=1e:7b:c2:49:c3:65, dst=ae:22:6e:c3:0a:1a, in_port=3 (previous=4)
[ARP loop detected]
dpid=2, src=1e:7b:c2:49:c3:65, dst=ae:22:6e:c3:0a:1a, in_port=3 (previous=2)
[ARP loop detected]
dpid=9, src=1e:7b:c2:49:c3:65, dst=ae:22:6e:c3:0a:1a, in_port=3 (previous=1)
[ARP loop detected]
dpid=9, src=ae:22:6e:c3:0a:1a, dst=1e:7b:c2:49:c3:65, in_port=3 (previous=4)
[ARP loop detected]
dpid=4, src=1e:7b:c2:49:c3:65, dst=ae:22:6e:c3:0a:1a, in_port=2 (previous=4)
[ARP loop detected]
dpid=4, src=ae:22:6e:c3:0a:1a, dst=1e:7b:c2:49:c3:65, in_port=2 (previous=3)
[ARP loop detected]
dpid=2, src=ae:22:6e:c3:0a:1a, dst=1e:7b:c2:49:c3:65, in_port=3 (previous=1)
[ARP loop detected]
dpid=5, src=ae:22:6e:c3:0a:1a, dst=1e:7b:c2:49:c3:65, in_port=3 (previous=2)
[ARP loop detected]
dpid=5, src=1e:7b:c2:49:c3:65, dst=ae:22:6e:c3:0a:1a, in_port=3 (previous=4)
[ARP loop detected]
dpid=2, src=1e:7b:c2:49:c3:65, dst=ae:22:6e:c3:0a:1a, in_port=3 (previous=2)
[ARP loop detected]
dpid=9, src=1e:7b:c2:49:c3:65, dst=ae:22:6e:c3:0a:1a, in_port=3 (previous=1)
[ARP loop detected]
dpid=9, src=ae:22:6e:c3:0a:1a, dst=1e:7b:c2:49:c3:65, in_port=3 (previous=4)
[ARP loop detected]
dpid=4, src=1e:7b:c2:49:c3:65, dst=ae:22:6e:c3:0a:1a, in_port=2 (previous=4)
[ARP loop detected]
dpid=5, src=ae:22:6e:c3:0a:1a, dst=1e:7b:c2:49:c3:65, in_port=3 (previous=2)



------------
Terminal 2
------------
huster@huster-VMware-Virtual-Platform:~/æ¡Œé¢/lab3$ source setup.sh
ðŸ”§ æ­£åœ¨åŒæ­¥é¡¹ç›®ä¾èµ–...
Resolved 41 packages in 2ms
Audited 39 packages in 1ms
âœ… ä¾èµ–åŒæ­¥æˆåŠŸ
ðŸš€ æ­£åœ¨æ¿€æ´»è™šæ‹ŸçŽ¯å¢ƒ...
âœ”ï¸ è™šæ‹ŸçŽ¯å¢ƒå·²æ¿€æ´»
ðŸ“¦ å½“å‰ Python: /home/huster/æ¡Œé¢/lab3/.venv/bin/python3
ðŸ“ å½“å‰ç›®å½•: /home/huster/æ¡Œé¢/lab3
ðŸ’¡ æç¤ºï¼šé€€å‡ºè™šæ‹ŸçŽ¯å¢ƒè¯·è¾“å…¥ï¼šdeactivate
(lab3) huster@huster-VMware-Virtual-Platform:~/æ¡Œé¢/lab3$ sudo ./topo.py
[sudo] huster çš„å¯†ç ï¼š 
*** Creating network
*** Adding controller
Unable to contact the remote controller at 127.0.0.1:6633
*** Adding hosts:
h1 h2 h3 h4 h5 h6 h7 h8 h9 
*** Adding switches:
s1 s2 s3 s4 s5 s6 s7 s8 s9 
*** Adding links:
(s1, h1) (10.00Mbit 20ms delay) (10.00Mbit 20ms delay) (s1, s9) (s2, h2) (10.00Mbit 16ms delay) (10.00Mbit 16ms delay) (s2, s3) (10.00Mbit 40ms delay) (10.00Mbit 40ms delay) (s2, s4) (s3, h3) (10.00Mbit 14ms delay) (10.00Mbit 14ms delay) (s3, s4) (s4, h4) (10.00Mbit 55ms delay) (10.00Mbit 55ms delay) (s4, s5) (s5, h5) (10.00Mbit 15ms delay) (10.00Mbit 15ms delay) (s5, s6) (10.00Mbit 100ms delay) (10.00Mbit 100ms delay) (s5, s9) (s6, h6) (10.00Mbit 10ms delay) (10.00Mbit 10ms delay) (s6, s7) (s7, h7) (10.00Mbit 12ms delay) (10.00Mbit 12ms delay) (s7, s8) (s8, h8) (10.00Mbit 13ms delay) (10.00Mbit 13ms delay) (s8, s9) (s9, h9) 
*** Configuring hosts
h1 h2 h3 h4 h5 h6 h7 h8 h9 
*** Starting controller
c0 
*** Starting 9 switches
s1 s2 s3 s4 s5 s6 s7 s8 s9 ...(10.00Mbit 20ms delay) (10.00Mbit 16ms delay) (10.00Mbit 40ms delay) (10.00Mbit 16ms delay) (10.00Mbit 14ms delay) (10.00Mbit 40ms delay) (10.00Mbit 14ms delay) (10.00Mbit 55ms delay) (10.00Mbit 55ms delay) (10.00Mbit 15ms delay) (10.00Mbit 100ms delay) (10.00Mbit 15ms delay) (10.00Mbit 10ms delay) (10.00Mbit 10ms delay) (10.00Mbit 12ms delay) (10.00Mbit 12ms delay) (10.00Mbit 13ms delay) (10.00Mbit 20ms delay) (10.00Mbit 100ms delay) (10.00Mbit 13ms delay) 
h1 h1-eth0:s1-eth1
h2 h2-eth0:s2-eth1
h3 h3-eth0:s3-eth1
h4 h4-eth0:s4-eth1
h5 h5-eth0:s5-eth1
h6 h6-eth0:s6-eth1
h7 h7-eth0:s7-eth1
h8 h8-eth0:s8-eth1
h9 h9-eth0:s9-eth1
*** Starting CLI:
mininet> h2 ping -c 10 h9
PING 10.0.0.9 (10.0.0.9) 56(84) bytes of data.
64 bytes from 10.0.0.9: icmp_seq=1 ttl=64 time=478 ms
64 bytes from 10.0.0.9: icmp_seq=2 ttl=64 time=284 ms
64 bytes from 10.0.0.9: icmp_seq=3 ttl=64 time=272 ms
64 bytes from 10.0.0.9: icmp_seq=4 ttl=64 time=272 ms
64 bytes from 10.0.0.9: icmp_seq=5 ttl=64 time=272 ms
64 bytes from 10.0.0.9: icmp_seq=6 ttl=64 time=272 ms
64 bytes from 10.0.0.9: icmp_seq=7 ttl=64 time=273 ms
64 bytes from 10.0.0.9: icmp_seq=8 ttl=64 time=271 ms
64 bytes from 10.0.0.9: icmp_seq=9 ttl=64 time=272 ms
64 bytes from 10.0.0.9: icmp_seq=10 ttl=64 time=272 ms

--- 10.0.0.9 ping statistics ---
10 packets transmitted, 10 received, 0% packet loss, time 9011ms
rtt min/avg/max/mdev = 271.465/293.787/477.519/61.352 ms
mininet> link s6 s7 down
mininet> h2 ping -c 10 h9
PING 10.0.0.9 (10.0.0.9) 56(84) bytes of data.
64 bytes from 10.0.0.9: icmp_seq=1 ttl=64 time=194 ms
64 bytes from 10.0.0.9: icmp_seq=2 ttl=64 time=373 ms
64 bytes from 10.0.0.9: icmp_seq=3 ttl=64 time=371 ms
64 bytes from 10.0.0.9: icmp_seq=4 ttl=64 time=371 ms
64 bytes from 10.0.0.9: icmp_seq=5 ttl=64 time=371 ms
64 bytes from 10.0.0.9: icmp_seq=6 ttl=64 time=372 ms
64 bytes from 10.0.0.9: icmp_seq=7 ttl=64 time=371 ms
64 bytes from 10.0.0.9: icmp_seq=8 ttl=64 time=371 ms
64 bytes from 10.0.0.9: icmp_seq=9 ttl=64 time=371 ms
64 bytes from 10.0.0.9: icmp_seq=10 ttl=64 time=371 ms

--- 10.0.0.9 ping statistics ---
10 packets transmitted, 10 received, 0% packet loss, time 9002ms
rtt min/avg/max/mdev = 194.471/353.718/372.981/53.085 ms
mininet> link s6 s7 up
mininet> h2 ping -c 10 h9
PING 10.0.0.9 (10.0.0.9) 56(84) bytes of data.
64 bytes from 10.0.0.9: icmp_seq=1 ttl=64 time=147 ms
64 bytes from 10.0.0.9: icmp_seq=2 ttl=64 time=276 ms
64 bytes from 10.0.0.9: icmp_seq=3 ttl=64 time=272 ms
64 bytes from 10.0.0.9: icmp_seq=4 ttl=64 time=272 ms
64 bytes from 10.0.0.9: icmp_seq=5 ttl=64 time=272 ms
64 bytes from 10.0.0.9: icmp_seq=6 ttl=64 time=272 ms
64 bytes from 10.0.0.9: icmp_seq=7 ttl=64 time=272 ms
64 bytes from 10.0.0.9: icmp_seq=8 ttl=64 time=273 ms
64 bytes from 10.0.0.9: icmp_seq=9 ttl=64 time=272 ms
64 bytes from 10.0.0.9: icmp_seq=10 ttl=64 time=272 ms

--- 10.0.0.9 ping statistics ---
10 packets transmitted, 10 received, 0% packet loss, time 9004ms
rtt min/avg/max/mdev = 147.188/259.871/275.629/37.577 ms
mininet> exit
*** Stopping 1 controllers
c0 
*** Stopping 19 links
...................
*** Stopping 9 switches
s1 s2 s3 s4 s5 s6 s7 s8 s9 
*** Stopping 9 hosts
h1 h2 h3 h4 h5 h6 h7 h8 h9 
*** Done
