====================
Model: ESPCN
Scale: x4
Epochs: 500
Batch Size: 16
Patch Size: 96
LR: 1e-4
Optimizer: Adam
Criterion: MSE
====================
[Epoch 001] train_loss=0.4238 | train_psnr=10.12 dB | val_loss=0.1755 | val_psnr=11.26 dB | time=2.4s
[Epoch 002] train_loss=0.1727 | train_psnr=12.24 dB | val_loss=0.0964 | val_psnr=13.05 dB | time=1.7s
[Epoch 003] train_loss=0.1182 | train_psnr=13.43 dB | val_loss=0.0747 | val_psnr=13.74 dB | time=1.7s
[Epoch 004] train_loss=0.0977 | train_psnr=14.09 dB | val_loss=0.0649 | val_psnr=14.15 dB | time=1.7s
[Epoch 005] train_loss=0.0853 | train_psnr=14.55 dB | val_loss=0.0583 | val_psnr=14.56 dB | time=1.7s
[Epoch 006] train_loss=0.0776 | train_psnr=14.92 dB | val_loss=0.0532 | val_psnr=14.93 dB | time=1.7s
[Epoch 007] train_loss=0.0704 | train_psnr=15.26 dB | val_loss=0.0490 | val_psnr=15.29 dB | time=1.7s
[Epoch 008] train_loss=0.0658 | train_psnr=15.59 dB | val_loss=0.0456 | val_psnr=15.59 dB | time=1.7s
[Epoch 009] train_loss=0.0605 | train_psnr=15.95 dB | val_loss=0.0429 | val_psnr=15.79 dB | time=1.7s
[Epoch 010] train_loss=0.0564 | train_psnr=16.19 dB | val_loss=0.0399 | val_psnr=16.12 dB | time=1.7s
[Epoch 011] train_loss=0.0538 | train_psnr=16.35 dB | val_loss=0.0376 | val_psnr=16.36 dB | time=1.6s
[Epoch 012] train_loss=0.0506 | train_psnr=16.59 dB | val_loss=0.0355 | val_psnr=16.64 dB | time=1.7s
[Epoch 013] train_loss=0.0472 | train_psnr=16.90 dB | val_loss=0.0336 | val_psnr=16.88 dB | time=1.7s
[Epoch 014] train_loss=0.0448 | train_psnr=17.11 dB | val_loss=0.0320 | val_psnr=17.06 dB | time=1.7s
[Epoch 015] train_loss=0.0422 | train_psnr=17.36 dB | val_loss=0.0304 | val_psnr=17.31 dB | time=1.7s
[Epoch 016] train_loss=0.0401 | train_psnr=17.50 dB | val_loss=0.0288 | val_psnr=17.64 dB | time=1.7s
[Epoch 017] train_loss=0.0385 | train_psnr=17.65 dB | val_loss=0.0275 | val_psnr=17.89 dB | time=1.7s
[Epoch 018] train_loss=0.0369 | train_psnr=17.92 dB | val_loss=0.0263 | val_psnr=18.11 dB | time=1.7s
[Epoch 019] train_loss=0.0353 | train_psnr=18.09 dB | val_loss=0.0252 | val_psnr=18.33 dB | time=1.7s
[Epoch 020] train_loss=0.0341 | train_psnr=18.21 dB | val_loss=0.0243 | val_psnr=18.52 dB | time=1.7s
[Epoch 021] train_loss=0.0325 | train_psnr=18.46 dB | val_loss=0.0235 | val_psnr=18.62 dB | time=2.0s
[Epoch 022] train_loss=0.0310 | train_psnr=18.56 dB | val_loss=0.0224 | val_psnr=18.99 dB | time=2.6s
[Epoch 023] train_loss=0.0303 | train_psnr=18.75 dB | val_loss=0.0215 | val_psnr=19.19 dB | time=2.4s
[Epoch 024] train_loss=0.0286 | train_psnr=18.98 dB | val_loss=0.0209 | val_psnr=19.41 dB | time=2.2s
[Epoch 025] train_loss=0.0280 | train_psnr=19.12 dB | val_loss=0.0202 | val_psnr=19.53 dB | time=2.3s
[Epoch 026] train_loss=0.0271 | train_psnr=19.26 dB | val_loss=0.0195 | val_psnr=19.74 dB | time=2.3s
[Epoch 027] train_loss=0.0258 | train_psnr=19.51 dB | val_loss=0.0189 | val_psnr=19.87 dB | time=2.2s
[Epoch 028] train_loss=0.0255 | train_psnr=19.54 dB | val_loss=0.0184 | val_psnr=20.06 dB | time=2.3s
[Epoch 029] train_loss=0.0249 | train_psnr=19.60 dB | val_loss=0.0181 | val_psnr=20.26 dB | time=2.6s
[Epoch 030] train_loss=0.0246 | train_psnr=19.73 dB | val_loss=0.0175 | val_psnr=20.37 dB | time=2.5s
[Epoch 031] train_loss=0.0232 | train_psnr=19.97 dB | val_loss=0.0171 | val_psnr=20.57 dB | time=2.5s
[Epoch 032] train_loss=0.0228 | train_psnr=20.06 dB | val_loss=0.0165 | val_psnr=20.69 dB | time=2.3s
[Epoch 033] train_loss=0.0222 | train_psnr=20.16 dB | val_loss=0.0161 | val_psnr=20.72 dB | time=2.4s
[Epoch 034] train_loss=0.0217 | train_psnr=20.24 dB | val_loss=0.0157 | val_psnr=20.83 dB | time=2.2s
[Epoch 035] train_loss=0.0210 | train_psnr=20.29 dB | val_loss=0.0154 | val_psnr=21.11 dB | time=2.4s
[Epoch 036] train_loss=0.0208 | train_psnr=20.48 dB | val_loss=0.0151 | val_psnr=21.23 dB | time=2.3s
[Epoch 037] train_loss=0.0200 | train_psnr=20.59 dB | val_loss=0.0146 | val_psnr=21.34 dB | time=2.4s
[Epoch 038] train_loss=0.0198 | train_psnr=20.62 dB | val_loss=0.0144 | val_psnr=21.45 dB | time=2.3s
[Epoch 039] train_loss=0.0193 | train_psnr=20.70 dB | val_loss=0.0141 | val_psnr=21.55 dB | time=2.4s
[Epoch 040] train_loss=0.0186 | train_psnr=20.89 dB | val_loss=0.0138 | val_psnr=21.67 dB | time=2.2s
[Epoch 041] train_loss=0.0183 | train_psnr=20.95 dB | val_loss=0.0135 | val_psnr=21.72 dB | time=2.2s
[Epoch 042] train_loss=0.0179 | train_psnr=21.10 dB | val_loss=0.0132 | val_psnr=21.84 dB | time=2.4s
[Epoch 043] train_loss=0.0174 | train_psnr=21.15 dB | val_loss=0.0130 | val_psnr=21.92 dB | time=2.3s
[Epoch 044] train_loss=0.0175 | train_psnr=21.11 dB | val_loss=0.0127 | val_psnr=22.04 dB | time=1.7s
[Epoch 045] train_loss=0.0172 | train_psnr=21.23 dB | val_loss=0.0126 | val_psnr=22.16 dB | time=1.7s
[Epoch 046] train_loss=0.0169 | train_psnr=21.34 dB | val_loss=0.0123 | val_psnr=22.23 dB | time=1.7s
[Epoch 047] train_loss=0.0164 | train_psnr=21.42 dB | val_loss=0.0121 | val_psnr=22.16 dB | time=1.7s
[Epoch 048] train_loss=0.0160 | train_psnr=21.49 dB | val_loss=0.0120 | val_psnr=22.40 dB | time=1.7s
[Epoch 049] train_loss=0.0163 | train_psnr=21.56 dB | val_loss=0.0117 | val_psnr=22.48 dB | time=1.6s
[Epoch 050] train_loss=0.0158 | train_psnr=21.59 dB | val_loss=0.0115 | val_psnr=22.49 dB | time=1.7s
[Epoch 051] train_loss=0.0156 | train_psnr=21.68 dB | val_loss=0.0113 | val_psnr=22.62 dB | time=1.6s
[Epoch 052] train_loss=0.0151 | train_psnr=21.79 dB | val_loss=0.0113 | val_psnr=22.44 dB | time=1.6s
[Epoch 053] train_loss=0.0152 | train_psnr=21.80 dB | val_loss=0.0110 | val_psnr=22.75 dB | time=1.6s
[Epoch 054] train_loss=0.0148 | train_psnr=21.91 dB | val_loss=0.0108 | val_psnr=22.81 dB | time=1.7s
[Epoch 055] train_loss=0.0147 | train_psnr=21.90 dB | val_loss=0.0107 | val_psnr=22.68 dB | time=1.7s
[Epoch 056] train_loss=0.0144 | train_psnr=21.91 dB | val_loss=0.0107 | val_psnr=22.89 dB | time=1.7s
[Epoch 057] train_loss=0.0141 | train_psnr=22.04 dB | val_loss=0.0105 | val_psnr=22.97 dB | time=1.7s
[Epoch 058] train_loss=0.0137 | train_psnr=22.22 dB | val_loss=0.0103 | val_psnr=23.05 dB | time=1.7s
[Epoch 059] train_loss=0.0137 | train_psnr=22.23 dB | val_loss=0.0101 | val_psnr=23.11 dB | time=1.7s
[Epoch 060] train_loss=0.0134 | train_psnr=22.29 dB | val_loss=0.0100 | val_psnr=23.18 dB | time=1.7s
[Epoch 061] train_loss=0.0135 | train_psnr=22.26 dB | val_loss=0.0099 | val_psnr=23.22 dB | time=1.7s
[Epoch 062] train_loss=0.0133 | train_psnr=22.45 dB | val_loss=0.0098 | val_psnr=23.27 dB | time=1.7s
[Epoch 063] train_loss=0.0131 | train_psnr=22.40 dB | val_loss=0.0096 | val_psnr=23.33 dB | time=1.7s
[Epoch 064] train_loss=0.0128 | train_psnr=22.57 dB | val_loss=0.0097 | val_psnr=23.30 dB | time=1.6s
[Epoch 065] train_loss=0.0129 | train_psnr=22.44 dB | val_loss=0.0094 | val_psnr=23.42 dB | time=1.7s
[Epoch 066] train_loss=0.0129 | train_psnr=22.38 dB | val_loss=0.0093 | val_psnr=23.45 dB | time=1.7s
[Epoch 067] train_loss=0.0125 | train_psnr=22.57 dB | val_loss=0.0094 | val_psnr=23.39 dB | time=1.7s
[Epoch 068] train_loss=0.0125 | train_psnr=22.56 dB | val_loss=0.0091 | val_psnr=23.55 dB | time=1.7s
[Epoch 069] train_loss=0.0123 | train_psnr=22.62 dB | val_loss=0.0089 | val_psnr=23.59 dB | time=1.7s
[Epoch 070] train_loss=0.0124 | train_psnr=22.76 dB | val_loss=0.0089 | val_psnr=23.55 dB | time=1.6s
[Epoch 071] train_loss=0.0121 | train_psnr=22.72 dB | val_loss=0.0091 | val_psnr=23.54 dB | time=1.7s
[Epoch 072] train_loss=0.0115 | train_psnr=22.92 dB | val_loss=0.0087 | val_psnr=23.62 dB | time=1.6s
[Epoch 073] train_loss=0.0117 | train_psnr=22.86 dB | val_loss=0.0087 | val_psnr=23.73 dB | time=1.7s
[Epoch 074] train_loss=0.0114 | train_psnr=22.95 dB | val_loss=0.0085 | val_psnr=23.80 dB | time=1.7s
[Epoch 075] train_loss=0.0115 | train_psnr=22.94 dB | val_loss=0.0085 | val_psnr=23.88 dB | time=1.7s
[Epoch 076] train_loss=0.0111 | train_psnr=23.11 dB | val_loss=0.0084 | val_psnr=23.77 dB | time=1.7s
[Epoch 077] train_loss=0.0112 | train_psnr=23.03 dB | val_loss=0.0084 | val_psnr=23.90 dB | time=1.7s
[Epoch 078] train_loss=0.0114 | train_psnr=23.00 dB | val_loss=0.0082 | val_psnr=23.98 dB | time=1.7s
[Epoch 079] train_loss=0.0109 | train_psnr=23.14 dB | val_loss=0.0081 | val_psnr=24.03 dB | time=1.7s
[Epoch 080] train_loss=0.0109 | train_psnr=23.20 dB | val_loss=0.0080 | val_psnr=24.06 dB | time=1.7s
[Epoch 081] train_loss=0.0108 | train_psnr=23.20 dB | val_loss=0.0080 | val_psnr=24.02 dB | time=1.7s
[Epoch 082] train_loss=0.0106 | train_psnr=23.27 dB | val_loss=0.0079 | val_psnr=24.13 dB | time=1.7s
[Epoch 083] train_loss=0.0106 | train_psnr=23.29 dB | val_loss=0.0079 | val_psnr=24.18 dB | time=1.7s
[Epoch 084] train_loss=0.0104 | train_psnr=23.42 dB | val_loss=0.0077 | val_psnr=24.20 dB | time=1.7s
[Epoch 085] train_loss=0.0102 | train_psnr=23.38 dB | val_loss=0.0077 | val_psnr=24.24 dB | time=1.7s
[Epoch 086] train_loss=0.0103 | train_psnr=23.42 dB | val_loss=0.0076 | val_psnr=24.27 dB | time=1.8s
[Epoch 087] train_loss=0.0104 | train_psnr=23.43 dB | val_loss=0.0075 | val_psnr=24.26 dB | time=1.7s
[Epoch 088] train_loss=0.0102 | train_psnr=23.46 dB | val_loss=0.0075 | val_psnr=24.35 dB | time=1.6s
[Epoch 089] train_loss=0.0099 | train_psnr=23.60 dB | val_loss=0.0074 | val_psnr=24.40 dB | time=1.6s
[Epoch 090] train_loss=0.0100 | train_psnr=23.62 dB | val_loss=0.0073 | val_psnr=24.38 dB | time=1.7s
[Epoch 091] train_loss=0.0100 | train_psnr=23.59 dB | val_loss=0.0073 | val_psnr=24.44 dB | time=1.6s
[Epoch 092] train_loss=0.0098 | train_psnr=23.73 dB | val_loss=0.0072 | val_psnr=24.47 dB | time=1.6s
[Epoch 093] train_loss=0.0097 | train_psnr=23.71 dB | val_loss=0.0072 | val_psnr=24.53 dB | time=1.7s
[Epoch 094] train_loss=0.0095 | train_psnr=23.74 dB | val_loss=0.0071 | val_psnr=24.55 dB | time=1.7s
[Epoch 095] train_loss=0.0096 | train_psnr=23.73 dB | val_loss=0.0071 | val_psnr=24.59 dB | time=1.7s
[Epoch 096] train_loss=0.0096 | train_psnr=23.74 dB | val_loss=0.0070 | val_psnr=24.61 dB | time=1.7s
[Epoch 097] train_loss=0.0094 | train_psnr=23.90 dB | val_loss=0.0070 | val_psnr=24.65 dB | time=1.6s
[Epoch 098] train_loss=0.0095 | train_psnr=23.80 dB | val_loss=0.0069 | val_psnr=24.67 dB | time=1.7s
[Epoch 099] train_loss=0.0093 | train_psnr=23.87 dB | val_loss=0.0069 | val_psnr=24.69 dB | time=1.7s
[Epoch 100] train_loss=0.0091 | train_psnr=23.90 dB | val_loss=0.0069 | val_psnr=24.66 dB | time=1.7s
[Epoch 101] train_loss=0.0092 | train_psnr=23.94 dB | val_loss=0.0069 | val_psnr=24.57 dB | time=1.7s
[Epoch 102] train_loss=0.0090 | train_psnr=23.99 dB | val_loss=0.0067 | val_psnr=24.79 dB | time=1.7s
[Epoch 103] train_loss=0.0091 | train_psnr=23.92 dB | val_loss=0.0066 | val_psnr=24.82 dB | time=1.7s
[Epoch 104] train_loss=0.0089 | train_psnr=24.06 dB | val_loss=0.0066 | val_psnr=24.84 dB | time=1.7s
[Epoch 105] train_loss=0.0088 | train_psnr=24.10 dB | val_loss=0.0066 | val_psnr=24.82 dB | time=1.8s
[Epoch 106] train_loss=0.0090 | train_psnr=24.00 dB | val_loss=0.0065 | val_psnr=24.91 dB | time=1.6s
[Epoch 107] train_loss=0.0086 | train_psnr=24.22 dB | val_loss=0.0065 | val_psnr=24.90 dB | time=1.6s
[Epoch 108] train_loss=0.0086 | train_psnr=24.27 dB | val_loss=0.0064 | val_psnr=24.93 dB | time=1.6s
[Epoch 109] train_loss=0.0085 | train_psnr=24.26 dB | val_loss=0.0064 | val_psnr=24.94 dB | time=1.7s
[Epoch 110] train_loss=0.0087 | train_psnr=24.15 dB | val_loss=0.0063 | val_psnr=24.99 dB | time=1.6s
[Epoch 111] train_loss=0.0083 | train_psnr=24.30 dB | val_loss=0.0063 | val_psnr=25.04 dB | time=1.7s
[Epoch 112] train_loss=0.0085 | train_psnr=24.28 dB | val_loss=0.0062 | val_psnr=25.09 dB | time=1.7s
[Epoch 113] train_loss=0.0083 | train_psnr=24.30 dB | val_loss=0.0062 | val_psnr=25.11 dB | time=1.7s
[Epoch 114] train_loss=0.0084 | train_psnr=24.24 dB | val_loss=0.0061 | val_psnr=25.13 dB | time=1.7s
[Epoch 115] train_loss=0.0085 | train_psnr=24.31 dB | val_loss=0.0061 | val_psnr=25.17 dB | time=1.8s
[Epoch 116] train_loss=0.0080 | train_psnr=24.49 dB | val_loss=0.0061 | val_psnr=25.19 dB | time=1.7s
[Epoch 117] train_loss=0.0081 | train_psnr=24.48 dB | val_loss=0.0060 | val_psnr=25.21 dB | time=1.7s
[Epoch 118] train_loss=0.0081 | train_psnr=24.43 dB | val_loss=0.0060 | val_psnr=25.25 dB | time=1.8s
[Epoch 119] train_loss=0.0080 | train_psnr=24.45 dB | val_loss=0.0060 | val_psnr=25.18 dB | time=1.7s
[Epoch 120] train_loss=0.0082 | train_psnr=24.38 dB | val_loss=0.0062 | val_psnr=24.91 dB | time=1.7s
[Epoch 121] train_loss=0.0080 | train_psnr=24.49 dB | val_loss=0.0059 | val_psnr=25.29 dB | time=1.8s
[Epoch 122] train_loss=0.0079 | train_psnr=24.61 dB | val_loss=0.0058 | val_psnr=25.35 dB | time=1.7s
[Epoch 123] train_loss=0.0077 | train_psnr=24.70 dB | val_loss=0.0059 | val_psnr=25.18 dB | time=1.8s
[Epoch 124] train_loss=0.0079 | train_psnr=24.56 dB | val_loss=0.0058 | val_psnr=25.39 dB | time=1.7s
[Epoch 125] train_loss=0.0076 | train_psnr=24.72 dB | val_loss=0.0057 | val_psnr=25.39 dB | time=1.7s
[Epoch 126] train_loss=0.0076 | train_psnr=24.68 dB | val_loss=0.0058 | val_psnr=25.33 dB | time=1.6s
[Epoch 127] train_loss=0.0077 | train_psnr=24.61 dB | val_loss=0.0056 | val_psnr=25.45 dB | time=1.7s
[Epoch 128] train_loss=0.0077 | train_psnr=24.74 dB | val_loss=0.0057 | val_psnr=25.42 dB | time=1.7s
[Epoch 129] train_loss=0.0078 | train_psnr=24.72 dB | val_loss=0.0056 | val_psnr=25.51 dB | time=1.7s
[Epoch 130] train_loss=0.0075 | train_psnr=24.84 dB | val_loss=0.0056 | val_psnr=25.52 dB | time=1.7s
[Epoch 131] train_loss=0.0074 | train_psnr=24.80 dB | val_loss=0.0055 | val_psnr=25.55 dB | time=1.7s
[Epoch 132] train_loss=0.0076 | train_psnr=24.73 dB | val_loss=0.0055 | val_psnr=25.57 dB | time=1.7s
[Epoch 133] train_loss=0.0075 | train_psnr=24.76 dB | val_loss=0.0055 | val_psnr=25.55 dB | time=1.6s
[Epoch 134] train_loss=0.0074 | train_psnr=24.89 dB | val_loss=0.0054 | val_psnr=25.63 dB | time=1.7s
[Epoch 135] train_loss=0.0072 | train_psnr=24.86 dB | val_loss=0.0054 | val_psnr=25.64 dB | time=1.7s
[Epoch 136] train_loss=0.0072 | train_psnr=24.87 dB | val_loss=0.0053 | val_psnr=25.67 dB | time=1.6s
[Epoch 137] train_loss=0.0073 | train_psnr=24.89 dB | val_loss=0.0054 | val_psnr=25.64 dB | time=1.7s
[Epoch 138] train_loss=0.0072 | train_psnr=25.05 dB | val_loss=0.0053 | val_psnr=25.57 dB | time=1.7s
[Epoch 139] train_loss=0.0072 | train_psnr=24.89 dB | val_loss=0.0053 | val_psnr=25.67 dB | time=1.7s
[Epoch 140] train_loss=0.0071 | train_psnr=24.97 dB | val_loss=0.0052 | val_psnr=25.75 dB | time=1.7s
[Epoch 141] train_loss=0.0070 | train_psnr=25.07 dB | val_loss=0.0052 | val_psnr=25.76 dB | time=1.7s
[Epoch 142] train_loss=0.0071 | train_psnr=24.99 dB | val_loss=0.0052 | val_psnr=25.79 dB | time=1.7s
[Epoch 143] train_loss=0.0071 | train_psnr=25.06 dB | val_loss=0.0051 | val_psnr=25.81 dB | time=1.7s
[Epoch 144] train_loss=0.0069 | train_psnr=25.01 dB | val_loss=0.0051 | val_psnr=25.72 dB | time=1.7s
[Epoch 145] train_loss=0.0070 | train_psnr=25.04 dB | val_loss=0.0051 | val_psnr=25.76 dB | time=1.6s
[Epoch 146] train_loss=0.0069 | train_psnr=25.06 dB | val_loss=0.0051 | val_psnr=25.85 dB | time=1.6s
[Epoch 147] train_loss=0.0069 | train_psnr=25.07 dB | val_loss=0.0050 | val_psnr=25.90 dB | time=1.7s
[Epoch 148] train_loss=0.0068 | train_psnr=25.14 dB | val_loss=0.0050 | val_psnr=25.87 dB | time=1.7s
[Epoch 149] train_loss=0.0069 | train_psnr=25.14 dB | val_loss=0.0051 | val_psnr=25.70 dB | time=1.6s
[Epoch 150] train_loss=0.0067 | train_psnr=25.23 dB | val_loss=0.0050 | val_psnr=25.96 dB | time=1.7s
[Epoch 151] train_loss=0.0068 | train_psnr=25.07 dB | val_loss=0.0049 | val_psnr=25.98 dB | time=1.7s
[Epoch 152] train_loss=0.0066 | train_psnr=25.28 dB | val_loss=0.0049 | val_psnr=25.96 dB | time=1.7s
[Epoch 153] train_loss=0.0067 | train_psnr=25.19 dB | val_loss=0.0049 | val_psnr=26.01 dB | time=1.6s
[Epoch 154] train_loss=0.0067 | train_psnr=25.17 dB | val_loss=0.0049 | val_psnr=26.04 dB | time=1.7s
[Epoch 155] train_loss=0.0066 | train_psnr=25.27 dB | val_loss=0.0049 | val_psnr=25.97 dB | time=1.7s
[Epoch 156] train_loss=0.0066 | train_psnr=25.27 dB | val_loss=0.0049 | val_psnr=25.88 dB | time=1.7s
[Epoch 157] train_loss=0.0066 | train_psnr=25.34 dB | val_loss=0.0048 | val_psnr=26.08 dB | time=1.7s
[Epoch 158] train_loss=0.0066 | train_psnr=25.33 dB | val_loss=0.0048 | val_psnr=26.10 dB | time=1.7s
[Epoch 159] train_loss=0.0065 | train_psnr=25.40 dB | val_loss=0.0047 | val_psnr=26.14 dB | time=1.7s
[Epoch 160] train_loss=0.0065 | train_psnr=25.34 dB | val_loss=0.0047 | val_psnr=26.13 dB | time=1.6s
[Epoch 161] train_loss=0.0063 | train_psnr=25.52 dB | val_loss=0.0047 | val_psnr=26.12 dB | time=1.6s
[Epoch 162] train_loss=0.0064 | train_psnr=25.37 dB | val_loss=0.0047 | val_psnr=26.15 dB | time=1.7s
[Epoch 163] train_loss=0.0063 | train_psnr=25.54 dB | val_loss=0.0046 | val_psnr=26.18 dB | time=1.7s
[Epoch 164] train_loss=0.0063 | train_psnr=25.42 dB | val_loss=0.0046 | val_psnr=26.16 dB | time=1.7s
[Epoch 165] train_loss=0.0064 | train_psnr=25.47 dB | val_loss=0.0046 | val_psnr=26.11 dB | time=1.7s
[Epoch 166] train_loss=0.0062 | train_psnr=25.48 dB | val_loss=0.0046 | val_psnr=26.23 dB | time=1.6s
[Epoch 167] train_loss=0.0061 | train_psnr=25.56 dB | val_loss=0.0046 | val_psnr=26.17 dB | time=1.7s
[Epoch 168] train_loss=0.0061 | train_psnr=25.55 dB | val_loss=0.0045 | val_psnr=26.26 dB | time=1.7s
[Epoch 169] train_loss=0.0061 | train_psnr=25.65 dB | val_loss=0.0045 | val_psnr=26.28 dB | time=1.7s
[Epoch 170] train_loss=0.0062 | train_psnr=25.42 dB | val_loss=0.0045 | val_psnr=26.29 dB | time=1.7s
[Epoch 171] train_loss=0.0061 | train_psnr=25.63 dB | val_loss=0.0045 | val_psnr=26.29 dB | time=1.7s
[Epoch 172] train_loss=0.0060 | train_psnr=25.66 dB | val_loss=0.0045 | val_psnr=26.30 dB | time=1.7s
[Epoch 173] train_loss=0.0059 | train_psnr=25.69 dB | val_loss=0.0044 | val_psnr=26.35 dB | time=1.6s
[Epoch 174] train_loss=0.0060 | train_psnr=25.66 dB | val_loss=0.0044 | val_psnr=26.35 dB | time=1.7s
[Epoch 175] train_loss=0.0060 | train_psnr=25.72 dB | val_loss=0.0044 | val_psnr=26.37 dB | time=1.7s
[Epoch 176] train_loss=0.0061 | train_psnr=25.62 dB | val_loss=0.0044 | val_psnr=26.27 dB | time=1.7s
[Epoch 177] train_loss=0.0059 | train_psnr=25.73 dB | val_loss=0.0044 | val_psnr=26.41 dB | time=1.7s
[Epoch 178] train_loss=0.0059 | train_psnr=25.66 dB | val_loss=0.0045 | val_psnr=26.03 dB | time=1.6s
[Epoch 179] train_loss=0.0059 | train_psnr=25.71 dB | val_loss=0.0044 | val_psnr=26.37 dB | time=1.7s
[Epoch 180] train_loss=0.0060 | train_psnr=25.70 dB | val_loss=0.0043 | val_psnr=26.40 dB | time=1.7s
[Epoch 181] train_loss=0.0059 | train_psnr=25.76 dB | val_loss=0.0043 | val_psnr=26.47 dB | time=1.6s
[Epoch 182] train_loss=0.0059 | train_psnr=25.60 dB | val_loss=0.0043 | val_psnr=26.44 dB | time=1.7s
[Epoch 183] train_loss=0.0058 | train_psnr=25.73 dB | val_loss=0.0043 | val_psnr=26.49 dB | time=1.7s
[Epoch 184] train_loss=0.0058 | train_psnr=25.77 dB | val_loss=0.0043 | val_psnr=26.50 dB | time=1.7s
[Epoch 185] train_loss=0.0056 | train_psnr=25.91 dB | val_loss=0.0043 | val_psnr=26.33 dB | time=1.7s
[Epoch 186] train_loss=0.0059 | train_psnr=25.68 dB | val_loss=0.0042 | val_psnr=26.51 dB | time=1.7s
[Epoch 187] train_loss=0.0057 | train_psnr=25.79 dB | val_loss=0.0042 | val_psnr=26.54 dB | time=1.7s
[Epoch 188] train_loss=0.0058 | train_psnr=25.76 dB | val_loss=0.0042 | val_psnr=26.51 dB | time=1.7s
[Epoch 189] train_loss=0.0057 | train_psnr=25.80 dB | val_loss=0.0041 | val_psnr=26.57 dB | time=1.7s
[Epoch 190] train_loss=0.0058 | train_psnr=25.79 dB | val_loss=0.0041 | val_psnr=26.58 dB | time=1.7s
[Epoch 191] train_loss=0.0057 | train_psnr=25.82 dB | val_loss=0.0041 | val_psnr=26.60 dB | time=1.6s
[Epoch 192] train_loss=0.0056 | train_psnr=25.89 dB | val_loss=0.0042 | val_psnr=26.45 dB | time=1.7s
[Epoch 193] train_loss=0.0056 | train_psnr=25.92 dB | val_loss=0.0041 | val_psnr=26.60 dB | time=1.7s
[Epoch 194] train_loss=0.0056 | train_psnr=25.86 dB | val_loss=0.0041 | val_psnr=26.64 dB | time=1.7s
[Epoch 195] train_loss=0.0055 | train_psnr=25.89 dB | val_loss=0.0041 | val_psnr=26.50 dB | time=1.6s
[Epoch 196] train_loss=0.0055 | train_psnr=25.89 dB | val_loss=0.0041 | val_psnr=26.46 dB | time=1.7s
[Epoch 197] train_loss=0.0056 | train_psnr=25.98 dB | val_loss=0.0040 | val_psnr=26.67 dB | time=1.7s
[Epoch 198] train_loss=0.0056 | train_psnr=25.98 dB | val_loss=0.0040 | val_psnr=26.68 dB | time=1.7s
[Epoch 199] train_loss=0.0054 | train_psnr=26.01 dB | val_loss=0.0040 | val_psnr=26.69 dB | time=1.7s
[Epoch 200] train_loss=0.0055 | train_psnr=25.92 dB | val_loss=0.0040 | val_psnr=26.70 dB | time=1.7s
[Epoch 201] train_loss=0.0055 | train_psnr=26.05 dB | val_loss=0.0040 | val_psnr=26.71 dB | time=1.7s
[Epoch 202] train_loss=0.0055 | train_psnr=25.91 dB | val_loss=0.0040 | val_psnr=26.70 dB | time=1.7s
[Epoch 203] train_loss=0.0053 | train_psnr=26.19 dB | val_loss=0.0040 | val_psnr=26.71 dB | time=1.7s
[Epoch 204] train_loss=0.0053 | train_psnr=26.13 dB | val_loss=0.0039 | val_psnr=26.76 dB | time=1.6s
[Epoch 205] train_loss=0.0053 | train_psnr=26.12 dB | val_loss=0.0039 | val_psnr=26.76 dB | time=1.7s
[Epoch 206] train_loss=0.0055 | train_psnr=25.99 dB | val_loss=0.0039 | val_psnr=26.77 dB | time=1.6s
[Epoch 207] train_loss=0.0053 | train_psnr=26.11 dB | val_loss=0.0039 | val_psnr=26.68 dB | time=1.7s
[Epoch 208] train_loss=0.0052 | train_psnr=26.14 dB | val_loss=0.0039 | val_psnr=26.75 dB | time=1.6s
[Epoch 209] train_loss=0.0054 | train_psnr=25.94 dB | val_loss=0.0039 | val_psnr=26.79 dB | time=1.7s
[Epoch 210] train_loss=0.0053 | train_psnr=26.03 dB | val_loss=0.0039 | val_psnr=26.73 dB | time=1.7s
[Epoch 211] train_loss=0.0052 | train_psnr=26.11 dB | val_loss=0.0039 | val_psnr=26.68 dB | time=1.7s
[Epoch 212] train_loss=0.0052 | train_psnr=26.24 dB | val_loss=0.0039 | val_psnr=26.77 dB | time=1.7s
[Epoch 213] train_loss=0.0052 | train_psnr=26.10 dB | val_loss=0.0039 | val_psnr=26.75 dB | time=1.7s
[Epoch 214] train_loss=0.0052 | train_psnr=26.07 dB | val_loss=0.0038 | val_psnr=26.84 dB | time=1.7s
[Epoch 215] train_loss=0.0052 | train_psnr=26.18 dB | val_loss=0.0038 | val_psnr=26.85 dB | time=1.7s
[Epoch 216] train_loss=0.0051 | train_psnr=26.25 dB | val_loss=0.0038 | val_psnr=26.86 dB | time=1.7s
[Epoch 217] train_loss=0.0052 | train_psnr=26.13 dB | val_loss=0.0038 | val_psnr=26.89 dB | time=1.7s
[Epoch 218] train_loss=0.0052 | train_psnr=26.01 dB | val_loss=0.0038 | val_psnr=26.78 dB | time=1.7s
[Epoch 219] train_loss=0.0051 | train_psnr=26.17 dB | val_loss=0.0038 | val_psnr=26.82 dB | time=1.7s
[Epoch 220] train_loss=0.0052 | train_psnr=26.10 dB | val_loss=0.0037 | val_psnr=26.91 dB | time=1.7s
[Epoch 221] train_loss=0.0052 | train_psnr=26.14 dB | val_loss=0.0037 | val_psnr=26.90 dB | time=1.7s
[Epoch 222] train_loss=0.0051 | train_psnr=26.13 dB | val_loss=0.0037 | val_psnr=26.94 dB | time=1.7s
[Epoch 223] train_loss=0.0050 | train_psnr=26.30 dB | val_loss=0.0037 | val_psnr=26.93 dB | time=1.7s
[Epoch 224] train_loss=0.0051 | train_psnr=26.21 dB | val_loss=0.0037 | val_psnr=26.95 dB | time=1.7s
[Epoch 225] train_loss=0.0051 | train_psnr=26.22 dB | val_loss=0.0037 | val_psnr=26.86 dB | time=1.7s
[Epoch 226] train_loss=0.0051 | train_psnr=26.22 dB | val_loss=0.0037 | val_psnr=26.95 dB | time=1.7s
[Epoch 227] train_loss=0.0050 | train_psnr=26.36 dB | val_loss=0.0037 | val_psnr=26.87 dB | time=1.6s
[Epoch 228] train_loss=0.0051 | train_psnr=26.22 dB | val_loss=0.0037 | val_psnr=26.99 dB | time=1.7s
[Epoch 229] train_loss=0.0051 | train_psnr=26.18 dB | val_loss=0.0036 | val_psnr=26.99 dB | time=1.7s
[Epoch 230] train_loss=0.0049 | train_psnr=26.43 dB | val_loss=0.0036 | val_psnr=27.01 dB | time=1.7s
[Epoch 231] train_loss=0.0049 | train_psnr=26.37 dB | val_loss=0.0036 | val_psnr=27.01 dB | time=1.7s
[Epoch 232] train_loss=0.0049 | train_psnr=26.32 dB | val_loss=0.0036 | val_psnr=27.02 dB | time=1.7s
[Epoch 233] train_loss=0.0049 | train_psnr=26.33 dB | val_loss=0.0036 | val_psnr=27.03 dB | time=1.6s
[Epoch 234] train_loss=0.0049 | train_psnr=26.37 dB | val_loss=0.0036 | val_psnr=27.02 dB | time=1.7s
[Epoch 235] train_loss=0.0049 | train_psnr=26.34 dB | val_loss=0.0036 | val_psnr=27.06 dB | time=1.6s
[Epoch 236] train_loss=0.0047 | train_psnr=26.46 dB | val_loss=0.0036 | val_psnr=27.04 dB | time=1.7s
[Epoch 237] train_loss=0.0049 | train_psnr=26.37 dB | val_loss=0.0036 | val_psnr=27.07 dB | time=1.7s
[Epoch 238] train_loss=0.0048 | train_psnr=26.43 dB | val_loss=0.0036 | val_psnr=27.00 dB | time=1.7s
[Epoch 239] train_loss=0.0049 | train_psnr=26.32 dB | val_loss=0.0035 | val_psnr=27.07 dB | time=1.7s
[Epoch 240] train_loss=0.0047 | train_psnr=26.42 dB | val_loss=0.0035 | val_psnr=27.08 dB | time=1.7s
[Epoch 241] train_loss=0.0048 | train_psnr=26.40 dB | val_loss=0.0035 | val_psnr=27.10 dB | time=1.6s
[Epoch 242] train_loss=0.0046 | train_psnr=26.52 dB | val_loss=0.0036 | val_psnr=26.97 dB | time=1.7s
[Epoch 243] train_loss=0.0049 | train_psnr=26.33 dB | val_loss=0.0035 | val_psnr=27.11 dB | time=1.7s
[Epoch 244] train_loss=0.0047 | train_psnr=26.56 dB | val_loss=0.0035 | val_psnr=27.12 dB | time=1.7s
[Epoch 245] train_loss=0.0047 | train_psnr=26.51 dB | val_loss=0.0035 | val_psnr=27.12 dB | time=1.6s
[Epoch 246] train_loss=0.0047 | train_psnr=26.52 dB | val_loss=0.0035 | val_psnr=27.13 dB | time=1.6s
[Epoch 247] train_loss=0.0047 | train_psnr=26.39 dB | val_loss=0.0035 | val_psnr=26.92 dB | time=1.7s
[Epoch 248] train_loss=0.0049 | train_psnr=26.32 dB | val_loss=0.0035 | val_psnr=27.05 dB | time=1.7s
[Epoch 249] train_loss=0.0047 | train_psnr=26.56 dB | val_loss=0.0035 | val_psnr=27.11 dB | time=1.6s
[Epoch 250] train_loss=0.0047 | train_psnr=26.55 dB | val_loss=0.0035 | val_psnr=27.04 dB | time=1.6s
[Epoch 251] train_loss=0.0048 | train_psnr=26.44 dB | val_loss=0.0034 | val_psnr=27.18 dB | time=1.6s
[Epoch 252] train_loss=0.0046 | train_psnr=26.50 dB | val_loss=0.0034 | val_psnr=27.17 dB | time=1.7s
[Epoch 253] train_loss=0.0045 | train_psnr=26.67 dB | val_loss=0.0034 | val_psnr=27.17 dB | time=1.7s
[Epoch 254] train_loss=0.0046 | train_psnr=26.51 dB | val_loss=0.0034 | val_psnr=27.15 dB | time=1.7s
[Epoch 255] train_loss=0.0046 | train_psnr=26.43 dB | val_loss=0.0034 | val_psnr=27.09 dB | time=1.7s
[Epoch 256] train_loss=0.0047 | train_psnr=26.39 dB | val_loss=0.0034 | val_psnr=27.14 dB | time=1.7s
[Epoch 257] train_loss=0.0045 | train_psnr=26.58 dB | val_loss=0.0034 | val_psnr=27.19 dB | time=1.7s
[Epoch 258] train_loss=0.0046 | train_psnr=26.60 dB | val_loss=0.0034 | val_psnr=27.14 dB | time=1.7s
[Epoch 259] train_loss=0.0045 | train_psnr=26.56 dB | val_loss=0.0034 | val_psnr=27.16 dB | time=1.7s
[Epoch 260] train_loss=0.0046 | train_psnr=26.56 dB | val_loss=0.0034 | val_psnr=27.13 dB | time=1.7s
[Epoch 261] train_loss=0.0046 | train_psnr=26.53 dB | val_loss=0.0034 | val_psnr=27.22 dB | time=1.6s
[Epoch 262] train_loss=0.0046 | train_psnr=26.53 dB | val_loss=0.0033 | val_psnr=27.23 dB | time=1.7s
[Epoch 263] train_loss=0.0046 | train_psnr=26.56 dB | val_loss=0.0034 | val_psnr=27.18 dB | time=1.7s
[Epoch 264] train_loss=0.0045 | train_psnr=26.64 dB | val_loss=0.0033 | val_psnr=27.27 dB | time=1.7s
[Epoch 265] train_loss=0.0045 | train_psnr=26.58 dB | val_loss=0.0033 | val_psnr=27.26 dB | time=1.7s
[Epoch 266] train_loss=0.0045 | train_psnr=26.52 dB | val_loss=0.0033 | val_psnr=27.24 dB | time=1.7s
[Epoch 267] train_loss=0.0044 | train_psnr=26.66 dB | val_loss=0.0033 | val_psnr=27.20 dB | time=1.7s
[Epoch 268] train_loss=0.0045 | train_psnr=26.52 dB | val_loss=0.0033 | val_psnr=27.27 dB | time=1.6s
[Epoch 269] train_loss=0.0045 | train_psnr=26.68 dB | val_loss=0.0033 | val_psnr=27.31 dB | time=1.6s
[Epoch 270] train_loss=0.0044 | train_psnr=26.71 dB | val_loss=0.0033 | val_psnr=27.29 dB | time=1.7s
[Epoch 271] train_loss=0.0044 | train_psnr=26.65 dB | val_loss=0.0033 | val_psnr=27.28 dB | time=1.7s
[Epoch 272] train_loss=0.0044 | train_psnr=26.79 dB | val_loss=0.0033 | val_psnr=27.27 dB | time=1.7s
[Epoch 273] train_loss=0.0043 | train_psnr=26.79 dB | val_loss=0.0033 | val_psnr=27.30 dB | time=1.7s
[Epoch 274] train_loss=0.0045 | train_psnr=26.59 dB | val_loss=0.0033 | val_psnr=27.34 dB | time=1.7s
[Epoch 275] train_loss=0.0044 | train_psnr=26.69 dB | val_loss=0.0033 | val_psnr=27.24 dB | time=1.6s
[Epoch 276] train_loss=0.0044 | train_psnr=26.65 dB | val_loss=0.0033 | val_psnr=27.32 dB | time=1.7s
[Epoch 277] train_loss=0.0044 | train_psnr=26.76 dB | val_loss=0.0032 | val_psnr=27.36 dB | time=1.6s
[Epoch 278] train_loss=0.0045 | train_psnr=26.63 dB | val_loss=0.0032 | val_psnr=27.36 dB | time=1.6s
[Epoch 279] train_loss=0.0043 | train_psnr=26.75 dB | val_loss=0.0033 | val_psnr=27.27 dB | time=1.6s
[Epoch 280] train_loss=0.0044 | train_psnr=26.60 dB | val_loss=0.0033 | val_psnr=27.10 dB | time=1.6s
[Epoch 281] train_loss=0.0043 | train_psnr=26.81 dB | val_loss=0.0032 | val_psnr=27.38 dB | time=1.6s
[Epoch 282] train_loss=0.0043 | train_psnr=26.70 dB | val_loss=0.0032 | val_psnr=27.38 dB | time=1.6s
[Epoch 283] train_loss=0.0043 | train_psnr=26.77 dB | val_loss=0.0032 | val_psnr=27.32 dB | time=1.7s
[Epoch 284] train_loss=0.0043 | train_psnr=26.76 dB | val_loss=0.0032 | val_psnr=27.37 dB | time=1.6s
[Epoch 285] train_loss=0.0044 | train_psnr=26.57 dB | val_loss=0.0032 | val_psnr=27.33 dB | time=1.6s
[Epoch 286] train_loss=0.0043 | train_psnr=26.61 dB | val_loss=0.0032 | val_psnr=27.42 dB | time=1.6s
[Epoch 287] train_loss=0.0044 | train_psnr=26.70 dB | val_loss=0.0032 | val_psnr=27.24 dB | time=1.6s
[Epoch 288] train_loss=0.0042 | train_psnr=26.73 dB | val_loss=0.0032 | val_psnr=27.43 dB | time=1.7s
[Epoch 289] train_loss=0.0043 | train_psnr=26.74 dB | val_loss=0.0032 | val_psnr=27.36 dB | time=1.7s
[Epoch 290] train_loss=0.0042 | train_psnr=26.85 dB | val_loss=0.0032 | val_psnr=27.41 dB | time=1.6s
[Epoch 291] train_loss=0.0042 | train_psnr=26.74 dB | val_loss=0.0032 | val_psnr=27.32 dB | time=1.7s
[Epoch 292] train_loss=0.0043 | train_psnr=26.68 dB | val_loss=0.0032 | val_psnr=27.36 dB | time=1.6s
[Epoch 293] train_loss=0.0041 | train_psnr=26.93 dB | val_loss=0.0031 | val_psnr=27.40 dB | time=1.6s
[Epoch 294] train_loss=0.0042 | train_psnr=26.82 dB | val_loss=0.0031 | val_psnr=27.46 dB | time=1.6s
[Epoch 295] train_loss=0.0042 | train_psnr=26.77 dB | val_loss=0.0031 | val_psnr=27.35 dB | time=1.7s
[Epoch 296] train_loss=0.0041 | train_psnr=26.88 dB | val_loss=0.0031 | val_psnr=27.41 dB | time=1.6s
[Epoch 297] train_loss=0.0042 | train_psnr=26.77 dB | val_loss=0.0031 | val_psnr=27.48 dB | time=1.6s
[Epoch 298] train_loss=0.0042 | train_psnr=26.82 dB | val_loss=0.0031 | val_psnr=27.48 dB | time=1.6s
[Epoch 299] train_loss=0.0042 | train_psnr=26.86 dB | val_loss=0.0031 | val_psnr=27.47 dB | time=1.6s
[Epoch 300] train_loss=0.0042 | train_psnr=26.87 dB | val_loss=0.0031 | val_psnr=27.49 dB | time=1.6s
[Epoch 301] train_loss=0.0041 | train_psnr=26.93 dB | val_loss=0.0031 | val_psnr=27.39 dB | time=1.6s
[Epoch 302] train_loss=0.0042 | train_psnr=26.79 dB | val_loss=0.0031 | val_psnr=27.50 dB | time=1.7s
[Epoch 303] train_loss=0.0041 | train_psnr=26.89 dB | val_loss=0.0031 | val_psnr=27.49 dB | time=1.7s
[Epoch 304] train_loss=0.0042 | train_psnr=26.84 dB | val_loss=0.0031 | val_psnr=27.48 dB | time=1.7s
[Epoch 305] train_loss=0.0041 | train_psnr=26.95 dB | val_loss=0.0031 | val_psnr=27.50 dB | time=1.6s
[Epoch 306] train_loss=0.0042 | train_psnr=26.83 dB | val_loss=0.0031 | val_psnr=27.52 dB | time=1.6s
[Epoch 307] train_loss=0.0040 | train_psnr=26.92 dB | val_loss=0.0031 | val_psnr=27.53 dB | time=1.6s
[Epoch 308] train_loss=0.0041 | train_psnr=26.66 dB | val_loss=0.0031 | val_psnr=27.46 dB | time=1.6s
[Epoch 309] train_loss=0.0041 | train_psnr=26.86 dB | val_loss=0.0030 | val_psnr=27.54 dB | time=1.6s
[Epoch 310] train_loss=0.0040 | train_psnr=27.05 dB | val_loss=0.0031 | val_psnr=27.45 dB | time=1.6s
[Epoch 311] train_loss=0.0041 | train_psnr=26.75 dB | val_loss=0.0031 | val_psnr=27.42 dB | time=1.6s
[Epoch 312] train_loss=0.0039 | train_psnr=27.08 dB | val_loss=0.0030 | val_psnr=27.53 dB | time=1.6s
[Epoch 313] train_loss=0.0041 | train_psnr=26.98 dB | val_loss=0.0030 | val_psnr=27.54 dB | time=1.6s
[Epoch 314] train_loss=0.0041 | train_psnr=26.95 dB | val_loss=0.0030 | val_psnr=27.55 dB | time=1.6s
[Epoch 315] train_loss=0.0042 | train_psnr=26.78 dB | val_loss=0.0030 | val_psnr=27.54 dB | time=1.6s
[Epoch 316] train_loss=0.0040 | train_psnr=26.98 dB | val_loss=0.0030 | val_psnr=27.57 dB | time=1.6s
[Epoch 317] train_loss=0.0041 | train_psnr=26.92 dB | val_loss=0.0030 | val_psnr=27.50 dB | time=1.6s
[Epoch 318] train_loss=0.0041 | train_psnr=26.86 dB | val_loss=0.0030 | val_psnr=27.56 dB | time=1.6s
[Epoch 319] train_loss=0.0040 | train_psnr=26.92 dB | val_loss=0.0030 | val_psnr=27.44 dB | time=1.7s
[Epoch 320] train_loss=0.0041 | train_psnr=26.91 dB | val_loss=0.0030 | val_psnr=27.58 dB | time=1.6s
[Epoch 321] train_loss=0.0041 | train_psnr=26.81 dB | val_loss=0.0030 | val_psnr=27.60 dB | time=1.7s
[Epoch 322] train_loss=0.0040 | train_psnr=26.91 dB | val_loss=0.0030 | val_psnr=27.57 dB | time=1.7s
[Epoch 323] train_loss=0.0040 | train_psnr=26.87 dB | val_loss=0.0030 | val_psnr=27.60 dB | time=1.7s
[Epoch 324] train_loss=0.0040 | train_psnr=26.93 dB | val_loss=0.0030 | val_psnr=27.59 dB | time=1.6s
[Epoch 325] train_loss=0.0040 | train_psnr=27.01 dB | val_loss=0.0030 | val_psnr=27.52 dB | time=1.6s
[Epoch 326] train_loss=0.0040 | train_psnr=26.97 dB | val_loss=0.0030 | val_psnr=27.60 dB | time=1.6s
[Epoch 327] train_loss=0.0041 | train_psnr=26.86 dB | val_loss=0.0030 | val_psnr=27.62 dB | time=1.7s
[Epoch 328] train_loss=0.0040 | train_psnr=26.95 dB | val_loss=0.0030 | val_psnr=27.60 dB | time=1.6s
[Epoch 329] train_loss=0.0041 | train_psnr=26.81 dB | val_loss=0.0030 | val_psnr=27.43 dB | time=1.6s
[Epoch 330] train_loss=0.0040 | train_psnr=26.96 dB | val_loss=0.0029 | val_psnr=27.63 dB | time=1.6s
[Epoch 331] train_loss=0.0038 | train_psnr=27.11 dB | val_loss=0.0030 | val_psnr=27.62 dB | time=1.6s
[Epoch 332] train_loss=0.0040 | train_psnr=27.04 dB | val_loss=0.0029 | val_psnr=27.63 dB | time=1.6s
[Epoch 333] train_loss=0.0040 | train_psnr=26.93 dB | val_loss=0.0029 | val_psnr=27.64 dB | time=1.6s
[Epoch 334] train_loss=0.0040 | train_psnr=26.94 dB | val_loss=0.0030 | val_psnr=27.54 dB | time=1.6s
[Epoch 335] train_loss=0.0040 | train_psnr=27.01 dB | val_loss=0.0029 | val_psnr=27.65 dB | time=1.7s
[Epoch 336] train_loss=0.0040 | train_psnr=26.95 dB | val_loss=0.0029 | val_psnr=27.64 dB | time=1.6s
[Epoch 337] train_loss=0.0041 | train_psnr=26.91 dB | val_loss=0.0030 | val_psnr=27.51 dB | time=1.6s
[Epoch 338] train_loss=0.0039 | train_psnr=27.10 dB | val_loss=0.0029 | val_psnr=27.66 dB | time=1.7s
[Epoch 339] train_loss=0.0040 | train_psnr=26.92 dB | val_loss=0.0029 | val_psnr=27.61 dB | time=1.7s
[Epoch 340] train_loss=0.0039 | train_psnr=27.00 dB | val_loss=0.0029 | val_psnr=27.67 dB | time=1.6s
[Epoch 341] train_loss=0.0039 | train_psnr=27.01 dB | val_loss=0.0029 | val_psnr=27.67 dB | time=1.6s
[Epoch 342] train_loss=0.0039 | train_psnr=27.10 dB | val_loss=0.0029 | val_psnr=27.67 dB | time=1.6s
[Epoch 343] train_loss=0.0039 | train_psnr=27.08 dB | val_loss=0.0029 | val_psnr=27.64 dB | time=1.6s
[Epoch 344] train_loss=0.0040 | train_psnr=26.87 dB | val_loss=0.0029 | val_psnr=27.67 dB | time=1.6s
[Epoch 345] train_loss=0.0039 | train_psnr=26.92 dB | val_loss=0.0029 | val_psnr=27.64 dB | time=1.7s
[Epoch 346] train_loss=0.0039 | train_psnr=26.95 dB | val_loss=0.0029 | val_psnr=27.56 dB | time=1.6s
[Epoch 347] train_loss=0.0039 | train_psnr=27.05 dB | val_loss=0.0029 | val_psnr=27.70 dB | time=1.7s
[Epoch 348] train_loss=0.0039 | train_psnr=27.01 dB | val_loss=0.0029 | val_psnr=27.71 dB | time=1.7s
[Epoch 349] train_loss=0.0039 | train_psnr=27.10 dB | val_loss=0.0029 | val_psnr=27.66 dB | time=1.6s
[Epoch 350] train_loss=0.0038 | train_psnr=27.12 dB | val_loss=0.0029 | val_psnr=27.70 dB | time=1.6s
[Epoch 351] train_loss=0.0039 | train_psnr=27.04 dB | val_loss=0.0029 | val_psnr=27.72 dB | time=1.6s
[Epoch 352] train_loss=0.0038 | train_psnr=27.12 dB | val_loss=0.0029 | val_psnr=27.66 dB | time=1.6s
[Epoch 353] train_loss=0.0039 | train_psnr=26.99 dB | val_loss=0.0029 | val_psnr=27.67 dB | time=1.6s
[Epoch 354] train_loss=0.0039 | train_psnr=27.02 dB | val_loss=0.0029 | val_psnr=27.66 dB | time=1.7s
[Epoch 355] train_loss=0.0039 | train_psnr=26.98 dB | val_loss=0.0029 | val_psnr=27.65 dB | time=1.6s
[Epoch 356] train_loss=0.0038 | train_psnr=27.00 dB | val_loss=0.0029 | val_psnr=27.67 dB | time=1.6s
[Epoch 357] train_loss=0.0039 | train_psnr=27.09 dB | val_loss=0.0029 | val_psnr=27.62 dB | time=1.6s
[Epoch 358] train_loss=0.0039 | train_psnr=26.99 dB | val_loss=0.0029 | val_psnr=27.68 dB | time=1.6s
[Epoch 359] train_loss=0.0039 | train_psnr=26.90 dB | val_loss=0.0029 | val_psnr=27.57 dB | time=1.6s
[Epoch 360] train_loss=0.0038 | train_psnr=27.17 dB | val_loss=0.0029 | val_psnr=27.59 dB | time=1.6s
[Epoch 361] train_loss=0.0038 | train_psnr=27.15 dB | val_loss=0.0028 | val_psnr=27.74 dB | time=1.6s
[Epoch 362] train_loss=0.0039 | train_psnr=26.98 dB | val_loss=0.0028 | val_psnr=27.75 dB | time=1.6s
[Epoch 363] train_loss=0.0038 | train_psnr=27.15 dB | val_loss=0.0028 | val_psnr=27.74 dB | time=1.6s
[Epoch 364] train_loss=0.0038 | train_psnr=27.15 dB | val_loss=0.0028 | val_psnr=27.71 dB | time=1.6s
[Epoch 365] train_loss=0.0039 | train_psnr=27.05 dB | val_loss=0.0028 | val_psnr=27.76 dB | time=1.7s
[Epoch 366] train_loss=0.0038 | train_psnr=27.12 dB | val_loss=0.0028 | val_psnr=27.77 dB | time=1.6s
[Epoch 367] train_loss=0.0039 | train_psnr=26.97 dB | val_loss=0.0028 | val_psnr=27.73 dB | time=1.6s
[Epoch 368] train_loss=0.0038 | train_psnr=27.16 dB | val_loss=0.0028 | val_psnr=27.72 dB | time=1.6s
[Epoch 369] train_loss=0.0038 | train_psnr=27.07 dB | val_loss=0.0028 | val_psnr=27.75 dB | time=1.6s
[Epoch 370] train_loss=0.0039 | train_psnr=26.90 dB | val_loss=0.0029 | val_psnr=27.58 dB | time=1.7s
[Epoch 371] train_loss=0.0037 | train_psnr=27.21 dB | val_loss=0.0028 | val_psnr=27.78 dB | time=1.6s
[Epoch 372] train_loss=0.0038 | train_psnr=27.07 dB | val_loss=0.0028 | val_psnr=27.78 dB | time=1.6s
[Epoch 373] train_loss=0.0037 | train_psnr=27.17 dB | val_loss=0.0028 | val_psnr=27.79 dB | time=1.7s
[Epoch 374] train_loss=0.0037 | train_psnr=27.27 dB | val_loss=0.0028 | val_psnr=27.75 dB | time=1.7s
[Epoch 375] train_loss=0.0038 | train_psnr=27.06 dB | val_loss=0.0028 | val_psnr=27.73 dB | time=1.7s
[Epoch 376] train_loss=0.0038 | train_psnr=27.03 dB | val_loss=0.0028 | val_psnr=27.80 dB | time=1.7s
[Epoch 377] train_loss=0.0037 | train_psnr=27.17 dB | val_loss=0.0028 | val_psnr=27.74 dB | time=1.7s
[Epoch 378] train_loss=0.0038 | train_psnr=27.13 dB | val_loss=0.0028 | val_psnr=27.69 dB | time=1.6s
[Epoch 379] train_loss=0.0038 | train_psnr=27.20 dB | val_loss=0.0028 | val_psnr=27.81 dB | time=1.6s
[Epoch 380] train_loss=0.0037 | train_psnr=27.16 dB | val_loss=0.0028 | val_psnr=27.75 dB | time=1.7s
[Epoch 381] train_loss=0.0037 | train_psnr=27.13 dB | val_loss=0.0028 | val_psnr=27.68 dB | time=1.6s
[Epoch 382] train_loss=0.0036 | train_psnr=27.31 dB | val_loss=0.0028 | val_psnr=27.74 dB | time=1.6s
[Epoch 383] train_loss=0.0038 | train_psnr=27.17 dB | val_loss=0.0028 | val_psnr=27.82 dB | time=1.7s
[Epoch 384] train_loss=0.0037 | train_psnr=27.15 dB | val_loss=0.0028 | val_psnr=27.81 dB | time=1.6s
[Epoch 385] train_loss=0.0038 | train_psnr=27.23 dB | val_loss=0.0028 | val_psnr=27.79 dB | time=1.6s
[Epoch 386] train_loss=0.0037 | train_psnr=27.14 dB | val_loss=0.0028 | val_psnr=27.83 dB | time=1.6s
[Epoch 387] train_loss=0.0038 | train_psnr=27.08 dB | val_loss=0.0028 | val_psnr=27.78 dB | time=1.7s
[Epoch 388] train_loss=0.0037 | train_psnr=27.01 dB | val_loss=0.0028 | val_psnr=27.84 dB | time=1.7s
[Epoch 389] train_loss=0.0038 | train_psnr=27.05 dB | val_loss=0.0028 | val_psnr=27.83 dB | time=1.6s
[Epoch 390] train_loss=0.0037 | train_psnr=27.19 dB | val_loss=0.0028 | val_psnr=27.81 dB | time=1.6s
[Epoch 391] train_loss=0.0036 | train_psnr=27.28 dB | val_loss=0.0028 | val_psnr=27.83 dB | time=1.6s
[Epoch 392] train_loss=0.0037 | train_psnr=27.08 dB | val_loss=0.0027 | val_psnr=27.83 dB | time=1.6s
[Epoch 393] train_loss=0.0037 | train_psnr=27.14 dB | val_loss=0.0027 | val_psnr=27.85 dB | time=1.7s
[Epoch 394] train_loss=0.0037 | train_psnr=27.17 dB | val_loss=0.0028 | val_psnr=27.79 dB | time=1.6s
[Epoch 395] train_loss=0.0037 | train_psnr=27.22 dB | val_loss=0.0027 | val_psnr=27.84 dB | time=1.7s
[Epoch 396] train_loss=0.0036 | train_psnr=27.39 dB | val_loss=0.0027 | val_psnr=27.79 dB | time=1.6s
[Epoch 397] train_loss=0.0037 | train_psnr=27.17 dB | val_loss=0.0028 | val_psnr=27.74 dB | time=1.7s
[Epoch 398] train_loss=0.0038 | train_psnr=27.05 dB | val_loss=0.0027 | val_psnr=27.81 dB | time=1.6s
[Epoch 399] train_loss=0.0036 | train_psnr=27.28 dB | val_loss=0.0028 | val_psnr=27.72 dB | time=1.6s
[Epoch 400] train_loss=0.0037 | train_psnr=27.29 dB | val_loss=0.0027 | val_psnr=27.77 dB | time=1.6s
[Epoch 401] train_loss=0.0037 | train_psnr=27.17 dB | val_loss=0.0027 | val_psnr=27.84 dB | time=1.6s
[Epoch 402] train_loss=0.0036 | train_psnr=27.27 dB | val_loss=0.0027 | val_psnr=27.87 dB | time=1.6s
[Epoch 403] train_loss=0.0036 | train_psnr=27.18 dB | val_loss=0.0027 | val_psnr=27.84 dB | time=1.7s
[Epoch 404] train_loss=0.0036 | train_psnr=27.23 dB | val_loss=0.0027 | val_psnr=27.84 dB | time=1.6s
[Epoch 405] train_loss=0.0037 | train_psnr=27.12 dB | val_loss=0.0027 | val_psnr=27.86 dB | time=1.7s
[Epoch 406] train_loss=0.0035 | train_psnr=27.41 dB | val_loss=0.0027 | val_psnr=27.79 dB | time=1.6s
[Epoch 407] train_loss=0.0037 | train_psnr=27.19 dB | val_loss=0.0027 | val_psnr=27.87 dB | time=1.6s
[Epoch 408] train_loss=0.0036 | train_psnr=27.22 dB | val_loss=0.0027 | val_psnr=27.86 dB | time=1.6s
[Epoch 409] train_loss=0.0036 | train_psnr=27.28 dB | val_loss=0.0027 | val_psnr=27.89 dB | time=1.7s
[Epoch 410] train_loss=0.0037 | train_psnr=27.30 dB | val_loss=0.0027 | val_psnr=27.90 dB | time=1.7s
[Epoch 411] train_loss=0.0036 | train_psnr=27.33 dB | val_loss=0.0027 | val_psnr=27.89 dB | time=1.6s
[Epoch 412] train_loss=0.0036 | train_psnr=27.19 dB | val_loss=0.0028 | val_psnr=27.54 dB | time=1.6s
[Epoch 413] train_loss=0.0037 | train_psnr=27.15 dB | val_loss=0.0027 | val_psnr=27.89 dB | time=1.7s
[Epoch 414] train_loss=0.0036 | train_psnr=27.24 dB | val_loss=0.0027 | val_psnr=27.90 dB | time=1.7s
[Epoch 415] train_loss=0.0035 | train_psnr=27.40 dB | val_loss=0.0027 | val_psnr=27.90 dB | time=1.6s
[Epoch 416] train_loss=0.0036 | train_psnr=27.24 dB | val_loss=0.0027 | val_psnr=27.88 dB | time=1.6s
[Epoch 417] train_loss=0.0036 | train_psnr=27.21 dB | val_loss=0.0027 | val_psnr=27.91 dB | time=1.7s
[Epoch 418] train_loss=0.0037 | train_psnr=27.25 dB | val_loss=0.0027 | val_psnr=27.83 dB | time=1.6s
[Epoch 419] train_loss=0.0036 | train_psnr=27.30 dB | val_loss=0.0027 | val_psnr=27.91 dB | time=1.7s
[Epoch 420] train_loss=0.0036 | train_psnr=27.35 dB | val_loss=0.0027 | val_psnr=27.89 dB | time=1.7s
[Epoch 421] train_loss=0.0036 | train_psnr=27.21 dB | val_loss=0.0027 | val_psnr=27.92 dB | time=1.6s
[Epoch 422] train_loss=0.0036 | train_psnr=27.28 dB | val_loss=0.0027 | val_psnr=27.91 dB | time=1.7s
[Epoch 423] train_loss=0.0036 | train_psnr=27.24 dB | val_loss=0.0027 | val_psnr=27.88 dB | time=1.6s
[Epoch 424] train_loss=0.0037 | train_psnr=27.23 dB | val_loss=0.0027 | val_psnr=27.70 dB | time=1.6s
[Epoch 425] train_loss=0.0036 | train_psnr=27.31 dB | val_loss=0.0027 | val_psnr=27.91 dB | time=1.6s
[Epoch 426] train_loss=0.0036 | train_psnr=27.20 dB | val_loss=0.0027 | val_psnr=27.80 dB | time=1.7s
[Epoch 427] train_loss=0.0036 | train_psnr=27.32 dB | val_loss=0.0027 | val_psnr=27.91 dB | time=1.7s
[Epoch 428] train_loss=0.0035 | train_psnr=27.35 dB | val_loss=0.0027 | val_psnr=27.92 dB | time=1.6s
[Epoch 429] train_loss=0.0036 | train_psnr=27.22 dB | val_loss=0.0028 | val_psnr=27.67 dB | time=1.7s
[Epoch 430] train_loss=0.0036 | train_psnr=27.24 dB | val_loss=0.0027 | val_psnr=27.87 dB | time=1.6s
[Epoch 431] train_loss=0.0036 | train_psnr=27.32 dB | val_loss=0.0027 | val_psnr=27.94 dB | time=1.6s
[Epoch 432] train_loss=0.0035 | train_psnr=27.36 dB | val_loss=0.0027 | val_psnr=27.89 dB | time=1.6s
[Epoch 433] train_loss=0.0036 | train_psnr=27.28 dB | val_loss=0.0027 | val_psnr=27.93 dB | time=1.6s
[Epoch 434] train_loss=0.0036 | train_psnr=27.30 dB | val_loss=0.0027 | val_psnr=27.94 dB | time=1.6s
[Epoch 435] train_loss=0.0035 | train_psnr=27.40 dB | val_loss=0.0027 | val_psnr=27.89 dB | time=1.6s
[Epoch 436] train_loss=0.0036 | train_psnr=27.35 dB | val_loss=0.0027 | val_psnr=27.94 dB | time=1.6s
[Epoch 437] train_loss=0.0035 | train_psnr=27.22 dB | val_loss=0.0027 | val_psnr=27.89 dB | time=1.7s
[Epoch 438] train_loss=0.0036 | train_psnr=27.36 dB | val_loss=0.0026 | val_psnr=27.95 dB | time=1.6s
[Epoch 439] train_loss=0.0035 | train_psnr=27.46 dB | val_loss=0.0027 | val_psnr=27.87 dB | time=1.7s
[Epoch 440] train_loss=0.0035 | train_psnr=27.25 dB | val_loss=0.0027 | val_psnr=27.86 dB | time=1.7s
[Epoch 441] train_loss=0.0036 | train_psnr=27.15 dB | val_loss=0.0027 | val_psnr=27.86 dB | time=1.6s
[Epoch 442] train_loss=0.0035 | train_psnr=27.35 dB | val_loss=0.0026 | val_psnr=27.95 dB | time=1.7s
[Epoch 443] train_loss=0.0036 | train_psnr=27.21 dB | val_loss=0.0027 | val_psnr=27.90 dB | time=1.6s
[Epoch 444] train_loss=0.0036 | train_psnr=27.30 dB | val_loss=0.0026 | val_psnr=27.95 dB | time=1.6s
[Epoch 445] train_loss=0.0036 | train_psnr=27.32 dB | val_loss=0.0026 | val_psnr=27.96 dB | time=1.6s
[Epoch 446] train_loss=0.0035 | train_psnr=27.43 dB | val_loss=0.0026 | val_psnr=27.96 dB | time=1.6s
[Epoch 447] train_loss=0.0035 | train_psnr=27.32 dB | val_loss=0.0026 | val_psnr=27.95 dB | time=1.7s
[Epoch 448] train_loss=0.0035 | train_psnr=27.17 dB | val_loss=0.0027 | val_psnr=27.75 dB | time=1.6s
[Epoch 449] train_loss=0.0035 | train_psnr=27.24 dB | val_loss=0.0027 | val_psnr=27.78 dB | time=1.7s
[Epoch 450] train_loss=0.0036 | train_psnr=27.04 dB | val_loss=0.0027 | val_psnr=27.67 dB | time=1.7s
[Epoch 451] train_loss=0.0035 | train_psnr=27.28 dB | val_loss=0.0026 | val_psnr=27.97 dB | time=1.7s
[Epoch 452] train_loss=0.0036 | train_psnr=27.29 dB | val_loss=0.0026 | val_psnr=27.98 dB | time=1.7s
[Epoch 453] train_loss=0.0036 | train_psnr=27.23 dB | val_loss=0.0026 | val_psnr=27.93 dB | time=1.6s
[Epoch 454] train_loss=0.0036 | train_psnr=27.31 dB | val_loss=0.0026 | val_psnr=27.92 dB | time=1.6s
[Epoch 455] train_loss=0.0035 | train_psnr=27.38 dB | val_loss=0.0026 | val_psnr=27.97 dB | time=1.6s
[Epoch 456] train_loss=0.0036 | train_psnr=27.27 dB | val_loss=0.0026 | val_psnr=27.96 dB | time=1.7s
[Epoch 457] train_loss=0.0034 | train_psnr=27.40 dB | val_loss=0.0026 | val_psnr=27.97 dB | time=1.6s
[Epoch 458] train_loss=0.0035 | train_psnr=27.41 dB | val_loss=0.0026 | val_psnr=27.98 dB | time=1.6s
[Epoch 459] train_loss=0.0034 | train_psnr=27.38 dB | val_loss=0.0026 | val_psnr=27.92 dB | time=1.6s
[Epoch 460] train_loss=0.0034 | train_psnr=27.41 dB | val_loss=0.0026 | val_psnr=27.99 dB | time=1.7s
[Epoch 461] train_loss=0.0036 | train_psnr=27.22 dB | val_loss=0.0026 | val_psnr=27.99 dB | time=1.6s
[Epoch 462] train_loss=0.0035 | train_psnr=27.40 dB | val_loss=0.0026 | val_psnr=27.99 dB | time=1.6s
[Epoch 463] train_loss=0.0035 | train_psnr=27.27 dB | val_loss=0.0026 | val_psnr=27.95 dB | time=1.6s
[Epoch 464] train_loss=0.0034 | train_psnr=27.38 dB | val_loss=0.0026 | val_psnr=27.92 dB | time=1.6s
[Epoch 465] train_loss=0.0036 | train_psnr=27.28 dB | val_loss=0.0026 | val_psnr=27.93 dB | time=1.6s
[Epoch 466] train_loss=0.0036 | train_psnr=27.29 dB | val_loss=0.0026 | val_psnr=27.95 dB | time=1.6s
[Epoch 467] train_loss=0.0035 | train_psnr=27.32 dB | val_loss=0.0026 | val_psnr=27.97 dB | time=1.6s
[Epoch 468] train_loss=0.0035 | train_psnr=27.33 dB | val_loss=0.0026 | val_psnr=27.99 dB | time=1.6s
[Epoch 469] train_loss=0.0035 | train_psnr=27.40 dB | val_loss=0.0026 | val_psnr=28.00 dB | time=1.6s
[Epoch 470] train_loss=0.0035 | train_psnr=27.34 dB | val_loss=0.0026 | val_psnr=27.98 dB | time=1.6s
[Epoch 471] train_loss=0.0034 | train_psnr=27.38 dB | val_loss=0.0026 | val_psnr=27.88 dB | time=1.6s
[Epoch 472] train_loss=0.0035 | train_psnr=27.46 dB | val_loss=0.0026 | val_psnr=27.99 dB | time=1.6s
[Epoch 473] train_loss=0.0035 | train_psnr=27.38 dB | val_loss=0.0026 | val_psnr=28.00 dB | time=1.6s
[Epoch 474] train_loss=0.0035 | train_psnr=27.31 dB | val_loss=0.0026 | val_psnr=27.99 dB | time=1.6s
[Epoch 475] train_loss=0.0034 | train_psnr=27.33 dB | val_loss=0.0026 | val_psnr=27.96 dB | time=1.6s
[Epoch 476] train_loss=0.0035 | train_psnr=27.18 dB | val_loss=0.0026 | val_psnr=27.94 dB | time=1.6s
[Epoch 477] train_loss=0.0034 | train_psnr=27.43 dB | val_loss=0.0026 | val_psnr=27.91 dB | time=1.6s
[Epoch 478] train_loss=0.0034 | train_psnr=27.35 dB | val_loss=0.0026 | val_psnr=28.00 dB | time=1.6s
[Epoch 479] train_loss=0.0035 | train_psnr=27.41 dB | val_loss=0.0026 | val_psnr=28.00 dB | time=1.7s
[Epoch 480] train_loss=0.0034 | train_psnr=27.36 dB | val_loss=0.0026 | val_psnr=28.01 dB | time=1.6s
[Epoch 481] train_loss=0.0035 | train_psnr=27.39 dB | val_loss=0.0026 | val_psnr=28.01 dB | time=1.6s
[Epoch 482] train_loss=0.0034 | train_psnr=27.47 dB | val_loss=0.0026 | val_psnr=28.02 dB | time=1.6s
[Epoch 483] train_loss=0.0035 | train_psnr=27.33 dB | val_loss=0.0026 | val_psnr=28.00 dB | time=1.6s
[Epoch 484] train_loss=0.0035 | train_psnr=27.38 dB | val_loss=0.0026 | val_psnr=28.02 dB | time=1.6s
[Epoch 485] train_loss=0.0035 | train_psnr=27.29 dB | val_loss=0.0026 | val_psnr=28.01 dB | time=1.6s
[Epoch 486] train_loss=0.0035 | train_psnr=27.32 dB | val_loss=0.0026 | val_psnr=27.89 dB | time=1.6s
[Epoch 487] train_loss=0.0034 | train_psnr=27.39 dB | val_loss=0.0026 | val_psnr=28.01 dB | time=1.6s
[Epoch 488] train_loss=0.0034 | train_psnr=27.46 dB | val_loss=0.0026 | val_psnr=28.03 dB | time=1.6s
[Epoch 489] train_loss=0.0035 | train_psnr=27.32 dB | val_loss=0.0026 | val_psnr=27.86 dB | time=1.7s
[Epoch 490] train_loss=0.0034 | train_psnr=27.36 dB | val_loss=0.0026 | val_psnr=28.00 dB | time=1.6s
[Epoch 491] train_loss=0.0034 | train_psnr=27.45 dB | val_loss=0.0026 | val_psnr=28.01 dB | time=1.7s
[Epoch 492] train_loss=0.0035 | train_psnr=27.29 dB | val_loss=0.0026 | val_psnr=28.01 dB | time=1.6s
[Epoch 493] train_loss=0.0035 | train_psnr=27.27 dB | val_loss=0.0026 | val_psnr=27.90 dB | time=1.6s
[Epoch 494] train_loss=0.0033 | train_psnr=27.40 dB | val_loss=0.0026 | val_psnr=28.04 dB | time=1.6s
[Epoch 495] train_loss=0.0033 | train_psnr=27.56 dB | val_loss=0.0026 | val_psnr=28.01 dB | time=1.6s
[Epoch 496] train_loss=0.0034 | train_psnr=27.38 dB | val_loss=0.0026 | val_psnr=28.03 dB | time=1.6s
[Epoch 497] train_loss=0.0034 | train_psnr=27.51 dB | val_loss=0.0026 | val_psnr=28.04 dB | time=1.6s
[Epoch 498] train_loss=0.0034 | train_psnr=27.39 dB | val_loss=0.0026 | val_psnr=28.03 dB | time=1.6s
[Epoch 499] train_loss=0.0035 | train_psnr=27.38 dB | val_loss=0.0026 | val_psnr=27.98 dB | time=1.7s
[Epoch 500] train_loss=0.0034 | train_psnr=27.53 dB | val_loss=0.0026 | val_psnr=28.03 dB | time=1.6s

Best PSNR: 28.04 dB
Training complete. Metrics plot saved to output/espcn_x4/metrics.png
