huster@huster-VMware-Virtual-Platform:~/桌面/OS/riscv-pke$ git checkout lab1_3_irq
分支 'lab1_3_irq' 设置为跟踪 'origin/lab1_3_irq'。
切换到一个新分支 'lab1_3_irq'
huster@huster-VMware-Virtual-Platform:~/桌面/OS/riscv-pke$ git merge lab1_2_exception -m "continue lab1_3"
自动合并 kernel/machine/mtrap.c 
自动合并 kernel/strap.c
Merge made by the 'ort' strategy.
 kernel/machine/mtrap.c | 3 +--
 kernel/strap.c         | 2 +-
 2 files changed, 2 insertions(+), 3 deletions(-)
huster@huster-VMware-Virtual-Platform:~/桌面/OS/riscv-pke$ make clean
rm -fr obj
huster@huster-VMware-Virtual-Platform:~/桌面/OS/riscv-pke$ make
compiling util/snprintf.c
compiling util/string.c
linking  obj/util.a ...
Util lib has been build into "obj/util.a"
compiling spike_interface/dts_parse.c
compiling spike_interface/spike_file.c
compiling spike_interface/spike_htif.c
compiling spike_interface/spike_memory.c
compiling spike_interface/spike_utils.c
linking  obj/spike_interface.a ...
Spike lib has been build into "obj/spike_interface.a"
compiling kernel/elf.c
compiling kernel/kernel.c
compiling kernel/process.c
compiling kernel/strap.c
compiling kernel/syscall.c
compiling kernel/machine/minit.c
compiling kernel/machine/mtrap.c
compiling kernel/strap_vector.S
compiling kernel/machine/mentry.S
compiling kernel/machine/mtrap_vector.S
linking obj/riscv-pke ...
PKE core has been built into "obj/riscv-pke"
compiling user/app_long_loop.c
compiling user/user_lib.c
linking obj/app_long_loop ...
User app has been built into "obj/app_long_loop"
huster@huster-VMware-Virtual-Platform:~/桌面/OS/riscv-pke$ spike ./obj/riscv-pke ./obj/app_long_loop
In m_start, hartid:0
HTIF is available!
(Emulated) memory size: 2048 MB
Enter supervisor mode...
Application: ./obj/app_long_loop
Application program entry point (virtual address): 0x0000000081000000
Switch to user mode...
Hello world!
wait 0
wait 5000000
wait 10000000
Ticks 0
wait 15000000
wait 20000000
Ticks 1
wait 25000000
wait 30000000
wait 35000000
Ticks 2
wait 40000000
wait 45000000
Ticks 3
wait 50000000
wait 55000000
wait 60000000
Ticks 4
wait 65000000
wait 70000000
Ticks 5
wait 75000000
wait 80000000
wait 85000000
Ticks 6
wait 90000000
wait 95000000
Ticks 7
User exit with code:0.
System is shutting down with exit code 0.
huster@huster-VMware-Virtual-Platform:~/桌面/OS/riscv-pke$ git commit -a -m "my work on lab1_3 is done."
[lab1_3_irq 1dc7360] my work on lab1_3 is done.
 1 file changed, 2 insertions(+), 1 deletion(-)
