====================
Model: IMDN
Scale: x2
Epochs: 500
Batch Size: 16
Patch Size: 96
LR: 1e-4
Optimizer: Adam
Criterion: MSE
====================
[Epoch 001] train_loss=0.1081 | train_psnr=13.84 dB | val_loss=0.0192 | val_psnr=19.72 dB | time=3.3s
[Epoch 002] train_loss=0.0264 | train_psnr=20.50 dB | val_loss=0.0127 | val_psnr=21.42 dB | time=2.5s
[Epoch 003] train_loss=0.0179 | train_psnr=22.16 dB | val_loss=0.0089 | val_psnr=23.69 dB | time=2.9s
[Epoch 004] train_loss=0.0137 | train_psnr=23.49 dB | val_loss=0.0061 | val_psnr=25.28 dB | time=2.5s
[Epoch 005] train_loss=0.0104 | train_psnr=25.04 dB | val_loss=0.0048 | val_psnr=26.39 dB | time=2.4s
[Epoch 006] train_loss=0.0080 | train_psnr=26.27 dB | val_loss=0.0038 | val_psnr=27.14 dB | time=2.5s
[Epoch 007] train_loss=0.0064 | train_psnr=26.39 dB | val_loss=0.0032 | val_psnr=27.79 dB | time=2.5s
[Epoch 008] train_loss=0.0053 | train_psnr=26.56 dB | val_loss=0.0029 | val_psnr=27.98 dB | time=2.4s
[Epoch 009] train_loss=0.0045 | train_psnr=27.21 dB | val_loss=0.0025 | val_psnr=28.70 dB | time=2.3s
[Epoch 010] train_loss=0.0040 | train_psnr=27.65 dB | val_loss=0.0023 | val_psnr=29.06 dB | time=2.3s
[Epoch 011] train_loss=0.0037 | train_psnr=28.09 dB | val_loss=0.0021 | val_psnr=29.54 dB | time=2.5s
[Epoch 012] train_loss=0.0034 | train_psnr=28.74 dB | val_loss=0.0020 | val_psnr=29.87 dB | time=2.5s
[Epoch 013] train_loss=0.0031 | train_psnr=29.06 dB | val_loss=0.0018 | val_psnr=30.29 dB | time=2.5s
[Epoch 014] train_loss=0.0029 | train_psnr=29.44 dB | val_loss=0.0017 | val_psnr=30.62 dB | time=2.5s
[Epoch 015] train_loss=0.0027 | train_psnr=29.88 dB | val_loss=0.0016 | val_psnr=30.85 dB | time=2.5s
[Epoch 016] train_loss=0.0025 | train_psnr=30.16 dB | val_loss=0.0015 | val_psnr=31.11 dB | time=2.4s
[Epoch 017] train_loss=0.0025 | train_psnr=29.90 dB | val_loss=0.0015 | val_psnr=31.11 dB | time=2.4s
[Epoch 018] train_loss=0.0024 | train_psnr=30.38 dB | val_loss=0.0014 | val_psnr=31.29 dB | time=2.5s
[Epoch 019] train_loss=0.0022 | train_psnr=30.60 dB | val_loss=0.0013 | val_psnr=31.64 dB | time=2.5s
[Epoch 020] train_loss=0.0022 | train_psnr=30.63 dB | val_loss=0.0013 | val_psnr=31.86 dB | time=2.4s
[Epoch 021] train_loss=0.0021 | train_psnr=30.95 dB | val_loss=0.0012 | val_psnr=32.10 dB | time=2.4s
[Epoch 022] train_loss=0.0020 | train_psnr=31.14 dB | val_loss=0.0012 | val_psnr=32.07 dB | time=2.4s
[Epoch 023] train_loss=0.0020 | train_psnr=31.02 dB | val_loss=0.0011 | val_psnr=32.20 dB | time=2.3s
[Epoch 024] train_loss=0.0019 | train_psnr=31.24 dB | val_loss=0.0011 | val_psnr=32.42 dB | time=2.3s
[Epoch 025] train_loss=0.0019 | train_psnr=31.52 dB | val_loss=0.0011 | val_psnr=32.63 dB | time=2.5s
[Epoch 026] train_loss=0.0018 | train_psnr=31.68 dB | val_loss=0.0014 | val_psnr=32.64 dB | time=2.5s
[Epoch 027] train_loss=0.0019 | train_psnr=31.40 dB | val_loss=0.0012 | val_psnr=31.99 dB | time=2.3s
[Epoch 028] train_loss=0.0018 | train_psnr=31.46 dB | val_loss=0.0010 | val_psnr=32.91 dB | time=2.2s
[Epoch 029] train_loss=0.0017 | train_psnr=31.76 dB | val_loss=0.0010 | val_psnr=32.85 dB | time=2.4s
[Epoch 030] train_loss=0.0017 | train_psnr=31.75 dB | val_loss=0.0009 | val_psnr=33.09 dB | time=2.5s
[Epoch 031] train_loss=0.0016 | train_psnr=32.11 dB | val_loss=0.0009 | val_psnr=33.10 dB | time=2.5s
[Epoch 032] train_loss=0.0016 | train_psnr=32.18 dB | val_loss=0.0009 | val_psnr=33.26 dB | time=2.5s
[Epoch 033] train_loss=0.0015 | train_psnr=32.28 dB | val_loss=0.0009 | val_psnr=33.33 dB | time=2.4s
[Epoch 034] train_loss=0.0016 | train_psnr=32.25 dB | val_loss=0.0009 | val_psnr=33.40 dB | time=2.5s
[Epoch 035] train_loss=0.0015 | train_psnr=32.37 dB | val_loss=0.0008 | val_psnr=33.47 dB | time=2.4s
[Epoch 036] train_loss=0.0015 | train_psnr=32.42 dB | val_loss=0.0008 | val_psnr=33.52 dB | time=2.5s
[Epoch 037] train_loss=0.0015 | train_psnr=32.44 dB | val_loss=0.0008 | val_psnr=33.60 dB | time=2.4s
[Epoch 038] train_loss=0.0014 | train_psnr=32.57 dB | val_loss=0.0009 | val_psnr=33.42 dB | time=2.5s
[Epoch 039] train_loss=0.0015 | train_psnr=32.45 dB | val_loss=0.0008 | val_psnr=33.70 dB | time=2.5s
[Epoch 040] train_loss=0.0014 | train_psnr=32.64 dB | val_loss=0.0008 | val_psnr=33.76 dB | time=2.5s
[Epoch 041] train_loss=0.0014 | train_psnr=32.60 dB | val_loss=0.0008 | val_psnr=33.76 dB | time=2.1s
[Epoch 042] train_loss=0.0014 | train_psnr=32.64 dB | val_loss=0.0008 | val_psnr=33.36 dB | time=2.5s
[Epoch 043] train_loss=0.0014 | train_psnr=31.87 dB | val_loss=0.0008 | val_psnr=33.70 dB | time=2.5s
[Epoch 044] train_loss=0.0013 | train_psnr=32.66 dB | val_loss=0.0008 | val_psnr=33.81 dB | time=2.5s
[Epoch 045] train_loss=0.0013 | train_psnr=32.81 dB | val_loss=0.0007 | val_psnr=33.96 dB | time=2.5s
[Epoch 046] train_loss=0.0013 | train_psnr=33.00 dB | val_loss=0.0007 | val_psnr=34.02 dB | time=2.5s
[Epoch 047] train_loss=0.0013 | train_psnr=33.07 dB | val_loss=0.0007 | val_psnr=34.05 dB | time=2.4s
[Epoch 048] train_loss=0.0013 | train_psnr=32.80 dB | val_loss=0.0007 | val_psnr=34.07 dB | time=2.4s
[Epoch 049] train_loss=0.0012 | train_psnr=33.02 dB | val_loss=0.0007 | val_psnr=34.13 dB | time=2.4s
[Epoch 050] train_loss=0.0012 | train_psnr=32.85 dB | val_loss=0.0008 | val_psnr=33.43 dB | time=2.5s
[Epoch 051] train_loss=0.0013 | train_psnr=32.86 dB | val_loss=0.0008 | val_psnr=34.02 dB | time=2.4s
[Epoch 052] train_loss=0.0013 | train_psnr=32.84 dB | val_loss=0.0007 | val_psnr=34.10 dB | time=2.5s
[Epoch 053] train_loss=0.0012 | train_psnr=33.14 dB | val_loss=0.0007 | val_psnr=34.17 dB | time=2.3s
[Epoch 054] train_loss=0.0012 | train_psnr=33.17 dB | val_loss=0.0007 | val_psnr=34.29 dB | time=2.2s
[Epoch 055] train_loss=0.0012 | train_psnr=33.03 dB | val_loss=0.0007 | val_psnr=34.29 dB | time=2.5s
[Epoch 056] train_loss=0.0012 | train_psnr=33.17 dB | val_loss=0.0007 | val_psnr=34.34 dB | time=2.5s
[Epoch 057] train_loss=0.0011 | train_psnr=33.24 dB | val_loss=0.0007 | val_psnr=33.80 dB | time=2.2s
[Epoch 058] train_loss=0.0012 | train_psnr=32.93 dB | val_loss=0.0007 | val_psnr=34.33 dB | time=2.3s
[Epoch 059] train_loss=0.0012 | train_psnr=32.90 dB | val_loss=0.0007 | val_psnr=34.06 dB | time=2.4s
[Epoch 060] train_loss=0.0011 | train_psnr=33.16 dB | val_loss=0.0007 | val_psnr=34.43 dB | time=2.5s
[Epoch 061] train_loss=0.0011 | train_psnr=33.42 dB | val_loss=0.0006 | val_psnr=34.44 dB | time=2.5s
[Epoch 062] train_loss=0.0011 | train_psnr=33.43 dB | val_loss=0.0006 | val_psnr=34.45 dB | time=2.4s
[Epoch 063] train_loss=0.0011 | train_psnr=33.46 dB | val_loss=0.0006 | val_psnr=34.49 dB | time=2.4s
[Epoch 064] train_loss=0.0011 | train_psnr=33.34 dB | val_loss=0.0006 | val_psnr=34.46 dB | time=2.4s
[Epoch 065] train_loss=0.0011 | train_psnr=33.37 dB | val_loss=0.0006 | val_psnr=34.49 dB | time=2.5s
[Epoch 066] train_loss=0.0011 | train_psnr=33.28 dB | val_loss=0.0006 | val_psnr=34.52 dB | time=2.5s
[Epoch 067] train_loss=0.0011 | train_psnr=33.60 dB | val_loss=0.0006 | val_psnr=34.41 dB | time=2.4s
[Epoch 068] train_loss=0.0011 | train_psnr=33.53 dB | val_loss=0.0006 | val_psnr=34.57 dB | time=2.5s
[Epoch 069] train_loss=0.0011 | train_psnr=33.16 dB | val_loss=0.0006 | val_psnr=34.58 dB | time=2.5s
[Epoch 070] train_loss=0.0011 | train_psnr=33.18 dB | val_loss=0.0006 | val_psnr=34.57 dB | time=2.4s
[Epoch 071] train_loss=0.0011 | train_psnr=33.41 dB | val_loss=0.0006 | val_psnr=34.46 dB | time=2.5s
[Epoch 072] train_loss=0.0010 | train_psnr=33.61 dB | val_loss=0.0006 | val_psnr=34.47 dB | time=2.2s
[Epoch 073] train_loss=0.0011 | train_psnr=33.31 dB | val_loss=0.0006 | val_psnr=34.59 dB | time=2.5s
[Epoch 074] train_loss=0.0010 | train_psnr=33.53 dB | val_loss=0.0006 | val_psnr=34.66 dB | time=2.5s
[Epoch 075] train_loss=0.0010 | train_psnr=33.64 dB | val_loss=0.0006 | val_psnr=34.67 dB | time=2.5s
[Epoch 076] train_loss=0.0010 | train_psnr=33.63 dB | val_loss=0.0006 | val_psnr=34.59 dB | time=2.5s
[Epoch 077] train_loss=0.0010 | train_psnr=33.57 dB | val_loss=0.0006 | val_psnr=34.68 dB | time=2.3s
[Epoch 078] train_loss=0.0010 | train_psnr=33.58 dB | val_loss=0.0006 | val_psnr=34.17 dB | time=2.5s
[Epoch 079] train_loss=0.0011 | train_psnr=32.58 dB | val_loss=0.0006 | val_psnr=34.21 dB | time=2.4s
[Epoch 080] train_loss=0.0010 | train_psnr=33.40 dB | val_loss=0.0006 | val_psnr=34.68 dB | time=2.5s
[Epoch 081] train_loss=0.0010 | train_psnr=33.58 dB | val_loss=0.0006 | val_psnr=34.72 dB | time=2.3s
[Epoch 082] train_loss=0.0010 | train_psnr=33.69 dB | val_loss=0.0006 | val_psnr=34.71 dB | time=2.4s
[Epoch 083] train_loss=0.0010 | train_psnr=33.63 dB | val_loss=0.0006 | val_psnr=34.75 dB | time=2.4s
[Epoch 084] train_loss=0.0010 | train_psnr=33.72 dB | val_loss=0.0006 | val_psnr=34.75 dB | time=2.4s
[Epoch 085] train_loss=0.0010 | train_psnr=33.65 dB | val_loss=0.0006 | val_psnr=34.76 dB | time=2.5s
[Epoch 086] train_loss=0.0010 | train_psnr=33.80 dB | val_loss=0.0006 | val_psnr=34.77 dB | time=2.4s
[Epoch 087] train_loss=0.0009 | train_psnr=33.78 dB | val_loss=0.0006 | val_psnr=34.75 dB | time=2.4s
[Epoch 088] train_loss=0.0009 | train_psnr=33.88 dB | val_loss=0.0006 | val_psnr=34.78 dB | time=2.5s
[Epoch 089] train_loss=0.0010 | train_psnr=33.80 dB | val_loss=0.0006 | val_psnr=34.79 dB | time=2.4s
[Epoch 090] train_loss=0.0010 | train_psnr=33.58 dB | val_loss=0.0006 | val_psnr=34.03 dB | time=2.4s
[Epoch 091] train_loss=0.0010 | train_psnr=33.31 dB | val_loss=0.0006 | val_psnr=34.23 dB | time=2.5s
[Epoch 092] train_loss=0.0010 | train_psnr=33.56 dB | val_loss=0.0006 | val_psnr=34.79 dB | time=2.5s
[Epoch 093] train_loss=0.0009 | train_psnr=33.86 dB | val_loss=0.0006 | val_psnr=34.82 dB | time=2.5s
[Epoch 094] train_loss=0.0009 | train_psnr=33.72 dB | val_loss=0.0006 | val_psnr=34.83 dB | time=2.4s
[Epoch 095] train_loss=0.0009 | train_psnr=33.89 dB | val_loss=0.0006 | val_psnr=34.83 dB | time=2.3s
[Epoch 096] train_loss=0.0009 | train_psnr=33.89 dB | val_loss=0.0006 | val_psnr=34.84 dB | time=2.4s
[Epoch 097] train_loss=0.0010 | train_psnr=33.88 dB | val_loss=0.0006 | val_psnr=34.85 dB | time=2.4s
[Epoch 098] train_loss=0.0010 | train_psnr=33.78 dB | val_loss=0.0006 | val_psnr=34.84 dB | time=2.4s
[Epoch 099] train_loss=0.0009 | train_psnr=33.92 dB | val_loss=0.0006 | val_psnr=34.80 dB | time=2.4s
[Epoch 100] train_loss=0.0009 | train_psnr=33.92 dB | val_loss=0.0006 | val_psnr=34.86 dB | time=2.5s
[Epoch 101] train_loss=0.0010 | train_psnr=33.61 dB | val_loss=0.0006 | val_psnr=34.87 dB | time=2.5s
[Epoch 102] train_loss=0.0010 | train_psnr=33.02 dB | val_loss=0.0006 | val_psnr=34.80 dB | time=2.4s
[Epoch 103] train_loss=0.0010 | train_psnr=33.18 dB | val_loss=0.0006 | val_psnr=34.82 dB | time=2.5s
[Epoch 104] train_loss=0.0009 | train_psnr=33.69 dB | val_loss=0.0006 | val_psnr=34.72 dB | time=2.5s
[Epoch 105] train_loss=0.0009 | train_psnr=33.80 dB | val_loss=0.0005 | val_psnr=34.89 dB | time=2.4s
[Epoch 106] train_loss=0.0009 | train_psnr=33.99 dB | val_loss=0.0005 | val_psnr=34.90 dB | time=2.4s
[Epoch 107] train_loss=0.0009 | train_psnr=33.97 dB | val_loss=0.0005 | val_psnr=34.89 dB | time=2.5s
[Epoch 108] train_loss=0.0009 | train_psnr=33.94 dB | val_loss=0.0005 | val_psnr=34.89 dB | time=2.4s
[Epoch 109] train_loss=0.0009 | train_psnr=33.97 dB | val_loss=0.0005 | val_psnr=34.90 dB | time=2.4s
[Epoch 110] train_loss=0.0010 | train_psnr=33.86 dB | val_loss=0.0005 | val_psnr=34.91 dB | time=2.4s
[Epoch 111] train_loss=0.0009 | train_psnr=33.83 dB | val_loss=0.0006 | val_psnr=34.91 dB | time=2.5s
[Epoch 112] train_loss=0.0009 | train_psnr=33.92 dB | val_loss=0.0006 | val_psnr=34.84 dB | time=2.1s
[Epoch 113] train_loss=0.0009 | train_psnr=33.88 dB | val_loss=0.0005 | val_psnr=34.92 dB | time=2.5s
[Epoch 114] train_loss=0.0009 | train_psnr=33.90 dB | val_loss=0.0005 | val_psnr=34.93 dB | time=2.5s
[Epoch 115] train_loss=0.0009 | train_psnr=33.92 dB | val_loss=0.0005 | val_psnr=34.94 dB | time=2.5s
[Epoch 116] train_loss=0.0009 | train_psnr=33.86 dB | val_loss=0.0006 | val_psnr=34.22 dB | time=2.5s
[Epoch 117] train_loss=0.0010 | train_psnr=33.29 dB | val_loss=0.0006 | val_psnr=34.90 dB | time=2.5s
[Epoch 118] train_loss=0.0009 | train_psnr=33.73 dB | val_loss=0.0005 | val_psnr=34.94 dB | time=2.3s
[Epoch 119] train_loss=0.0009 | train_psnr=34.03 dB | val_loss=0.0005 | val_psnr=34.96 dB | time=2.4s
[Epoch 120] train_loss=0.0009 | train_psnr=33.98 dB | val_loss=0.0005 | val_psnr=34.96 dB | time=2.5s
[Epoch 121] train_loss=0.0009 | train_psnr=33.95 dB | val_loss=0.0005 | val_psnr=34.93 dB | time=2.5s
[Epoch 122] train_loss=0.0009 | train_psnr=33.80 dB | val_loss=0.0005 | val_psnr=34.92 dB | time=2.5s
[Epoch 123] train_loss=0.0009 | train_psnr=34.03 dB | val_loss=0.0005 | val_psnr=34.79 dB | time=2.5s
[Epoch 124] train_loss=0.0009 | train_psnr=33.91 dB | val_loss=0.0006 | val_psnr=34.59 dB | time=2.4s
[Epoch 125] train_loss=0.0009 | train_psnr=33.35 dB | val_loss=0.0006 | val_psnr=34.37 dB | time=2.4s
[Epoch 126] train_loss=0.0009 | train_psnr=33.67 dB | val_loss=0.0005 | val_psnr=34.71 dB | time=2.5s
[Epoch 127] train_loss=0.0009 | train_psnr=33.94 dB | val_loss=0.0005 | val_psnr=34.99 dB | time=2.3s
[Epoch 128] train_loss=0.0009 | train_psnr=33.98 dB | val_loss=0.0005 | val_psnr=34.98 dB | time=2.4s
[Epoch 129] train_loss=0.0009 | train_psnr=33.97 dB | val_loss=0.0005 | val_psnr=34.99 dB | time=2.4s
[Epoch 130] train_loss=0.0009 | train_psnr=34.11 dB | val_loss=0.0005 | val_psnr=35.00 dB | time=2.4s
[Epoch 131] train_loss=0.0009 | train_psnr=33.98 dB | val_loss=0.0005 | val_psnr=34.99 dB | time=2.5s
[Epoch 132] train_loss=0.0008 | train_psnr=34.10 dB | val_loss=0.0005 | val_psnr=35.00 dB | time=2.5s
[Epoch 133] train_loss=0.0008 | train_psnr=33.90 dB | val_loss=0.0005 | val_psnr=34.78 dB | time=2.5s
[Epoch 134] train_loss=0.0010 | train_psnr=32.98 dB | val_loss=0.0006 | val_psnr=33.73 dB | time=2.5s
[Epoch 135] train_loss=0.0009 | train_psnr=33.22 dB | val_loss=0.0005 | val_psnr=34.98 dB | time=2.4s
[Epoch 136] train_loss=0.0009 | train_psnr=33.80 dB | val_loss=0.0005 | val_psnr=35.00 dB | time=2.4s
[Epoch 137] train_loss=0.0009 | train_psnr=33.86 dB | val_loss=0.0005 | val_psnr=34.99 dB | time=2.5s
[Epoch 138] train_loss=0.0009 | train_psnr=33.97 dB | val_loss=0.0005 | val_psnr=35.00 dB | time=2.4s
[Epoch 139] train_loss=0.0009 | train_psnr=33.95 dB | val_loss=0.0005 | val_psnr=35.03 dB | time=2.3s
[Epoch 140] train_loss=0.0009 | train_psnr=33.95 dB | val_loss=0.0005 | val_psnr=35.02 dB | time=2.5s
[Epoch 141] train_loss=0.0009 | train_psnr=34.06 dB | val_loss=0.0005 | val_psnr=35.03 dB | time=2.5s
[Epoch 142] train_loss=0.0009 | train_psnr=34.06 dB | val_loss=0.0005 | val_psnr=35.04 dB | time=2.4s
[Epoch 143] train_loss=0.0009 | train_psnr=33.87 dB | val_loss=0.0005 | val_psnr=35.04 dB | time=2.5s
[Epoch 144] train_loss=0.0008 | train_psnr=34.02 dB | val_loss=0.0005 | val_psnr=35.04 dB | time=2.4s
[Epoch 145] train_loss=0.0009 | train_psnr=33.81 dB | val_loss=0.0005 | val_psnr=35.00 dB | time=2.5s
[Epoch 146] train_loss=0.0008 | train_psnr=34.10 dB | val_loss=0.0005 | val_psnr=35.04 dB | time=2.5s
[Epoch 147] train_loss=0.0009 | train_psnr=33.83 dB | val_loss=0.0005 | val_psnr=34.97 dB | time=2.5s
[Epoch 148] train_loss=0.0009 | train_psnr=33.76 dB | val_loss=0.0005 | val_psnr=35.01 dB | time=2.4s
[Epoch 149] train_loss=0.0008 | train_psnr=33.97 dB | val_loss=0.0005 | val_psnr=35.03 dB | time=2.5s
[Epoch 150] train_loss=0.0009 | train_psnr=34.04 dB | val_loss=0.0005 | val_psnr=35.06 dB | time=2.4s
[Epoch 151] train_loss=0.0009 | train_psnr=34.05 dB | val_loss=0.0005 | val_psnr=35.03 dB | time=2.4s
[Epoch 152] train_loss=0.0008 | train_psnr=34.04 dB | val_loss=0.0005 | val_psnr=35.07 dB | time=2.5s
[Epoch 153] train_loss=0.0008 | train_psnr=34.12 dB | val_loss=0.0005 | val_psnr=35.07 dB | time=2.4s
[Epoch 154] train_loss=0.0008 | train_psnr=34.07 dB | val_loss=0.0005 | val_psnr=35.06 dB | time=2.5s
[Epoch 155] train_loss=0.0008 | train_psnr=34.21 dB | val_loss=0.0005 | val_psnr=35.08 dB | time=2.3s
[Epoch 156] train_loss=0.0009 | train_psnr=34.13 dB | val_loss=0.0005 | val_psnr=35.05 dB | time=2.4s
[Epoch 157] train_loss=0.0008 | train_psnr=34.02 dB | val_loss=0.0005 | val_psnr=35.04 dB | time=2.5s
[Epoch 158] train_loss=0.0008 | train_psnr=34.03 dB | val_loss=0.0005 | val_psnr=35.09 dB | time=2.5s
[Epoch 159] train_loss=0.0008 | train_psnr=34.00 dB | val_loss=0.0005 | val_psnr=35.08 dB | time=2.5s
[Epoch 160] train_loss=0.0008 | train_psnr=34.09 dB | val_loss=0.0005 | val_psnr=35.08 dB | time=2.5s
[Epoch 161] train_loss=0.0008 | train_psnr=34.13 dB | val_loss=0.0005 | val_psnr=35.10 dB | time=2.3s
[Epoch 162] train_loss=0.0008 | train_psnr=34.07 dB | val_loss=0.0005 | val_psnr=35.05 dB | time=2.3s
[Epoch 163] train_loss=0.0008 | train_psnr=33.86 dB | val_loss=0.0005 | val_psnr=34.97 dB | time=2.5s
[Epoch 164] train_loss=0.0008 | train_psnr=33.95 dB | val_loss=0.0005 | val_psnr=35.09 dB | time=2.4s
[Epoch 165] train_loss=0.0008 | train_psnr=34.14 dB | val_loss=0.0005 | val_psnr=35.09 dB | time=2.4s
[Epoch 166] train_loss=0.0008 | train_psnr=34.15 dB | val_loss=0.0005 | val_psnr=35.11 dB | time=2.5s
[Epoch 167] train_loss=0.0009 | train_psnr=33.98 dB | val_loss=0.0005 | val_psnr=35.11 dB | time=2.3s
[Epoch 168] train_loss=0.0008 | train_psnr=34.11 dB | val_loss=0.0005 | val_psnr=35.09 dB | time=2.2s
[Epoch 169] train_loss=0.0008 | train_psnr=34.10 dB | val_loss=0.0005 | val_psnr=35.12 dB | time=2.4s
[Epoch 170] train_loss=0.0008 | train_psnr=34.13 dB | val_loss=0.0005 | val_psnr=35.06 dB | time=2.5s
[Epoch 171] train_loss=0.0008 | train_psnr=33.76 dB | val_loss=0.0005 | val_psnr=34.73 dB | time=2.5s
[Epoch 172] train_loss=0.0008 | train_psnr=33.43 dB | val_loss=0.0005 | val_psnr=34.99 dB | time=2.4s
[Epoch 173] train_loss=0.0008 | train_psnr=33.94 dB | val_loss=0.0005 | val_psnr=35.12 dB | time=2.5s
[Epoch 174] train_loss=0.0008 | train_psnr=34.06 dB | val_loss=0.0005 | val_psnr=35.15 dB | time=2.3s
[Epoch 175] train_loss=0.0008 | train_psnr=34.24 dB | val_loss=0.0005 | val_psnr=35.14 dB | time=2.5s
[Epoch 176] train_loss=0.0008 | train_psnr=34.17 dB | val_loss=0.0005 | val_psnr=35.15 dB | time=2.5s
[Epoch 177] train_loss=0.0008 | train_psnr=34.33 dB | val_loss=0.0005 | val_psnr=35.16 dB | time=2.5s
[Epoch 178] train_loss=0.0008 | train_psnr=34.07 dB | val_loss=0.0005 | val_psnr=35.14 dB | time=2.5s
[Epoch 179] train_loss=0.0008 | train_psnr=33.99 dB | val_loss=0.0005 | val_psnr=35.17 dB | time=2.5s
[Epoch 180] train_loss=0.0008 | train_psnr=33.89 dB | val_loss=0.0005 | val_psnr=35.16 dB | time=2.5s
[Epoch 181] train_loss=0.0008 | train_psnr=34.16 dB | val_loss=0.0005 | val_psnr=35.16 dB | time=2.5s
[Epoch 182] train_loss=0.0008 | train_psnr=34.15 dB | val_loss=0.0005 | val_psnr=35.18 dB | time=2.5s
[Epoch 183] train_loss=0.0009 | train_psnr=33.99 dB | val_loss=0.0005 | val_psnr=35.17 dB | time=2.4s
[Epoch 184] train_loss=0.0008 | train_psnr=34.13 dB | val_loss=0.0005 | val_psnr=35.13 dB | time=2.5s
[Epoch 185] train_loss=0.0008 | train_psnr=34.19 dB | val_loss=0.0005 | val_psnr=35.18 dB | time=2.4s
[Epoch 186] train_loss=0.0008 | train_psnr=34.14 dB | val_loss=0.0005 | val_psnr=35.19 dB | time=2.4s
[Epoch 187] train_loss=0.0008 | train_psnr=34.18 dB | val_loss=0.0005 | val_psnr=35.20 dB | time=2.5s
[Epoch 188] train_loss=0.0008 | train_psnr=34.33 dB | val_loss=0.0005 | val_psnr=35.20 dB | time=2.5s
[Epoch 189] train_loss=0.0008 | train_psnr=34.04 dB | val_loss=0.0005 | val_psnr=35.21 dB | time=2.5s
[Epoch 190] train_loss=0.0008 | train_psnr=34.24 dB | val_loss=0.0005 | val_psnr=35.21 dB | time=2.4s
[Epoch 191] train_loss=0.0008 | train_psnr=34.39 dB | val_loss=0.0005 | val_psnr=35.21 dB | time=2.5s
[Epoch 192] train_loss=0.0008 | train_psnr=34.12 dB | val_loss=0.0005 | val_psnr=35.19 dB | time=2.5s
[Epoch 193] train_loss=0.0008 | train_psnr=34.02 dB | val_loss=0.0005 | val_psnr=35.22 dB | time=2.3s
[Epoch 194] train_loss=0.0008 | train_psnr=34.07 dB | val_loss=0.0005 | val_psnr=34.66 dB | time=2.4s
[Epoch 195] train_loss=0.0008 | train_psnr=34.21 dB | val_loss=0.0005 | val_psnr=35.22 dB | time=2.5s
[Epoch 196] train_loss=0.0008 | train_psnr=34.23 dB | val_loss=0.0005 | val_psnr=35.23 dB | time=2.5s
[Epoch 197] train_loss=0.0008 | train_psnr=34.19 dB | val_loss=0.0005 | val_psnr=35.15 dB | time=2.5s
[Epoch 198] train_loss=0.0008 | train_psnr=34.17 dB | val_loss=0.0005 | val_psnr=35.22 dB | time=2.5s
[Epoch 199] train_loss=0.0008 | train_psnr=34.13 dB | val_loss=0.0005 | val_psnr=35.25 dB | time=2.5s
[Epoch 200] train_loss=0.0008 | train_psnr=34.29 dB | val_loss=0.0005 | val_psnr=35.24 dB | time=2.4s
[Epoch 201] train_loss=0.0008 | train_psnr=34.15 dB | val_loss=0.0005 | val_psnr=35.25 dB | time=2.5s
[Epoch 202] train_loss=0.0008 | train_psnr=33.97 dB | val_loss=0.0005 | val_psnr=35.12 dB | time=2.5s
[Epoch 203] train_loss=0.0008 | train_psnr=33.49 dB | val_loss=0.0005 | val_psnr=34.97 dB | time=2.4s
[Epoch 204] train_loss=0.0008 | train_psnr=33.83 dB | val_loss=0.0005 | val_psnr=34.72 dB | time=2.2s
[Epoch 205] train_loss=0.0008 | train_psnr=34.07 dB | val_loss=0.0005 | val_psnr=35.01 dB | time=2.5s
[Epoch 206] train_loss=0.0008 | train_psnr=34.08 dB | val_loss=0.0005 | val_psnr=35.27 dB | time=2.5s
[Epoch 207] train_loss=0.0008 | train_psnr=34.09 dB | val_loss=0.0005 | val_psnr=35.27 dB | time=2.5s
[Epoch 208] train_loss=0.0008 | train_psnr=34.31 dB | val_loss=0.0005 | val_psnr=35.24 dB | time=2.5s
[Epoch 209] train_loss=0.0008 | train_psnr=34.12 dB | val_loss=0.0005 | val_psnr=35.04 dB | time=2.5s
[Epoch 210] train_loss=0.0008 | train_psnr=33.96 dB | val_loss=0.0005 | val_psnr=35.27 dB | time=2.5s
[Epoch 211] train_loss=0.0008 | train_psnr=34.26 dB | val_loss=0.0005 | val_psnr=35.31 dB | time=2.5s
[Epoch 212] train_loss=0.0008 | train_psnr=34.19 dB | val_loss=0.0005 | val_psnr=35.32 dB | time=2.4s
[Epoch 213] train_loss=0.0008 | train_psnr=34.22 dB | val_loss=0.0005 | val_psnr=35.30 dB | time=2.3s
[Epoch 214] train_loss=0.0008 | train_psnr=34.27 dB | val_loss=0.0005 | val_psnr=35.33 dB | time=2.3s
[Epoch 215] train_loss=0.0008 | train_psnr=34.21 dB | val_loss=0.0005 | val_psnr=35.32 dB | time=2.5s
[Epoch 216] train_loss=0.0008 | train_psnr=34.34 dB | val_loss=0.0005 | val_psnr=35.34 dB | time=2.5s
[Epoch 217] train_loss=0.0008 | train_psnr=34.40 dB | val_loss=0.0005 | val_psnr=35.35 dB | time=2.5s
[Epoch 218] train_loss=0.0008 | train_psnr=34.36 dB | val_loss=0.0005 | val_psnr=35.34 dB | time=2.5s
[Epoch 219] train_loss=0.0008 | train_psnr=34.24 dB | val_loss=0.0005 | val_psnr=35.36 dB | time=2.4s
[Epoch 220] train_loss=0.0008 | train_psnr=34.26 dB | val_loss=0.0005 | val_psnr=35.36 dB | time=2.4s
[Epoch 221] train_loss=0.0008 | train_psnr=34.35 dB | val_loss=0.0005 | val_psnr=35.37 dB | time=2.4s
[Epoch 222] train_loss=0.0007 | train_psnr=34.35 dB | val_loss=0.0005 | val_psnr=35.34 dB | time=2.5s
[Epoch 223] train_loss=0.0008 | train_psnr=34.03 dB | val_loss=0.0005 | val_psnr=34.96 dB | time=2.4s
[Epoch 224] train_loss=0.0008 | train_psnr=34.10 dB | val_loss=0.0005 | val_psnr=35.37 dB | time=2.5s
[Epoch 225] train_loss=0.0008 | train_psnr=34.28 dB | val_loss=0.0005 | val_psnr=35.37 dB | time=2.5s
[Epoch 226] train_loss=0.0008 | train_psnr=34.30 dB | val_loss=0.0005 | val_psnr=35.38 dB | time=2.4s
[Epoch 227] train_loss=0.0007 | train_psnr=34.27 dB | val_loss=0.0005 | val_psnr=35.41 dB | time=2.4s
[Epoch 228] train_loss=0.0008 | train_psnr=34.44 dB | val_loss=0.0005 | val_psnr=35.38 dB | time=2.5s
[Epoch 229] train_loss=0.0008 | train_psnr=34.30 dB | val_loss=0.0004 | val_psnr=35.42 dB | time=2.5s
[Epoch 230] train_loss=0.0008 | train_psnr=34.43 dB | val_loss=0.0004 | val_psnr=35.41 dB | time=2.4s
[Epoch 231] train_loss=0.0008 | train_psnr=34.38 dB | val_loss=0.0005 | val_psnr=35.37 dB | time=2.5s
[Epoch 232] train_loss=0.0008 | train_psnr=34.09 dB | val_loss=0.0004 | val_psnr=35.40 dB | time=2.5s
[Epoch 233] train_loss=0.0008 | train_psnr=34.25 dB | val_loss=0.0005 | val_psnr=35.28 dB | time=2.5s
[Epoch 234] train_loss=0.0008 | train_psnr=34.19 dB | val_loss=0.0004 | val_psnr=35.44 dB | time=2.5s
[Epoch 235] train_loss=0.0008 | train_psnr=34.29 dB | val_loss=0.0005 | val_psnr=35.15 dB | time=2.1s
[Epoch 236] train_loss=0.0008 | train_psnr=33.86 dB | val_loss=0.0005 | val_psnr=35.28 dB | time=2.5s
[Epoch 237] train_loss=0.0008 | train_psnr=34.13 dB | val_loss=0.0004 | val_psnr=35.39 dB | time=2.4s
[Epoch 238] train_loss=0.0008 | train_psnr=34.36 dB | val_loss=0.0004 | val_psnr=35.45 dB | time=2.4s
[Epoch 239] train_loss=0.0008 | train_psnr=34.30 dB | val_loss=0.0004 | val_psnr=35.45 dB | time=2.4s
[Epoch 240] train_loss=0.0008 | train_psnr=34.34 dB | val_loss=0.0004 | val_psnr=35.47 dB | time=2.5s
[Epoch 241] train_loss=0.0008 | train_psnr=34.42 dB | val_loss=0.0004 | val_psnr=35.48 dB | time=2.5s
[Epoch 242] train_loss=0.0008 | train_psnr=34.34 dB | val_loss=0.0004 | val_psnr=35.49 dB | time=2.4s
[Epoch 243] train_loss=0.0008 | train_psnr=34.35 dB | val_loss=0.0004 | val_psnr=35.48 dB | time=2.4s
[Epoch 244] train_loss=0.0008 | train_psnr=34.41 dB | val_loss=0.0004 | val_psnr=35.50 dB | time=2.5s
[Epoch 245] train_loss=0.0008 | train_psnr=34.39 dB | val_loss=0.0004 | val_psnr=35.51 dB | time=2.4s
[Epoch 246] train_loss=0.0007 | train_psnr=34.38 dB | val_loss=0.0004 | val_psnr=35.50 dB | time=2.4s
[Epoch 247] train_loss=0.0007 | train_psnr=34.46 dB | val_loss=0.0004 | val_psnr=35.50 dB | time=2.5s
[Epoch 248] train_loss=0.0008 | train_psnr=34.29 dB | val_loss=0.0004 | val_psnr=35.52 dB | time=2.5s
[Epoch 249] train_loss=0.0007 | train_psnr=34.44 dB | val_loss=0.0004 | val_psnr=35.52 dB | time=2.5s
[Epoch 250] train_loss=0.0008 | train_psnr=34.32 dB | val_loss=0.0004 | val_psnr=35.44 dB | time=2.5s
[Epoch 251] train_loss=0.0008 | train_psnr=34.28 dB | val_loss=0.0004 | val_psnr=35.53 dB | time=2.5s
[Epoch 252] train_loss=0.0008 | train_psnr=34.15 dB | val_loss=0.0005 | val_psnr=35.17 dB | time=2.4s
[Epoch 253] train_loss=0.0008 | train_psnr=33.88 dB | val_loss=0.0005 | val_psnr=35.49 dB | time=2.5s
[Epoch 254] train_loss=0.0007 | train_psnr=34.33 dB | val_loss=0.0004 | val_psnr=35.47 dB | time=2.5s
[Epoch 255] train_loss=0.0008 | train_psnr=34.38 dB | val_loss=0.0004 | val_psnr=35.51 dB | time=2.5s
[Epoch 256] train_loss=0.0008 | train_psnr=34.27 dB | val_loss=0.0004 | val_psnr=35.57 dB | time=2.5s
[Epoch 257] train_loss=0.0008 | train_psnr=34.37 dB | val_loss=0.0004 | val_psnr=35.58 dB | time=2.4s
[Epoch 258] train_loss=0.0007 | train_psnr=34.40 dB | val_loss=0.0004 | val_psnr=35.57 dB | time=2.5s
[Epoch 259] train_loss=0.0007 | train_psnr=34.48 dB | val_loss=0.0004 | val_psnr=35.58 dB | time=2.2s
[Epoch 260] train_loss=0.0008 | train_psnr=34.51 dB | val_loss=0.0004 | val_psnr=35.59 dB | time=2.5s
[Epoch 261] train_loss=0.0007 | train_psnr=34.58 dB | val_loss=0.0004 | val_psnr=35.61 dB | time=2.5s
[Epoch 262] train_loss=0.0008 | train_psnr=34.22 dB | val_loss=0.0004 | val_psnr=35.51 dB | time=2.3s
[Epoch 263] train_loss=0.0008 | train_psnr=34.50 dB | val_loss=0.0004 | val_psnr=35.61 dB | time=2.4s
[Epoch 264] train_loss=0.0007 | train_psnr=34.43 dB | val_loss=0.0004 | val_psnr=35.63 dB | time=2.4s
[Epoch 265] train_loss=0.0008 | train_psnr=34.50 dB | val_loss=0.0004 | val_psnr=35.63 dB | time=2.5s
[Epoch 266] train_loss=0.0008 | train_psnr=34.47 dB | val_loss=0.0004 | val_psnr=35.65 dB | time=2.5s
[Epoch 267] train_loss=0.0007 | train_psnr=34.43 dB | val_loss=0.0004 | val_psnr=35.64 dB | time=2.5s
[Epoch 268] train_loss=0.0007 | train_psnr=34.49 dB | val_loss=0.0004 | val_psnr=35.65 dB | time=2.5s
[Epoch 269] train_loss=0.0008 | train_psnr=34.46 dB | val_loss=0.0004 | val_psnr=35.65 dB | time=2.5s
[Epoch 270] train_loss=0.0007 | train_psnr=34.54 dB | val_loss=0.0004 | val_psnr=35.38 dB | time=2.1s
[Epoch 271] train_loss=0.0008 | train_psnr=34.33 dB | val_loss=0.0004 | val_psnr=35.57 dB | time=2.5s
[Epoch 272] train_loss=0.0008 | train_psnr=34.33 dB | val_loss=0.0004 | val_psnr=35.26 dB | time=2.4s
[Epoch 273] train_loss=0.0008 | train_psnr=34.31 dB | val_loss=0.0004 | val_psnr=35.63 dB | time=2.5s
[Epoch 274] train_loss=0.0008 | train_psnr=34.42 dB | val_loss=0.0004 | val_psnr=35.61 dB | time=2.5s
[Epoch 275] train_loss=0.0007 | train_psnr=34.58 dB | val_loss=0.0004 | val_psnr=35.69 dB | time=2.5s
[Epoch 276] train_loss=0.0007 | train_psnr=34.70 dB | val_loss=0.0004 | val_psnr=35.72 dB | time=2.5s
[Epoch 277] train_loss=0.0007 | train_psnr=34.60 dB | val_loss=0.0004 | val_psnr=35.72 dB | time=2.5s
[Epoch 278] train_loss=0.0007 | train_psnr=34.54 dB | val_loss=0.0004 | val_psnr=35.72 dB | time=2.5s
[Epoch 279] train_loss=0.0008 | train_psnr=34.52 dB | val_loss=0.0004 | val_psnr=35.73 dB | time=2.5s
[Epoch 280] train_loss=0.0008 | train_psnr=34.47 dB | val_loss=0.0004 | val_psnr=35.74 dB | time=2.5s
[Epoch 281] train_loss=0.0008 | train_psnr=34.35 dB | val_loss=0.0004 | val_psnr=35.73 dB | time=2.4s
[Epoch 282] train_loss=0.0008 | train_psnr=34.65 dB | val_loss=0.0004 | val_psnr=35.76 dB | time=2.5s
[Epoch 283] train_loss=0.0008 | train_psnr=34.54 dB | val_loss=0.0004 | val_psnr=35.76 dB | time=2.4s
[Epoch 284] train_loss=0.0007 | train_psnr=34.60 dB | val_loss=0.0004 | val_psnr=35.76 dB | time=2.5s
[Epoch 285] train_loss=0.0007 | train_psnr=34.68 dB | val_loss=0.0004 | val_psnr=35.77 dB | time=2.1s
[Epoch 286] train_loss=0.0008 | train_psnr=34.60 dB | val_loss=0.0004 | val_psnr=35.78 dB | time=2.5s
[Epoch 287] train_loss=0.0007 | train_psnr=34.53 dB | val_loss=0.0004 | val_psnr=35.74 dB | time=2.5s
[Epoch 288] train_loss=0.0008 | train_psnr=34.63 dB | val_loss=0.0004 | val_psnr=35.79 dB | time=2.5s
[Epoch 289] train_loss=0.0007 | train_psnr=34.66 dB | val_loss=0.0004 | val_psnr=35.81 dB | time=2.5s
[Epoch 290] train_loss=0.0008 | train_psnr=34.61 dB | val_loss=0.0004 | val_psnr=35.78 dB | time=2.4s
[Epoch 291] train_loss=0.0007 | train_psnr=34.59 dB | val_loss=0.0004 | val_psnr=35.77 dB | time=2.5s
[Epoch 292] train_loss=0.0008 | train_psnr=34.40 dB | val_loss=0.0004 | val_psnr=35.69 dB | time=2.5s
[Epoch 293] train_loss=0.0007 | train_psnr=34.56 dB | val_loss=0.0004 | val_psnr=35.77 dB | time=2.3s
[Epoch 294] train_loss=0.0008 | train_psnr=34.37 dB | val_loss=0.0004 | val_psnr=35.54 dB | time=2.5s
[Epoch 295] train_loss=0.0007 | train_psnr=34.53 dB | val_loss=0.0004 | val_psnr=35.67 dB | time=2.5s
[Epoch 296] train_loss=0.0007 | train_psnr=34.59 dB | val_loss=0.0004 | val_psnr=35.83 dB | time=2.4s
[Epoch 297] train_loss=0.0007 | train_psnr=34.40 dB | val_loss=0.0004 | val_psnr=35.55 dB | time=2.5s
[Epoch 298] train_loss=0.0007 | train_psnr=34.64 dB | val_loss=0.0004 | val_psnr=35.86 dB | time=2.5s
[Epoch 299] train_loss=0.0007 | train_psnr=34.41 dB | val_loss=0.0004 | val_psnr=35.71 dB | time=2.4s
[Epoch 300] train_loss=0.0007 | train_psnr=34.63 dB | val_loss=0.0004 | val_psnr=35.87 dB | time=2.5s
[Epoch 301] train_loss=0.0007 | train_psnr=34.81 dB | val_loss=0.0004 | val_psnr=35.89 dB | time=2.5s
[Epoch 302] train_loss=0.0007 | train_psnr=34.72 dB | val_loss=0.0004 | val_psnr=35.90 dB | time=2.4s
[Epoch 303] train_loss=0.0007 | train_psnr=34.68 dB | val_loss=0.0004 | val_psnr=35.93 dB | time=2.2s
[Epoch 304] train_loss=0.0007 | train_psnr=34.78 dB | val_loss=0.0004 | val_psnr=35.93 dB | time=2.4s
[Epoch 305] train_loss=0.0007 | train_psnr=34.82 dB | val_loss=0.0004 | val_psnr=35.93 dB | time=2.1s
[Epoch 306] train_loss=0.0007 | train_psnr=34.75 dB | val_loss=0.0004 | val_psnr=35.92 dB | time=2.5s
[Epoch 307] train_loss=0.0007 | train_psnr=34.70 dB | val_loss=0.0004 | val_psnr=35.94 dB | time=2.5s
[Epoch 308] train_loss=0.0007 | train_psnr=34.65 dB | val_loss=0.0004 | val_psnr=35.91 dB | time=2.5s
[Epoch 309] train_loss=0.0007 | train_psnr=34.72 dB | val_loss=0.0004 | val_psnr=35.94 dB | time=2.5s
[Epoch 310] train_loss=0.0007 | train_psnr=34.69 dB | val_loss=0.0004 | val_psnr=35.94 dB | time=2.5s
[Epoch 311] train_loss=0.0007 | train_psnr=34.86 dB | val_loss=0.0004 | val_psnr=35.95 dB | time=2.3s
[Epoch 312] train_loss=0.0007 | train_psnr=34.88 dB | val_loss=0.0004 | val_psnr=35.98 dB | time=2.5s
[Epoch 313] train_loss=0.0008 | train_psnr=34.59 dB | val_loss=0.0004 | val_psnr=35.64 dB | time=2.5s
[Epoch 314] train_loss=0.0007 | train_psnr=34.64 dB | val_loss=0.0004 | val_psnr=35.91 dB | time=2.5s
[Epoch 315] train_loss=0.0007 | train_psnr=34.13 dB | val_loss=0.0005 | val_psnr=34.38 dB | time=2.5s
[Epoch 316] train_loss=0.0008 | train_psnr=34.30 dB | val_loss=0.0004 | val_psnr=35.84 dB | time=2.5s
[Epoch 317] train_loss=0.0007 | train_psnr=34.65 dB | val_loss=0.0004 | val_psnr=35.82 dB | time=2.5s
[Epoch 318] train_loss=0.0007 | train_psnr=34.85 dB | val_loss=0.0004 | val_psnr=36.01 dB | time=2.5s
[Epoch 319] train_loss=0.0007 | train_psnr=34.91 dB | val_loss=0.0004 | val_psnr=36.00 dB | time=2.4s
[Epoch 320] train_loss=0.0007 | train_psnr=34.77 dB | val_loss=0.0004 | val_psnr=36.02 dB | time=2.4s
[Epoch 321] train_loss=0.0007 | train_psnr=34.78 dB | val_loss=0.0004 | val_psnr=36.03 dB | time=2.4s
[Epoch 322] train_loss=0.0007 | train_psnr=34.87 dB | val_loss=0.0004 | val_psnr=36.04 dB | time=2.5s
[Epoch 323] train_loss=0.0007 | train_psnr=34.99 dB | val_loss=0.0004 | val_psnr=36.04 dB | time=2.2s
[Epoch 324] train_loss=0.0007 | train_psnr=34.86 dB | val_loss=0.0004 | val_psnr=36.01 dB | time=2.5s
[Epoch 325] train_loss=0.0007 | train_psnr=34.81 dB | val_loss=0.0004 | val_psnr=36.03 dB | time=2.4s
[Epoch 326] train_loss=0.0007 | train_psnr=34.91 dB | val_loss=0.0004 | val_psnr=36.06 dB | time=2.4s
[Epoch 327] train_loss=0.0007 | train_psnr=34.90 dB | val_loss=0.0004 | val_psnr=36.01 dB | time=2.4s
[Epoch 328] train_loss=0.0007 | train_psnr=35.00 dB | val_loss=0.0004 | val_psnr=36.05 dB | time=2.5s
[Epoch 329] train_loss=0.0007 | train_psnr=34.82 dB | val_loss=0.0004 | val_psnr=36.09 dB | time=2.4s
[Epoch 330] train_loss=0.0007 | train_psnr=34.90 dB | val_loss=0.0004 | val_psnr=36.08 dB | time=2.5s
[Epoch 331] train_loss=0.0007 | train_psnr=34.88 dB | val_loss=0.0004 | val_psnr=36.10 dB | time=2.5s
[Epoch 332] train_loss=0.0007 | train_psnr=34.80 dB | val_loss=0.0004 | val_psnr=36.08 dB | time=2.5s
[Epoch 333] train_loss=0.0007 | train_psnr=34.82 dB | val_loss=0.0004 | val_psnr=36.04 dB | time=2.5s
[Epoch 334] train_loss=0.0007 | train_psnr=34.71 dB | val_loss=0.0004 | val_psnr=35.63 dB | time=2.4s
[Epoch 335] train_loss=0.0007 | train_psnr=34.44 dB | val_loss=0.0004 | val_psnr=36.03 dB | time=2.5s
[Epoch 336] train_loss=0.0007 | train_psnr=34.69 dB | val_loss=0.0004 | val_psnr=36.04 dB | time=2.4s
[Epoch 337] train_loss=0.0007 | train_psnr=34.87 dB | val_loss=0.0004 | val_psnr=36.13 dB | time=2.5s
[Epoch 338] train_loss=0.0007 | train_psnr=34.88 dB | val_loss=0.0004 | val_psnr=36.12 dB | time=2.5s
[Epoch 339] train_loss=0.0007 | train_psnr=34.90 dB | val_loss=0.0004 | val_psnr=36.16 dB | time=2.5s
[Epoch 340] train_loss=0.0007 | train_psnr=34.85 dB | val_loss=0.0004 | val_psnr=35.80 dB | time=2.4s
[Epoch 341] train_loss=0.0007 | train_psnr=34.80 dB | val_loss=0.0004 | val_psnr=36.15 dB | time=2.5s
[Epoch 342] train_loss=0.0007 | train_psnr=35.08 dB | val_loss=0.0004 | val_psnr=36.16 dB | time=2.5s
[Epoch 343] train_loss=0.0006 | train_psnr=34.98 dB | val_loss=0.0004 | val_psnr=36.19 dB | time=2.5s
[Epoch 344] train_loss=0.0007 | train_psnr=35.02 dB | val_loss=0.0004 | val_psnr=36.17 dB | time=2.5s
[Epoch 345] train_loss=0.0006 | train_psnr=34.94 dB | val_loss=0.0004 | val_psnr=36.18 dB | time=2.4s
[Epoch 346] train_loss=0.0007 | train_psnr=35.02 dB | val_loss=0.0004 | val_psnr=36.15 dB | time=2.6s
[Epoch 347] train_loss=0.0007 | train_psnr=34.98 dB | val_loss=0.0004 | val_psnr=36.19 dB | time=2.5s
[Epoch 348] train_loss=0.0007 | train_psnr=34.84 dB | val_loss=0.0004 | val_psnr=36.20 dB | time=2.4s
[Epoch 349] train_loss=0.0007 | train_psnr=35.12 dB | val_loss=0.0004 | val_psnr=36.18 dB | time=2.5s
[Epoch 350] train_loss=0.0007 | train_psnr=35.01 dB | val_loss=0.0003 | val_psnr=36.22 dB | time=2.5s
[Epoch 351] train_loss=0.0007 | train_psnr=34.96 dB | val_loss=0.0004 | val_psnr=36.08 dB | time=2.5s
[Epoch 352] train_loss=0.0007 | train_psnr=34.97 dB | val_loss=0.0003 | val_psnr=36.23 dB | time=2.3s
[Epoch 353] train_loss=0.0007 | train_psnr=34.89 dB | val_loss=0.0003 | val_psnr=36.23 dB | time=2.4s
[Epoch 354] train_loss=0.0007 | train_psnr=34.89 dB | val_loss=0.0004 | val_psnr=35.86 dB | time=2.4s
[Epoch 355] train_loss=0.0007 | train_psnr=34.79 dB | val_loss=0.0004 | val_psnr=35.79 dB | time=2.5s
[Epoch 356] train_loss=0.0007 | train_psnr=34.58 dB | val_loss=0.0004 | val_psnr=36.07 dB | time=2.5s
[Epoch 357] train_loss=0.0007 | train_psnr=34.91 dB | val_loss=0.0004 | val_psnr=36.16 dB | time=2.5s
[Epoch 358] train_loss=0.0007 | train_psnr=34.91 dB | val_loss=0.0004 | val_psnr=36.24 dB | time=2.5s
[Epoch 359] train_loss=0.0007 | train_psnr=35.07 dB | val_loss=0.0004 | val_psnr=36.24 dB | time=2.3s
[Epoch 360] train_loss=0.0007 | train_psnr=35.00 dB | val_loss=0.0003 | val_psnr=36.26 dB | time=2.2s
[Epoch 361] train_loss=0.0007 | train_psnr=34.99 dB | val_loss=0.0003 | val_psnr=36.25 dB | time=2.4s
[Epoch 362] train_loss=0.0007 | train_psnr=35.03 dB | val_loss=0.0003 | val_psnr=36.28 dB | time=2.5s
[Epoch 363] train_loss=0.0006 | train_psnr=35.21 dB | val_loss=0.0003 | val_psnr=36.27 dB | time=2.4s
[Epoch 364] train_loss=0.0007 | train_psnr=34.97 dB | val_loss=0.0003 | val_psnr=36.29 dB | time=2.4s
[Epoch 365] train_loss=0.0007 | train_psnr=35.14 dB | val_loss=0.0003 | val_psnr=36.29 dB | time=2.5s
[Epoch 366] train_loss=0.0007 | train_psnr=35.22 dB | val_loss=0.0003 | val_psnr=36.29 dB | time=2.5s
[Epoch 367] train_loss=0.0007 | train_psnr=35.19 dB | val_loss=0.0003 | val_psnr=36.29 dB | time=2.5s
[Epoch 368] train_loss=0.0007 | train_psnr=35.04 dB | val_loss=0.0003 | val_psnr=36.29 dB | time=2.5s
[Epoch 369] train_loss=0.0006 | train_psnr=35.16 dB | val_loss=0.0003 | val_psnr=36.31 dB | time=2.5s
[Epoch 370] train_loss=0.0007 | train_psnr=35.11 dB | val_loss=0.0003 | val_psnr=36.28 dB | time=2.4s
[Epoch 371] train_loss=0.0007 | train_psnr=35.20 dB | val_loss=0.0003 | val_psnr=36.32 dB | time=2.5s
[Epoch 372] train_loss=0.0007 | train_psnr=35.05 dB | val_loss=0.0003 | val_psnr=36.30 dB | time=2.5s
[Epoch 373] train_loss=0.0007 | train_psnr=35.10 dB | val_loss=0.0003 | val_psnr=36.33 dB | time=2.5s
[Epoch 374] train_loss=0.0007 | train_psnr=35.03 dB | val_loss=0.0004 | val_psnr=36.16 dB | time=2.4s
[Epoch 375] train_loss=0.0007 | train_psnr=35.08 dB | val_loss=0.0003 | val_psnr=36.15 dB | time=2.5s
[Epoch 376] train_loss=0.0007 | train_psnr=35.12 dB | val_loss=0.0003 | val_psnr=36.32 dB | time=2.4s
[Epoch 377] train_loss=0.0007 | train_psnr=35.03 dB | val_loss=0.0003 | val_psnr=36.30 dB | time=2.4s
[Epoch 378] train_loss=0.0007 | train_psnr=35.10 dB | val_loss=0.0003 | val_psnr=36.33 dB | time=2.3s
[Epoch 379] train_loss=0.0007 | train_psnr=35.02 dB | val_loss=0.0003 | val_psnr=36.29 dB | time=2.3s
[Epoch 380] train_loss=0.0007 | train_psnr=35.12 dB | val_loss=0.0003 | val_psnr=36.31 dB | time=2.4s
[Epoch 381] train_loss=0.0007 | train_psnr=35.17 dB | val_loss=0.0003 | val_psnr=36.34 dB | time=2.5s
[Epoch 382] train_loss=0.0006 | train_psnr=35.21 dB | val_loss=0.0003 | val_psnr=36.34 dB | time=2.5s
[Epoch 383] train_loss=0.0006 | train_psnr=35.20 dB | val_loss=0.0003 | val_psnr=36.30 dB | time=2.5s
[Epoch 384] train_loss=0.0007 | train_psnr=35.20 dB | val_loss=0.0003 | val_psnr=36.30 dB | time=2.5s
[Epoch 385] train_loss=0.0006 | train_psnr=35.01 dB | val_loss=0.0003 | val_psnr=36.33 dB | time=2.4s
[Epoch 386] train_loss=0.0007 | train_psnr=35.09 dB | val_loss=0.0003 | val_psnr=36.21 dB | time=2.5s
[Epoch 387] train_loss=0.0006 | train_psnr=35.12 dB | val_loss=0.0003 | val_psnr=36.32 dB | time=2.5s
[Epoch 388] train_loss=0.0006 | train_psnr=35.23 dB | val_loss=0.0003 | val_psnr=36.38 dB | time=2.5s
[Epoch 389] train_loss=0.0007 | train_psnr=35.25 dB | val_loss=0.0003 | val_psnr=36.35 dB | time=2.5s
[Epoch 390] train_loss=0.0006 | train_psnr=35.16 dB | val_loss=0.0003 | val_psnr=36.39 dB | time=2.5s
[Epoch 391] train_loss=0.0006 | train_psnr=35.25 dB | val_loss=0.0003 | val_psnr=36.37 dB | time=2.4s
[Epoch 392] train_loss=0.0007 | train_psnr=35.06 dB | val_loss=0.0003 | val_psnr=36.33 dB | time=2.3s
[Epoch 393] train_loss=0.0007 | train_psnr=35.14 dB | val_loss=0.0003 | val_psnr=36.33 dB | time=2.5s
[Epoch 394] train_loss=0.0006 | train_psnr=35.19 dB | val_loss=0.0003 | val_psnr=36.37 dB | time=2.6s
[Epoch 395] train_loss=0.0007 | train_psnr=35.16 dB | val_loss=0.0003 | val_psnr=36.39 dB | time=2.5s
[Epoch 396] train_loss=0.0007 | train_psnr=35.13 dB | val_loss=0.0003 | val_psnr=36.39 dB | time=2.4s
[Epoch 397] train_loss=0.0006 | train_psnr=35.24 dB | val_loss=0.0003 | val_psnr=36.42 dB | time=2.5s
[Epoch 398] train_loss=0.0006 | train_psnr=35.19 dB | val_loss=0.0003 | val_psnr=36.44 dB | time=2.4s
[Epoch 399] train_loss=0.0006 | train_psnr=35.20 dB | val_loss=0.0003 | val_psnr=36.41 dB | time=2.4s
[Epoch 400] train_loss=0.0007 | train_psnr=35.23 dB | val_loss=0.0004 | val_psnr=36.40 dB | time=2.4s
[Epoch 401] train_loss=0.0006 | train_psnr=35.23 dB | val_loss=0.0003 | val_psnr=36.24 dB | time=2.5s
[Epoch 402] train_loss=0.0006 | train_psnr=35.08 dB | val_loss=0.0003 | val_psnr=36.35 dB | time=2.5s
[Epoch 403] train_loss=0.0007 | train_psnr=35.00 dB | val_loss=0.0003 | val_psnr=36.08 dB | time=2.5s
[Epoch 404] train_loss=0.0007 | train_psnr=34.89 dB | val_loss=0.0003 | val_psnr=36.44 dB | time=2.5s
[Epoch 405] train_loss=0.0006 | train_psnr=35.27 dB | val_loss=0.0003 | val_psnr=36.39 dB | time=2.5s
[Epoch 406] train_loss=0.0006 | train_psnr=35.23 dB | val_loss=0.0003 | val_psnr=36.32 dB | time=2.5s
[Epoch 407] train_loss=0.0006 | train_psnr=35.26 dB | val_loss=0.0003 | val_psnr=36.40 dB | time=2.5s
[Epoch 408] train_loss=0.0006 | train_psnr=35.25 dB | val_loss=0.0003 | val_psnr=36.44 dB | time=2.5s
[Epoch 409] train_loss=0.0007 | train_psnr=35.03 dB | val_loss=0.0003 | val_psnr=36.27 dB | time=2.3s
[Epoch 410] train_loss=0.0007 | train_psnr=35.15 dB | val_loss=0.0003 | val_psnr=36.44 dB | time=2.5s
[Epoch 411] train_loss=0.0006 | train_psnr=35.27 dB | val_loss=0.0003 | val_psnr=36.43 dB | time=2.5s
[Epoch 412] train_loss=0.0006 | train_psnr=35.06 dB | val_loss=0.0003 | val_psnr=36.11 dB | time=2.5s
[Epoch 413] train_loss=0.0006 | train_psnr=35.21 dB | val_loss=0.0003 | val_psnr=36.42 dB | time=2.5s
[Epoch 414] train_loss=0.0006 | train_psnr=35.23 dB | val_loss=0.0003 | val_psnr=36.47 dB | time=2.4s
[Epoch 415] train_loss=0.0006 | train_psnr=35.27 dB | val_loss=0.0003 | val_psnr=36.48 dB | time=2.5s
[Epoch 416] train_loss=0.0007 | train_psnr=35.20 dB | val_loss=0.0003 | val_psnr=36.43 dB | time=2.5s
[Epoch 417] train_loss=0.0006 | train_psnr=35.15 dB | val_loss=0.0003 | val_psnr=36.21 dB | time=2.4s
[Epoch 418] train_loss=0.0006 | train_psnr=35.22 dB | val_loss=0.0003 | val_psnr=36.45 dB | time=2.5s
[Epoch 419] train_loss=0.0006 | train_psnr=35.31 dB | val_loss=0.0003 | val_psnr=36.49 dB | time=2.5s
[Epoch 420] train_loss=0.0006 | train_psnr=35.24 dB | val_loss=0.0003 | val_psnr=36.45 dB | time=2.4s
[Epoch 421] train_loss=0.0006 | train_psnr=35.29 dB | val_loss=0.0003 | val_psnr=36.47 dB | time=2.4s
[Epoch 422] train_loss=0.0007 | train_psnr=35.14 dB | val_loss=0.0003 | val_psnr=36.45 dB | time=2.5s
[Epoch 423] train_loss=0.0006 | train_psnr=35.27 dB | val_loss=0.0003 | val_psnr=36.29 dB | time=2.3s
[Epoch 424] train_loss=0.0007 | train_psnr=34.96 dB | val_loss=0.0003 | val_psnr=36.41 dB | time=2.3s
[Epoch 425] train_loss=0.0006 | train_psnr=35.19 dB | val_loss=0.0003 | val_psnr=36.36 dB | time=2.4s
[Epoch 426] train_loss=0.0006 | train_psnr=35.26 dB | val_loss=0.0003 | val_psnr=36.36 dB | time=2.5s
[Epoch 427] train_loss=0.0006 | train_psnr=35.43 dB | val_loss=0.0003 | val_psnr=36.47 dB | time=2.5s
[Epoch 428] train_loss=0.0006 | train_psnr=35.45 dB | val_loss=0.0003 | val_psnr=36.48 dB | time=2.5s
[Epoch 429] train_loss=0.0006 | train_psnr=35.36 dB | val_loss=0.0003 | val_psnr=36.50 dB | time=2.4s
[Epoch 430] train_loss=0.0006 | train_psnr=35.41 dB | val_loss=0.0003 | val_psnr=36.51 dB | time=2.4s
[Epoch 431] train_loss=0.0006 | train_psnr=35.34 dB | val_loss=0.0003 | val_psnr=36.49 dB | time=2.5s
[Epoch 432] train_loss=0.0006 | train_psnr=35.17 dB | val_loss=0.0003 | val_psnr=36.51 dB | time=2.5s
[Epoch 433] train_loss=0.0006 | train_psnr=35.30 dB | val_loss=0.0003 | val_psnr=36.49 dB | time=2.5s
[Epoch 434] train_loss=0.0006 | train_psnr=35.43 dB | val_loss=0.0003 | val_psnr=36.49 dB | time=2.4s
[Epoch 435] train_loss=0.0006 | train_psnr=35.35 dB | val_loss=0.0003 | val_psnr=36.50 dB | time=2.2s
[Epoch 436] train_loss=0.0006 | train_psnr=35.16 dB | val_loss=0.0004 | val_psnr=36.08 dB | time=2.5s
[Epoch 437] train_loss=0.0006 | train_psnr=35.32 dB | val_loss=0.0003 | val_psnr=36.51 dB | time=2.5s
[Epoch 438] train_loss=0.0006 | train_psnr=35.29 dB | val_loss=0.0003 | val_psnr=36.50 dB | time=2.4s
[Epoch 439] train_loss=0.0006 | train_psnr=35.41 dB | val_loss=0.0003 | val_psnr=36.52 dB | time=2.5s
[Epoch 440] train_loss=0.0006 | train_psnr=35.33 dB | val_loss=0.0003 | val_psnr=36.52 dB | time=2.4s
[Epoch 441] train_loss=0.0006 | train_psnr=35.42 dB | val_loss=0.0003 | val_psnr=36.50 dB | time=2.4s
[Epoch 442] train_loss=0.0006 | train_psnr=35.33 dB | val_loss=0.0003 | val_psnr=36.51 dB | time=2.4s
[Epoch 443] train_loss=0.0006 | train_psnr=35.33 dB | val_loss=0.0003 | val_psnr=36.51 dB | time=2.5s
[Epoch 444] train_loss=0.0006 | train_psnr=35.31 dB | val_loss=0.0003 | val_psnr=36.51 dB | time=2.5s
[Epoch 445] train_loss=0.0006 | train_psnr=35.32 dB | val_loss=0.0003 | val_psnr=36.55 dB | time=2.5s
[Epoch 446] train_loss=0.0006 | train_psnr=35.36 dB | val_loss=0.0003 | val_psnr=36.47 dB | time=2.5s
[Epoch 447] train_loss=0.0006 | train_psnr=35.28 dB | val_loss=0.0003 | val_psnr=36.50 dB | time=2.5s
[Epoch 448] train_loss=0.0006 | train_psnr=35.48 dB | val_loss=0.0003 | val_psnr=36.51 dB | time=2.5s
[Epoch 449] train_loss=0.0006 | train_psnr=35.50 dB | val_loss=0.0003 | val_psnr=36.51 dB | time=2.5s
[Epoch 450] train_loss=0.0006 | train_psnr=35.35 dB | val_loss=0.0003 | val_psnr=36.53 dB | time=2.5s
[Epoch 451] train_loss=0.0006 | train_psnr=35.31 dB | val_loss=0.0003 | val_psnr=36.53 dB | time=2.5s
[Epoch 452] train_loss=0.0006 | train_psnr=35.37 dB | val_loss=0.0003 | val_psnr=36.38 dB | time=2.5s
[Epoch 453] train_loss=0.0006 | train_psnr=35.44 dB | val_loss=0.0003 | val_psnr=36.50 dB | time=2.5s
[Epoch 454] train_loss=0.0006 | train_psnr=35.46 dB | val_loss=0.0003 | val_psnr=36.54 dB | time=2.5s
[Epoch 455] train_loss=0.0006 | train_psnr=35.31 dB | val_loss=0.0003 | val_psnr=36.52 dB | time=2.5s
[Epoch 456] train_loss=0.0006 | train_psnr=35.53 dB | val_loss=0.0003 | val_psnr=36.53 dB | time=2.4s
[Epoch 457] train_loss=0.0006 | train_psnr=35.38 dB | val_loss=0.0003 | val_psnr=36.57 dB | time=2.5s
[Epoch 458] train_loss=0.0006 | train_psnr=35.47 dB | val_loss=0.0003 | val_psnr=36.58 dB | time=2.0s
[Epoch 459] train_loss=0.0006 | train_psnr=35.45 dB | val_loss=0.0003 | val_psnr=36.57 dB | time=2.3s
[Epoch 460] train_loss=0.0006 | train_psnr=35.45 dB | val_loss=0.0003 | val_psnr=36.58 dB | time=2.4s
[Epoch 461] train_loss=0.0006 | train_psnr=35.32 dB | val_loss=0.0003 | val_psnr=36.59 dB | time=2.4s
[Epoch 462] train_loss=0.0006 | train_psnr=35.52 dB | val_loss=0.0003 | val_psnr=36.59 dB | time=2.4s
[Epoch 463] train_loss=0.0006 | train_psnr=35.51 dB | val_loss=0.0003 | val_psnr=36.58 dB | time=2.4s
[Epoch 464] train_loss=0.0006 | train_psnr=35.41 dB | val_loss=0.0003 | val_psnr=36.58 dB | time=2.4s
[Epoch 465] train_loss=0.0006 | train_psnr=35.28 dB | val_loss=0.0003 | val_psnr=36.58 dB | time=2.6s
[Epoch 466] train_loss=0.0006 | train_psnr=35.41 dB | val_loss=0.0003 | val_psnr=36.58 dB | time=2.4s
[Epoch 467] train_loss=0.0006 | train_psnr=35.33 dB | val_loss=0.0003 | val_psnr=36.58 dB | time=2.4s
[Epoch 468] train_loss=0.0006 | train_psnr=35.47 dB | val_loss=0.0003 | val_psnr=36.58 dB | time=2.5s
[Epoch 469] train_loss=0.0006 | train_psnr=35.53 dB | val_loss=0.0003 | val_psnr=36.59 dB | time=2.5s
[Epoch 470] train_loss=0.0006 | train_psnr=35.37 dB | val_loss=0.0003 | val_psnr=36.57 dB | time=2.5s
[Epoch 471] train_loss=0.0006 | train_psnr=35.47 dB | val_loss=0.0003 | val_psnr=36.57 dB | time=2.5s
[Epoch 472] train_loss=0.0006 | train_psnr=35.49 dB | val_loss=0.0003 | val_psnr=36.58 dB | time=2.5s
[Epoch 473] train_loss=0.0006 | train_psnr=35.33 dB | val_loss=0.0003 | val_psnr=36.58 dB | time=2.5s
[Epoch 474] train_loss=0.0006 | train_psnr=35.39 dB | val_loss=0.0003 | val_psnr=36.60 dB | time=2.3s
[Epoch 475] train_loss=0.0006 | train_psnr=35.38 dB | val_loss=0.0003 | val_psnr=36.60 dB | time=2.2s
[Epoch 476] train_loss=0.0006 | train_psnr=35.42 dB | val_loss=0.0003 | val_psnr=36.60 dB | time=2.4s
[Epoch 477] train_loss=0.0006 | train_psnr=35.53 dB | val_loss=0.0003 | val_psnr=36.60 dB | time=2.4s
[Epoch 478] train_loss=0.0006 | train_psnr=35.42 dB | val_loss=0.0003 | val_psnr=36.60 dB | time=2.5s
[Epoch 479] train_loss=0.0006 | train_psnr=35.38 dB | val_loss=0.0003 | val_psnr=36.60 dB | time=2.1s
[Epoch 480] train_loss=0.0006 | train_psnr=35.42 dB | val_loss=0.0003 | val_psnr=36.60 dB | time=2.4s
[Epoch 481] train_loss=0.0006 | train_psnr=35.61 dB | val_loss=0.0003 | val_psnr=36.58 dB | time=2.2s
[Epoch 482] train_loss=0.0006 | train_psnr=35.53 dB | val_loss=0.0003 | val_psnr=36.60 dB | time=2.3s
[Epoch 483] train_loss=0.0006 | train_psnr=35.40 dB | val_loss=0.0003 | val_psnr=36.59 dB | time=2.4s
[Epoch 484] train_loss=0.0006 | train_psnr=35.57 dB | val_loss=0.0003 | val_psnr=36.60 dB | time=2.5s
[Epoch 485] train_loss=0.0006 | train_psnr=35.38 dB | val_loss=0.0003 | val_psnr=36.59 dB | time=2.4s
[Epoch 486] train_loss=0.0006 | train_psnr=35.47 dB | val_loss=0.0003 | val_psnr=36.60 dB | time=2.5s
[Epoch 487] train_loss=0.0006 | train_psnr=35.48 dB | val_loss=0.0003 | val_psnr=36.61 dB | time=2.5s
[Epoch 488] train_loss=0.0006 | train_psnr=35.46 dB | val_loss=0.0003 | val_psnr=36.61 dB | time=2.4s
[Epoch 489] train_loss=0.0006 | train_psnr=35.24 dB | val_loss=0.0003 | val_psnr=36.61 dB | time=2.3s
[Epoch 490] train_loss=0.0006 | train_psnr=35.49 dB | val_loss=0.0003 | val_psnr=36.60 dB | time=2.4s
[Epoch 491] train_loss=0.0006 | train_psnr=35.56 dB | val_loss=0.0003 | val_psnr=36.61 dB | time=2.4s
[Epoch 492] train_loss=0.0006 | train_psnr=35.56 dB | val_loss=0.0003 | val_psnr=36.61 dB | time=2.4s
[Epoch 493] train_loss=0.0006 | train_psnr=35.46 dB | val_loss=0.0003 | val_psnr=36.62 dB | time=2.2s
[Epoch 494] train_loss=0.0006 | train_psnr=35.49 dB | val_loss=0.0003 | val_psnr=36.60 dB | time=2.5s
[Epoch 495] train_loss=0.0006 | train_psnr=35.58 dB | val_loss=0.0003 | val_psnr=36.61 dB | time=2.4s
[Epoch 496] train_loss=0.0006 | train_psnr=35.40 dB | val_loss=0.0003 | val_psnr=36.61 dB | time=2.4s
[Epoch 497] train_loss=0.0006 | train_psnr=35.41 dB | val_loss=0.0003 | val_psnr=36.60 dB | time=2.5s
[Epoch 498] train_loss=0.0006 | train_psnr=35.49 dB | val_loss=0.0003 | val_psnr=36.61 dB | time=2.4s
[Epoch 499] train_loss=0.0006 | train_psnr=35.44 dB | val_loss=0.0003 | val_psnr=36.60 dB | time=2.5s
[Epoch 500] train_loss=0.0006 | train_psnr=35.41 dB | val_loss=0.0003 | val_psnr=36.61 dB | time=2.5s

Best PSNR: 36.62 dB
Training complete. Metrics plot saved to output/imdn_x2/metrics.png
