huster@huster-VMware-Virtual-Platform:~/桌面/OS/riscv-pke$ git checkout lab1_2_exception
分支 'lab1_2_exception' 设置为跟踪 'origin/lab1_2_exception'。
切换到一个新分支 'lab1_2_exception'
huster@huster-VMware-Virtual-Platform:~/桌面/OS/riscv-pke$ git merge lab1_1_syscall -m "continue lab1_2"
Merge made by the 'ort' strategy.
 kernel/strap.c | 2 +-
 1 file changed, 1 insertion(+), 1 deletion(-)
huster@huster-VMware-Virtual-Platform:~/桌面/OS/riscv-pke$ make clean
rm -fr obj
huster@huster-VMware-Virtual-Platform:~/桌面/OS/riscv-pke$ make
compiling util/snprintf.c
compiling util/string.c
linking  obj/util.a ...
Util lib has been build into "obj/util.a"
compiling spike_interface/dts_parse.c
compiling spike_interface/spike_file.c
compiling spike_interface/spike_htif.c
compiling spike_interface/spike_memory.c
compiling spike_interface/spike_utils.c
linking  obj/spike_interface.a ...
Spike lib has been build into "obj/spike_interface.a"
compiling kernel/elf.c
compiling kernel/kernel.c
compiling kernel/process.c
compiling kernel/strap.c
compiling kernel/syscall.c
compiling kernel/machine/minit.c
compiling kernel/machine/mtrap.c
compiling kernel/strap_vector.S
compiling kernel/machine/mentry.S
compiling kernel/machine/mtrap_vector.S
linking obj/riscv-pke ...
PKE core has been built into "obj/riscv-pke"
compiling user/app_illegal_instruction.c
compiling user/user_lib.c
linking obj/app_illegal_instruction ...
User app has been built into "obj/app_illegal_instruction"
huster@huster-VMware-Virtual-Platform:~/桌面/OS/riscv-pke$ spike ./obj/riscv-pke ./obj/app_illegal_instruction
In m_start, hartid:0
HTIF is available!
(Emulated) memory size: 2048 MB
Enter supervisor mode...
Application: ./obj/app_illegal_instruction
Application program entry point (virtual address): 0x0000000081000000
Switch to user mode...
Going to hack the system by running privilege instructions.
Illegal instruction!
System is shutting down with exit code -1.
huster@huster-VMware-Virtual-Platform:~/桌面/OS/riscv-pke$ git commit -a -m "my work on lab1_2 is done."
[lab1_2_exception 38972f5] my work on lab1_2 is done.
 1 file changed, 1 insertion(+), 2 deletions(-)