\BOOKMARK [1][-]{section*.1}{\376\377\144\130\211\201}{}% 1
\BOOKMARK [1][-]{section*.2}{\376\377\000A\000b\000s\000t\000r\000a\000c\000t}{}% 2
\BOOKMARK [1][-]{section.1}{\376\377\176\352\213\272}{}% 3
\BOOKMARK [2][-]{subsection.1.1}{\376\377\213\376\230\230\200\314\146\157}{section.1}% 4
\BOOKMARK [2][-]{subsection.1.2}{\376\377\126\375\121\205\131\026\170\024\172\166\163\260\162\266}{section.1}% 5
\BOOKMARK [2][-]{subsection.1.3}{\376\377\170\024\172\166\166\356\166\204\124\214\116\073\211\201\121\205\133\271}{section.1}% 6
\BOOKMARK [2][-]{subsection.1.4}{\376\377\213\272\145\207\176\323\147\204}{section.1}% 7
\BOOKMARK [1][-]{section.2}{\376\377\137\305\211\201\140\047\116\016\123\357\210\114\140\047\122\006\147\220}{}% 8
\BOOKMARK [2][-]{subsection.2.1}{\376\377\116\300\116\110\146\057\137\305\211\201\140\047}{section.2}% 9
\BOOKMARK [2][-]{subsection.2.2}{\376\377\116\300\116\110\146\057\123\357\210\114\140\047}{section.2}% 10
\BOOKMARK [2][-]{subsection.2.3}{\376\377\173\054\126\333\172\340\140\047\200\375\155\113\213\325\211\201\224\210\133\371\173\054\116\000\173\054\116\214\172\340\143\320\121\372\166\204\225\356\230\230\134\125\137\000}{section.2}% 11
\BOOKMARK [2][-]{subsection.2.4}{\376\377\147\054\172\340\134\017\176\323}{section.2}% 12
\BOOKMARK [1][-]{section.3}{\376\377\140\073\117\123\147\266\147\204\116\016\122\237\200\375\152\041\127\127\213\276\213\241}{}% 13
\BOOKMARK [2][-]{subsection.3.1}{\376\377\177\373\213\321\116\073\211\201\227\140\147\011\220\123\140\016\116\110\122\236}{section.3}% 14
\BOOKMARK [2][-]{subsection.3.2}{\376\377\116\015\117\032\142\176\145\207\163\056\140\016\116\110\122\236}{section.3}% 15
\BOOKMARK [2][-]{subsection.3.3}{\376\377\167\013\116\015\141\302\202\361\145\207\145\207\163\056\140\016\116\110\122\236}{section.3}% 16
\BOOKMARK [2][-]{subsection.3.4}{\376\377\116\015\117\032\165\050\000V\000i\000s\000i\000o\165\073\140\035\176\364\133\374\126\376\140\016\116\110\122\236}{section.3}% 17
\BOOKMARK [2][-]{subsection.3.5}{\376\377\147\054\172\340\134\017\176\323}{section.3}% 18
\BOOKMARK [1][-]{section.4}{\376\377\122\237\200\375\152\041\127\127\133\236\163\260\116\016\140\047\200\375\122\006\147\220}{}% 19
\BOOKMARK [2][-]{subsection.4.1}{\376\377\172\013\136\217\214\003\116\015\220\032\140\016\116\110\122\236}{section.4}% 20
\BOOKMARK [2][-]{subsection.4.2}{\376\377\117\235\215\126\123\005\210\305\116\015\116\206\140\016\116\110\122\236}{section.4}% 21
\BOOKMARK [2][-]{subsection.4.3}{\376\377\163\257\130\203\123\330\221\317\221\115\177\156\116\015\131\175\140\016\116\110\122\236}{section.4}% 22
\BOOKMARK [2][-]{subsection.4.4}{\376\377\140\047\200\375\153\324\116\015\217\307\000S\000o\000T\000A\140\016\116\110\122\236}{section.4}% 23
\BOOKMARK [2][-]{subsection.4.5}{\376\377\215\064\116\343\170\001}{section.4}% 24
\BOOKMARK [2][-]{subsection.4.6}{\376\377\147\054\172\340\134\017\176\323}{section.4}% 25
\BOOKMARK [1][-]{section.5}{\376\377\140\073\176\323\116\016\134\125\147\033}{}% 26
\BOOKMARK [2][-]{subsection.5.1}{\376\377\142\100\120\132\135\345\117\134\166\204\140\073\176\323}{section.5}% 27
\BOOKMARK [2][-]{subsection.5.2}{\376\377\133\130\127\050\166\204\225\356\230\230\116\016\134\125\147\033}{section.5}% 28
\BOOKMARK [2][-]{subsection.5.3}{\376\377\133\127\145\160\116\015\131\037\140\016\116\110\122\236}{section.5}% 29
\BOOKMARK [2][-]{subsection.5.4}{\376\377\147\345\221\315\116\015\217\307\140\016\116\110\122\236}{section.5}% 30
\BOOKMARK [1][-]{section*.11}{\376\377\201\364\214\042}{}% 31
\BOOKMARK [1][-]{section*.12}{\376\377\123\302\200\003\145\207\163\056}{}% 32
\BOOKMARK [1][-]{section*.13}{\376\377\226\104\137\125\000A\000\040\147\054\171\321\147\037\225\364\142\177\142\305\142\026\123\302\116\016\131\047\122\033\230\171\166\356\122\027\210\150}{}% 33
\BOOKMARK [1][-]{section*.14}{\376\377\226\104\137\125\000B\000\040\147\054\171\321\147\037\225\364\123\321\210\150\133\146\147\057\213\272\145\207\122\027\210\150}{}% 34
