huster@huster-VMware-Virtual-Platform:~/жҰЊйқұ/OS$ cd riscv-pke
huster@huster-VMware-Virtual-Platform:~/жҰЊйқұ/OS/riscv-pke$ git checkout lab1_1_syscall
е·Із»ЏдҢҚдғҺ 'lab1_1_syscall'
ж‚Ёзљ„е€†ж”ҮдёҺдёЉжёёе€†ж”Ү 'origin/lab1_1_syscall' дёЂи‡өгЂ‚
huster@huster-VMware-Virtual-Platform:~/жҰЊйқұ/OS/riscv-pke$ tree -L 3
.
в”њв”Ђв”Ђ kernel
в”‚В В  в”њв”Ђв”Ђ config.h
в”‚В В  в”њв”Ђв”Ђ elf.c
в”‚В В  в”њв”Ђв”Ђ elf.h
в”‚В В  в”њв”Ђв”Ђ kernel.c
в”‚В В  в”њв”Ђв”Ђ kernel.lds
в”‚В В  в”њв”Ђв”Ђ machine
в”‚В В  в”‚В В  в”њв”Ђв”Ђ mentry.S
в”‚В В  в”‚В В  в””в”Ђв”Ђ minit.c
в”‚В В  в”њв”Ђв”Ђ process.c
в”‚В В  в”њв”Ђв”Ђ process.h
в”‚В В  в”њв”Ђв”Ђ riscv.h
в”‚В В  в”њв”Ђв”Ђ strap.c
в”‚В В  в”њв”Ђв”Ђ strap.h
в”‚В В  в”њв”Ђв”Ђ strap_vector.S
в”‚В В  в”њв”Ђв”Ђ syscall.c
в”‚В В  в””в”Ђв”Ђ syscall.h
в”њв”Ђв”Ђ LICENSE.txt
в”њв”Ђв”Ђ Makefile
в”њв”Ђв”Ђ README.md
в”њв”Ђв”Ђ spike_interface
в”‚В В  в”њв”Ђв”Ђ atomic.h
в”‚В В  в”њв”Ђв”Ђ dts_parse.c
в”‚В В  в”њв”Ђв”Ђ dts_parse.h
в”‚В В  в”њв”Ђв”Ђ spike_file.c
в”‚В В  в”њв”Ђв”Ђ spike_file.h
в”‚В В  в”њв”Ђв”Ђ spike_htif.c
в”‚В В  в”њв”Ђв”Ђ spike_htif.h
в”‚В В  в”њв”Ђв”Ђ spike_memory.c
в”‚В В  в”њв”Ђв”Ђ spike_memory.h
в”‚В В  в”њв”Ђв”Ђ spike_utils.c
в”‚В В  в””в”Ђв”Ђ spike_utils.h
в”њв”Ђв”Ђ user
в”‚В В  в”њв”Ђв”Ђ app_helloworld.c
в”‚В В  в”њв”Ђв”Ђ user.lds
в”‚В В  в”њв”Ђв”Ђ user_lib.c
в”‚В В  в””в”Ђв”Ђ user_lib.h
в””в”Ђв”Ђ util
    в”њв”Ђв”Ђ functions.h
    в”њв”Ђв”Ђ load_store.S
    в”њв”Ђв”Ђ snprintf.c
    в”њв”Ђв”Ђ snprintf.h
    в”њв”Ђв”Ђ string.c
    в”њв”Ђв”Ђ string.h
    в””в”Ђв”Ђ types.h

6 directories, 40 files
huster@huster-VMware-Virtual-Platform:~/жҰЊйқұ/OS/riscv-pke$ make
compiling util/snprintf.c
compiling util/string.c
linking  obj/util.a ...
Util lib has been build into "obj/util.a"
compiling spike_interface/dts_parse.c
compiling spike_interface/spike_file.c
compiling spike_interface/spike_htif.c
compiling spike_interface/spike_memory.c
compiling spike_interface/spike_utils.c
linking  obj/spike_interface.a ...
Spike lib has been build into "obj/spike_interface.a"
compiling kernel/elf.c
compiling kernel/kernel.c
compiling kernel/process.c
compiling kernel/strap.c
compiling kernel/syscall.c
compiling kernel/machine/minit.c
compiling kernel/strap_vector.S
compiling kernel/machine/mentry.S
linking obj/riscv-pke ...
PKE core has been built into "obj/riscv-pke"
compiling user/app_helloworld.c
compiling user/user_lib.c
linking obj/app_helloworld ...
User app has been built into "obj/app_helloworld"
huster@huster-VMware-Virtual-Platform:~/жҰЊйқұ/OS/riscv-pke$ spike ./obj/riscv-pke ./obj/app_helloworld
In m_start, hartid:0
HTIF is available!
(Emulated) memory size: 2048 MB
Enter supervisor mode...
Application: ./obj/app_helloworld
Application program entry point (virtual address): 0x0000000081000000
Switch to user mode...
call do_syscall to accomplish the syscall and lab1_1 here.

System is shutting down with exit code -1.