====================
Model: IMDN
Scale: x4
Epochs: 500
Batch Size: 16
Patch Size: 96
LR: 1e-4
Optimizer: Adam
Criterion: MSE
====================
[Epoch 001] train_loss=0.1722 | train_psnr=10.16 dB | val_loss=0.0587 | val_psnr=13.80 dB | time=3.5s
[Epoch 002] train_loss=0.0515 | train_psnr=17.88 dB | val_loss=0.0265 | val_psnr=17.81 dB | time=2.9s
[Epoch 003] train_loss=0.0405 | train_psnr=19.23 dB | val_loss=0.0189 | val_psnr=19.79 dB | time=3.0s
[Epoch 004] train_loss=0.0318 | train_psnr=19.84 dB | val_loss=0.0159 | val_psnr=21.01 dB | time=2.5s
[Epoch 005] train_loss=0.0255 | train_psnr=20.75 dB | val_loss=0.0126 | val_psnr=21.97 dB | time=2.6s
[Epoch 006] train_loss=0.0210 | train_psnr=21.19 dB | val_loss=0.0107 | val_psnr=22.44 dB | time=2.4s
[Epoch 007] train_loss=0.0167 | train_psnr=21.83 dB | val_loss=0.0085 | val_psnr=23.39 dB | time=2.6s
[Epoch 008] train_loss=0.0135 | train_psnr=22.56 dB | val_loss=0.0075 | val_psnr=23.81 dB | time=2.6s
[Epoch 009] train_loss=0.0113 | train_psnr=23.08 dB | val_loss=0.0067 | val_psnr=24.13 dB | time=2.5s
[Epoch 010] train_loss=0.0103 | train_psnr=23.27 dB | val_loss=0.0061 | val_psnr=24.50 dB | time=2.5s
[Epoch 011] train_loss=0.0090 | train_psnr=23.91 dB | val_loss=0.0057 | val_psnr=24.71 dB | time=2.4s
[Epoch 012] train_loss=0.0082 | train_psnr=24.23 dB | val_loss=0.0053 | val_psnr=25.02 dB | time=2.4s
[Epoch 013] train_loss=0.0077 | train_psnr=24.54 dB | val_loss=0.0050 | val_psnr=25.26 dB | time=2.5s
[Epoch 014] train_loss=0.0072 | train_psnr=24.91 dB | val_loss=0.0048 | val_psnr=25.53 dB | time=2.5s
[Epoch 015] train_loss=0.0068 | train_psnr=25.15 dB | val_loss=0.0046 | val_psnr=25.74 dB | time=2.5s
[Epoch 016] train_loss=0.0064 | train_psnr=25.33 dB | val_loss=0.0044 | val_psnr=25.91 dB | time=2.1s
[Epoch 017] train_loss=0.0063 | train_psnr=25.51 dB | val_loss=0.0042 | val_psnr=26.04 dB | time=2.0s
[Epoch 018] train_loss=0.0061 | train_psnr=25.59 dB | val_loss=0.0041 | val_psnr=26.30 dB | time=2.5s
[Epoch 019] train_loss=0.0059 | train_psnr=25.81 dB | val_loss=0.0039 | val_psnr=26.45 dB | time=2.5s
[Epoch 020] train_loss=0.0055 | train_psnr=25.96 dB | val_loss=0.0038 | val_psnr=26.61 dB | time=2.5s
[Epoch 021] train_loss=0.0055 | train_psnr=25.95 dB | val_loss=0.0037 | val_psnr=26.77 dB | time=2.5s
[Epoch 022] train_loss=0.0053 | train_psnr=26.08 dB | val_loss=0.0036 | val_psnr=26.71 dB | time=2.5s
[Epoch 023] train_loss=0.0051 | train_psnr=26.32 dB | val_loss=0.0036 | val_psnr=26.83 dB | time=2.5s
[Epoch 024] train_loss=0.0050 | train_psnr=26.38 dB | val_loss=0.0034 | val_psnr=27.07 dB | time=2.5s
[Epoch 025] train_loss=0.0049 | train_psnr=26.39 dB | val_loss=0.0033 | val_psnr=27.11 dB | time=2.5s
[Epoch 026] train_loss=0.0047 | train_psnr=26.62 dB | val_loss=0.0033 | val_psnr=27.24 dB | time=2.5s
[Epoch 027] train_loss=0.0048 | train_psnr=26.63 dB | val_loss=0.0032 | val_psnr=27.26 dB | time=2.3s
[Epoch 028] train_loss=0.0046 | train_psnr=26.80 dB | val_loss=0.0032 | val_psnr=27.35 dB | time=2.6s
[Epoch 029] train_loss=0.0044 | train_psnr=26.67 dB | val_loss=0.0031 | val_psnr=27.46 dB | time=2.5s
[Epoch 030] train_loss=0.0045 | train_psnr=26.81 dB | val_loss=0.0031 | val_psnr=27.52 dB | time=2.3s
[Epoch 031] train_loss=0.0044 | train_psnr=26.79 dB | val_loss=0.0030 | val_psnr=27.58 dB | time=2.4s
[Epoch 032] train_loss=0.0044 | train_psnr=26.85 dB | val_loss=0.0030 | val_psnr=27.57 dB | time=2.5s
[Epoch 033] train_loss=0.0044 | train_psnr=26.89 dB | val_loss=0.0030 | val_psnr=27.69 dB | time=2.1s
[Epoch 034] train_loss=0.0043 | train_psnr=26.72 dB | val_loss=0.0030 | val_psnr=27.70 dB | time=2.3s
[Epoch 035] train_loss=0.0043 | train_psnr=26.99 dB | val_loss=0.0029 | val_psnr=27.69 dB | time=2.6s
[Epoch 036] train_loss=0.0041 | train_psnr=26.95 dB | val_loss=0.0028 | val_psnr=27.77 dB | time=2.5s
[Epoch 037] train_loss=0.0041 | train_psnr=27.03 dB | val_loss=0.0028 | val_psnr=27.85 dB | time=2.6s
[Epoch 038] train_loss=0.0040 | train_psnr=27.24 dB | val_loss=0.0028 | val_psnr=27.89 dB | time=2.5s
[Epoch 039] train_loss=0.0039 | train_psnr=27.24 dB | val_loss=0.0028 | val_psnr=27.87 dB | time=2.5s
[Epoch 040] train_loss=0.0039 | train_psnr=27.24 dB | val_loss=0.0027 | val_psnr=27.92 dB | time=2.5s
[Epoch 041] train_loss=0.0039 | train_psnr=27.24 dB | val_loss=0.0028 | val_psnr=28.00 dB | time=2.6s
[Epoch 042] train_loss=0.0039 | train_psnr=27.10 dB | val_loss=0.0027 | val_psnr=28.01 dB | time=2.5s
[Epoch 043] train_loss=0.0039 | train_psnr=27.32 dB | val_loss=0.0027 | val_psnr=28.00 dB | time=2.5s
[Epoch 044] train_loss=0.0038 | train_psnr=27.19 dB | val_loss=0.0027 | val_psnr=27.98 dB | time=2.5s
[Epoch 045] train_loss=0.0038 | train_psnr=27.10 dB | val_loss=0.0029 | val_psnr=27.53 dB | time=2.5s
[Epoch 046] train_loss=0.0039 | train_psnr=27.08 dB | val_loss=0.0026 | val_psnr=28.13 dB | time=2.5s
[Epoch 047] train_loss=0.0037 | train_psnr=27.35 dB | val_loss=0.0026 | val_psnr=28.14 dB | time=2.5s
[Epoch 048] train_loss=0.0037 | train_psnr=27.42 dB | val_loss=0.0026 | val_psnr=28.16 dB | time=2.6s
[Epoch 049] train_loss=0.0037 | train_psnr=27.39 dB | val_loss=0.0026 | val_psnr=28.19 dB | time=2.6s
[Epoch 050] train_loss=0.0035 | train_psnr=27.60 dB | val_loss=0.0026 | val_psnr=28.19 dB | time=2.5s
[Epoch 051] train_loss=0.0036 | train_psnr=27.46 dB | val_loss=0.0026 | val_psnr=28.22 dB | time=2.5s
[Epoch 052] train_loss=0.0036 | train_psnr=27.50 dB | val_loss=0.0025 | val_psnr=28.20 dB | time=2.5s
[Epoch 053] train_loss=0.0036 | train_psnr=27.42 dB | val_loss=0.0025 | val_psnr=28.24 dB | time=2.5s
[Epoch 054] train_loss=0.0035 | train_psnr=27.59 dB | val_loss=0.0025 | val_psnr=28.23 dB | time=2.5s
[Epoch 055] train_loss=0.0036 | train_psnr=27.47 dB | val_loss=0.0026 | val_psnr=28.17 dB | time=2.5s
[Epoch 056] train_loss=0.0036 | train_psnr=27.35 dB | val_loss=0.0026 | val_psnr=27.96 dB | time=2.6s
[Epoch 057] train_loss=0.0035 | train_psnr=27.53 dB | val_loss=0.0026 | val_psnr=28.19 dB | time=2.6s
[Epoch 058] train_loss=0.0035 | train_psnr=27.53 dB | val_loss=0.0025 | val_psnr=28.28 dB | time=2.5s
[Epoch 059] train_loss=0.0034 | train_psnr=27.74 dB | val_loss=0.0025 | val_psnr=28.28 dB | time=2.5s
[Epoch 060] train_loss=0.0034 | train_psnr=27.67 dB | val_loss=0.0025 | val_psnr=28.32 dB | time=2.5s
[Epoch 061] train_loss=0.0035 | train_psnr=27.65 dB | val_loss=0.0025 | val_psnr=28.33 dB | time=2.5s
[Epoch 062] train_loss=0.0035 | train_psnr=27.56 dB | val_loss=0.0025 | val_psnr=28.34 dB | time=2.3s
[Epoch 063] train_loss=0.0034 | train_psnr=27.66 dB | val_loss=0.0024 | val_psnr=28.33 dB | time=2.5s
[Epoch 064] train_loss=0.0035 | train_psnr=27.56 dB | val_loss=0.0024 | val_psnr=28.35 dB | time=2.5s
[Epoch 065] train_loss=0.0033 | train_psnr=27.69 dB | val_loss=0.0025 | val_psnr=28.34 dB | time=2.6s
[Epoch 066] train_loss=0.0034 | train_psnr=27.55 dB | val_loss=0.0025 | val_psnr=28.16 dB | time=2.5s
[Epoch 067] train_loss=0.0033 | train_psnr=27.65 dB | val_loss=0.0025 | val_psnr=28.28 dB | time=2.4s
[Epoch 068] train_loss=0.0034 | train_psnr=27.69 dB | val_loss=0.0024 | val_psnr=28.33 dB | time=2.5s
[Epoch 069] train_loss=0.0034 | train_psnr=27.65 dB | val_loss=0.0024 | val_psnr=28.36 dB | time=2.5s
[Epoch 070] train_loss=0.0033 | train_psnr=27.80 dB | val_loss=0.0024 | val_psnr=28.38 dB | time=2.4s
[Epoch 071] train_loss=0.0033 | train_psnr=27.79 dB | val_loss=0.0024 | val_psnr=28.39 dB | time=2.5s
[Epoch 072] train_loss=0.0033 | train_psnr=27.63 dB | val_loss=0.0024 | val_psnr=28.38 dB | time=2.5s
[Epoch 073] train_loss=0.0034 | train_psnr=27.65 dB | val_loss=0.0024 | val_psnr=28.37 dB | time=2.5s
[Epoch 074] train_loss=0.0034 | train_psnr=27.68 dB | val_loss=0.0024 | val_psnr=28.40 dB | time=2.5s
[Epoch 075] train_loss=0.0033 | train_psnr=27.67 dB | val_loss=0.0024 | val_psnr=28.41 dB | time=2.5s
[Epoch 076] train_loss=0.0033 | train_psnr=27.70 dB | val_loss=0.0024 | val_psnr=28.41 dB | time=2.4s
[Epoch 077] train_loss=0.0033 | train_psnr=27.75 dB | val_loss=0.0024 | val_psnr=28.43 dB | time=2.6s
[Epoch 078] train_loss=0.0032 | train_psnr=27.86 dB | val_loss=0.0024 | val_psnr=28.41 dB | time=2.4s
[Epoch 079] train_loss=0.0033 | train_psnr=27.71 dB | val_loss=0.0024 | val_psnr=28.43 dB | time=2.6s
[Epoch 080] train_loss=0.0033 | train_psnr=27.72 dB | val_loss=0.0024 | val_psnr=28.43 dB | time=2.5s
[Epoch 081] train_loss=0.0033 | train_psnr=27.75 dB | val_loss=0.0024 | val_psnr=28.44 dB | time=2.5s
[Epoch 082] train_loss=0.0032 | train_psnr=27.80 dB | val_loss=0.0024 | val_psnr=28.44 dB | time=2.5s
[Epoch 083] train_loss=0.0033 | train_psnr=27.69 dB | val_loss=0.0024 | val_psnr=28.44 dB | time=2.5s
[Epoch 084] train_loss=0.0033 | train_psnr=27.58 dB | val_loss=0.0024 | val_psnr=28.41 dB | time=2.6s
[Epoch 085] train_loss=0.0032 | train_psnr=27.81 dB | val_loss=0.0023 | val_psnr=28.44 dB | time=2.6s
[Epoch 086] train_loss=0.0032 | train_psnr=27.75 dB | val_loss=0.0023 | val_psnr=28.41 dB | time=2.5s
[Epoch 087] train_loss=0.0032 | train_psnr=27.68 dB | val_loss=0.0023 | val_psnr=28.43 dB | time=2.4s
[Epoch 088] train_loss=0.0032 | train_psnr=27.88 dB | val_loss=0.0023 | val_psnr=28.45 dB | time=2.3s
[Epoch 089] train_loss=0.0032 | train_psnr=27.80 dB | val_loss=0.0023 | val_psnr=28.45 dB | time=2.5s
[Epoch 090] train_loss=0.0031 | train_psnr=27.88 dB | val_loss=0.0023 | val_psnr=28.46 dB | time=2.6s
[Epoch 091] train_loss=0.0031 | train_psnr=28.00 dB | val_loss=0.0023 | val_psnr=28.47 dB | time=2.5s
[Epoch 092] train_loss=0.0033 | train_psnr=27.71 dB | val_loss=0.0023 | val_psnr=28.48 dB | time=2.4s
[Epoch 093] train_loss=0.0032 | train_psnr=27.82 dB | val_loss=0.0023 | val_psnr=28.47 dB | time=2.5s
[Epoch 094] train_loss=0.0032 | train_psnr=27.81 dB | val_loss=0.0024 | val_psnr=28.27 dB | time=2.5s
[Epoch 095] train_loss=0.0033 | train_psnr=27.57 dB | val_loss=0.0023 | val_psnr=28.43 dB | time=2.4s
[Epoch 096] train_loss=0.0032 | train_psnr=27.51 dB | val_loss=0.0024 | val_psnr=28.27 dB | time=2.5s
[Epoch 097] train_loss=0.0032 | train_psnr=27.67 dB | val_loss=0.0023 | val_psnr=28.46 dB | time=2.5s
[Epoch 098] train_loss=0.0032 | train_psnr=27.83 dB | val_loss=0.0023 | val_psnr=28.48 dB | time=2.5s
[Epoch 099] train_loss=0.0032 | train_psnr=27.64 dB | val_loss=0.0023 | val_psnr=28.50 dB | time=2.5s
[Epoch 100] train_loss=0.0031 | train_psnr=27.89 dB | val_loss=0.0023 | val_psnr=28.51 dB | time=2.5s
[Epoch 101] train_loss=0.0031 | train_psnr=27.79 dB | val_loss=0.0023 | val_psnr=28.50 dB | time=2.5s
[Epoch 102] train_loss=0.0031 | train_psnr=27.88 dB | val_loss=0.0023 | val_psnr=28.51 dB | time=2.6s
[Epoch 103] train_loss=0.0031 | train_psnr=27.79 dB | val_loss=0.0023 | val_psnr=28.52 dB | time=2.4s
[Epoch 104] train_loss=0.0031 | train_psnr=27.93 dB | val_loss=0.0023 | val_psnr=28.51 dB | time=2.5s
[Epoch 105] train_loss=0.0031 | train_psnr=27.79 dB | val_loss=0.0023 | val_psnr=28.52 dB | time=2.6s
[Epoch 106] train_loss=0.0031 | train_psnr=27.78 dB | val_loss=0.0024 | val_psnr=28.49 dB | time=2.4s
[Epoch 107] train_loss=0.0031 | train_psnr=27.80 dB | val_loss=0.0023 | val_psnr=28.52 dB | time=2.4s
[Epoch 108] train_loss=0.0031 | train_psnr=27.75 dB | val_loss=0.0023 | val_psnr=28.53 dB | time=2.5s
[Epoch 109] train_loss=0.0030 | train_psnr=27.87 dB | val_loss=0.0023 | val_psnr=28.53 dB | time=2.6s
[Epoch 110] train_loss=0.0032 | train_psnr=27.74 dB | val_loss=0.0023 | val_psnr=28.54 dB | time=2.6s
[Epoch 111] train_loss=0.0030 | train_psnr=27.93 dB | val_loss=0.0023 | val_psnr=28.54 dB | time=2.4s
[Epoch 112] train_loss=0.0031 | train_psnr=27.79 dB | val_loss=0.0023 | val_psnr=28.51 dB | time=2.5s
[Epoch 113] train_loss=0.0031 | train_psnr=27.81 dB | val_loss=0.0023 | val_psnr=28.42 dB | time=2.5s
[Epoch 114] train_loss=0.0032 | train_psnr=27.81 dB | val_loss=0.0023 | val_psnr=28.54 dB | time=2.5s
[Epoch 115] train_loss=0.0031 | train_psnr=27.82 dB | val_loss=0.0023 | val_psnr=28.54 dB | time=2.5s
[Epoch 116] train_loss=0.0030 | train_psnr=27.86 dB | val_loss=0.0023 | val_psnr=28.55 dB | time=2.5s
[Epoch 117] train_loss=0.0030 | train_psnr=27.99 dB | val_loss=0.0023 | val_psnr=28.55 dB | time=2.5s
[Epoch 118] train_loss=0.0031 | train_psnr=27.79 dB | val_loss=0.0022 | val_psnr=28.56 dB | time=2.5s
[Epoch 119] train_loss=0.0030 | train_psnr=27.99 dB | val_loss=0.0022 | val_psnr=28.55 dB | time=2.5s
[Epoch 120] train_loss=0.0030 | train_psnr=27.80 dB | val_loss=0.0022 | val_psnr=28.56 dB | time=2.5s
[Epoch 121] train_loss=0.0031 | train_psnr=27.89 dB | val_loss=0.0022 | val_psnr=28.56 dB | time=2.5s
[Epoch 122] train_loss=0.0030 | train_psnr=27.94 dB | val_loss=0.0023 | val_psnr=28.48 dB | time=2.6s
[Epoch 123] train_loss=0.0031 | train_psnr=27.62 dB | val_loss=0.0023 | val_psnr=28.27 dB | time=2.5s
[Epoch 124] train_loss=0.0031 | train_psnr=27.65 dB | val_loss=0.0022 | val_psnr=28.56 dB | time=2.5s
[Epoch 125] train_loss=0.0030 | train_psnr=27.90 dB | val_loss=0.0022 | val_psnr=28.55 dB | time=2.5s
[Epoch 126] train_loss=0.0032 | train_psnr=27.71 dB | val_loss=0.0022 | val_psnr=28.57 dB | time=2.5s
[Epoch 127] train_loss=0.0030 | train_psnr=27.96 dB | val_loss=0.0022 | val_psnr=28.58 dB | time=2.5s
[Epoch 128] train_loss=0.0030 | train_psnr=28.01 dB | val_loss=0.0022 | val_psnr=28.58 dB | time=2.6s
[Epoch 129] train_loss=0.0030 | train_psnr=27.96 dB | val_loss=0.0022 | val_psnr=28.58 dB | time=2.5s
[Epoch 130] train_loss=0.0030 | train_psnr=27.90 dB | val_loss=0.0022 | val_psnr=28.58 dB | time=2.5s
[Epoch 131] train_loss=0.0030 | train_psnr=27.85 dB | val_loss=0.0022 | val_psnr=28.59 dB | time=2.6s
[Epoch 132] train_loss=0.0030 | train_psnr=27.92 dB | val_loss=0.0022 | val_psnr=28.59 dB | time=2.5s
[Epoch 133] train_loss=0.0030 | train_psnr=27.95 dB | val_loss=0.0022 | val_psnr=28.59 dB | time=2.5s
[Epoch 134] train_loss=0.0031 | train_psnr=27.87 dB | val_loss=0.0022 | val_psnr=28.60 dB | time=2.6s
[Epoch 135] train_loss=0.0030 | train_psnr=27.90 dB | val_loss=0.0022 | val_psnr=28.59 dB | time=2.5s
[Epoch 136] train_loss=0.0030 | train_psnr=27.83 dB | val_loss=0.0022 | val_psnr=28.59 dB | time=2.4s
[Epoch 137] train_loss=0.0030 | train_psnr=27.86 dB | val_loss=0.0022 | val_psnr=28.59 dB | time=2.5s
[Epoch 138] train_loss=0.0031 | train_psnr=27.83 dB | val_loss=0.0023 | val_psnr=28.20 dB | time=2.5s
[Epoch 139] train_loss=0.0030 | train_psnr=27.69 dB | val_loss=0.0022 | val_psnr=28.56 dB | time=2.5s
[Epoch 140] train_loss=0.0029 | train_psnr=28.05 dB | val_loss=0.0022 | val_psnr=28.61 dB | time=2.6s
[Epoch 141] train_loss=0.0031 | train_psnr=27.85 dB | val_loss=0.0022 | val_psnr=28.59 dB | time=2.6s
[Epoch 142] train_loss=0.0030 | train_psnr=27.86 dB | val_loss=0.0022 | val_psnr=28.61 dB | time=2.5s
[Epoch 143] train_loss=0.0030 | train_psnr=27.83 dB | val_loss=0.0022 | val_psnr=28.61 dB | time=2.5s
[Epoch 144] train_loss=0.0029 | train_psnr=27.92 dB | val_loss=0.0022 | val_psnr=28.62 dB | time=2.5s
[Epoch 145] train_loss=0.0030 | train_psnr=27.78 dB | val_loss=0.0022 | val_psnr=28.61 dB | time=2.6s
[Epoch 146] train_loss=0.0030 | train_psnr=27.91 dB | val_loss=0.0022 | val_psnr=28.62 dB | time=2.4s
[Epoch 147] train_loss=0.0030 | train_psnr=27.80 dB | val_loss=0.0022 | val_psnr=28.62 dB | time=2.6s
[Epoch 148] train_loss=0.0030 | train_psnr=27.87 dB | val_loss=0.0022 | val_psnr=28.63 dB | time=2.5s
[Epoch 149] train_loss=0.0030 | train_psnr=27.84 dB | val_loss=0.0022 | val_psnr=28.63 dB | time=2.5s
[Epoch 150] train_loss=0.0029 | train_psnr=28.03 dB | val_loss=0.0022 | val_psnr=28.61 dB | time=2.5s
[Epoch 151] train_loss=0.0030 | train_psnr=27.86 dB | val_loss=0.0022 | val_psnr=28.64 dB | time=2.3s
[Epoch 152] train_loss=0.0030 | train_psnr=27.93 dB | val_loss=0.0022 | val_psnr=28.63 dB | time=2.5s
[Epoch 153] train_loss=0.0030 | train_psnr=27.92 dB | val_loss=0.0022 | val_psnr=28.65 dB | time=2.5s
[Epoch 154] train_loss=0.0029 | train_psnr=28.06 dB | val_loss=0.0022 | val_psnr=28.65 dB | time=2.4s
[Epoch 155] train_loss=0.0030 | train_psnr=27.89 dB | val_loss=0.0022 | val_psnr=28.65 dB | time=2.6s
[Epoch 156] train_loss=0.0030 | train_psnr=27.93 dB | val_loss=0.0022 | val_psnr=28.66 dB | time=2.6s
[Epoch 157] train_loss=0.0030 | train_psnr=27.98 dB | val_loss=0.0022 | val_psnr=28.66 dB | time=2.6s
[Epoch 158] train_loss=0.0029 | train_psnr=28.03 dB | val_loss=0.0022 | val_psnr=28.66 dB | time=2.5s
[Epoch 159] train_loss=0.0029 | train_psnr=27.94 dB | val_loss=0.0022 | val_psnr=28.66 dB | time=2.5s
[Epoch 160] train_loss=0.0029 | train_psnr=27.93 dB | val_loss=0.0022 | val_psnr=28.62 dB | time=2.6s
[Epoch 161] train_loss=0.0029 | train_psnr=28.04 dB | val_loss=0.0022 | val_psnr=28.64 dB | time=2.5s
[Epoch 162] train_loss=0.0029 | train_psnr=28.03 dB | val_loss=0.0022 | val_psnr=28.55 dB | time=2.5s
[Epoch 163] train_loss=0.0030 | train_psnr=28.02 dB | val_loss=0.0022 | val_psnr=28.64 dB | time=2.5s
[Epoch 164] train_loss=0.0030 | train_psnr=27.88 dB | val_loss=0.0022 | val_psnr=28.61 dB | time=2.4s
[Epoch 165] train_loss=0.0030 | train_psnr=27.53 dB | val_loss=0.0022 | val_psnr=28.56 dB | time=2.3s
[Epoch 166] train_loss=0.0029 | train_psnr=27.77 dB | val_loss=0.0022 | val_psnr=28.52 dB | time=2.4s
[Epoch 167] train_loss=0.0029 | train_psnr=27.72 dB | val_loss=0.0022 | val_psnr=28.65 dB | time=2.5s
[Epoch 168] train_loss=0.0029 | train_psnr=28.09 dB | val_loss=0.0021 | val_psnr=28.68 dB | time=2.5s
[Epoch 169] train_loss=0.0030 | train_psnr=27.80 dB | val_loss=0.0021 | val_psnr=28.68 dB | time=2.5s
[Epoch 170] train_loss=0.0030 | train_psnr=27.92 dB | val_loss=0.0021 | val_psnr=28.68 dB | time=2.0s
[Epoch 171] train_loss=0.0030 | train_psnr=27.85 dB | val_loss=0.0021 | val_psnr=28.68 dB | time=2.1s
[Epoch 172] train_loss=0.0030 | train_psnr=27.91 dB | val_loss=0.0021 | val_psnr=28.68 dB | time=2.6s
[Epoch 173] train_loss=0.0029 | train_psnr=28.01 dB | val_loss=0.0021 | val_psnr=28.69 dB | time=2.5s
[Epoch 174] train_loss=0.0029 | train_psnr=28.03 dB | val_loss=0.0021 | val_psnr=28.68 dB | time=2.5s
[Epoch 175] train_loss=0.0029 | train_psnr=28.08 dB | val_loss=0.0021 | val_psnr=28.69 dB | time=2.5s
[Epoch 176] train_loss=0.0030 | train_psnr=27.86 dB | val_loss=0.0021 | val_psnr=28.69 dB | time=2.4s
[Epoch 177] train_loss=0.0029 | train_psnr=28.09 dB | val_loss=0.0021 | val_psnr=28.69 dB | time=2.5s
[Epoch 178] train_loss=0.0029 | train_psnr=28.02 dB | val_loss=0.0021 | val_psnr=28.69 dB | time=2.5s
[Epoch 179] train_loss=0.0030 | train_psnr=27.87 dB | val_loss=0.0021 | val_psnr=28.69 dB | time=2.5s
[Epoch 180] train_loss=0.0030 | train_psnr=27.95 dB | val_loss=0.0021 | val_psnr=28.69 dB | time=2.5s
[Epoch 181] train_loss=0.0030 | train_psnr=27.82 dB | val_loss=0.0021 | val_psnr=28.70 dB | time=2.5s
[Epoch 182] train_loss=0.0029 | train_psnr=27.98 dB | val_loss=0.0021 | val_psnr=28.70 dB | time=2.1s
[Epoch 183] train_loss=0.0028 | train_psnr=28.00 dB | val_loss=0.0021 | val_psnr=28.70 dB | time=2.5s
[Epoch 184] train_loss=0.0029 | train_psnr=28.04 dB | val_loss=0.0021 | val_psnr=28.70 dB | time=2.6s
[Epoch 185] train_loss=0.0030 | train_psnr=27.91 dB | val_loss=0.0021 | val_psnr=28.70 dB | time=2.6s
[Epoch 186] train_loss=0.0029 | train_psnr=28.02 dB | val_loss=0.0021 | val_psnr=28.70 dB | time=2.5s
[Epoch 187] train_loss=0.0029 | train_psnr=28.21 dB | val_loss=0.0021 | val_psnr=28.70 dB | time=2.4s
[Epoch 188] train_loss=0.0028 | train_psnr=28.20 dB | val_loss=0.0021 | val_psnr=28.70 dB | time=2.3s
[Epoch 189] train_loss=0.0030 | train_psnr=27.91 dB | val_loss=0.0021 | val_psnr=28.70 dB | time=2.5s
[Epoch 190] train_loss=0.0030 | train_psnr=27.91 dB | val_loss=0.0021 | val_psnr=28.71 dB | time=2.6s
[Epoch 191] train_loss=0.0030 | train_psnr=27.88 dB | val_loss=0.0021 | val_psnr=28.71 dB | time=2.5s
[Epoch 192] train_loss=0.0029 | train_psnr=27.98 dB | val_loss=0.0021 | val_psnr=28.71 dB | time=2.5s
[Epoch 193] train_loss=0.0029 | train_psnr=28.16 dB | val_loss=0.0021 | val_psnr=28.71 dB | time=2.5s
[Epoch 194] train_loss=0.0029 | train_psnr=28.03 dB | val_loss=0.0021 | val_psnr=28.71 dB | time=2.5s
[Epoch 195] train_loss=0.0029 | train_psnr=27.97 dB | val_loss=0.0021 | val_psnr=28.71 dB | time=2.5s
[Epoch 196] train_loss=0.0029 | train_psnr=27.96 dB | val_loss=0.0021 | val_psnr=28.71 dB | time=2.5s
[Epoch 197] train_loss=0.0028 | train_psnr=28.07 dB | val_loss=0.0021 | val_psnr=28.72 dB | time=2.5s
[Epoch 198] train_loss=0.0030 | train_psnr=27.89 dB | val_loss=0.0021 | val_psnr=28.72 dB | time=2.4s
[Epoch 199] train_loss=0.0029 | train_psnr=28.03 dB | val_loss=0.0021 | val_psnr=28.72 dB | time=2.4s
[Epoch 200] train_loss=0.0029 | train_psnr=28.01 dB | val_loss=0.0021 | val_psnr=28.72 dB | time=2.5s
[Epoch 201] train_loss=0.0028 | train_psnr=28.17 dB | val_loss=0.0021 | val_psnr=28.72 dB | time=2.5s
[Epoch 202] train_loss=0.0030 | train_psnr=27.95 dB | val_loss=0.0021 | val_psnr=28.72 dB | time=2.4s
[Epoch 203] train_loss=0.0030 | train_psnr=27.98 dB | val_loss=0.0021 | val_psnr=28.72 dB | time=2.3s
[Epoch 204] train_loss=0.0029 | train_psnr=27.94 dB | val_loss=0.0021 | val_psnr=28.73 dB | time=2.5s
[Epoch 205] train_loss=0.0029 | train_psnr=28.02 dB | val_loss=0.0021 | val_psnr=28.73 dB | time=2.5s
[Epoch 206] train_loss=0.0029 | train_psnr=27.95 dB | val_loss=0.0021 | val_psnr=28.73 dB | time=2.5s
[Epoch 207] train_loss=0.0029 | train_psnr=27.95 dB | val_loss=0.0021 | val_psnr=28.73 dB | time=2.5s
[Epoch 208] train_loss=0.0028 | train_psnr=28.24 dB | val_loss=0.0021 | val_psnr=28.73 dB | time=2.5s
[Epoch 209] train_loss=0.0028 | train_psnr=28.21 dB | val_loss=0.0021 | val_psnr=28.73 dB | time=2.5s
[Epoch 210] train_loss=0.0029 | train_psnr=28.08 dB | val_loss=0.0021 | val_psnr=28.72 dB | time=2.6s
[Epoch 211] train_loss=0.0029 | train_psnr=27.96 dB | val_loss=0.0021 | val_psnr=28.73 dB | time=2.5s
[Epoch 212] train_loss=0.0028 | train_psnr=28.14 dB | val_loss=0.0021 | val_psnr=28.73 dB | time=2.5s
[Epoch 213] train_loss=0.0029 | train_psnr=28.08 dB | val_loss=0.0021 | val_psnr=28.73 dB | time=2.6s
[Epoch 214] train_loss=0.0028 | train_psnr=28.17 dB | val_loss=0.0021 | val_psnr=28.74 dB | time=2.5s
[Epoch 215] train_loss=0.0028 | train_psnr=28.10 dB | val_loss=0.0021 | val_psnr=28.74 dB | time=2.6s
[Epoch 216] train_loss=0.0029 | train_psnr=28.00 dB | val_loss=0.0021 | val_psnr=28.72 dB | time=2.5s
[Epoch 217] train_loss=0.0029 | train_psnr=27.96 dB | val_loss=0.0021 | val_psnr=28.75 dB | time=2.5s
[Epoch 218] train_loss=0.0028 | train_psnr=28.03 dB | val_loss=0.0021 | val_psnr=28.75 dB | time=2.4s
[Epoch 219] train_loss=0.0029 | train_psnr=28.02 dB | val_loss=0.0021 | val_psnr=28.75 dB | time=2.1s
[Epoch 220] train_loss=0.0029 | train_psnr=27.98 dB | val_loss=0.0021 | val_psnr=28.75 dB | time=2.1s
[Epoch 221] train_loss=0.0029 | train_psnr=28.09 dB | val_loss=0.0021 | val_psnr=28.75 dB | time=2.1s
[Epoch 222] train_loss=0.0029 | train_psnr=28.07 dB | val_loss=0.0021 | val_psnr=28.75 dB | time=2.6s
[Epoch 223] train_loss=0.0028 | train_psnr=28.08 dB | val_loss=0.0021 | val_psnr=28.76 dB | time=2.4s
[Epoch 224] train_loss=0.0029 | train_psnr=28.10 dB | val_loss=0.0021 | val_psnr=28.76 dB | time=2.6s
[Epoch 225] train_loss=0.0029 | train_psnr=28.03 dB | val_loss=0.0021 | val_psnr=28.76 dB | time=2.6s
[Epoch 226] train_loss=0.0028 | train_psnr=28.05 dB | val_loss=0.0021 | val_psnr=28.76 dB | time=2.5s
[Epoch 227] train_loss=0.0029 | train_psnr=27.97 dB | val_loss=0.0021 | val_psnr=28.76 dB | time=2.5s
[Epoch 228] train_loss=0.0029 | train_psnr=28.04 dB | val_loss=0.0021 | val_psnr=28.77 dB | time=2.5s
[Epoch 229] train_loss=0.0028 | train_psnr=28.12 dB | val_loss=0.0021 | val_psnr=28.77 dB | time=2.5s
[Epoch 230] train_loss=0.0029 | train_psnr=28.00 dB | val_loss=0.0021 | val_psnr=28.77 dB | time=2.5s
[Epoch 231] train_loss=0.0029 | train_psnr=27.92 dB | val_loss=0.0021 | val_psnr=28.75 dB | time=2.5s
[Epoch 232] train_loss=0.0029 | train_psnr=28.02 dB | val_loss=0.0021 | val_psnr=28.75 dB | time=2.5s
[Epoch 233] train_loss=0.0029 | train_psnr=28.13 dB | val_loss=0.0021 | val_psnr=28.77 dB | time=2.6s
[Epoch 234] train_loss=0.0028 | train_psnr=28.07 dB | val_loss=0.0021 | val_psnr=28.77 dB | time=2.5s
[Epoch 235] train_loss=0.0028 | train_psnr=28.00 dB | val_loss=0.0021 | val_psnr=28.77 dB | time=2.5s
[Epoch 236] train_loss=0.0029 | train_psnr=28.03 dB | val_loss=0.0021 | val_psnr=28.77 dB | time=2.5s
[Epoch 237] train_loss=0.0028 | train_psnr=28.17 dB | val_loss=0.0021 | val_psnr=28.78 dB | time=2.5s
[Epoch 238] train_loss=0.0029 | train_psnr=28.04 dB | val_loss=0.0021 | val_psnr=28.78 dB | time=2.5s
[Epoch 239] train_loss=0.0028 | train_psnr=28.04 dB | val_loss=0.0021 | val_psnr=28.78 dB | time=2.6s
[Epoch 240] train_loss=0.0029 | train_psnr=28.12 dB | val_loss=0.0021 | val_psnr=28.78 dB | time=2.4s
[Epoch 241] train_loss=0.0029 | train_psnr=28.12 dB | val_loss=0.0021 | val_psnr=28.79 dB | time=2.5s
[Epoch 242] train_loss=0.0029 | train_psnr=28.07 dB | val_loss=0.0021 | val_psnr=28.79 dB | time=2.5s
[Epoch 243] train_loss=0.0029 | train_psnr=28.01 dB | val_loss=0.0021 | val_psnr=28.78 dB | time=2.5s
[Epoch 244] train_loss=0.0029 | train_psnr=28.02 dB | val_loss=0.0021 | val_psnr=28.79 dB | time=2.1s
[Epoch 245] train_loss=0.0029 | train_psnr=28.12 dB | val_loss=0.0021 | val_psnr=28.79 dB | time=2.5s
[Epoch 246] train_loss=0.0028 | train_psnr=28.09 dB | val_loss=0.0021 | val_psnr=28.79 dB | time=2.5s
[Epoch 247] train_loss=0.0029 | train_psnr=27.91 dB | val_loss=0.0021 | val_psnr=28.80 dB | time=2.5s
[Epoch 248] train_loss=0.0028 | train_psnr=28.17 dB | val_loss=0.0021 | val_psnr=28.80 dB | time=2.4s
[Epoch 249] train_loss=0.0028 | train_psnr=28.24 dB | val_loss=0.0021 | val_psnr=28.80 dB | time=2.5s
[Epoch 250] train_loss=0.0028 | train_psnr=28.15 dB | val_loss=0.0021 | val_psnr=28.79 dB | time=2.5s
[Epoch 251] train_loss=0.0028 | train_psnr=28.10 dB | val_loss=0.0020 | val_psnr=28.80 dB | time=2.5s
[Epoch 252] train_loss=0.0028 | train_psnr=28.10 dB | val_loss=0.0020 | val_psnr=28.79 dB | time=2.5s
[Epoch 253] train_loss=0.0029 | train_psnr=28.03 dB | val_loss=0.0021 | val_psnr=28.80 dB | time=2.5s
[Epoch 254] train_loss=0.0028 | train_psnr=28.22 dB | val_loss=0.0020 | val_psnr=28.81 dB | time=2.5s
[Epoch 255] train_loss=0.0028 | train_psnr=28.05 dB | val_loss=0.0020 | val_psnr=28.81 dB | time=2.5s
[Epoch 256] train_loss=0.0028 | train_psnr=28.16 dB | val_loss=0.0020 | val_psnr=28.81 dB | time=2.5s
[Epoch 257] train_loss=0.0027 | train_psnr=28.14 dB | val_loss=0.0020 | val_psnr=28.82 dB | time=2.5s
[Epoch 258] train_loss=0.0027 | train_psnr=28.36 dB | val_loss=0.0020 | val_psnr=28.81 dB | time=2.5s
[Epoch 259] train_loss=0.0028 | train_psnr=28.21 dB | val_loss=0.0020 | val_psnr=28.82 dB | time=2.5s
[Epoch 260] train_loss=0.0029 | train_psnr=27.90 dB | val_loss=0.0020 | val_psnr=28.82 dB | time=2.5s
[Epoch 261] train_loss=0.0028 | train_psnr=27.97 dB | val_loss=0.0020 | val_psnr=28.82 dB | time=2.6s
[Epoch 262] train_loss=0.0028 | train_psnr=28.20 dB | val_loss=0.0020 | val_psnr=28.76 dB | time=2.6s
[Epoch 263] train_loss=0.0028 | train_psnr=28.16 dB | val_loss=0.0020 | val_psnr=28.83 dB | time=2.6s
[Epoch 264] train_loss=0.0028 | train_psnr=28.10 dB | val_loss=0.0020 | val_psnr=28.82 dB | time=2.6s
[Epoch 265] train_loss=0.0027 | train_psnr=28.30 dB | val_loss=0.0020 | val_psnr=28.83 dB | time=2.6s
[Epoch 266] train_loss=0.0028 | train_psnr=28.17 dB | val_loss=0.0020 | val_psnr=28.83 dB | time=2.5s
[Epoch 267] train_loss=0.0028 | train_psnr=28.00 dB | val_loss=0.0020 | val_psnr=28.84 dB | time=2.5s
[Epoch 268] train_loss=0.0027 | train_psnr=28.27 dB | val_loss=0.0020 | val_psnr=28.84 dB | time=2.5s
[Epoch 269] train_loss=0.0028 | train_psnr=28.13 dB | val_loss=0.0020 | val_psnr=28.81 dB | time=2.7s
[Epoch 270] train_loss=0.0029 | train_psnr=28.00 dB | val_loss=0.0020 | val_psnr=28.84 dB | time=2.5s
[Epoch 271] train_loss=0.0027 | train_psnr=28.25 dB | val_loss=0.0020 | val_psnr=28.84 dB | time=2.5s
[Epoch 272] train_loss=0.0027 | train_psnr=28.17 dB | val_loss=0.0020 | val_psnr=28.83 dB | time=2.4s
[Epoch 273] train_loss=0.0029 | train_psnr=28.06 dB | val_loss=0.0020 | val_psnr=28.85 dB | time=2.5s
[Epoch 274] train_loss=0.0028 | train_psnr=28.19 dB | val_loss=0.0020 | val_psnr=28.84 dB | time=2.5s
[Epoch 275] train_loss=0.0028 | train_psnr=28.16 dB | val_loss=0.0020 | val_psnr=28.84 dB | time=2.5s
[Epoch 276] train_loss=0.0028 | train_psnr=28.11 dB | val_loss=0.0020 | val_psnr=28.84 dB | time=2.5s
[Epoch 277] train_loss=0.0028 | train_psnr=28.17 dB | val_loss=0.0020 | val_psnr=28.85 dB | time=2.4s
[Epoch 278] train_loss=0.0028 | train_psnr=28.16 dB | val_loss=0.0020 | val_psnr=28.85 dB | time=2.5s
[Epoch 279] train_loss=0.0027 | train_psnr=28.26 dB | val_loss=0.0020 | val_psnr=28.85 dB | time=2.4s
[Epoch 280] train_loss=0.0027 | train_psnr=28.17 dB | val_loss=0.0020 | val_psnr=28.83 dB | time=2.5s
[Epoch 281] train_loss=0.0028 | train_psnr=28.15 dB | val_loss=0.0020 | val_psnr=28.86 dB | time=2.5s
[Epoch 282] train_loss=0.0028 | train_psnr=28.09 dB | val_loss=0.0020 | val_psnr=28.86 dB | time=2.6s
[Epoch 283] train_loss=0.0028 | train_psnr=28.03 dB | val_loss=0.0020 | val_psnr=28.86 dB | time=2.5s
[Epoch 284] train_loss=0.0028 | train_psnr=28.20 dB | val_loss=0.0020 | val_psnr=28.87 dB | time=2.6s
[Epoch 285] train_loss=0.0027 | train_psnr=28.31 dB | val_loss=0.0020 | val_psnr=28.87 dB | time=2.6s
[Epoch 286] train_loss=0.0029 | train_psnr=28.06 dB | val_loss=0.0020 | val_psnr=28.87 dB | time=2.1s
[Epoch 287] train_loss=0.0028 | train_psnr=28.11 dB | val_loss=0.0020 | val_psnr=28.85 dB | time=2.5s
[Epoch 288] train_loss=0.0027 | train_psnr=28.26 dB | val_loss=0.0020 | val_psnr=28.87 dB | time=2.6s
[Epoch 289] train_loss=0.0027 | train_psnr=28.17 dB | val_loss=0.0020 | val_psnr=28.88 dB | time=2.5s
[Epoch 290] train_loss=0.0028 | train_psnr=28.16 dB | val_loss=0.0020 | val_psnr=28.88 dB | time=2.6s
[Epoch 291] train_loss=0.0029 | train_psnr=28.14 dB | val_loss=0.0020 | val_psnr=28.87 dB | time=2.5s
[Epoch 292] train_loss=0.0029 | train_psnr=27.99 dB | val_loss=0.0020 | val_psnr=28.86 dB | time=2.5s
[Epoch 293] train_loss=0.0028 | train_psnr=28.08 dB | val_loss=0.0020 | val_psnr=28.88 dB | time=2.5s
[Epoch 294] train_loss=0.0028 | train_psnr=28.08 dB | val_loss=0.0020 | val_psnr=28.88 dB | time=2.5s
[Epoch 295] train_loss=0.0028 | train_psnr=28.20 dB | val_loss=0.0020 | val_psnr=28.89 dB | time=2.5s
[Epoch 296] train_loss=0.0028 | train_psnr=28.11 dB | val_loss=0.0020 | val_psnr=28.88 dB | time=2.5s
[Epoch 297] train_loss=0.0028 | train_psnr=28.11 dB | val_loss=0.0020 | val_psnr=28.83 dB | time=2.5s
[Epoch 298] train_loss=0.0028 | train_psnr=27.99 dB | val_loss=0.0020 | val_psnr=28.85 dB | time=2.5s
[Epoch 299] train_loss=0.0028 | train_psnr=28.04 dB | val_loss=0.0020 | val_psnr=28.88 dB | time=2.6s
[Epoch 300] train_loss=0.0027 | train_psnr=28.24 dB | val_loss=0.0020 | val_psnr=28.89 dB | time=2.5s
[Epoch 301] train_loss=0.0028 | train_psnr=28.06 dB | val_loss=0.0020 | val_psnr=28.90 dB | time=2.5s
[Epoch 302] train_loss=0.0028 | train_psnr=28.13 dB | val_loss=0.0020 | val_psnr=28.90 dB | time=2.5s
[Epoch 303] train_loss=0.0027 | train_psnr=28.15 dB | val_loss=0.0020 | val_psnr=28.91 dB | time=2.3s
[Epoch 304] train_loss=0.0027 | train_psnr=28.23 dB | val_loss=0.0020 | val_psnr=28.91 dB | time=2.4s
[Epoch 305] train_loss=0.0027 | train_psnr=28.28 dB | val_loss=0.0020 | val_psnr=28.91 dB | time=2.1s
[Epoch 306] train_loss=0.0027 | train_psnr=28.23 dB | val_loss=0.0020 | val_psnr=28.91 dB | time=2.1s
[Epoch 307] train_loss=0.0028 | train_psnr=28.13 dB | val_loss=0.0020 | val_psnr=28.91 dB | time=2.1s
[Epoch 308] train_loss=0.0027 | train_psnr=28.30 dB | val_loss=0.0020 | val_psnr=28.90 dB | time=2.5s
[Epoch 309] train_loss=0.0028 | train_psnr=28.27 dB | val_loss=0.0020 | val_psnr=28.92 dB | time=2.5s
[Epoch 310] train_loss=0.0027 | train_psnr=28.16 dB | val_loss=0.0020 | val_psnr=28.92 dB | time=2.3s
[Epoch 311] train_loss=0.0028 | train_psnr=28.11 dB | val_loss=0.0020 | val_psnr=28.92 dB | time=2.5s
[Epoch 312] train_loss=0.0028 | train_psnr=28.11 dB | val_loss=0.0020 | val_psnr=28.93 dB | time=2.5s
[Epoch 313] train_loss=0.0027 | train_psnr=28.24 dB | val_loss=0.0020 | val_psnr=28.93 dB | time=2.6s
[Epoch 314] train_loss=0.0027 | train_psnr=28.17 dB | val_loss=0.0020 | val_psnr=28.93 dB | time=2.4s
[Epoch 315] train_loss=0.0028 | train_psnr=28.07 dB | val_loss=0.0020 | val_psnr=28.93 dB | time=2.5s
[Epoch 316] train_loss=0.0028 | train_psnr=28.04 dB | val_loss=0.0020 | val_psnr=28.91 dB | time=2.4s
[Epoch 317] train_loss=0.0027 | train_psnr=28.33 dB | val_loss=0.0020 | val_psnr=28.93 dB | time=2.5s
[Epoch 318] train_loss=0.0027 | train_psnr=28.35 dB | val_loss=0.0020 | val_psnr=28.92 dB | time=2.5s
[Epoch 319] train_loss=0.0028 | train_psnr=28.08 dB | val_loss=0.0020 | val_psnr=28.93 dB | time=2.5s
[Epoch 320] train_loss=0.0027 | train_psnr=28.31 dB | val_loss=0.0020 | val_psnr=28.94 dB | time=2.5s
[Epoch 321] train_loss=0.0028 | train_psnr=28.25 dB | val_loss=0.0020 | val_psnr=28.94 dB | time=2.6s
[Epoch 322] train_loss=0.0028 | train_psnr=28.04 dB | val_loss=0.0020 | val_psnr=28.94 dB | time=2.5s
[Epoch 323] train_loss=0.0028 | train_psnr=28.16 dB | val_loss=0.0020 | val_psnr=28.94 dB | time=2.5s
[Epoch 324] train_loss=0.0028 | train_psnr=28.19 dB | val_loss=0.0020 | val_psnr=28.93 dB | time=2.4s
[Epoch 325] train_loss=0.0027 | train_psnr=28.30 dB | val_loss=0.0019 | val_psnr=28.95 dB | time=2.3s
[Epoch 326] train_loss=0.0027 | train_psnr=28.21 dB | val_loss=0.0019 | val_psnr=28.95 dB | time=2.4s
[Epoch 327] train_loss=0.0027 | train_psnr=28.31 dB | val_loss=0.0019 | val_psnr=28.96 dB | time=2.3s
[Epoch 328] train_loss=0.0027 | train_psnr=28.37 dB | val_loss=0.0020 | val_psnr=28.96 dB | time=2.4s
[Epoch 329] train_loss=0.0027 | train_psnr=28.18 dB | val_loss=0.0020 | val_psnr=28.94 dB | time=2.4s
[Epoch 330] train_loss=0.0028 | train_psnr=28.24 dB | val_loss=0.0019 | val_psnr=28.96 dB | time=2.2s
[Epoch 331] train_loss=0.0027 | train_psnr=28.39 dB | val_loss=0.0019 | val_psnr=28.97 dB | time=2.1s
[Epoch 332] train_loss=0.0028 | train_psnr=28.16 dB | val_loss=0.0020 | val_psnr=28.88 dB | time=2.1s
[Epoch 333] train_loss=0.0028 | train_psnr=28.13 dB | val_loss=0.0020 | val_psnr=28.91 dB | time=2.5s
[Epoch 334] train_loss=0.0027 | train_psnr=28.30 dB | val_loss=0.0019 | val_psnr=28.97 dB | time=2.5s
[Epoch 335] train_loss=0.0027 | train_psnr=28.28 dB | val_loss=0.0019 | val_psnr=28.95 dB | time=2.6s
[Epoch 336] train_loss=0.0028 | train_psnr=28.19 dB | val_loss=0.0019 | val_psnr=28.96 dB | time=2.5s
[Epoch 337] train_loss=0.0028 | train_psnr=28.13 dB | val_loss=0.0019 | val_psnr=28.94 dB | time=2.6s
[Epoch 338] train_loss=0.0027 | train_psnr=28.38 dB | val_loss=0.0019 | val_psnr=28.96 dB | time=2.5s
[Epoch 339] train_loss=0.0028 | train_psnr=28.27 dB | val_loss=0.0019 | val_psnr=28.98 dB | time=2.3s
[Epoch 340] train_loss=0.0027 | train_psnr=28.29 dB | val_loss=0.0019 | val_psnr=28.98 dB | time=2.4s
[Epoch 341] train_loss=0.0027 | train_psnr=28.26 dB | val_loss=0.0019 | val_psnr=28.98 dB | time=2.4s
[Epoch 342] train_loss=0.0028 | train_psnr=28.11 dB | val_loss=0.0019 | val_psnr=28.99 dB | time=2.4s
[Epoch 343] train_loss=0.0028 | train_psnr=28.20 dB | val_loss=0.0019 | val_psnr=28.99 dB | time=2.5s
[Epoch 344] train_loss=0.0028 | train_psnr=28.21 dB | val_loss=0.0019 | val_psnr=28.99 dB | time=2.4s
[Epoch 345] train_loss=0.0028 | train_psnr=28.08 dB | val_loss=0.0019 | val_psnr=28.98 dB | time=2.3s
[Epoch 346] train_loss=0.0028 | train_psnr=28.20 dB | val_loss=0.0019 | val_psnr=29.00 dB | time=2.3s
[Epoch 347] train_loss=0.0027 | train_psnr=28.21 dB | val_loss=0.0019 | val_psnr=28.99 dB | time=2.5s
[Epoch 348] train_loss=0.0029 | train_psnr=28.14 dB | val_loss=0.0019 | val_psnr=29.00 dB | time=2.6s
[Epoch 349] train_loss=0.0026 | train_psnr=28.31 dB | val_loss=0.0019 | val_psnr=29.00 dB | time=2.5s
[Epoch 350] train_loss=0.0026 | train_psnr=28.34 dB | val_loss=0.0019 | val_psnr=29.00 dB | time=2.6s
[Epoch 351] train_loss=0.0027 | train_psnr=28.29 dB | val_loss=0.0019 | val_psnr=29.00 dB | time=2.6s
[Epoch 352] train_loss=0.0028 | train_psnr=28.15 dB | val_loss=0.0019 | val_psnr=29.01 dB | time=2.4s
[Epoch 353] train_loss=0.0027 | train_psnr=28.24 dB | val_loss=0.0019 | val_psnr=29.01 dB | time=2.4s
[Epoch 354] train_loss=0.0027 | train_psnr=28.26 dB | val_loss=0.0019 | val_psnr=29.01 dB | time=2.6s
[Epoch 355] train_loss=0.0027 | train_psnr=28.21 dB | val_loss=0.0019 | val_psnr=28.98 dB | time=2.5s
[Epoch 356] train_loss=0.0027 | train_psnr=28.25 dB | val_loss=0.0019 | val_psnr=29.01 dB | time=2.6s
[Epoch 357] train_loss=0.0027 | train_psnr=28.39 dB | val_loss=0.0019 | val_psnr=29.02 dB | time=2.5s
[Epoch 358] train_loss=0.0027 | train_psnr=28.18 dB | val_loss=0.0019 | val_psnr=29.01 dB | time=2.5s
[Epoch 359] train_loss=0.0027 | train_psnr=28.23 dB | val_loss=0.0019 | val_psnr=29.02 dB | time=2.5s
[Epoch 360] train_loss=0.0027 | train_psnr=28.31 dB | val_loss=0.0019 | val_psnr=29.02 dB | time=2.5s
[Epoch 361] train_loss=0.0027 | train_psnr=28.29 dB | val_loss=0.0019 | val_psnr=29.03 dB | time=2.5s
[Epoch 362] train_loss=0.0027 | train_psnr=28.31 dB | val_loss=0.0019 | val_psnr=28.99 dB | time=2.5s
[Epoch 363] train_loss=0.0027 | train_psnr=28.52 dB | val_loss=0.0019 | val_psnr=29.04 dB | time=2.5s
[Epoch 364] train_loss=0.0028 | train_psnr=28.07 dB | val_loss=0.0019 | val_psnr=29.02 dB | time=2.5s
[Epoch 365] train_loss=0.0028 | train_psnr=28.20 dB | val_loss=0.0019 | val_psnr=29.04 dB | time=2.5s
[Epoch 366] train_loss=0.0027 | train_psnr=28.28 dB | val_loss=0.0019 | val_psnr=29.03 dB | time=2.6s
[Epoch 367] train_loss=0.0027 | train_psnr=28.38 dB | val_loss=0.0019 | val_psnr=29.03 dB | time=2.5s
[Epoch 368] train_loss=0.0028 | train_psnr=28.16 dB | val_loss=0.0019 | val_psnr=28.89 dB | time=2.4s
[Epoch 369] train_loss=0.0029 | train_psnr=27.91 dB | val_loss=0.0019 | val_psnr=29.02 dB | time=2.5s
[Epoch 370] train_loss=0.0027 | train_psnr=28.46 dB | val_loss=0.0019 | val_psnr=29.05 dB | time=2.5s
[Epoch 371] train_loss=0.0027 | train_psnr=28.30 dB | val_loss=0.0019 | val_psnr=29.05 dB | time=2.5s
[Epoch 372] train_loss=0.0028 | train_psnr=28.23 dB | val_loss=0.0019 | val_psnr=29.03 dB | time=2.5s
[Epoch 373] train_loss=0.0028 | train_psnr=28.31 dB | val_loss=0.0019 | val_psnr=29.06 dB | time=2.5s
[Epoch 374] train_loss=0.0027 | train_psnr=28.30 dB | val_loss=0.0019 | val_psnr=29.05 dB | time=2.6s
[Epoch 375] train_loss=0.0026 | train_psnr=28.47 dB | val_loss=0.0019 | val_psnr=29.06 dB | time=2.5s
[Epoch 376] train_loss=0.0027 | train_psnr=28.39 dB | val_loss=0.0019 | val_psnr=29.07 dB | time=2.5s
[Epoch 377] train_loss=0.0026 | train_psnr=28.39 dB | val_loss=0.0019 | val_psnr=29.06 dB | time=2.5s
[Epoch 378] train_loss=0.0026 | train_psnr=28.35 dB | val_loss=0.0019 | val_psnr=29.03 dB | time=2.5s
[Epoch 379] train_loss=0.0027 | train_psnr=28.35 dB | val_loss=0.0019 | val_psnr=29.07 dB | time=2.5s
[Epoch 380] train_loss=0.0027 | train_psnr=28.23 dB | val_loss=0.0019 | val_psnr=29.07 dB | time=2.6s
[Epoch 381] train_loss=0.0028 | train_psnr=28.27 dB | val_loss=0.0019 | val_psnr=29.07 dB | time=2.3s
[Epoch 382] train_loss=0.0027 | train_psnr=28.32 dB | val_loss=0.0019 | val_psnr=29.06 dB | time=2.5s
[Epoch 383] train_loss=0.0028 | train_psnr=28.11 dB | val_loss=0.0019 | val_psnr=29.06 dB | time=2.5s
[Epoch 384] train_loss=0.0027 | train_psnr=28.39 dB | val_loss=0.0019 | val_psnr=29.07 dB | time=2.5s
[Epoch 385] train_loss=0.0027 | train_psnr=28.35 dB | val_loss=0.0019 | val_psnr=29.05 dB | time=2.5s
[Epoch 386] train_loss=0.0027 | train_psnr=28.32 dB | val_loss=0.0019 | val_psnr=29.08 dB | time=2.5s
[Epoch 387] train_loss=0.0026 | train_psnr=28.40 dB | val_loss=0.0019 | val_psnr=29.09 dB | time=2.5s
[Epoch 388] train_loss=0.0027 | train_psnr=28.36 dB | val_loss=0.0019 | val_psnr=29.10 dB | time=2.5s
[Epoch 389] train_loss=0.0028 | train_psnr=28.28 dB | val_loss=0.0019 | val_psnr=29.10 dB | time=2.6s
[Epoch 390] train_loss=0.0026 | train_psnr=28.33 dB | val_loss=0.0019 | val_psnr=29.04 dB | time=2.5s
[Epoch 391] train_loss=0.0028 | train_psnr=28.29 dB | val_loss=0.0019 | val_psnr=29.10 dB | time=2.5s
[Epoch 392] train_loss=0.0026 | train_psnr=28.34 dB | val_loss=0.0019 | val_psnr=29.10 dB | time=2.5s
[Epoch 393] train_loss=0.0027 | train_psnr=28.29 dB | val_loss=0.0019 | val_psnr=29.10 dB | time=2.5s
[Epoch 394] train_loss=0.0027 | train_psnr=28.39 dB | val_loss=0.0018 | val_psnr=29.11 dB | time=2.5s
[Epoch 395] train_loss=0.0027 | train_psnr=28.24 dB | val_loss=0.0018 | val_psnr=29.10 dB | time=2.3s
[Epoch 396] train_loss=0.0027 | train_psnr=28.30 dB | val_loss=0.0018 | val_psnr=29.10 dB | time=2.6s
[Epoch 397] train_loss=0.0026 | train_psnr=28.52 dB | val_loss=0.0018 | val_psnr=29.11 dB | time=2.5s
[Epoch 398] train_loss=0.0025 | train_psnr=28.50 dB | val_loss=0.0018 | val_psnr=29.11 dB | time=2.5s
[Epoch 399] train_loss=0.0026 | train_psnr=28.41 dB | val_loss=0.0018 | val_psnr=29.12 dB | time=2.3s
[Epoch 400] train_loss=0.0028 | train_psnr=28.35 dB | val_loss=0.0018 | val_psnr=29.11 dB | time=2.5s
[Epoch 401] train_loss=0.0026 | train_psnr=28.37 dB | val_loss=0.0018 | val_psnr=29.12 dB | time=2.0s
[Epoch 402] train_loss=0.0027 | train_psnr=28.18 dB | val_loss=0.0018 | val_psnr=29.12 dB | time=2.5s
[Epoch 403] train_loss=0.0027 | train_psnr=28.39 dB | val_loss=0.0018 | val_psnr=29.12 dB | time=2.5s
[Epoch 404] train_loss=0.0027 | train_psnr=28.37 dB | val_loss=0.0018 | val_psnr=29.12 dB | time=2.5s
[Epoch 405] train_loss=0.0026 | train_psnr=28.51 dB | val_loss=0.0018 | val_psnr=29.13 dB | time=2.4s
[Epoch 406] train_loss=0.0027 | train_psnr=28.34 dB | val_loss=0.0018 | val_psnr=29.13 dB | time=2.5s
[Epoch 407] train_loss=0.0027 | train_psnr=28.35 dB | val_loss=0.0018 | val_psnr=29.13 dB | time=2.5s
[Epoch 408] train_loss=0.0027 | train_psnr=28.41 dB | val_loss=0.0018 | val_psnr=29.11 dB | time=2.4s
[Epoch 409] train_loss=0.0027 | train_psnr=28.29 dB | val_loss=0.0018 | val_psnr=29.10 dB | time=2.5s
[Epoch 410] train_loss=0.0027 | train_psnr=28.32 dB | val_loss=0.0019 | val_psnr=28.97 dB | time=2.4s
[Epoch 411] train_loss=0.0028 | train_psnr=28.19 dB | val_loss=0.0018 | val_psnr=29.15 dB | time=2.5s
[Epoch 412] train_loss=0.0027 | train_psnr=28.40 dB | val_loss=0.0018 | val_psnr=29.15 dB | time=2.4s
[Epoch 413] train_loss=0.0026 | train_psnr=28.47 dB | val_loss=0.0018 | val_psnr=29.14 dB | time=2.5s
[Epoch 414] train_loss=0.0027 | train_psnr=28.35 dB | val_loss=0.0018 | val_psnr=29.15 dB | time=2.6s
[Epoch 415] train_loss=0.0028 | train_psnr=28.40 dB | val_loss=0.0018 | val_psnr=29.16 dB | time=2.6s
[Epoch 416] train_loss=0.0027 | train_psnr=28.29 dB | val_loss=0.0018 | val_psnr=29.16 dB | time=2.5s
[Epoch 417] train_loss=0.0026 | train_psnr=28.32 dB | val_loss=0.0018 | val_psnr=29.16 dB | time=2.4s
[Epoch 418] train_loss=0.0028 | train_psnr=28.28 dB | val_loss=0.0018 | val_psnr=29.17 dB | time=2.3s
[Epoch 419] train_loss=0.0027 | train_psnr=28.41 dB | val_loss=0.0018 | val_psnr=29.15 dB | time=2.1s
[Epoch 420] train_loss=0.0026 | train_psnr=28.49 dB | val_loss=0.0018 | val_psnr=29.17 dB | time=2.5s
[Epoch 421] train_loss=0.0026 | train_psnr=28.30 dB | val_loss=0.0018 | val_psnr=29.13 dB | time=2.3s
[Epoch 422] train_loss=0.0027 | train_psnr=28.24 dB | val_loss=0.0018 | val_psnr=29.17 dB | time=2.4s
[Epoch 423] train_loss=0.0027 | train_psnr=28.29 dB | val_loss=0.0018 | val_psnr=29.18 dB | time=2.4s
[Epoch 424] train_loss=0.0025 | train_psnr=28.49 dB | val_loss=0.0018 | val_psnr=29.18 dB | time=2.5s
[Epoch 425] train_loss=0.0026 | train_psnr=28.46 dB | val_loss=0.0018 | val_psnr=29.18 dB | time=2.3s
[Epoch 426] train_loss=0.0027 | train_psnr=28.37 dB | val_loss=0.0018 | val_psnr=29.17 dB | time=2.5s
[Epoch 427] train_loss=0.0027 | train_psnr=28.25 dB | val_loss=0.0018 | val_psnr=29.18 dB | time=2.5s
[Epoch 428] train_loss=0.0027 | train_psnr=28.42 dB | val_loss=0.0018 | val_psnr=29.16 dB | time=2.5s
[Epoch 429] train_loss=0.0027 | train_psnr=28.40 dB | val_loss=0.0018 | val_psnr=29.19 dB | time=2.5s
[Epoch 430] train_loss=0.0027 | train_psnr=28.31 dB | val_loss=0.0018 | val_psnr=29.16 dB | time=2.5s
[Epoch 431] train_loss=0.0028 | train_psnr=28.29 dB | val_loss=0.0018 | val_psnr=29.18 dB | time=2.4s
[Epoch 432] train_loss=0.0027 | train_psnr=28.31 dB | val_loss=0.0018 | val_psnr=29.19 dB | time=2.4s
[Epoch 433] train_loss=0.0027 | train_psnr=28.47 dB | val_loss=0.0018 | val_psnr=29.17 dB | time=2.1s
[Epoch 434] train_loss=0.0026 | train_psnr=28.50 dB | val_loss=0.0018 | val_psnr=29.19 dB | time=2.1s
[Epoch 435] train_loss=0.0027 | train_psnr=28.45 dB | val_loss=0.0018 | val_psnr=29.20 dB | time=2.5s
[Epoch 436] train_loss=0.0027 | train_psnr=28.40 dB | val_loss=0.0018 | val_psnr=29.19 dB | time=2.5s
[Epoch 437] train_loss=0.0026 | train_psnr=28.36 dB | val_loss=0.0018 | val_psnr=29.15 dB | time=2.5s
[Epoch 438] train_loss=0.0027 | train_psnr=28.23 dB | val_loss=0.0018 | val_psnr=29.19 dB | time=2.5s
[Epoch 439] train_loss=0.0026 | train_psnr=28.51 dB | val_loss=0.0018 | val_psnr=29.19 dB | time=2.5s
[Epoch 440] train_loss=0.0026 | train_psnr=28.50 dB | val_loss=0.0018 | val_psnr=29.21 dB | time=2.5s
[Epoch 441] train_loss=0.0026 | train_psnr=28.36 dB | val_loss=0.0018 | val_psnr=29.22 dB | time=2.4s
[Epoch 442] train_loss=0.0026 | train_psnr=28.47 dB | val_loss=0.0018 | val_psnr=29.22 dB | time=2.5s
[Epoch 443] train_loss=0.0026 | train_psnr=28.37 dB | val_loss=0.0018 | val_psnr=29.22 dB | time=2.4s
[Epoch 444] train_loss=0.0027 | train_psnr=28.23 dB | val_loss=0.0018 | val_psnr=29.22 dB | time=2.6s
[Epoch 445] train_loss=0.0027 | train_psnr=28.30 dB | val_loss=0.0018 | val_psnr=29.23 dB | time=2.5s
[Epoch 446] train_loss=0.0026 | train_psnr=28.51 dB | val_loss=0.0018 | val_psnr=29.23 dB | time=2.5s
[Epoch 447] train_loss=0.0027 | train_psnr=28.52 dB | val_loss=0.0018 | val_psnr=29.19 dB | time=2.6s
[Epoch 448] train_loss=0.0026 | train_psnr=28.64 dB | val_loss=0.0018 | val_psnr=29.23 dB | time=2.6s
[Epoch 449] train_loss=0.0025 | train_psnr=28.49 dB | val_loss=0.0018 | val_psnr=29.23 dB | time=2.4s
[Epoch 450] train_loss=0.0026 | train_psnr=28.53 dB | val_loss=0.0018 | val_psnr=29.16 dB | time=2.6s
[Epoch 451] train_loss=0.0027 | train_psnr=28.37 dB | val_loss=0.0018 | val_psnr=29.23 dB | time=2.4s
[Epoch 452] train_loss=0.0027 | train_psnr=28.48 dB | val_loss=0.0018 | val_psnr=29.24 dB | time=2.4s
[Epoch 453] train_loss=0.0026 | train_psnr=28.38 dB | val_loss=0.0018 | val_psnr=29.25 dB | time=2.5s
[Epoch 454] train_loss=0.0026 | train_psnr=28.62 dB | val_loss=0.0018 | val_psnr=29.23 dB | time=2.5s
[Epoch 455] train_loss=0.0025 | train_psnr=28.52 dB | val_loss=0.0018 | val_psnr=29.24 dB | time=2.5s
[Epoch 456] train_loss=0.0026 | train_psnr=28.35 dB | val_loss=0.0018 | val_psnr=29.24 dB | time=2.5s
[Epoch 457] train_loss=0.0025 | train_psnr=28.42 dB | val_loss=0.0018 | val_psnr=29.25 dB | time=2.5s
[Epoch 458] train_loss=0.0026 | train_psnr=28.43 dB | val_loss=0.0018 | val_psnr=29.23 dB | time=2.5s
[Epoch 459] train_loss=0.0027 | train_psnr=28.52 dB | val_loss=0.0018 | val_psnr=29.25 dB | time=2.5s
[Epoch 460] train_loss=0.0026 | train_psnr=28.43 dB | val_loss=0.0018 | val_psnr=29.25 dB | time=2.5s
[Epoch 461] train_loss=0.0026 | train_psnr=28.66 dB | val_loss=0.0018 | val_psnr=29.26 dB | time=2.5s
[Epoch 462] train_loss=0.0026 | train_psnr=28.61 dB | val_loss=0.0018 | val_psnr=29.25 dB | time=2.5s
[Epoch 463] train_loss=0.0026 | train_psnr=28.60 dB | val_loss=0.0018 | val_psnr=29.26 dB | time=2.5s
[Epoch 464] train_loss=0.0026 | train_psnr=28.43 dB | val_loss=0.0017 | val_psnr=29.26 dB | time=2.4s
[Epoch 465] train_loss=0.0026 | train_psnr=28.46 dB | val_loss=0.0018 | val_psnr=29.24 dB | time=2.5s
[Epoch 466] train_loss=0.0027 | train_psnr=28.35 dB | val_loss=0.0018 | val_psnr=29.25 dB | time=2.6s
[Epoch 467] train_loss=0.0027 | train_psnr=28.41 dB | val_loss=0.0018 | val_psnr=29.25 dB | time=2.5s
[Epoch 468] train_loss=0.0027 | train_psnr=28.49 dB | val_loss=0.0018 | val_psnr=29.27 dB | time=2.4s
[Epoch 469] train_loss=0.0026 | train_psnr=28.49 dB | val_loss=0.0018 | val_psnr=29.26 dB | time=2.4s
[Epoch 470] train_loss=0.0028 | train_psnr=28.42 dB | val_loss=0.0017 | val_psnr=29.28 dB | time=2.6s
[Epoch 471] train_loss=0.0025 | train_psnr=28.59 dB | val_loss=0.0017 | val_psnr=29.27 dB | time=2.5s
[Epoch 472] train_loss=0.0026 | train_psnr=28.52 dB | val_loss=0.0017 | val_psnr=29.27 dB | time=2.3s
[Epoch 473] train_loss=0.0026 | train_psnr=28.56 dB | val_loss=0.0018 | val_psnr=29.22 dB | time=2.5s
[Epoch 474] train_loss=0.0026 | train_psnr=28.48 dB | val_loss=0.0017 | val_psnr=29.28 dB | time=2.5s
[Epoch 475] train_loss=0.0026 | train_psnr=28.51 dB | val_loss=0.0017 | val_psnr=29.28 dB | time=2.5s
[Epoch 476] train_loss=0.0027 | train_psnr=28.35 dB | val_loss=0.0018 | val_psnr=29.16 dB | time=2.5s
[Epoch 477] train_loss=0.0026 | train_psnr=28.52 dB | val_loss=0.0017 | val_psnr=29.29 dB | time=2.5s
[Epoch 478] train_loss=0.0026 | train_psnr=28.53 dB | val_loss=0.0017 | val_psnr=29.28 dB | time=2.1s
[Epoch 479] train_loss=0.0026 | train_psnr=28.46 dB | val_loss=0.0017 | val_psnr=29.28 dB | time=2.3s
[Epoch 480] train_loss=0.0026 | train_psnr=28.47 dB | val_loss=0.0017 | val_psnr=29.30 dB | time=2.5s
[Epoch 481] train_loss=0.0025 | train_psnr=28.57 dB | val_loss=0.0017 | val_psnr=29.29 dB | time=2.5s
[Epoch 482] train_loss=0.0026 | train_psnr=28.42 dB | val_loss=0.0017 | val_psnr=29.28 dB | time=2.4s
[Epoch 483] train_loss=0.0026 | train_psnr=28.54 dB | val_loss=0.0017 | val_psnr=29.30 dB | time=2.5s
[Epoch 484] train_loss=0.0026 | train_psnr=28.49 dB | val_loss=0.0017 | val_psnr=29.30 dB | time=2.5s
[Epoch 485] train_loss=0.0026 | train_psnr=28.43 dB | val_loss=0.0017 | val_psnr=29.30 dB | time=2.6s
[Epoch 486] train_loss=0.0025 | train_psnr=28.64 dB | val_loss=0.0017 | val_psnr=29.31 dB | time=2.5s
[Epoch 487] train_loss=0.0025 | train_psnr=28.56 dB | val_loss=0.0017 | val_psnr=29.29 dB | time=2.5s
[Epoch 488] train_loss=0.0026 | train_psnr=28.49 dB | val_loss=0.0017 | val_psnr=29.31 dB | time=2.6s
[Epoch 489] train_loss=0.0025 | train_psnr=28.65 dB | val_loss=0.0017 | val_psnr=29.31 dB | time=2.6s
[Epoch 490] train_loss=0.0027 | train_psnr=28.54 dB | val_loss=0.0017 | val_psnr=29.31 dB | time=2.6s
[Epoch 491] train_loss=0.0026 | train_psnr=28.55 dB | val_loss=0.0017 | val_psnr=29.31 dB | time=2.5s
[Epoch 492] train_loss=0.0027 | train_psnr=28.41 dB | val_loss=0.0017 | val_psnr=29.28 dB | time=2.5s
[Epoch 493] train_loss=0.0026 | train_psnr=28.56 dB | val_loss=0.0018 | val_psnr=29.19 dB | time=2.6s
[Epoch 494] train_loss=0.0027 | train_psnr=28.34 dB | val_loss=0.0017 | val_psnr=29.32 dB | time=2.6s
[Epoch 495] train_loss=0.0027 | train_psnr=28.49 dB | val_loss=0.0017 | val_psnr=29.31 dB | time=2.5s
[Epoch 496] train_loss=0.0026 | train_psnr=28.38 dB | val_loss=0.0017 | val_psnr=29.32 dB | time=2.5s
[Epoch 497] train_loss=0.0025 | train_psnr=28.81 dB | val_loss=0.0017 | val_psnr=29.32 dB | time=2.5s
[Epoch 498] train_loss=0.0026 | train_psnr=28.59 dB | val_loss=0.0017 | val_psnr=29.32 dB | time=2.5s
[Epoch 499] train_loss=0.0025 | train_psnr=28.58 dB | val_loss=0.0017 | val_psnr=29.32 dB | time=2.6s
[Epoch 500] train_loss=0.0027 | train_psnr=28.37 dB | val_loss=0.0017 | val_psnr=29.32 dB | time=2.6s

Best PSNR: 29.32 dB
Training complete. Metrics plot saved to output/imdn_x4/metrics.png
