====================
Model: FSRCNN
Scale: x4
Epochs: 500
Batch Size: 16
Patch Size: 96
LR: 1e-4
Optimizer: Adam
Criterion: MSE
====================
[Epoch 001] train_loss=0.2762 | train_psnr=6.37 dB | val_loss=0.1830 | val_psnr=7.70 dB | time=3.6s
[Epoch 002] train_loss=0.1347 | train_psnr=11.62 dB | val_loss=0.0552 | val_psnr=15.62 dB | time=2.7s
[Epoch 003] train_loss=0.0630 | train_psnr=16.80 dB | val_loss=0.0300 | val_psnr=17.52 dB | time=2.3s
[Epoch 004] train_loss=0.0569 | train_psnr=17.47 dB | val_loss=0.0273 | val_psnr=18.28 dB | time=1.7s
[Epoch 005] train_loss=0.0525 | train_psnr=18.02 dB | val_loss=0.0257 | val_psnr=18.59 dB | time=2.0s
[Epoch 006] train_loss=0.0491 | train_psnr=18.43 dB | val_loss=0.0240 | val_psnr=19.09 dB | time=2.7s
[Epoch 007] train_loss=0.0463 | train_psnr=18.77 dB | val_loss=0.0222 | val_psnr=19.66 dB | time=2.7s
[Epoch 008] train_loss=0.0422 | train_psnr=19.26 dB | val_loss=0.0208 | val_psnr=19.97 dB | time=2.7s
[Epoch 009] train_loss=0.0382 | train_psnr=19.52 dB | val_loss=0.0192 | val_psnr=20.34 dB | time=2.7s
[Epoch 010] train_loss=0.0344 | train_psnr=19.52 dB | val_loss=0.0176 | val_psnr=20.56 dB | time=2.7s
[Epoch 011] train_loss=0.0299 | train_psnr=19.63 dB | val_loss=0.0167 | val_psnr=20.82 dB | time=2.6s
[Epoch 012] train_loss=0.0277 | train_psnr=19.82 dB | val_loss=0.0161 | val_psnr=21.04 dB | time=2.7s
[Epoch 013] train_loss=0.0256 | train_psnr=20.02 dB | val_loss=0.0155 | val_psnr=21.12 dB | time=2.7s
[Epoch 014] train_loss=0.0242 | train_psnr=20.30 dB | val_loss=0.0150 | val_psnr=21.21 dB | time=2.7s
[Epoch 015] train_loss=0.0234 | train_psnr=20.31 dB | val_loss=0.0144 | val_psnr=21.43 dB | time=2.6s
[Epoch 016] train_loss=0.0225 | train_psnr=20.38 dB | val_loss=0.0140 | val_psnr=21.56 dB | time=2.7s
[Epoch 017] train_loss=0.0216 | train_psnr=20.44 dB | val_loss=0.0135 | val_psnr=21.63 dB | time=2.6s
[Epoch 018] train_loss=0.0209 | train_psnr=20.61 dB | val_loss=0.0131 | val_psnr=21.76 dB | time=2.4s
[Epoch 019] train_loss=0.0204 | train_psnr=20.57 dB | val_loss=0.0128 | val_psnr=21.79 dB | time=1.6s
[Epoch 020] train_loss=0.0198 | train_psnr=20.72 dB | val_loss=0.0124 | val_psnr=21.96 dB | time=2.6s
[Epoch 021] train_loss=0.0193 | train_psnr=20.82 dB | val_loss=0.0121 | val_psnr=22.04 dB | time=2.9s
[Epoch 022] train_loss=0.0183 | train_psnr=21.05 dB | val_loss=0.0119 | val_psnr=22.13 dB | time=3.2s
[Epoch 023] train_loss=0.0182 | train_psnr=21.16 dB | val_loss=0.0117 | val_psnr=22.22 dB | time=3.2s
[Epoch 024] train_loss=0.0183 | train_psnr=21.11 dB | val_loss=0.0115 | val_psnr=22.24 dB | time=3.2s
[Epoch 025] train_loss=0.0179 | train_psnr=21.15 dB | val_loss=0.0113 | val_psnr=22.38 dB | time=3.2s
[Epoch 026] train_loss=0.0173 | train_psnr=21.28 dB | val_loss=0.0110 | val_psnr=22.47 dB | time=3.2s
[Epoch 027] train_loss=0.0168 | train_psnr=21.44 dB | val_loss=0.0109 | val_psnr=22.42 dB | time=3.2s
[Epoch 028] train_loss=0.0165 | train_psnr=21.47 dB | val_loss=0.0105 | val_psnr=22.63 dB | time=3.2s
[Epoch 029] train_loss=0.0163 | train_psnr=21.55 dB | val_loss=0.0103 | val_psnr=22.67 dB | time=3.2s
[Epoch 030] train_loss=0.0156 | train_psnr=21.70 dB | val_loss=0.0101 | val_psnr=22.71 dB | time=3.5s
[Epoch 031] train_loss=0.0149 | train_psnr=21.92 dB | val_loss=0.0094 | val_psnr=23.02 dB | time=2.2s
[Epoch 032] train_loss=0.0138 | train_psnr=22.02 dB | val_loss=0.0091 | val_psnr=23.15 dB | time=3.2s
[Epoch 033] train_loss=0.0130 | train_psnr=22.21 dB | val_loss=0.0088 | val_psnr=23.13 dB | time=3.2s
[Epoch 034] train_loss=0.0123 | train_psnr=22.31 dB | val_loss=0.0084 | val_psnr=23.32 dB | time=3.1s
[Epoch 035] train_loss=0.0115 | train_psnr=22.57 dB | val_loss=0.0079 | val_psnr=23.60 dB | time=3.2s
[Epoch 036] train_loss=0.0111 | train_psnr=22.72 dB | val_loss=0.0079 | val_psnr=23.56 dB | time=3.4s
[Epoch 037] train_loss=0.0110 | train_psnr=22.85 dB | val_loss=0.0075 | val_psnr=23.84 dB | time=3.6s
[Epoch 038] train_loss=0.0106 | train_psnr=23.12 dB | val_loss=0.0075 | val_psnr=23.72 dB | time=3.3s
[Epoch 039] train_loss=0.0104 | train_psnr=23.15 dB | val_loss=0.0073 | val_psnr=23.99 dB | time=3.5s
[Epoch 040] train_loss=0.0104 | train_psnr=23.25 dB | val_loss=0.0071 | val_psnr=24.09 dB | time=3.9s
[Epoch 041] train_loss=0.0102 | train_psnr=23.36 dB | val_loss=0.0070 | val_psnr=24.18 dB | time=3.3s
[Epoch 042] train_loss=0.0100 | train_psnr=23.43 dB | val_loss=0.0068 | val_psnr=24.33 dB | time=2.2s
[Epoch 043] train_loss=0.0098 | train_psnr=23.65 dB | val_loss=0.0067 | val_psnr=24.43 dB | time=3.6s
[Epoch 044] train_loss=0.0095 | train_psnr=23.67 dB | val_loss=0.0066 | val_psnr=24.50 dB | time=3.2s
[Epoch 045] train_loss=0.0095 | train_psnr=23.60 dB | val_loss=0.0065 | val_psnr=24.56 dB | time=3.3s
[Epoch 046] train_loss=0.0093 | train_psnr=23.80 dB | val_loss=0.0065 | val_psnr=24.59 dB | time=2.7s
[Epoch 047] train_loss=0.0091 | train_psnr=23.89 dB | val_loss=0.0063 | val_psnr=24.69 dB | time=2.7s
[Epoch 048] train_loss=0.0091 | train_psnr=23.86 dB | val_loss=0.0063 | val_psnr=24.68 dB | time=2.7s
[Epoch 049] train_loss=0.0091 | train_psnr=23.95 dB | val_loss=0.0062 | val_psnr=24.82 dB | time=2.7s
[Epoch 050] train_loss=0.0089 | train_psnr=23.93 dB | val_loss=0.0061 | val_psnr=24.87 dB | time=2.7s
[Epoch 051] train_loss=0.0087 | train_psnr=24.05 dB | val_loss=0.0061 | val_psnr=24.83 dB | time=2.7s
[Epoch 052] train_loss=0.0086 | train_psnr=24.19 dB | val_loss=0.0060 | val_psnr=24.99 dB | time=2.7s
[Epoch 053] train_loss=0.0084 | train_psnr=24.22 dB | val_loss=0.0059 | val_psnr=24.98 dB | time=2.6s
[Epoch 054] train_loss=0.0086 | train_psnr=24.08 dB | val_loss=0.0059 | val_psnr=24.90 dB | time=2.6s
[Epoch 055] train_loss=0.0083 | train_psnr=24.31 dB | val_loss=0.0058 | val_psnr=25.14 dB | time=1.7s
[Epoch 056] train_loss=0.0081 | train_psnr=24.43 dB | val_loss=0.0059 | val_psnr=24.81 dB | time=2.1s
[Epoch 057] train_loss=0.0081 | train_psnr=24.49 dB | val_loss=0.0057 | val_psnr=25.15 dB | time=2.7s
[Epoch 058] train_loss=0.0080 | train_psnr=24.52 dB | val_loss=0.0057 | val_psnr=25.06 dB | time=2.6s
[Epoch 059] train_loss=0.0081 | train_psnr=24.52 dB | val_loss=0.0056 | val_psnr=25.30 dB | time=2.6s
[Epoch 060] train_loss=0.0078 | train_psnr=24.57 dB | val_loss=0.0055 | val_psnr=25.35 dB | time=2.7s
[Epoch 061] train_loss=0.0078 | train_psnr=24.61 dB | val_loss=0.0055 | val_psnr=25.39 dB | time=2.6s
[Epoch 062] train_loss=0.0078 | train_psnr=24.58 dB | val_loss=0.0055 | val_psnr=25.39 dB | time=2.6s
[Epoch 063] train_loss=0.0077 | train_psnr=24.63 dB | val_loss=0.0054 | val_psnr=25.47 dB | time=2.7s
[Epoch 064] train_loss=0.0078 | train_psnr=24.65 dB | val_loss=0.0053 | val_psnr=25.47 dB | time=2.6s
[Epoch 065] train_loss=0.0076 | train_psnr=24.74 dB | val_loss=0.0053 | val_psnr=25.54 dB | time=2.7s
[Epoch 066] train_loss=0.0075 | train_psnr=24.81 dB | val_loss=0.0052 | val_psnr=25.60 dB | time=2.7s
[Epoch 067] train_loss=0.0077 | train_psnr=24.64 dB | val_loss=0.0052 | val_psnr=25.56 dB | time=2.7s
[Epoch 068] train_loss=0.0075 | train_psnr=24.90 dB | val_loss=0.0052 | val_psnr=25.60 dB | time=2.7s
[Epoch 069] train_loss=0.0073 | train_psnr=24.91 dB | val_loss=0.0051 | val_psnr=25.68 dB | time=2.1s
[Epoch 070] train_loss=0.0072 | train_psnr=24.91 dB | val_loss=0.0051 | val_psnr=25.73 dB | time=1.5s
[Epoch 071] train_loss=0.0072 | train_psnr=24.87 dB | val_loss=0.0051 | val_psnr=25.64 dB | time=2.7s
[Epoch 072] train_loss=0.0072 | train_psnr=24.97 dB | val_loss=0.0050 | val_psnr=25.70 dB | time=2.7s
[Epoch 073] train_loss=0.0072 | train_psnr=24.95 dB | val_loss=0.0050 | val_psnr=25.82 dB | time=2.7s
[Epoch 074] train_loss=0.0069 | train_psnr=25.13 dB | val_loss=0.0049 | val_psnr=25.85 dB | time=2.7s
[Epoch 075] train_loss=0.0069 | train_psnr=25.12 dB | val_loss=0.0049 | val_psnr=25.89 dB | time=2.7s
[Epoch 076] train_loss=0.0069 | train_psnr=25.08 dB | val_loss=0.0049 | val_psnr=25.90 dB | time=2.7s
[Epoch 077] train_loss=0.0070 | train_psnr=25.13 dB | val_loss=0.0048 | val_psnr=25.90 dB | time=2.6s
[Epoch 078] train_loss=0.0070 | train_psnr=25.12 dB | val_loss=0.0048 | val_psnr=25.93 dB | time=2.7s
[Epoch 079] train_loss=0.0068 | train_psnr=25.18 dB | val_loss=0.0048 | val_psnr=25.98 dB | time=2.7s
[Epoch 080] train_loss=0.0067 | train_psnr=25.17 dB | val_loss=0.0047 | val_psnr=25.98 dB | time=2.7s
[Epoch 081] train_loss=0.0067 | train_psnr=25.27 dB | val_loss=0.0047 | val_psnr=25.95 dB | time=2.7s
[Epoch 082] train_loss=0.0067 | train_psnr=25.30 dB | val_loss=0.0047 | val_psnr=26.05 dB | time=2.7s
[Epoch 083] train_loss=0.0065 | train_psnr=25.34 dB | val_loss=0.0047 | val_psnr=26.05 dB | time=2.6s
[Epoch 084] train_loss=0.0067 | train_psnr=25.34 dB | val_loss=0.0046 | val_psnr=26.10 dB | time=1.6s
[Epoch 085] train_loss=0.0065 | train_psnr=25.33 dB | val_loss=0.0046 | val_psnr=26.13 dB | time=2.4s
[Epoch 086] train_loss=0.0066 | train_psnr=25.33 dB | val_loss=0.0046 | val_psnr=26.14 dB | time=2.7s
[Epoch 087] train_loss=0.0066 | train_psnr=25.29 dB | val_loss=0.0045 | val_psnr=26.19 dB | time=2.7s
[Epoch 088] train_loss=0.0065 | train_psnr=25.35 dB | val_loss=0.0045 | val_psnr=26.17 dB | time=2.7s
[Epoch 089] train_loss=0.0064 | train_psnr=25.42 dB | val_loss=0.0045 | val_psnr=26.22 dB | time=2.7s
[Epoch 090] train_loss=0.0064 | train_psnr=25.45 dB | val_loss=0.0045 | val_psnr=26.24 dB | time=2.6s
[Epoch 091] train_loss=0.0064 | train_psnr=25.50 dB | val_loss=0.0044 | val_psnr=26.25 dB | time=2.5s
[Epoch 092] train_loss=0.0066 | train_psnr=25.33 dB | val_loss=0.0045 | val_psnr=26.15 dB | time=2.6s
[Epoch 093] train_loss=0.0064 | train_psnr=25.45 dB | val_loss=0.0044 | val_psnr=26.31 dB | time=2.7s
[Epoch 094] train_loss=0.0063 | train_psnr=25.45 dB | val_loss=0.0044 | val_psnr=26.27 dB | time=2.7s
[Epoch 095] train_loss=0.0062 | train_psnr=25.58 dB | val_loss=0.0043 | val_psnr=26.36 dB | time=2.7s
[Epoch 096] train_loss=0.0062 | train_psnr=25.55 dB | val_loss=0.0043 | val_psnr=26.33 dB | time=2.7s
[Epoch 097] train_loss=0.0062 | train_psnr=25.64 dB | val_loss=0.0043 | val_psnr=26.36 dB | time=2.6s
[Epoch 098] train_loss=0.0062 | train_psnr=25.54 dB | val_loss=0.0043 | val_psnr=26.39 dB | time=1.7s
[Epoch 099] train_loss=0.0062 | train_psnr=25.53 dB | val_loss=0.0043 | val_psnr=26.41 dB | time=1.8s
[Epoch 100] train_loss=0.0063 | train_psnr=25.59 dB | val_loss=0.0043 | val_psnr=26.43 dB | time=2.7s
[Epoch 101] train_loss=0.0061 | train_psnr=25.71 dB | val_loss=0.0042 | val_psnr=26.46 dB | time=2.7s
[Epoch 102] train_loss=0.0060 | train_psnr=25.71 dB | val_loss=0.0042 | val_psnr=26.48 dB | time=2.7s
[Epoch 103] train_loss=0.0061 | train_psnr=25.58 dB | val_loss=0.0042 | val_psnr=26.49 dB | time=2.7s
[Epoch 104] train_loss=0.0061 | train_psnr=25.60 dB | val_loss=0.0042 | val_psnr=26.49 dB | time=2.7s
[Epoch 105] train_loss=0.0061 | train_psnr=25.66 dB | val_loss=0.0042 | val_psnr=26.53 dB | time=2.7s
[Epoch 106] train_loss=0.0059 | train_psnr=25.71 dB | val_loss=0.0041 | val_psnr=26.55 dB | time=2.7s
[Epoch 107] train_loss=0.0059 | train_psnr=25.77 dB | val_loss=0.0041 | val_psnr=26.52 dB | time=2.7s
[Epoch 108] train_loss=0.0060 | train_psnr=25.74 dB | val_loss=0.0041 | val_psnr=26.59 dB | time=2.7s
[Epoch 109] train_loss=0.0059 | train_psnr=25.70 dB | val_loss=0.0041 | val_psnr=26.58 dB | time=2.7s
[Epoch 110] train_loss=0.0059 | train_psnr=25.87 dB | val_loss=0.0041 | val_psnr=26.62 dB | time=2.7s
[Epoch 111] train_loss=0.0059 | train_psnr=25.80 dB | val_loss=0.0041 | val_psnr=26.63 dB | time=2.6s
[Epoch 112] train_loss=0.0057 | train_psnr=25.93 dB | val_loss=0.0040 | val_psnr=26.63 dB | time=2.5s
[Epoch 113] train_loss=0.0057 | train_psnr=25.96 dB | val_loss=0.0041 | val_psnr=26.55 dB | time=1.6s
[Epoch 114] train_loss=0.0058 | train_psnr=25.85 dB | val_loss=0.0040 | val_psnr=26.66 dB | time=2.6s
[Epoch 115] train_loss=0.0057 | train_psnr=25.96 dB | val_loss=0.0040 | val_psnr=26.69 dB | time=2.6s
[Epoch 116] train_loss=0.0058 | train_psnr=25.79 dB | val_loss=0.0040 | val_psnr=26.71 dB | time=2.7s
[Epoch 117] train_loss=0.0058 | train_psnr=25.87 dB | val_loss=0.0040 | val_psnr=26.72 dB | time=2.6s
[Epoch 118] train_loss=0.0056 | train_psnr=26.05 dB | val_loss=0.0040 | val_psnr=26.73 dB | time=2.7s
[Epoch 119] train_loss=0.0056 | train_psnr=25.95 dB | val_loss=0.0039 | val_psnr=26.75 dB | time=2.7s
[Epoch 120] train_loss=0.0058 | train_psnr=25.88 dB | val_loss=0.0040 | val_psnr=26.76 dB | time=2.7s
[Epoch 121] train_loss=0.0057 | train_psnr=25.95 dB | val_loss=0.0039 | val_psnr=26.76 dB | time=2.7s
[Epoch 122] train_loss=0.0057 | train_psnr=25.90 dB | val_loss=0.0040 | val_psnr=26.79 dB | time=2.7s
[Epoch 123] train_loss=0.0057 | train_psnr=25.92 dB | val_loss=0.0039 | val_psnr=26.79 dB | time=2.7s
[Epoch 124] train_loss=0.0056 | train_psnr=25.97 dB | val_loss=0.0039 | val_psnr=26.80 dB | time=2.7s
[Epoch 125] train_loss=0.0055 | train_psnr=26.09 dB | val_loss=0.0039 | val_psnr=26.83 dB | time=2.7s
[Epoch 126] train_loss=0.0056 | train_psnr=25.97 dB | val_loss=0.0039 | val_psnr=26.84 dB | time=2.7s
[Epoch 127] train_loss=0.0053 | train_psnr=26.13 dB | val_loss=0.0039 | val_psnr=26.86 dB | time=1.7s
[Epoch 128] train_loss=0.0054 | train_psnr=26.10 dB | val_loss=0.0039 | val_psnr=26.77 dB | time=1.7s
[Epoch 129] train_loss=0.0055 | train_psnr=26.01 dB | val_loss=0.0038 | val_psnr=26.88 dB | time=2.6s
[Epoch 130] train_loss=0.0055 | train_psnr=26.13 dB | val_loss=0.0038 | val_psnr=26.90 dB | time=2.6s
[Epoch 131] train_loss=0.0055 | train_psnr=26.06 dB | val_loss=0.0038 | val_psnr=26.88 dB | time=2.7s
[Epoch 132] train_loss=0.0055 | train_psnr=25.97 dB | val_loss=0.0038 | val_psnr=26.91 dB | time=2.7s
[Epoch 133] train_loss=0.0053 | train_psnr=26.26 dB | val_loss=0.0038 | val_psnr=26.93 dB | time=2.7s
[Epoch 134] train_loss=0.0053 | train_psnr=26.24 dB | val_loss=0.0038 | val_psnr=26.95 dB | time=2.7s
[Epoch 135] train_loss=0.0054 | train_psnr=26.13 dB | val_loss=0.0037 | val_psnr=26.96 dB | time=2.7s
[Epoch 136] train_loss=0.0053 | train_psnr=26.17 dB | val_loss=0.0038 | val_psnr=26.98 dB | time=2.7s
[Epoch 137] train_loss=0.0054 | train_psnr=26.23 dB | val_loss=0.0038 | val_psnr=26.99 dB | time=2.7s
[Epoch 138] train_loss=0.0053 | train_psnr=26.31 dB | val_loss=0.0037 | val_psnr=26.98 dB | time=2.7s
[Epoch 139] train_loss=0.0052 | train_psnr=26.27 dB | val_loss=0.0037 | val_psnr=27.01 dB | time=2.7s
[Epoch 140] train_loss=0.0053 | train_psnr=26.24 dB | val_loss=0.0037 | val_psnr=27.02 dB | time=2.7s
[Epoch 141] train_loss=0.0054 | train_psnr=26.18 dB | val_loss=0.0037 | val_psnr=26.99 dB | time=2.3s
[Epoch 142] train_loss=0.0053 | train_psnr=26.17 dB | val_loss=0.0037 | val_psnr=27.03 dB | time=1.7s
[Epoch 143] train_loss=0.0052 | train_psnr=26.27 dB | val_loss=0.0037 | val_psnr=27.03 dB | time=2.6s
[Epoch 144] train_loss=0.0053 | train_psnr=26.20 dB | val_loss=0.0037 | val_psnr=27.02 dB | time=2.7s
[Epoch 145] train_loss=0.0051 | train_psnr=26.28 dB | val_loss=0.0036 | val_psnr=27.08 dB | time=2.7s
[Epoch 146] train_loss=0.0051 | train_psnr=26.37 dB | val_loss=0.0037 | val_psnr=27.07 dB | time=2.7s
[Epoch 147] train_loss=0.0052 | train_psnr=26.30 dB | val_loss=0.0036 | val_psnr=27.10 dB | time=2.6s
[Epoch 148] train_loss=0.0052 | train_psnr=26.36 dB | val_loss=0.0036 | val_psnr=27.11 dB | time=2.7s
[Epoch 149] train_loss=0.0050 | train_psnr=26.39 dB | val_loss=0.0036 | val_psnr=27.13 dB | time=2.7s
[Epoch 150] train_loss=0.0051 | train_psnr=26.45 dB | val_loss=0.0036 | val_psnr=27.11 dB | time=2.7s
[Epoch 151] train_loss=0.0053 | train_psnr=26.25 dB | val_loss=0.0036 | val_psnr=27.13 dB | time=2.7s
[Epoch 152] train_loss=0.0051 | train_psnr=26.33 dB | val_loss=0.0037 | val_psnr=27.08 dB | time=2.7s
[Epoch 153] train_loss=0.0053 | train_psnr=26.34 dB | val_loss=0.0036 | val_psnr=27.16 dB | time=2.7s
[Epoch 154] train_loss=0.0050 | train_psnr=26.44 dB | val_loss=0.0036 | val_psnr=27.18 dB | time=2.7s
[Epoch 155] train_loss=0.0051 | train_psnr=26.41 dB | val_loss=0.0036 | val_psnr=27.16 dB | time=2.6s
[Epoch 156] train_loss=0.0051 | train_psnr=26.42 dB | val_loss=0.0036 | val_psnr=27.16 dB | time=1.6s
[Epoch 157] train_loss=0.0050 | train_psnr=26.45 dB | val_loss=0.0035 | val_psnr=27.20 dB | time=2.2s
[Epoch 158] train_loss=0.0050 | train_psnr=26.45 dB | val_loss=0.0035 | val_psnr=27.20 dB | time=2.7s
[Epoch 159] train_loss=0.0049 | train_psnr=26.60 dB | val_loss=0.0035 | val_psnr=27.21 dB | time=2.5s
[Epoch 160] train_loss=0.0050 | train_psnr=26.41 dB | val_loss=0.0035 | val_psnr=27.22 dB | time=2.7s
[Epoch 161] train_loss=0.0051 | train_psnr=26.35 dB | val_loss=0.0035 | val_psnr=27.24 dB | time=2.7s
[Epoch 162] train_loss=0.0050 | train_psnr=26.42 dB | val_loss=0.0035 | val_psnr=27.26 dB | time=2.7s
[Epoch 163] train_loss=0.0049 | train_psnr=26.63 dB | val_loss=0.0035 | val_psnr=27.27 dB | time=2.7s
[Epoch 164] train_loss=0.0051 | train_psnr=26.39 dB | val_loss=0.0035 | val_psnr=27.23 dB | time=2.7s
[Epoch 165] train_loss=0.0050 | train_psnr=26.38 dB | val_loss=0.0035 | val_psnr=27.18 dB | time=2.7s
[Epoch 166] train_loss=0.0050 | train_psnr=26.47 dB | val_loss=0.0035 | val_psnr=27.28 dB | time=2.7s
[Epoch 167] train_loss=0.0049 | train_psnr=26.50 dB | val_loss=0.0035 | val_psnr=27.31 dB | time=2.7s
[Epoch 168] train_loss=0.0050 | train_psnr=26.55 dB | val_loss=0.0035 | val_psnr=27.31 dB | time=2.7s
[Epoch 169] train_loss=0.0049 | train_psnr=26.55 dB | val_loss=0.0034 | val_psnr=27.33 dB | time=2.7s
[Epoch 170] train_loss=0.0049 | train_psnr=26.48 dB | val_loss=0.0034 | val_psnr=27.32 dB | time=1.9s
[Epoch 171] train_loss=0.0050 | train_psnr=26.49 dB | val_loss=0.0034 | val_psnr=27.34 dB | time=1.6s
[Epoch 172] train_loss=0.0050 | train_psnr=26.41 dB | val_loss=0.0034 | val_psnr=27.35 dB | time=2.6s
[Epoch 173] train_loss=0.0048 | train_psnr=26.47 dB | val_loss=0.0035 | val_psnr=27.37 dB | time=2.7s
[Epoch 174] train_loss=0.0049 | train_psnr=26.49 dB | val_loss=0.0034 | val_psnr=27.36 dB | time=2.7s
[Epoch 175] train_loss=0.0048 | train_psnr=26.64 dB | val_loss=0.0034 | val_psnr=27.35 dB | time=2.7s
[Epoch 176] train_loss=0.0048 | train_psnr=26.69 dB | val_loss=0.0034 | val_psnr=27.38 dB | time=2.7s
[Epoch 177] train_loss=0.0049 | train_psnr=26.51 dB | val_loss=0.0034 | val_psnr=27.39 dB | time=2.6s
[Epoch 178] train_loss=0.0049 | train_psnr=26.48 dB | val_loss=0.0034 | val_psnr=27.41 dB | time=2.7s
[Epoch 179] train_loss=0.0048 | train_psnr=26.46 dB | val_loss=0.0034 | val_psnr=27.42 dB | time=2.7s
[Epoch 180] train_loss=0.0048 | train_psnr=26.62 dB | val_loss=0.0034 | val_psnr=27.43 dB | time=2.7s
[Epoch 181] train_loss=0.0047 | train_psnr=26.63 dB | val_loss=0.0034 | val_psnr=27.44 dB | time=2.7s
[Epoch 182] train_loss=0.0048 | train_psnr=26.71 dB | val_loss=0.0033 | val_psnr=27.45 dB | time=2.7s
[Epoch 183] train_loss=0.0047 | train_psnr=26.73 dB | val_loss=0.0034 | val_psnr=27.44 dB | time=2.7s
[Epoch 184] train_loss=0.0047 | train_psnr=26.64 dB | val_loss=0.0033 | val_psnr=27.44 dB | time=2.4s
[Epoch 185] train_loss=0.0047 | train_psnr=26.62 dB | val_loss=0.0033 | val_psnr=27.47 dB | time=1.5s
[Epoch 186] train_loss=0.0047 | train_psnr=26.64 dB | val_loss=0.0033 | val_psnr=27.46 dB | time=2.0s
[Epoch 187] train_loss=0.0047 | train_psnr=26.69 dB | val_loss=0.0033 | val_psnr=27.46 dB | time=2.7s
[Epoch 188] train_loss=0.0047 | train_psnr=26.61 dB | val_loss=0.0033 | val_psnr=27.49 dB | time=2.7s
[Epoch 189] train_loss=0.0047 | train_psnr=26.64 dB | val_loss=0.0033 | val_psnr=27.41 dB | time=2.7s
[Epoch 190] train_loss=0.0048 | train_psnr=26.69 dB | val_loss=0.0033 | val_psnr=27.51 dB | time=2.7s
[Epoch 191] train_loss=0.0046 | train_psnr=26.81 dB | val_loss=0.0033 | val_psnr=27.52 dB | time=2.7s
[Epoch 192] train_loss=0.0047 | train_psnr=26.73 dB | val_loss=0.0033 | val_psnr=27.49 dB | time=2.7s
[Epoch 193] train_loss=0.0048 | train_psnr=26.60 dB | val_loss=0.0033 | val_psnr=27.54 dB | time=2.7s
[Epoch 194] train_loss=0.0046 | train_psnr=26.77 dB | val_loss=0.0033 | val_psnr=27.43 dB | time=2.7s
[Epoch 195] train_loss=0.0048 | train_psnr=26.67 dB | val_loss=0.0033 | val_psnr=27.56 dB | time=2.7s
[Epoch 196] train_loss=0.0048 | train_psnr=26.65 dB | val_loss=0.0033 | val_psnr=27.55 dB | time=2.7s
[Epoch 197] train_loss=0.0047 | train_psnr=26.61 dB | val_loss=0.0033 | val_psnr=27.56 dB | time=2.7s
[Epoch 198] train_loss=0.0047 | train_psnr=26.78 dB | val_loss=0.0033 | val_psnr=27.58 dB | time=2.7s
[Epoch 199] train_loss=0.0048 | train_psnr=26.63 dB | val_loss=0.0032 | val_psnr=27.55 dB | time=2.0s
[Epoch 200] train_loss=0.0046 | train_psnr=26.80 dB | val_loss=0.0032 | val_psnr=27.60 dB | time=1.7s
[Epoch 201] train_loss=0.0046 | train_psnr=26.76 dB | val_loss=0.0032 | val_psnr=27.60 dB | time=2.6s
[Epoch 202] train_loss=0.0046 | train_psnr=26.78 dB | val_loss=0.0032 | val_psnr=27.61 dB | time=2.7s
[Epoch 203] train_loss=0.0046 | train_psnr=26.82 dB | val_loss=0.0032 | val_psnr=27.60 dB | time=2.7s
[Epoch 204] train_loss=0.0046 | train_psnr=26.75 dB | val_loss=0.0033 | val_psnr=27.61 dB | time=2.6s
[Epoch 205] train_loss=0.0046 | train_psnr=26.68 dB | val_loss=0.0032 | val_psnr=27.63 dB | time=2.7s
[Epoch 206] train_loss=0.0046 | train_psnr=26.86 dB | val_loss=0.0032 | val_psnr=27.61 dB | time=2.7s
[Epoch 207] train_loss=0.0046 | train_psnr=26.88 dB | val_loss=0.0032 | val_psnr=27.64 dB | time=2.7s
[Epoch 208] train_loss=0.0045 | train_psnr=26.90 dB | val_loss=0.0032 | val_psnr=27.65 dB | time=2.7s
[Epoch 209] train_loss=0.0046 | train_psnr=26.86 dB | val_loss=0.0032 | val_psnr=27.65 dB | time=2.7s
[Epoch 210] train_loss=0.0046 | train_psnr=26.89 dB | val_loss=0.0032 | val_psnr=27.65 dB | time=2.6s
[Epoch 211] train_loss=0.0047 | train_psnr=26.73 dB | val_loss=0.0032 | val_psnr=27.68 dB | time=2.7s
[Epoch 212] train_loss=0.0046 | train_psnr=26.74 dB | val_loss=0.0032 | val_psnr=27.68 dB | time=2.7s
[Epoch 213] train_loss=0.0045 | train_psnr=26.79 dB | val_loss=0.0032 | val_psnr=27.68 dB | time=2.5s
[Epoch 214] train_loss=0.0045 | train_psnr=26.91 dB | val_loss=0.0032 | val_psnr=27.68 dB | time=1.8s
[Epoch 215] train_loss=0.0044 | train_psnr=26.93 dB | val_loss=0.0032 | val_psnr=27.69 dB | time=2.2s
[Epoch 216] train_loss=0.0046 | train_psnr=26.76 dB | val_loss=0.0031 | val_psnr=27.70 dB | time=2.8s
[Epoch 217] train_loss=0.0045 | train_psnr=26.89 dB | val_loss=0.0031 | val_psnr=27.71 dB | time=2.7s
[Epoch 218] train_loss=0.0045 | train_psnr=26.85 dB | val_loss=0.0031 | val_psnr=27.71 dB | time=2.7s
[Epoch 219] train_loss=0.0045 | train_psnr=26.78 dB | val_loss=0.0031 | val_psnr=27.72 dB | time=2.7s
[Epoch 220] train_loss=0.0044 | train_psnr=26.90 dB | val_loss=0.0031 | val_psnr=27.73 dB | time=2.7s
[Epoch 221] train_loss=0.0044 | train_psnr=26.96 dB | val_loss=0.0032 | val_psnr=27.68 dB | time=2.7s
[Epoch 222] train_loss=0.0043 | train_psnr=26.94 dB | val_loss=0.0031 | val_psnr=27.69 dB | time=2.6s
[Epoch 223] train_loss=0.0044 | train_psnr=26.89 dB | val_loss=0.0031 | val_psnr=27.75 dB | time=2.7s
[Epoch 224] train_loss=0.0045 | train_psnr=26.93 dB | val_loss=0.0031 | val_psnr=27.75 dB | time=2.7s
[Epoch 225] train_loss=0.0045 | train_psnr=26.97 dB | val_loss=0.0031 | val_psnr=27.75 dB | time=2.7s
[Epoch 226] train_loss=0.0044 | train_psnr=26.93 dB | val_loss=0.0031 | val_psnr=27.76 dB | time=2.7s
[Epoch 227] train_loss=0.0045 | train_psnr=26.90 dB | val_loss=0.0031 | val_psnr=27.75 dB | time=2.7s
[Epoch 228] train_loss=0.0043 | train_psnr=26.96 dB | val_loss=0.0031 | val_psnr=27.77 dB | time=1.7s
[Epoch 229] train_loss=0.0044 | train_psnr=26.79 dB | val_loss=0.0031 | val_psnr=27.77 dB | time=2.0s
[Epoch 230] train_loss=0.0044 | train_psnr=26.93 dB | val_loss=0.0031 | val_psnr=27.78 dB | time=2.7s
[Epoch 231] train_loss=0.0044 | train_psnr=26.95 dB | val_loss=0.0031 | val_psnr=27.79 dB | time=2.7s
[Epoch 232] train_loss=0.0044 | train_psnr=27.08 dB | val_loss=0.0031 | val_psnr=27.77 dB | time=2.7s
[Epoch 233] train_loss=0.0046 | train_psnr=26.87 dB | val_loss=0.0031 | val_psnr=27.78 dB | time=2.7s
[Epoch 234] train_loss=0.0044 | train_psnr=26.95 dB | val_loss=0.0031 | val_psnr=27.81 dB | time=2.7s
[Epoch 235] train_loss=0.0043 | train_psnr=27.02 dB | val_loss=0.0030 | val_psnr=27.81 dB | time=2.6s
[Epoch 236] train_loss=0.0045 | train_psnr=26.86 dB | val_loss=0.0031 | val_psnr=27.82 dB | time=2.7s
[Epoch 237] train_loss=0.0042 | train_psnr=27.17 dB | val_loss=0.0031 | val_psnr=27.81 dB | time=2.7s
[Epoch 238] train_loss=0.0043 | train_psnr=27.02 dB | val_loss=0.0030 | val_psnr=27.83 dB | time=2.7s
[Epoch 239] train_loss=0.0043 | train_psnr=26.97 dB | val_loss=0.0030 | val_psnr=27.82 dB | time=2.7s
[Epoch 240] train_loss=0.0043 | train_psnr=27.06 dB | val_loss=0.0030 | val_psnr=27.82 dB | time=2.7s
[Epoch 241] train_loss=0.0044 | train_psnr=26.95 dB | val_loss=0.0030 | val_psnr=27.81 dB | time=2.7s
[Epoch 242] train_loss=0.0044 | train_psnr=26.96 dB | val_loss=0.0030 | val_psnr=27.83 dB | time=2.0s
[Epoch 243] train_loss=0.0044 | train_psnr=26.96 dB | val_loss=0.0030 | val_psnr=27.83 dB | time=1.5s
[Epoch 244] train_loss=0.0043 | train_psnr=26.96 dB | val_loss=0.0030 | val_psnr=27.80 dB | time=2.6s
[Epoch 245] train_loss=0.0042 | train_psnr=27.07 dB | val_loss=0.0030 | val_psnr=27.85 dB | time=2.7s
[Epoch 246] train_loss=0.0043 | train_psnr=26.98 dB | val_loss=0.0030 | val_psnr=27.86 dB | time=2.7s
[Epoch 247] train_loss=0.0043 | train_psnr=27.09 dB | val_loss=0.0030 | val_psnr=27.86 dB | time=2.7s
[Epoch 248] train_loss=0.0042 | train_psnr=27.18 dB | val_loss=0.0030 | val_psnr=27.87 dB | time=2.7s
[Epoch 249] train_loss=0.0043 | train_psnr=27.09 dB | val_loss=0.0030 | val_psnr=27.81 dB | time=2.7s
[Epoch 250] train_loss=0.0044 | train_psnr=26.87 dB | val_loss=0.0030 | val_psnr=27.87 dB | time=2.7s
[Epoch 251] train_loss=0.0043 | train_psnr=26.90 dB | val_loss=0.0030 | val_psnr=27.85 dB | time=2.7s
[Epoch 252] train_loss=0.0044 | train_psnr=26.94 dB | val_loss=0.0030 | val_psnr=27.88 dB | time=2.7s
[Epoch 253] train_loss=0.0043 | train_psnr=27.00 dB | val_loss=0.0030 | val_psnr=27.88 dB | time=2.7s
[Epoch 254] train_loss=0.0043 | train_psnr=27.03 dB | val_loss=0.0030 | val_psnr=27.88 dB | time=2.7s
[Epoch 255] train_loss=0.0043 | train_psnr=27.00 dB | val_loss=0.0030 | val_psnr=27.90 dB | time=2.7s
[Epoch 256] train_loss=0.0042 | train_psnr=27.13 dB | val_loss=0.0030 | val_psnr=27.91 dB | time=2.6s
[Epoch 257] train_loss=0.0041 | train_psnr=27.11 dB | val_loss=0.0030 | val_psnr=27.91 dB | time=1.6s
[Epoch 258] train_loss=0.0043 | train_psnr=27.04 dB | val_loss=0.0030 | val_psnr=27.91 dB | time=2.2s
[Epoch 259] train_loss=0.0042 | train_psnr=27.24 dB | val_loss=0.0030 | val_psnr=27.84 dB | time=2.7s
[Epoch 260] train_loss=0.0043 | train_psnr=26.89 dB | val_loss=0.0030 | val_psnr=27.91 dB | time=2.6s
[Epoch 261] train_loss=0.0042 | train_psnr=27.20 dB | val_loss=0.0030 | val_psnr=27.92 dB | time=2.7s
[Epoch 262] train_loss=0.0043 | train_psnr=27.18 dB | val_loss=0.0030 | val_psnr=27.88 dB | time=2.7s
[Epoch 263] train_loss=0.0042 | train_psnr=27.16 dB | val_loss=0.0030 | val_psnr=27.93 dB | time=2.7s
[Epoch 264] train_loss=0.0043 | train_psnr=27.04 dB | val_loss=0.0030 | val_psnr=27.93 dB | time=2.7s
[Epoch 265] train_loss=0.0042 | train_psnr=27.18 dB | val_loss=0.0030 | val_psnr=27.93 dB | time=2.7s
[Epoch 266] train_loss=0.0042 | train_psnr=27.01 dB | val_loss=0.0030 | val_psnr=27.94 dB | time=2.7s
[Epoch 267] train_loss=0.0042 | train_psnr=27.08 dB | val_loss=0.0029 | val_psnr=27.93 dB | time=2.7s
[Epoch 268] train_loss=0.0041 | train_psnr=27.29 dB | val_loss=0.0030 | val_psnr=27.95 dB | time=2.7s
[Epoch 269] train_loss=0.0042 | train_psnr=27.02 dB | val_loss=0.0029 | val_psnr=27.93 dB | time=2.7s
[Epoch 270] train_loss=0.0042 | train_psnr=27.23 dB | val_loss=0.0029 | val_psnr=27.94 dB | time=2.7s
[Epoch 271] train_loss=0.0043 | train_psnr=27.09 dB | val_loss=0.0032 | val_psnr=27.95 dB | time=1.9s
[Epoch 272] train_loss=0.0043 | train_psnr=27.02 dB | val_loss=0.0029 | val_psnr=27.96 dB | time=1.6s
[Epoch 273] train_loss=0.0041 | train_psnr=27.09 dB | val_loss=0.0029 | val_psnr=27.92 dB | time=2.5s
[Epoch 274] train_loss=0.0042 | train_psnr=27.14 dB | val_loss=0.0029 | val_psnr=27.96 dB | time=2.7s
[Epoch 275] train_loss=0.0041 | train_psnr=27.24 dB | val_loss=0.0029 | val_psnr=27.94 dB | time=2.7s
[Epoch 276] train_loss=0.0041 | train_psnr=27.24 dB | val_loss=0.0029 | val_psnr=27.97 dB | time=2.7s
[Epoch 277] train_loss=0.0042 | train_psnr=27.22 dB | val_loss=0.0029 | val_psnr=27.97 dB | time=2.7s
[Epoch 278] train_loss=0.0042 | train_psnr=27.16 dB | val_loss=0.0029 | val_psnr=27.98 dB | time=2.7s
[Epoch 279] train_loss=0.0040 | train_psnr=27.30 dB | val_loss=0.0029 | val_psnr=27.98 dB | time=2.6s
[Epoch 280] train_loss=0.0042 | train_psnr=27.22 dB | val_loss=0.0029 | val_psnr=27.98 dB | time=2.7s
[Epoch 281] train_loss=0.0043 | train_psnr=27.09 dB | val_loss=0.0029 | val_psnr=27.98 dB | time=2.7s
[Epoch 282] train_loss=0.0041 | train_psnr=27.29 dB | val_loss=0.0029 | val_psnr=27.98 dB | time=2.6s
[Epoch 283] train_loss=0.0040 | train_psnr=27.30 dB | val_loss=0.0030 | val_psnr=27.95 dB | time=2.7s
[Epoch 284] train_loss=0.0042 | train_psnr=27.03 dB | val_loss=0.0029 | val_psnr=27.88 dB | time=2.7s
[Epoch 285] train_loss=0.0042 | train_psnr=27.11 dB | val_loss=0.0029 | val_psnr=27.98 dB | time=2.7s
[Epoch 286] train_loss=0.0041 | train_psnr=27.16 dB | val_loss=0.0029 | val_psnr=28.00 dB | time=1.6s
[Epoch 287] train_loss=0.0041 | train_psnr=27.25 dB | val_loss=0.0029 | val_psnr=28.00 dB | time=1.7s
[Epoch 288] train_loss=0.0041 | train_psnr=27.17 dB | val_loss=0.0029 | val_psnr=28.00 dB | time=2.7s
[Epoch 289] train_loss=0.0041 | train_psnr=27.39 dB | val_loss=0.0029 | val_psnr=27.99 dB | time=2.7s
[Epoch 290] train_loss=0.0040 | train_psnr=27.25 dB | val_loss=0.0029 | val_psnr=28.00 dB | time=2.7s
[Epoch 291] train_loss=0.0040 | train_psnr=27.22 dB | val_loss=0.0029 | val_psnr=27.96 dB | time=2.7s
[Epoch 292] train_loss=0.0040 | train_psnr=27.22 dB | val_loss=0.0029 | val_psnr=28.01 dB | time=2.7s
[Epoch 293] train_loss=0.0040 | train_psnr=27.19 dB | val_loss=0.0029 | val_psnr=28.01 dB | time=2.7s
[Epoch 294] train_loss=0.0041 | train_psnr=27.15 dB | val_loss=0.0029 | val_psnr=28.02 dB | time=2.6s
[Epoch 295] train_loss=0.0041 | train_psnr=27.24 dB | val_loss=0.0029 | val_psnr=28.01 dB | time=2.7s
[Epoch 296] train_loss=0.0041 | train_psnr=27.24 dB | val_loss=0.0029 | val_psnr=28.02 dB | time=2.7s
[Epoch 297] train_loss=0.0041 | train_psnr=27.19 dB | val_loss=0.0029 | val_psnr=28.02 dB | time=2.7s
[Epoch 298] train_loss=0.0040 | train_psnr=27.31 dB | val_loss=0.0029 | val_psnr=27.99 dB | time=2.7s
[Epoch 299] train_loss=0.0040 | train_psnr=27.26 dB | val_loss=0.0029 | val_psnr=28.01 dB | time=2.6s
[Epoch 300] train_loss=0.0041 | train_psnr=27.12 dB | val_loss=0.0029 | val_psnr=28.02 dB | time=2.3s
[Epoch 301] train_loss=0.0040 | train_psnr=27.32 dB | val_loss=0.0029 | val_psnr=28.03 dB | time=1.8s
[Epoch 302] train_loss=0.0040 | train_psnr=27.26 dB | val_loss=0.0029 | val_psnr=28.01 dB | time=2.6s
[Epoch 303] train_loss=0.0041 | train_psnr=27.16 dB | val_loss=0.0029 | val_psnr=28.03 dB | time=2.7s
[Epoch 304] train_loss=0.0042 | train_psnr=27.03 dB | val_loss=0.0029 | val_psnr=28.04 dB | time=2.6s
[Epoch 305] train_loss=0.0040 | train_psnr=27.33 dB | val_loss=0.0028 | val_psnr=28.04 dB | time=2.7s
[Epoch 306] train_loss=0.0040 | train_psnr=27.39 dB | val_loss=0.0029 | val_psnr=28.05 dB | time=2.7s
[Epoch 307] train_loss=0.0041 | train_psnr=27.18 dB | val_loss=0.0028 | val_psnr=28.02 dB | time=2.7s
[Epoch 308] train_loss=0.0042 | train_psnr=27.15 dB | val_loss=0.0028 | val_psnr=28.05 dB | time=2.7s
[Epoch 309] train_loss=0.0040 | train_psnr=27.31 dB | val_loss=0.0029 | val_psnr=28.02 dB | time=2.7s
[Epoch 310] train_loss=0.0040 | train_psnr=27.24 dB | val_loss=0.0028 | val_psnr=28.03 dB | time=2.7s
[Epoch 311] train_loss=0.0041 | train_psnr=27.13 dB | val_loss=0.0029 | val_psnr=27.99 dB | time=2.7s
[Epoch 312] train_loss=0.0040 | train_psnr=27.25 dB | val_loss=0.0028 | val_psnr=28.06 dB | time=2.7s
[Epoch 313] train_loss=0.0040 | train_psnr=27.25 dB | val_loss=0.0028 | val_psnr=28.06 dB | time=2.7s
[Epoch 314] train_loss=0.0041 | train_psnr=27.26 dB | val_loss=0.0028 | val_psnr=28.06 dB | time=2.6s
[Epoch 315] train_loss=0.0041 | train_psnr=27.20 dB | val_loss=0.0028 | val_psnr=28.04 dB | time=1.7s
[Epoch 316] train_loss=0.0040 | train_psnr=27.30 dB | val_loss=0.0028 | val_psnr=28.06 dB | time=1.9s
[Epoch 317] train_loss=0.0041 | train_psnr=27.21 dB | val_loss=0.0028 | val_psnr=28.06 dB | time=2.7s
[Epoch 318] train_loss=0.0040 | train_psnr=27.31 dB | val_loss=0.0028 | val_psnr=28.06 dB | time=2.7s
[Epoch 319] train_loss=0.0040 | train_psnr=27.30 dB | val_loss=0.0028 | val_psnr=28.06 dB | time=2.7s
[Epoch 320] train_loss=0.0040 | train_psnr=27.24 dB | val_loss=0.0028 | val_psnr=28.05 dB | time=2.7s
[Epoch 321] train_loss=0.0040 | train_psnr=27.25 dB | val_loss=0.0028 | val_psnr=28.07 dB | time=2.7s
[Epoch 322] train_loss=0.0040 | train_psnr=27.23 dB | val_loss=0.0028 | val_psnr=28.05 dB | time=2.6s
[Epoch 323] train_loss=0.0040 | train_psnr=27.42 dB | val_loss=0.0028 | val_psnr=28.08 dB | time=2.7s
[Epoch 324] train_loss=0.0041 | train_psnr=27.17 dB | val_loss=0.0028 | val_psnr=28.03 dB | time=2.7s
[Epoch 325] train_loss=0.0039 | train_psnr=27.28 dB | val_loss=0.0028 | val_psnr=28.08 dB | time=2.7s
[Epoch 326] train_loss=0.0040 | train_psnr=27.22 dB | val_loss=0.0028 | val_psnr=28.07 dB | time=2.7s
[Epoch 327] train_loss=0.0040 | train_psnr=27.38 dB | val_loss=0.0028 | val_psnr=28.07 dB | time=2.7s
[Epoch 328] train_loss=0.0040 | train_psnr=27.22 dB | val_loss=0.0028 | val_psnr=28.07 dB | time=2.7s
[Epoch 329] train_loss=0.0040 | train_psnr=27.18 dB | val_loss=0.0028 | val_psnr=28.06 dB | time=2.1s
[Epoch 330] train_loss=0.0040 | train_psnr=27.22 dB | val_loss=0.0028 | val_psnr=28.09 dB | time=1.7s
[Epoch 331] train_loss=0.0040 | train_psnr=27.19 dB | val_loss=0.0028 | val_psnr=28.09 dB | time=2.7s
[Epoch 332] train_loss=0.0040 | train_psnr=27.29 dB | val_loss=0.0029 | val_psnr=27.96 dB | time=2.7s
[Epoch 333] train_loss=0.0040 | train_psnr=27.23 dB | val_loss=0.0028 | val_psnr=28.08 dB | time=2.7s
[Epoch 334] train_loss=0.0039 | train_psnr=27.36 dB | val_loss=0.0028 | val_psnr=28.07 dB | time=2.7s
[Epoch 335] train_loss=0.0039 | train_psnr=27.42 dB | val_loss=0.0028 | val_psnr=28.10 dB | time=2.7s
[Epoch 336] train_loss=0.0040 | train_psnr=27.12 dB | val_loss=0.0028 | val_psnr=28.10 dB | time=2.7s
[Epoch 337] train_loss=0.0039 | train_psnr=27.42 dB | val_loss=0.0028 | val_psnr=28.09 dB | time=2.7s
[Epoch 338] train_loss=0.0040 | train_psnr=27.38 dB | val_loss=0.0028 | val_psnr=28.07 dB | time=2.7s
[Epoch 339] train_loss=0.0041 | train_psnr=27.23 dB | val_loss=0.0028 | val_psnr=28.07 dB | time=2.7s
[Epoch 340] train_loss=0.0041 | train_psnr=27.15 dB | val_loss=0.0028 | val_psnr=28.09 dB | time=2.7s
[Epoch 341] train_loss=0.0039 | train_psnr=27.25 dB | val_loss=0.0028 | val_psnr=28.10 dB | time=2.7s
[Epoch 342] train_loss=0.0041 | train_psnr=27.33 dB | val_loss=0.0028 | val_psnr=28.11 dB | time=2.6s
[Epoch 343] train_loss=0.0040 | train_psnr=27.23 dB | val_loss=0.0028 | val_psnr=28.10 dB | time=2.6s
[Epoch 344] train_loss=0.0040 | train_psnr=27.19 dB | val_loss=0.0028 | val_psnr=28.11 dB | time=1.7s
[Epoch 345] train_loss=0.0039 | train_psnr=27.37 dB | val_loss=0.0028 | val_psnr=28.10 dB | time=1.8s
[Epoch 346] train_loss=0.0038 | train_psnr=27.37 dB | val_loss=0.0028 | val_psnr=28.09 dB | time=2.7s
[Epoch 347] train_loss=0.0039 | train_psnr=27.43 dB | val_loss=0.0028 | val_psnr=28.11 dB | time=2.7s
[Epoch 348] train_loss=0.0040 | train_psnr=27.25 dB | val_loss=0.0028 | val_psnr=28.11 dB | time=2.7s
[Epoch 349] train_loss=0.0039 | train_psnr=27.31 dB | val_loss=0.0028 | val_psnr=28.11 dB | time=2.6s
[Epoch 350] train_loss=0.0040 | train_psnr=27.22 dB | val_loss=0.0028 | val_psnr=28.12 dB | time=2.6s
[Epoch 351] train_loss=0.0039 | train_psnr=27.43 dB | val_loss=0.0028 | val_psnr=28.12 dB | time=2.7s
[Epoch 352] train_loss=0.0040 | train_psnr=27.27 dB | val_loss=0.0028 | val_psnr=28.10 dB | time=2.7s
[Epoch 353] train_loss=0.0039 | train_psnr=27.37 dB | val_loss=0.0028 | val_psnr=28.10 dB | time=2.7s
[Epoch 354] train_loss=0.0039 | train_psnr=27.35 dB | val_loss=0.0028 | val_psnr=28.13 dB | time=2.7s
[Epoch 355] train_loss=0.0039 | train_psnr=27.36 dB | val_loss=0.0028 | val_psnr=28.12 dB | time=2.7s
[Epoch 356] train_loss=0.0040 | train_psnr=27.29 dB | val_loss=0.0028 | val_psnr=28.12 dB | time=2.6s
[Epoch 357] train_loss=0.0039 | train_psnr=27.23 dB | val_loss=0.0028 | val_psnr=28.12 dB | time=2.6s
[Epoch 358] train_loss=0.0039 | train_psnr=27.25 dB | val_loss=0.0028 | val_psnr=28.12 dB | time=2.3s
[Epoch 359] train_loss=0.0038 | train_psnr=27.49 dB | val_loss=0.0028 | val_psnr=28.13 dB | time=1.5s
[Epoch 360] train_loss=0.0038 | train_psnr=27.43 dB | val_loss=0.0028 | val_psnr=28.13 dB | time=2.6s
[Epoch 361] train_loss=0.0039 | train_psnr=27.43 dB | val_loss=0.0028 | val_psnr=28.13 dB | time=2.7s
[Epoch 362] train_loss=0.0038 | train_psnr=27.42 dB | val_loss=0.0028 | val_psnr=28.14 dB | time=2.7s
[Epoch 363] train_loss=0.0039 | train_psnr=27.23 dB | val_loss=0.0027 | val_psnr=28.13 dB | time=2.6s
[Epoch 364] train_loss=0.0039 | train_psnr=27.38 dB | val_loss=0.0027 | val_psnr=28.14 dB | time=2.7s
[Epoch 365] train_loss=0.0039 | train_psnr=27.32 dB | val_loss=0.0028 | val_psnr=28.12 dB | time=2.7s
[Epoch 366] train_loss=0.0040 | train_psnr=27.29 dB | val_loss=0.0028 | val_psnr=28.11 dB | time=2.6s
[Epoch 367] train_loss=0.0038 | train_psnr=27.47 dB | val_loss=0.0027 | val_psnr=28.13 dB | time=2.7s
[Epoch 368] train_loss=0.0038 | train_psnr=27.48 dB | val_loss=0.0027 | val_psnr=28.14 dB | time=2.7s
[Epoch 369] train_loss=0.0040 | train_psnr=27.16 dB | val_loss=0.0027 | val_psnr=28.10 dB | time=2.6s
[Epoch 370] train_loss=0.0039 | train_psnr=27.40 dB | val_loss=0.0027 | val_psnr=28.15 dB | time=2.7s
[Epoch 371] train_loss=0.0039 | train_psnr=27.28 dB | val_loss=0.0027 | val_psnr=28.15 dB | time=2.6s
[Epoch 372] train_loss=0.0038 | train_psnr=27.49 dB | val_loss=0.0027 | val_psnr=28.14 dB | time=2.6s
[Epoch 373] train_loss=0.0039 | train_psnr=27.40 dB | val_loss=0.0027 | val_psnr=28.14 dB | time=1.6s
[Epoch 374] train_loss=0.0038 | train_psnr=27.39 dB | val_loss=0.0027 | val_psnr=28.14 dB | time=1.8s
[Epoch 375] train_loss=0.0039 | train_psnr=27.24 dB | val_loss=0.0027 | val_psnr=28.14 dB | time=2.6s
[Epoch 376] train_loss=0.0038 | train_psnr=27.44 dB | val_loss=0.0027 | val_psnr=28.15 dB | time=2.6s
[Epoch 377] train_loss=0.0038 | train_psnr=27.43 dB | val_loss=0.0027 | val_psnr=28.15 dB | time=2.5s
[Epoch 378] train_loss=0.0038 | train_psnr=27.44 dB | val_loss=0.0027 | val_psnr=28.15 dB | time=2.6s
[Epoch 379] train_loss=0.0038 | train_psnr=27.41 dB | val_loss=0.0028 | val_psnr=28.16 dB | time=2.5s
[Epoch 380] train_loss=0.0039 | train_psnr=27.37 dB | val_loss=0.0027 | val_psnr=28.15 dB | time=2.7s
[Epoch 381] train_loss=0.0038 | train_psnr=27.38 dB | val_loss=0.0028 | val_psnr=28.07 dB | time=2.7s
[Epoch 382] train_loss=0.0039 | train_psnr=27.33 dB | val_loss=0.0027 | val_psnr=28.15 dB | time=2.7s
[Epoch 383] train_loss=0.0038 | train_psnr=27.38 dB | val_loss=0.0027 | val_psnr=28.15 dB | time=2.7s
[Epoch 384] train_loss=0.0039 | train_psnr=27.39 dB | val_loss=0.0028 | val_psnr=28.08 dB | time=2.7s
[Epoch 385] train_loss=0.0038 | train_psnr=27.36 dB | val_loss=0.0027 | val_psnr=28.16 dB | time=2.7s
[Epoch 386] train_loss=0.0039 | train_psnr=27.45 dB | val_loss=0.0027 | val_psnr=28.16 dB | time=2.7s
[Epoch 387] train_loss=0.0038 | train_psnr=27.41 dB | val_loss=0.0028 | val_psnr=28.16 dB | time=2.7s
[Epoch 388] train_loss=0.0039 | train_psnr=27.45 dB | val_loss=0.0027 | val_psnr=28.15 dB | time=1.5s
[Epoch 389] train_loss=0.0039 | train_psnr=27.35 dB | val_loss=0.0027 | val_psnr=28.16 dB | time=2.1s
[Epoch 390] train_loss=0.0038 | train_psnr=27.35 dB | val_loss=0.0027 | val_psnr=28.16 dB | time=2.7s
[Epoch 391] train_loss=0.0037 | train_psnr=27.46 dB | val_loss=0.0027 | val_psnr=28.16 dB | time=2.7s
[Epoch 392] train_loss=0.0037 | train_psnr=27.45 dB | val_loss=0.0027 | val_psnr=28.11 dB | time=2.7s
[Epoch 393] train_loss=0.0038 | train_psnr=27.50 dB | val_loss=0.0027 | val_psnr=28.17 dB | time=2.7s
[Epoch 394] train_loss=0.0038 | train_psnr=27.39 dB | val_loss=0.0027 | val_psnr=28.15 dB | time=2.7s
[Epoch 395] train_loss=0.0039 | train_psnr=27.30 dB | val_loss=0.0027 | val_psnr=28.17 dB | time=2.7s
[Epoch 396] train_loss=0.0038 | train_psnr=27.43 dB | val_loss=0.0027 | val_psnr=28.17 dB | time=2.7s
[Epoch 397] train_loss=0.0038 | train_psnr=27.44 dB | val_loss=0.0027 | val_psnr=28.16 dB | time=2.7s
[Epoch 398] train_loss=0.0038 | train_psnr=27.41 dB | val_loss=0.0027 | val_psnr=28.17 dB | time=2.7s
[Epoch 399] train_loss=0.0038 | train_psnr=27.40 dB | val_loss=0.0027 | val_psnr=28.15 dB | time=2.7s
[Epoch 400] train_loss=0.0037 | train_psnr=27.45 dB | val_loss=0.0027 | val_psnr=28.17 dB | time=2.7s
[Epoch 401] train_loss=0.0037 | train_psnr=27.48 dB | val_loss=0.0027 | val_psnr=28.18 dB | time=2.7s
[Epoch 402] train_loss=0.0039 | train_psnr=27.37 dB | val_loss=0.0027 | val_psnr=28.14 dB | time=1.9s
[Epoch 403] train_loss=0.0039 | train_psnr=27.36 dB | val_loss=0.0027 | val_psnr=28.18 dB | time=1.8s
[Epoch 404] train_loss=0.0038 | train_psnr=27.30 dB | val_loss=0.0027 | val_psnr=28.15 dB | time=2.7s
[Epoch 405] train_loss=0.0038 | train_psnr=27.44 dB | val_loss=0.0027 | val_psnr=28.18 dB | time=2.7s
[Epoch 406] train_loss=0.0038 | train_psnr=27.43 dB | val_loss=0.0028 | val_psnr=28.17 dB | time=2.7s
[Epoch 407] train_loss=0.0038 | train_psnr=27.49 dB | val_loss=0.0027 | val_psnr=28.18 dB | time=2.7s
[Epoch 408] train_loss=0.0038 | train_psnr=27.57 dB | val_loss=0.0027 | val_psnr=28.18 dB | time=2.7s
[Epoch 409] train_loss=0.0038 | train_psnr=27.44 dB | val_loss=0.0027 | val_psnr=28.16 dB | time=2.7s
[Epoch 410] train_loss=0.0038 | train_psnr=27.35 dB | val_loss=0.0027 | val_psnr=28.16 dB | time=2.6s
[Epoch 411] train_loss=0.0037 | train_psnr=27.42 dB | val_loss=0.0027 | val_psnr=28.12 dB | time=2.7s
[Epoch 412] train_loss=0.0037 | train_psnr=27.66 dB | val_loss=0.0027 | val_psnr=28.18 dB | time=2.7s
[Epoch 413] train_loss=0.0037 | train_psnr=27.52 dB | val_loss=0.0027 | val_psnr=28.19 dB | time=2.7s
[Epoch 414] train_loss=0.0038 | train_psnr=27.40 dB | val_loss=0.0027 | val_psnr=28.18 dB | time=2.7s
[Epoch 415] train_loss=0.0038 | train_psnr=27.44 dB | val_loss=0.0027 | val_psnr=28.18 dB | time=2.7s
[Epoch 416] train_loss=0.0039 | train_psnr=27.34 dB | val_loss=0.0027 | val_psnr=28.19 dB | time=2.5s
[Epoch 417] train_loss=0.0038 | train_psnr=27.30 dB | val_loss=0.0027 | val_psnr=28.18 dB | time=1.7s
[Epoch 418] train_loss=0.0038 | train_psnr=27.32 dB | val_loss=0.0027 | val_psnr=28.17 dB | time=2.2s
[Epoch 419] train_loss=0.0038 | train_psnr=27.38 dB | val_loss=0.0027 | val_psnr=28.19 dB | time=2.7s
[Epoch 420] train_loss=0.0039 | train_psnr=27.25 dB | val_loss=0.0027 | val_psnr=28.18 dB | time=2.7s
[Epoch 421] train_loss=0.0038 | train_psnr=27.32 dB | val_loss=0.0027 | val_psnr=28.13 dB | time=2.6s
[Epoch 422] train_loss=0.0037 | train_psnr=27.49 dB | val_loss=0.0027 | val_psnr=28.18 dB | time=2.7s
[Epoch 423] train_loss=0.0038 | train_psnr=27.36 dB | val_loss=0.0027 | val_psnr=28.19 dB | time=2.7s
[Epoch 424] train_loss=0.0037 | train_psnr=27.52 dB | val_loss=0.0027 | val_psnr=28.20 dB | time=2.7s
[Epoch 425] train_loss=0.0037 | train_psnr=27.44 dB | val_loss=0.0027 | val_psnr=28.10 dB | time=2.7s
[Epoch 426] train_loss=0.0038 | train_psnr=27.33 dB | val_loss=0.0027 | val_psnr=28.20 dB | time=2.7s
[Epoch 427] train_loss=0.0037 | train_psnr=27.49 dB | val_loss=0.0027 | val_psnr=28.20 dB | time=2.7s
[Epoch 428] train_loss=0.0037 | train_psnr=27.54 dB | val_loss=0.0027 | val_psnr=28.20 dB | time=2.7s
[Epoch 429] train_loss=0.0038 | train_psnr=27.36 dB | val_loss=0.0027 | val_psnr=28.20 dB | time=2.7s
[Epoch 430] train_loss=0.0037 | train_psnr=27.52 dB | val_loss=0.0027 | val_psnr=28.20 dB | time=2.6s
[Epoch 431] train_loss=0.0038 | train_psnr=27.38 dB | val_loss=0.0027 | val_psnr=28.19 dB | time=1.8s
[Epoch 432] train_loss=0.0038 | train_psnr=27.36 dB | val_loss=0.0027 | val_psnr=28.19 dB | time=1.7s
[Epoch 433] train_loss=0.0037 | train_psnr=27.41 dB | val_loss=0.0027 | val_psnr=28.20 dB | time=2.7s
[Epoch 434] train_loss=0.0038 | train_psnr=27.41 dB | val_loss=0.0027 | val_psnr=28.20 dB | time=2.7s
[Epoch 435] train_loss=0.0037 | train_psnr=27.48 dB | val_loss=0.0027 | val_psnr=28.20 dB | time=2.7s
[Epoch 436] train_loss=0.0038 | train_psnr=27.34 dB | val_loss=0.0027 | val_psnr=28.19 dB | time=2.6s
[Epoch 437] train_loss=0.0039 | train_psnr=27.25 dB | val_loss=0.0027 | val_psnr=28.18 dB | time=2.7s
[Epoch 438] train_loss=0.0038 | train_psnr=27.43 dB | val_loss=0.0027 | val_psnr=28.18 dB | time=2.7s
[Epoch 439] train_loss=0.0037 | train_psnr=27.50 dB | val_loss=0.0027 | val_psnr=28.20 dB | time=2.7s
[Epoch 440] train_loss=0.0037 | train_psnr=27.49 dB | val_loss=0.0027 | val_psnr=28.21 dB | time=2.7s
[Epoch 441] train_loss=0.0037 | train_psnr=27.47 dB | val_loss=0.0027 | val_psnr=28.21 dB | time=2.7s
[Epoch 442] train_loss=0.0037 | train_psnr=27.54 dB | val_loss=0.0027 | val_psnr=28.21 dB | time=2.6s
[Epoch 443] train_loss=0.0038 | train_psnr=27.39 dB | val_loss=0.0027 | val_psnr=28.21 dB | time=2.7s
[Epoch 444] train_loss=0.0038 | train_psnr=27.46 dB | val_loss=0.0027 | val_psnr=28.21 dB | time=2.6s
[Epoch 445] train_loss=0.0038 | train_psnr=27.49 dB | val_loss=0.0027 | val_psnr=28.19 dB | time=2.3s
[Epoch 446] train_loss=0.0037 | train_psnr=27.44 dB | val_loss=0.0027 | val_psnr=28.21 dB | time=1.7s
[Epoch 447] train_loss=0.0037 | train_psnr=27.54 dB | val_loss=0.0027 | val_psnr=28.22 dB | time=2.6s
[Epoch 448] train_loss=0.0036 | train_psnr=27.55 dB | val_loss=0.0027 | val_psnr=28.19 dB | time=2.7s
[Epoch 449] train_loss=0.0038 | train_psnr=27.43 dB | val_loss=0.0027 | val_psnr=28.21 dB | time=2.7s
[Epoch 450] train_loss=0.0037 | train_psnr=27.44 dB | val_loss=0.0027 | val_psnr=28.22 dB | time=2.6s
[Epoch 451] train_loss=0.0037 | train_psnr=27.41 dB | val_loss=0.0027 | val_psnr=28.20 dB | time=2.7s
[Epoch 452] train_loss=0.0038 | train_psnr=27.37 dB | val_loss=0.0027 | val_psnr=28.22 dB | time=2.7s
[Epoch 453] train_loss=0.0037 | train_psnr=27.43 dB | val_loss=0.0027 | val_psnr=28.20 dB | time=2.7s
[Epoch 454] train_loss=0.0038 | train_psnr=27.31 dB | val_loss=0.0027 | val_psnr=28.22 dB | time=2.7s
[Epoch 455] train_loss=0.0037 | train_psnr=27.48 dB | val_loss=0.0027 | val_psnr=28.21 dB | time=2.6s
[Epoch 456] train_loss=0.0037 | train_psnr=27.51 dB | val_loss=0.0027 | val_psnr=28.22 dB | time=2.7s
[Epoch 457] train_loss=0.0036 | train_psnr=27.41 dB | val_loss=0.0027 | val_psnr=28.22 dB | time=2.7s
[Epoch 458] train_loss=0.0037 | train_psnr=27.37 dB | val_loss=0.0027 | val_psnr=28.22 dB | time=2.7s
[Epoch 459] train_loss=0.0038 | train_psnr=27.44 dB | val_loss=0.0027 | val_psnr=28.22 dB | time=2.6s
[Epoch 460] train_loss=0.0037 | train_psnr=27.40 dB | val_loss=0.0026 | val_psnr=28.22 dB | time=1.7s
[Epoch 461] train_loss=0.0037 | train_psnr=27.49 dB | val_loss=0.0026 | val_psnr=28.22 dB | time=2.3s
[Epoch 462] train_loss=0.0036 | train_psnr=27.61 dB | val_loss=0.0027 | val_psnr=28.22 dB | time=2.7s
[Epoch 463] train_loss=0.0037 | train_psnr=27.42 dB | val_loss=0.0026 | val_psnr=28.22 dB | time=2.7s
[Epoch 464] train_loss=0.0037 | train_psnr=27.46 dB | val_loss=0.0026 | val_psnr=28.22 dB | time=2.6s
[Epoch 465] train_loss=0.0038 | train_psnr=27.37 dB | val_loss=0.0026 | val_psnr=28.22 dB | time=2.6s
[Epoch 466] train_loss=0.0037 | train_psnr=27.46 dB | val_loss=0.0026 | val_psnr=28.22 dB | time=2.6s
[Epoch 467] train_loss=0.0036 | train_psnr=27.57 dB | val_loss=0.0026 | val_psnr=28.22 dB | time=2.7s
[Epoch 468] train_loss=0.0037 | train_psnr=27.48 dB | val_loss=0.0026 | val_psnr=28.23 dB | time=2.7s
[Epoch 469] train_loss=0.0038 | train_psnr=27.38 dB | val_loss=0.0026 | val_psnr=28.22 dB | time=2.7s
[Epoch 470] train_loss=0.0037 | train_psnr=27.58 dB | val_loss=0.0026 | val_psnr=28.22 dB | time=2.7s
[Epoch 471] train_loss=0.0037 | train_psnr=27.44 dB | val_loss=0.0026 | val_psnr=28.22 dB | time=2.7s
[Epoch 472] train_loss=0.0037 | train_psnr=27.53 dB | val_loss=0.0026 | val_psnr=28.22 dB | time=2.6s
[Epoch 473] train_loss=0.0037 | train_psnr=27.41 dB | val_loss=0.0026 | val_psnr=28.23 dB | time=2.7s
[Epoch 474] train_loss=0.0037 | train_psnr=27.45 dB | val_loss=0.0026 | val_psnr=28.23 dB | time=1.9s
[Epoch 475] train_loss=0.0038 | train_psnr=27.40 dB | val_loss=0.0026 | val_psnr=28.23 dB | time=1.6s
[Epoch 476] train_loss=0.0037 | train_psnr=27.35 dB | val_loss=0.0026 | val_psnr=28.23 dB | time=2.7s
[Epoch 477] train_loss=0.0037 | train_psnr=27.47 dB | val_loss=0.0026 | val_psnr=28.23 dB | time=2.7s
[Epoch 478] train_loss=0.0037 | train_psnr=27.48 dB | val_loss=0.0026 | val_psnr=28.23 dB | time=2.6s
[Epoch 479] train_loss=0.0038 | train_psnr=27.34 dB | val_loss=0.0026 | val_psnr=28.22 dB | time=2.7s
[Epoch 480] train_loss=0.0036 | train_psnr=27.60 dB | val_loss=0.0026 | val_psnr=28.23 dB | time=2.6s
[Epoch 481] train_loss=0.0037 | train_psnr=27.48 dB | val_loss=0.0026 | val_psnr=28.23 dB | time=2.7s
[Epoch 482] train_loss=0.0037 | train_psnr=27.48 dB | val_loss=0.0026 | val_psnr=28.23 dB | time=2.7s
[Epoch 483] train_loss=0.0037 | train_psnr=27.60 dB | val_loss=0.0026 | val_psnr=28.23 dB | time=2.7s
[Epoch 484] train_loss=0.0038 | train_psnr=27.46 dB | val_loss=0.0026 | val_psnr=28.23 dB | time=2.7s
[Epoch 485] train_loss=0.0037 | train_psnr=27.38 dB | val_loss=0.0026 | val_psnr=28.23 dB | time=2.7s
[Epoch 486] train_loss=0.0036 | train_psnr=27.52 dB | val_loss=0.0026 | val_psnr=28.23 dB | time=2.7s
[Epoch 487] train_loss=0.0037 | train_psnr=27.34 dB | val_loss=0.0026 | val_psnr=28.23 dB | time=2.6s
[Epoch 488] train_loss=0.0037 | train_psnr=27.51 dB | val_loss=0.0026 | val_psnr=28.21 dB | time=2.5s
[Epoch 489] train_loss=0.0038 | train_psnr=27.45 dB | val_loss=0.0026 | val_psnr=28.23 dB | time=1.5s
[Epoch 490] train_loss=0.0036 | train_psnr=27.43 dB | val_loss=0.0026 | val_psnr=28.23 dB | time=2.2s
[Epoch 491] train_loss=0.0037 | train_psnr=27.47 dB | val_loss=0.0026 | val_psnr=28.23 dB | time=2.7s
[Epoch 492] train_loss=0.0037 | train_psnr=27.52 dB | val_loss=0.0026 | val_psnr=28.23 dB | time=2.7s
[Epoch 493] train_loss=0.0037 | train_psnr=27.41 dB | val_loss=0.0026 | val_psnr=28.23 dB | time=2.7s
[Epoch 494] train_loss=0.0037 | train_psnr=27.39 dB | val_loss=0.0026 | val_psnr=28.23 dB | time=2.7s
[Epoch 495] train_loss=0.0036 | train_psnr=27.52 dB | val_loss=0.0026 | val_psnr=28.23 dB | time=2.7s
[Epoch 496] train_loss=0.0036 | train_psnr=27.65 dB | val_loss=0.0026 | val_psnr=28.24 dB | time=2.7s
[Epoch 497] train_loss=0.0036 | train_psnr=27.58 dB | val_loss=0.0026 | val_psnr=28.23 dB | time=2.7s
[Epoch 498] train_loss=0.0036 | train_psnr=27.57 dB | val_loss=0.0026 | val_psnr=28.24 dB | time=2.7s
[Epoch 499] train_loss=0.0037 | train_psnr=27.43 dB | val_loss=0.0026 | val_psnr=28.24 dB | time=2.7s
[Epoch 500] train_loss=0.0036 | train_psnr=27.58 dB | val_loss=0.0026 | val_psnr=28.23 dB | time=2.6s

Best PSNR: 28.24 dB
Training complete. Metrics plot saved to output/fsrcnn_x4/metrics.png
