huster@huster-VMware-Virtual-Platform:~/桌面/OS/riscv-pke$ git checkout lab2_3_pagefault
分支 'lab2_3_pagefault' 设置为跟踪 'origin/lab2_3_pagefault'。
切换到一个新分支 'lab2_3_pagefault'
huster@huster-VMware-Virtual-Platform:~/桌面/OS/riscv-pke$ git merge lab2_2_allocatepage -m "continue lab2_3"
自动合并 kernel/strap.c
Merge made by the 'ort' strategy.
 kernel/machine/mtrap.c | 3 +--
 kernel/strap.c         | 5 +++--
 kernel/vmm.c           | 8 ++++++--
 3 files changed, 10 insertions(+), 6 deletions(-)
huster@huster-VMware-Virtual-Platform:~/桌面/OS/riscv-pke$ make
compiling util/snprintf.c
compiling util/string.c
linking  obj/util.a ...
Util lib has been build into "obj/util.a"
compiling spike_interface/dts_parse.c
compiling spike_interface/spike_file.c
compiling spike_interface/spike_htif.c
compiling spike_interface/spike_memory.c
compiling spike_interface/spike_utils.c
linking  obj/spike_interface.a ...
Spike lib has been build into "obj/spike_interface.a"
compiling kernel/elf.c
compiling kernel/kernel.c
compiling kernel/pmm.c
compiling kernel/process.c
compiling kernel/strap.c
compiling kernel/syscall.c
compiling kernel/vmm.c
compiling kernel/machine/minit.c
compiling kernel/machine/mtrap.c
compiling kernel/strap_vector.S
compiling kernel/machine/mentry.S
compiling kernel/machine/mtrap_vector.S
linking obj/riscv-pke ...
PKE core has been built into "obj/riscv-pke"
compiling user/app_sum_sequence.c
compiling user/user_lib.c
linking obj/app_sum_sequence ...
User app has been built into "obj/app_sum_sequence"
huster@huster-VMware-Virtual-Platform:~/桌面/OS/riscv-pke$ spike ./obj/riscv-pke ./obj/app_sum_sequence
In m_start, hartid:0
HTIF is available!
(Emulated) memory size: 2048 MB
Enter supervisor mode...
PKE kernel start 0x0000000080000000, PKE kernel end: 0x0000000080007000, PKE kernel size: 0x0000000000007000 .
free physical memory address: [0x0000000080007000, 0x0000000087ffffff] 
kernel memory manager is initializing ...
KERN_BASE 0x0000000080000000
physical address of _etext is: 0x0000000080004000
kernel page table is on 
User application is loading.
user frame 0x0000000087fbc000, user stack 0x000000007ffff000, user kstack 0x0000000087fbb000 
Application: ./obj/app_sum_sequence
Application program entry point (virtual address): 0x0000000000010096
Switch to user mode...
handle_page_fault: 000000007fffdff8
handle_page_fault: 000000007fffcff8
handle_page_fault: 000000007fffbff8
Summation of an arithmetic sequence from 0 to 1000 is: 500500 
User exit with code:0.
System is shutting down with exit code 0.
huster@huster-VMware-Virtual-Platform:~/桌面/OS/riscv-pke$ git commit -a -m "my work on lab2_3 is done."
[lab2_3_pagefault e32e344] my work on lab2_3 is done.
 1 file changed, 1 insertion(+), 1 deletion(-)
